2025-06-27 08:30:27 - app.services - INFO - Selecting new coordinator...
2025-06-27 08:30:27 - app.services - INFO - Internal coordinator selected: dev-000 (RSU)
2025-06-27 08:30:28 - app.services - INFO - SAFE: Device dev-008 passed evaluation (duration 0.010s)
2025-06-27 08:30:28 - app.services - INFO - SAFE: Device dev-000 passed evaluation (duration 0.005s)
2025-06-27 08:30:28 - app.services - WARNING - DISHONEST RATING: Device dev-008 trust_score directly reduced from 0.447 to 0.347 (suspicious: 1).
2025-06-27 08:30:28 - app.services - INFO - SAFE: Device dev-004 passed evaluation (duration 0.011s)
2025-06-27 08:30:28 - app.services - INFO - SAFE: Device dev-005 passed evaluation (duration 0.011s)
2025-06-27 08:30:28 - app.services - WARNING - DISHONEST RATING: Device dev-004 trust_score directly reduced from 0.692 to 0.592 (suspicious: 1).
2025-06-27 08:30:29 - app.services - INFO - SAFE: Device dev-006 passed evaluation (duration 0.006s)
2025-06-27 08:30:29 - app.services - INFO - SAFE: Device dev-001 passed evaluation (duration 0.005s)
2025-06-27 08:30:29 - app.services - INFO - SAFE: Device dev-009 passed evaluation (duration 0.015s)
2025-06-27 08:30:29 - app.services - INFO - SAFE: Device dev-002 passed evaluation (duration 0.009s)
2025-06-27 08:30:29 - app.services - INFO - SAFE: Device dev-001 passed evaluation (duration 0.006s)
2025-06-27 08:30:29 - app.services - INFO - SAFE: Device dev-007 passed evaluation (duration 0.006s)
2025-06-27 08:30:29 - app.services - INFO - SAFE: Device dev-005 passed evaluation (duration 0.010s)
2025-06-27 08:30:29 - app.services - INFO - SAFE: Device dev-004 passed evaluation (duration 0.011s)
2025-06-27 08:30:30 - app.services - WARNING - DISHONEST RATING: Device dev-004 trust_score directly reduced from 0.331 to 0.231 (suspicious: 2).
2025-06-27 08:30:30 - app.services - INFO - SAFE: Device dev-004 passed evaluation (duration 0.007s)
2025-06-27 08:30:30 - app.services - INFO - SAFE: Device dev-001 passed evaluation (duration 0.005s)
2025-06-27 08:30:30 - app.services - WARNING - FLAGGED: Device dev-004 flagged after 3 suspicious activities
2025-06-27 08:30:30 - app.services - WARNING - DISHONEST RATING: Device dev-004 trust_score directly reduced from 0.486 to 0.386 (suspicious: 3).
2025-06-27 08:30:30 - app.services - INFO - SAFE: Device dev-008 passed evaluation (duration 0.005s)
2025-06-27 08:30:30 - app.services - INFO - SAFE: Device dev-005 passed evaluation (duration 0.005s)
2025-06-27 08:30:30 - app.services - WARNING - DISHONEST RATING: Device dev-008 trust_score directly reduced from 0.476 to 0.376 (suspicious: 2).
2025-06-27 08:30:30 - app.services - INFO - SAFE: Device dev-003 passed evaluation (duration 0.004s)
2025-06-27 08:30:30 - app.services - INFO - SAFE: Device dev-008 passed evaluation (duration 0.005s)
2025-06-27 08:30:30 - app.services - WARNING - FLAGGED: Device dev-008 flagged after 3 suspicious activities
2025-06-27 08:30:30 - app.services - WARNING - DISHONEST RATING: Device dev-008 trust_score directly reduced from 0.486 to 0.386 (suspicious: 3).
2025-06-27 08:30:30 - app.services - INFO - SAFE: Device dev-001 passed evaluation (duration 0.006s)
2025-06-27 08:30:30 - app.services - INFO - SAFE: Device dev-000 passed evaluation (duration 0.005s)
2025-06-27 08:30:31 - app.services - INFO - SAFE: Device dev-005 passed evaluation (duration 0.006s)
2025-06-27 08:30:31 - app.services - INFO - SAFE: Device dev-000 passed evaluation (duration 0.005s)
2025-06-27 08:30:31 - app.services - INFO - SAFE: Device dev-001 passed evaluation (duration 0.006s)
2025-06-27 08:30:31 - app.services - INFO - SAFE: Device dev-009 passed evaluation (duration 0.006s)
2025-06-27 08:30:31 - app.services - INFO - SAFE: Device dev-001 passed evaluation (duration 0.006s)
2025-06-27 08:30:31 - app.services - INFO - SAFE: Device dev-004 passed evaluation (duration 0.006s)
2025-06-27 08:30:31 - app.services - WARNING - FLAGGED: Device dev-004 flagged after 4 suspicious activities
2025-06-27 08:30:31 - app.services - WARNING - DISHONEST RATING: Device dev-004 trust_score directly reduced from 0.548 to 0.448 (suspicious: 4).
2025-06-27 08:30:31 - app.services - INFO - SAFE: Device dev-001 passed evaluation (duration 0.007s)
2025-06-27 08:30:31 - app.services - WARNING - BLACKLIST: Device dev-006 blacklisted after evaluation 0.007s with detection time: 3.818 after joined
2025-06-27 08:30:31 - app.services - WARNING - BLACKLIST_VIOLATION: Attempt to rate blacklisted device dev-006. Action blocked.
2025-06-27 08:30:31 - app.services - WARNING - BLACKLIST_VIOLATION: Blacklisted device dev-006 attempted to rate dev-001. Action blocked.
2025-06-27 08:30:32 - app.services - INFO - SAFE: Device dev-000 passed evaluation (duration 0.007s)
2025-06-27 08:30:32 - app.services - INFO - SAFE: Device dev-007 passed evaluation (duration 0.006s)
2025-06-27 08:30:32 - app.services - INFO - SAFE: Device dev-005 passed evaluation (duration 0.008s)
2025-06-27 08:30:32 - app.services - INFO - SAFE: Device dev-000 passed evaluation (duration 0.007s)
2025-06-27 08:30:32 - app.services - INFO - SAFE: Device dev-001 passed evaluation (duration 0.008s)
2025-06-27 08:30:32 - app.services - INFO - SAFE: Device dev-005 passed evaluation (duration 0.006s)
2025-06-27 08:30:32 - app.services - INFO - SAFE: Device dev-004 passed evaluation (duration 0.007s)
2025-06-27 08:30:32 - app.services - INFO - SAFE: Device dev-001 passed evaluation (duration 0.006s)
2025-06-27 08:30:33 - app.services - WARNING - FLAGGED: Device dev-004 flagged after 5 suspicious activities
2025-06-27 08:30:33 - app.services - WARNING - DISHONEST RATING: Device dev-004 trust_score directly reduced from 0.573 to 0.473 (suspicious: 5).
2025-06-27 08:30:33 - app.services - WARNING - BLACKLIST_VIOLATION: Connection between dev-009 (blacklisted: False) and dev-006 (blacklisted: True) was blocked.
2025-06-27 08:30:33 - app.services - WARNING - BLACKLIST_VIOLATION: Attempt to rate blacklisted device dev-006. Action blocked.
2025-06-27 08:30:33 - app.services - WARNING - BLACKLIST_VIOLATION: Blacklisted device dev-006 attempted to rate dev-009. Action blocked.
2025-06-27 08:30:33 - app.services - INFO - SAFE: Device dev-001 passed evaluation (duration 0.007s)
2025-06-27 08:30:33 - app.services - INFO - SAFE: Device dev-007 passed evaluation (duration 0.006s)
2025-06-27 08:30:33 - app.services - INFO - SAFE: Device dev-005 passed evaluation (duration 0.007s)
2025-06-27 08:30:33 - app.services - INFO - SAFE: Device dev-000 passed evaluation (duration 0.006s)
2025-06-27 08:30:33 - app.services - INFO - SAFE: Device dev-008 passed evaluation (duration 0.006s)
2025-06-27 08:30:33 - app.services - INFO - SAFE: Device dev-002 passed evaluation (duration 0.005s)
2025-06-27 08:30:33 - app.services - WARNING - FLAGGED: Device dev-008 flagged after 4 suspicious activities
2025-06-27 08:30:33 - app.services - WARNING - DISHONEST RATING: Device dev-008 trust_score directly reduced from 0.540 to 0.440 (suspicious: 4).
2025-06-27 08:30:34 - app.services - INFO - SAFE: Device dev-007 passed evaluation (duration 0.007s)
2025-06-27 08:30:34 - app.services - INFO - SAFE: Device dev-009 passed evaluation (duration 0.006s)
2025-06-27 08:30:34 - app.services - INFO - SAFE: Device dev-001 passed evaluation (duration 0.005s)
2025-06-27 08:30:34 - app.services - INFO - SAFE: Device dev-002 passed evaluation (duration 0.007s)
2025-06-27 08:30:34 - app.services - INFO - SAFE: Device dev-005 passed evaluation (duration 0.005s)
2025-06-27 08:30:34 - app.services - INFO - SAFE: Device dev-003 passed evaluation (duration 0.007s)
2025-06-27 08:30:34 - app.services - INFO - SAFE: Device dev-007 passed evaluation (duration 0.006s)
2025-06-27 08:30:34 - app.services - INFO - SAFE: Device dev-005 passed evaluation (duration 0.006s)
2025-06-27 08:30:35 - app.services - INFO - SAFE: Device dev-003 passed evaluation (duration 0.006s)
2025-06-27 08:30:35 - app.services - INFO - SAFE: Device dev-000 passed evaluation (duration 0.007s)
2025-06-27 08:30:35 - app.services - INFO - SAFE: Device dev-004 passed evaluation (duration 0.006s)
2025-06-27 08:30:35 - app.services - INFO - SAFE: Device dev-009 passed evaluation (duration 0.005s)
2025-06-27 08:30:35 - app.services - WARNING - FLAGGED: Device dev-004 flagged after 6 suspicious activities
2025-06-27 08:30:35 - app.services - WARNING - DISHONEST RATING: Device dev-004 trust_score directly reduced from 0.468 to 0.368 (suspicious: 6).
2025-06-27 08:30:35 - app.services - WARNING - BLACKLIST_VIOLATION: Connection between dev-006 (blacklisted: True) and dev-008 (blacklisted: False) was blocked.
2025-06-27 08:30:35 - app.services - WARNING - BLACKLIST_VIOLATION: Blacklisted device dev-006 attempted to rate dev-008. Action blocked.
2025-06-27 08:30:35 - app.services - WARNING - BLACKLIST_VIOLATION: Attempt to rate blacklisted device dev-006. Action blocked.
2025-06-27 08:30:35 - app.services - INFO - SAFE: Device dev-002 passed evaluation (duration 0.006s)
2025-06-27 08:30:35 - app.services - INFO - SAFE: Device dev-003 passed evaluation (duration 0.005s)
2025-06-27 08:30:35 - app.services - INFO - SAFE: Device dev-000 passed evaluation (duration 0.006s)
2025-06-27 08:30:35 - app.services - INFO - SAFE: Device dev-004 passed evaluation (duration 0.006s)
2025-06-27 08:30:35 - app.services - WARNING - FLAGGED: Device dev-004 flagged after 7 suspicious activities
2025-06-27 08:30:35 - app.services - WARNING - DISHONEST RATING: Device dev-004 trust_score directly reduced from 0.411 to 0.311 (suspicious: 7).
2025-06-27 08:30:36 - app.services - INFO - SAFE: Device dev-003 passed evaluation (duration 0.005s)
2025-06-27 08:30:36 - app.services - INFO - SAFE: Device dev-008 passed evaluation (duration 0.005s)
2025-06-27 08:30:36 - app.services - WARNING - FLAGGED: Device dev-008 flagged after 5 suspicious activities
2025-06-27 08:30:36 - app.services - WARNING - DISHONEST RATING: Device dev-008 trust_score directly reduced from 0.471 to 0.371 (suspicious: 5).
2025-06-27 08:30:36 - app.services - INFO - SAFE: Device dev-002 passed evaluation (duration 0.006s)
2025-06-27 08:30:36 - app.services - WARNING - BLACKLIST: Device dev-004 blacklisted after evaluation 0.005s with detection time: 8.404 after joined
2025-06-27 08:30:36 - app.services - WARNING - BLACKLIST_VIOLATION: Attempt to rate blacklisted device dev-004. Action blocked.
2025-06-27 08:30:36 - app.services - WARNING - BLACKLIST_VIOLATION: Blacklisted device dev-004 attempted to rate dev-002. Action blocked.
2025-06-27 08:30:36 - app.services - INFO - SAFE: Device dev-009 passed evaluation (duration 0.006s)
2025-06-27 08:30:36 - app.services - INFO - SAFE: Device dev-001 passed evaluation (duration 0.005s)
2025-06-27 08:30:36 - app.services - INFO - SAFE: Device dev-002 passed evaluation (duration 0.005s)
2025-06-27 08:30:36 - app.services - INFO - SAFE: Device dev-009 passed evaluation (duration 0.005s)
2025-06-27 08:30:36 - app.services - WARNING - BLACKLIST_VIOLATION: Connection between dev-008 (blacklisted: False) and dev-006 (blacklisted: True) was blocked.
2025-06-27 08:30:36 - app.services - WARNING - BLACKLIST_VIOLATION: Attempt to rate blacklisted device dev-006. Action blocked.
2025-06-27 08:30:36 - app.services - WARNING - BLACKLIST_VIOLATION: Blacklisted device dev-006 attempted to rate dev-008. Action blocked.
2025-06-27 08:30:36 - app.services - WARNING - BLACKLIST_VIOLATION: Connection between dev-008 (blacklisted: False) and dev-006 (blacklisted: True) was blocked.
2025-06-27 08:30:36 - app.services - WARNING - BLACKLIST_VIOLATION: Attempt to rate blacklisted device dev-006. Action blocked.
2025-06-27 08:30:36 - app.services - WARNING - BLACKLIST_VIOLATION: Blacklisted device dev-006 attempted to rate dev-008. Action blocked.
2025-06-27 08:30:37 - app.services - INFO - SAFE: Device dev-009 passed evaluation (duration 0.007s)
2025-06-27 08:30:37 - app.services - INFO - SAFE: Device dev-005 passed evaluation (duration 0.006s)
2025-06-27 08:30:37 - app.services - INFO - SAFE: Device dev-008 passed evaluation (duration 0.011s)
2025-06-27 08:30:37 - app.services - INFO - SAFE: Device dev-002 passed evaluation (duration 0.006s)
2025-06-27 08:30:37 - app.services - WARNING - FLAGGED: Device dev-008 flagged after 6 suspicious activities
2025-06-27 08:30:37 - app.services - WARNING - DISHONEST RATING: Device dev-008 trust_score directly reduced from 0.534 to 0.434 (suspicious: 6).
2025-06-27 08:30:37 - app.services - WARNING - BLACKLIST_VIOLATION: Connection between dev-006 (blacklisted: True) and dev-003 (blacklisted: False) was blocked.
2025-06-27 08:30:37 - app.services - WARNING - BLACKLIST_VIOLATION: Blacklisted device dev-006 attempted to rate dev-003. Action blocked.
2025-06-27 08:30:37 - app.services - WARNING - BLACKLIST_VIOLATION: Attempt to rate blacklisted device dev-006. Action blocked.
2025-06-27 08:30:37 - app.services - INFO - SAFE: Device dev-008 passed evaluation (duration 0.005s)
2025-06-27 08:30:37 - app.services - INFO - SAFE: Device dev-003 passed evaluation (duration 0.005s)
2025-06-27 08:30:37 - app.services - WARNING - FLAGGED: Device dev-008 flagged after 7 suspicious activities
2025-06-27 08:30:37 - app.services - WARNING - DISHONEST RATING: Device dev-008 trust_score directly reduced from 0.509 to 0.409 (suspicious: 7).
2025-06-27 08:30:37 - app.services - WARNING - BLACKLIST_VIOLATION: Connection between dev-008 (blacklisted: False) and dev-006 (blacklisted: True) was blocked.
2025-06-27 08:30:37 - app.services - WARNING - BLACKLIST_VIOLATION: Attempt to rate blacklisted device dev-006. Action blocked.
2025-06-27 08:30:37 - app.services - WARNING - BLACKLIST_VIOLATION: Blacklisted device dev-006 attempted to rate dev-008. Action blocked.
2025-06-27 08:30:37 - app.services - INFO - SAFE: Device dev-009 passed evaluation (duration 0.006s)
2025-06-27 08:30:37 - app.services - INFO - SAFE: Device dev-005 passed evaluation (duration 0.006s)
2025-06-27 08:30:38 - app.services - INFO - SAFE: Device dev-003 passed evaluation (duration 0.007s)
2025-06-27 08:30:38 - app.services - INFO - SAFE: Device dev-005 passed evaluation (duration 0.006s)
2025-06-27 08:30:38 - app.services - WARNING - BLACKLIST_VIOLATION: Connection between dev-004 (blacklisted: True) and dev-006 (blacklisted: True) was blocked.
2025-06-27 08:30:38 - app.services - WARNING - BLACKLIST_VIOLATION: Blacklisted device dev-004 attempted to rate dev-006. Action blocked.
2025-06-27 08:30:38 - app.services - WARNING - BLACKLIST_VIOLATION: Blacklisted device dev-006 attempted to rate dev-004. Action blocked.
2025-06-27 08:30:38 - app.services - INFO - SAFE: Device dev-003 passed evaluation (duration 0.006s)
2025-06-27 08:30:38 - app.services - INFO - SAFE: Device dev-000 passed evaluation (duration 0.006s)
2025-06-27 08:30:38 - app.services - WARNING - BLACKLIST_VIOLATION: Connection between dev-002 (blacklisted: False) and dev-006 (blacklisted: True) was blocked.
2025-06-27 08:30:38 - app.services - WARNING - BLACKLIST_VIOLATION: Attempt to rate blacklisted device dev-006. Action blocked.
2025-06-27 08:30:38 - app.services - WARNING - BLACKLIST_VIOLATION: Blacklisted device dev-006 attempted to rate dev-002. Action blocked.
2025-06-27 08:30:39 - app.services - INFO - SAFE: Device dev-009 passed evaluation (duration 0.007s)
2025-06-27 08:30:39 - app.services - INFO - SAFE: Device dev-007 passed evaluation (duration 0.008s)
2025-06-27 08:30:39 - app.services - WARNING - BLACKLIST_VIOLATION: Connection between dev-005 (blacklisted: False) and dev-004 (blacklisted: True) was blocked.
2025-06-27 08:30:39 - app.services - WARNING - BLACKLIST_VIOLATION: Attempt to rate blacklisted device dev-004. Action blocked.
2025-06-27 08:30:39 - app.services - WARNING - BLACKLIST_VIOLATION: Blacklisted device dev-004 attempted to rate dev-005. Action blocked.
2025-06-27 08:30:39 - app.services - WARNING - BLACKLIST_VIOLATION: Connection between dev-007 (blacklisted: False) and dev-004 (blacklisted: True) was blocked.
2025-06-27 08:30:39 - app.services - WARNING - BLACKLIST_VIOLATION: Attempt to rate blacklisted device dev-004. Action blocked.
2025-06-27 08:30:39 - app.services - WARNING - BLACKLIST_VIOLATION: Blacklisted device dev-004 attempted to rate dev-007. Action blocked.
2025-06-27 08:30:39 - app.services - WARNING - BLACKLIST_VIOLATION: Connection between dev-000 (blacklisted: False) and dev-006 (blacklisted: True) was blocked.
2025-06-27 08:30:39 - app.services - WARNING - BLACKLIST_VIOLATION: Attempt to rate blacklisted device dev-006. Action blocked.
2025-06-27 08:30:39 - app.services - WARNING - BLACKLIST_VIOLATION: Blacklisted device dev-006 attempted to rate dev-000. Action blocked.
2025-06-27 08:30:39 - app.services - WARNING - BLACKLIST_VIOLATION: Connection between dev-006 (blacklisted: True) and dev-009 (blacklisted: False) was blocked.
2025-06-27 08:30:39 - app.services - WARNING - BLACKLIST_VIOLATION: Blacklisted device dev-006 attempted to rate dev-009. Action blocked.
2025-06-27 08:30:39 - app.services - WARNING - BLACKLIST_VIOLATION: Attempt to rate blacklisted device dev-006. Action blocked.
2025-06-27 08:30:39 - app.services - INFO - SAFE: Device dev-005 passed evaluation (duration 0.005s)
2025-06-27 08:30:39 - app.services - INFO - SAFE: Device dev-001 passed evaluation (duration 0.006s)
2025-06-27 08:30:39 - app.services - INFO - SAFE: Device dev-000 passed evaluation (duration 0.006s)
2025-06-27 08:30:39 - app.services - INFO - SAFE: Device dev-002 passed evaluation (duration 0.007s)
2025-06-27 08:30:40 - app.services - INFO - SAFE: Device dev-005 passed evaluation (duration 0.006s)
2025-06-27 08:30:40 - app.services - INFO - SAFE: Device dev-002 passed evaluation (duration 0.006s)
2025-06-27 08:30:40 - app.services - WARNING - BLACKLIST_VIOLATION: Connection between dev-005 (blacklisted: False) and dev-006 (blacklisted: True) was blocked.
2025-06-27 08:30:40 - app.services - WARNING - BLACKLIST_VIOLATION: Attempt to rate blacklisted device dev-006. Action blocked.
2025-06-27 08:30:40 - app.services - WARNING - BLACKLIST_VIOLATION: Blacklisted device dev-006 attempted to rate dev-005. Action blocked.
2025-06-27 08:30:40 - app.services - INFO - SAFE: Device dev-003 passed evaluation (duration 0.015s)
2025-06-27 08:30:40 - app.services - INFO - SAFE: Device dev-000 passed evaluation (duration 0.007s)
2025-06-27 08:30:40 - app.services - INFO - SAFE: Device dev-007 passed evaluation (duration 0.008s)
2025-06-27 08:30:40 - app.services - INFO - SAFE: Device dev-003 passed evaluation (duration 0.008s)
2025-06-27 08:30:41 - app.services - WARNING - BLACKLIST_VIOLATION: Connection between dev-003 (blacklisted: False) and dev-004 (blacklisted: True) was blocked.
2025-06-27 08:30:41 - app.services - WARNING - BLACKLIST_VIOLATION: Attempt to rate blacklisted device dev-004. Action blocked.
2025-06-27 08:30:41 - app.services - WARNING - BLACKLIST_VIOLATION: Blacklisted device dev-004 attempted to rate dev-003. Action blocked.
2025-06-27 08:30:41 - app.services - INFO - SAFE: Device dev-008 passed evaluation (duration 0.010s)
2025-06-27 08:30:41 - app.services - INFO - SAFE: Device dev-000 passed evaluation (duration 0.006s)
2025-06-27 08:30:41 - app.services - WARNING - FLAGGED: Device dev-008 flagged after 8 suspicious activities
2025-06-27 08:30:41 - app.services - WARNING - DISHONEST RATING: Device dev-008 trust_score directly reduced from 0.438 to 0.338 (suspicious: 8).
2025-06-27 08:30:41 - app.services - INFO - SAFE: Device dev-001 passed evaluation (duration 0.009s)
2025-06-27 08:30:41 - app.services - INFO - SAFE: Device dev-000 passed evaluation (duration 0.006s)
2025-06-27 08:30:41 - app.services - WARNING - BLACKLIST_VIOLATION: Connection between dev-004 (blacklisted: True) and dev-009 (blacklisted: False) was blocked.
2025-06-27 08:30:41 - app.services - WARNING - BLACKLIST_VIOLATION: Blacklisted device dev-004 attempted to rate dev-009. Action blocked.
2025-06-27 08:30:41 - app.services - WARNING - BLACKLIST_VIOLATION: Attempt to rate blacklisted device dev-004. Action blocked.
2025-06-27 08:30:41 - app.services - INFO - SAFE: Device dev-009 passed evaluation (duration 0.009s)
2025-06-27 08:30:41 - app.services - INFO - SAFE: Device dev-001 passed evaluation (duration 0.006s)
2025-06-27 08:30:42 - app.services - INFO - SAFE: Device dev-003 passed evaluation (duration 0.006s)
2025-06-27 08:30:42 - app.services - INFO - SAFE: Device dev-002 passed evaluation (duration 0.006s)
2025-06-27 08:30:42 - app.services - INFO - SAFE: Device dev-000 passed evaluation (duration 0.005s)
2025-06-27 08:30:42 - app.services - INFO - SAFE: Device dev-002 passed evaluation (duration 0.007s)
2025-06-27 08:30:42 - app.services - WARNING - BLACKLIST_VIOLATION: Connection between dev-003 (blacklisted: False) and dev-004 (blacklisted: True) was blocked.
2025-06-27 08:30:42 - app.services - WARNING - BLACKLIST_VIOLATION: Attempt to rate blacklisted device dev-004. Action blocked.
2025-06-27 08:30:42 - app.services - WARNING - BLACKLIST_VIOLATION: Blacklisted device dev-004 attempted to rate dev-003. Action blocked.
2025-06-27 08:30:42 - app.services - INFO - SAFE: Device dev-007 passed evaluation (duration 0.007s)
2025-06-27 08:30:42 - app.services - INFO - SAFE: Device dev-002 passed evaluation (duration 0.009s)
2025-06-27 08:30:43 - app.services - WARNING - BLACKLIST_VIOLATION: Connection between dev-005 (blacklisted: False) and dev-004 (blacklisted: True) was blocked.
2025-06-27 08:30:43 - app.services - WARNING - BLACKLIST_VIOLATION: Attempt to rate blacklisted device dev-004. Action blocked.
2025-06-27 08:30:43 - app.services - WARNING - BLACKLIST_VIOLATION: Blacklisted device dev-004 attempted to rate dev-005. Action blocked.
2025-06-27 08:30:43 - app.services - WARNING - BLACKLIST_VIOLATION: Connection between dev-003 (blacklisted: False) and dev-006 (blacklisted: True) was blocked.
2025-06-27 08:30:43 - app.services - WARNING - BLACKLIST_VIOLATION: Attempt to rate blacklisted device dev-006. Action blocked.
2025-06-27 08:30:43 - app.services - WARNING - BLACKLIST_VIOLATION: Blacklisted device dev-006 attempted to rate dev-003. Action blocked.
2025-06-27 08:30:43 - app.services - INFO - SAFE: Device dev-007 passed evaluation (duration 0.007s)
2025-06-27 08:30:43 - app.services - INFO - SAFE: Device dev-003 passed evaluation (duration 0.006s)
2025-06-27 08:30:43 - app.services - INFO - SAFE: Device dev-002 passed evaluation (duration 0.006s)
2025-06-27 08:30:43 - app.services - INFO - SAFE: Device dev-005 passed evaluation (duration 0.005s)
2025-06-27 08:30:43 - app.services - WARNING - BLACKLIST_VIOLATION: Connection between dev-006 (blacklisted: True) and dev-007 (blacklisted: False) was blocked.
2025-06-27 08:30:43 - app.services - WARNING - BLACKLIST_VIOLATION: Blacklisted device dev-006 attempted to rate dev-007. Action blocked.
2025-06-27 08:30:43 - app.services - WARNING - BLACKLIST_VIOLATION: Attempt to rate blacklisted device dev-006. Action blocked.
2025-06-27 08:30:43 - app.services - INFO - SAFE: Device dev-002 passed evaluation (duration 0.006s)
2025-06-27 08:30:43 - app.services - INFO - SAFE: Device dev-001 passed evaluation (duration 0.006s)
2025-06-27 08:30:44 - app.services - WARNING - BLACKLIST_VIOLATION: Connection between dev-009 (blacklisted: False) and dev-006 (blacklisted: True) was blocked.
2025-06-27 08:30:44 - app.services - WARNING - BLACKLIST_VIOLATION: Attempt to rate blacklisted device dev-006. Action blocked.
2025-06-27 08:30:44 - app.services - WARNING - BLACKLIST_VIOLATION: Blacklisted device dev-006 attempted to rate dev-009. Action blocked.
2025-06-27 08:30:44 - app.services - WARNING - BLACKLIST_VIOLATION: Connection between dev-004 (blacklisted: True) and dev-000 (blacklisted: False) was blocked.
2025-06-27 08:30:44 - app.services - WARNING - BLACKLIST_VIOLATION: Blacklisted device dev-004 attempted to rate dev-000. Action blocked.
2025-06-27 08:30:44 - app.services - WARNING - BLACKLIST_VIOLATION: Attempt to rate blacklisted device dev-004. Action blocked.
2025-06-27 08:30:44 - app.services - INFO - SAFE: Device dev-001 passed evaluation (duration 0.006s)
2025-06-27 08:30:44 - app.services - INFO - SAFE: Device dev-003 passed evaluation (duration 0.004s)
2025-06-27 08:30:44 - app.services - INFO - SAFE: Device dev-000 passed evaluation (duration 0.005s)
2025-06-27 08:30:44 - app.services - INFO - SAFE: Device dev-003 passed evaluation (duration 0.005s)
2025-06-27 08:30:44 - app.services - WARNING - BLACKLIST_VIOLATION: Connection between dev-006 (blacklisted: True) and dev-001 (blacklisted: False) was blocked.
2025-06-27 08:30:44 - app.services - WARNING - BLACKLIST_VIOLATION: Blacklisted device dev-006 attempted to rate dev-001. Action blocked.
2025-06-27 08:30:44 - app.services - WARNING - BLACKLIST_VIOLATION: Attempt to rate blacklisted device dev-006. Action blocked.
2025-06-27 08:30:44 - app.services - WARNING - BLACKLIST_VIOLATION: Connection between dev-000 (blacklisted: False) and dev-006 (blacklisted: True) was blocked.
2025-06-27 08:30:44 - app.services - WARNING - BLACKLIST_VIOLATION: Attempt to rate blacklisted device dev-006. Action blocked.
2025-06-27 08:30:44 - app.services - WARNING - BLACKLIST_VIOLATION: Blacklisted device dev-006 attempted to rate dev-000. Action blocked.
2025-06-27 08:30:45 - app.services - WARNING - BLACKLIST_VIOLATION: Connection between dev-002 (blacklisted: False) and dev-004 (blacklisted: True) was blocked.
2025-06-27 08:30:45 - app.services - WARNING - BLACKLIST_VIOLATION: Attempt to rate blacklisted device dev-004. Action blocked.
2025-06-27 08:30:45 - app.services - WARNING - BLACKLIST_VIOLATION: Blacklisted device dev-004 attempted to rate dev-002. Action blocked.
2025-06-27 08:30:45 - app.services - INFO - SAFE: Device dev-007 passed evaluation (duration 0.007s)
2025-06-27 08:30:45 - app.services - INFO - SAFE: Device dev-005 passed evaluation (duration 0.007s)
2025-06-27 08:30:45 - app.services - WARNING - BLACKLIST_VIOLATION: Connection between dev-001 (blacklisted: False) and dev-006 (blacklisted: True) was blocked.
2025-06-27 08:30:45 - app.services - WARNING - BLACKLIST_VIOLATION: Attempt to rate blacklisted device dev-006. Action blocked.
2025-06-27 08:30:45 - app.services - WARNING - BLACKLIST_VIOLATION: Blacklisted device dev-006 attempted to rate dev-001. Action blocked.
2025-06-27 08:30:45 - app.services - WARNING - BLACKLIST_VIOLATION: Connection between dev-004 (blacklisted: True) and dev-000 (blacklisted: False) was blocked.
2025-06-27 08:30:45 - app.services - WARNING - BLACKLIST_VIOLATION: Blacklisted device dev-004 attempted to rate dev-000. Action blocked.
2025-06-27 08:30:45 - app.services - WARNING - BLACKLIST_VIOLATION: Attempt to rate blacklisted device dev-004. Action blocked.
2025-06-27 08:30:45 - app.services - INFO - SAFE: Device dev-009 passed evaluation (duration 0.007s)
2025-06-27 08:30:45 - app.services - INFO - SAFE: Device dev-000 passed evaluation (duration 0.006s)
2025-06-27 08:30:45 - app.services - INFO - SAFE: Device dev-001 passed evaluation (duration 0.006s)
2025-06-27 08:30:45 - app.services - INFO - SAFE: Device dev-005 passed evaluation (duration 0.004s)
2025-06-27 08:30:46 - app.services - INFO - SAFE: Device dev-002 passed evaluation (duration 0.008s)
2025-06-27 08:30:46 - app.services - INFO - SAFE: Device dev-000 passed evaluation (duration 0.006s)
2025-06-27 08:30:46 - app.services - INFO - SAFE: Device dev-007 passed evaluation (duration 0.007s)
2025-06-27 08:30:46 - app.services - INFO - SAFE: Device dev-002 passed evaluation (duration 0.005s)
2025-06-27 08:30:46 - app.services - WARNING - BLACKLIST_VIOLATION: Connection between dev-001 (blacklisted: False) and dev-004 (blacklisted: True) was blocked.
2025-06-27 08:30:46 - app.services - WARNING - BLACKLIST_VIOLATION: Attempt to rate blacklisted device dev-004. Action blocked.
2025-06-27 08:30:46 - app.services - WARNING - BLACKLIST_VIOLATION: Blacklisted device dev-004 attempted to rate dev-001. Action blocked.
2025-06-27 08:30:46 - app.services - WARNING - BLACKLIST: Device dev-008 blacklisted after evaluation 0.006s with detection time: 18.538 after joined
2025-06-27 08:30:46 - app.services - DEBUG - SKIP_UPDATE: Peer dev-008 is blacklisted, skipping trust update for dev-005
2025-06-27 08:30:46 - app.services - WARNING - BLACKLIST_VIOLATION: Blacklisted device dev-008 attempted to rate dev-005. Action blocked.
2025-06-27 08:30:46 - app.services - WARNING - BLACKLIST_VIOLATION: Attempt to rate blacklisted device dev-008. Action blocked.
2025-06-27 08:30:46 - app.services - INFO - SAFE: Device dev-002 passed evaluation (duration 0.005s)
2025-06-27 08:30:47 - app.services - INFO - SAFE: Device dev-001 passed evaluation (duration 0.006s)
2025-06-27 08:30:47 - app.services - WARNING - BLACKLIST_VIOLATION: Connection between dev-008 (blacklisted: True) and dev-006 (blacklisted: True) was blocked.
2025-06-27 08:30:47 - app.services - WARNING - BLACKLIST_VIOLATION: Blacklisted device dev-008 attempted to rate dev-006. Action blocked.
2025-06-27 08:30:47 - app.services - WARNING - BLACKLIST_VIOLATION: Blacklisted device dev-006 attempted to rate dev-008. Action blocked.
2025-06-27 08:30:47 - app.services - WARNING - BLACKLIST_VIOLATION: Connection between dev-005 (blacklisted: False) and dev-006 (blacklisted: True) was blocked.
2025-06-27 08:30:47 - app.services - WARNING - BLACKLIST_VIOLATION: Attempt to rate blacklisted device dev-006. Action blocked.
2025-06-27 08:30:47 - app.services - WARNING - BLACKLIST_VIOLATION: Blacklisted device dev-006 attempted to rate dev-005. Action blocked.
2025-06-27 08:30:47 - app.services - WARNING - BLACKLIST_VIOLATION: Connection between dev-005 (blacklisted: False) and dev-006 (blacklisted: True) was blocked.
2025-06-27 08:30:47 - app.services - WARNING - BLACKLIST_VIOLATION: Attempt to rate blacklisted device dev-006. Action blocked.
2025-06-27 08:30:47 - app.services - WARNING - BLACKLIST_VIOLATION: Blacklisted device dev-006 attempted to rate dev-005. Action blocked.
2025-06-27 08:30:47 - app.services - WARNING - BLACKLIST_VIOLATION: Connection between dev-007 (blacklisted: False) and dev-008 (blacklisted: True) was blocked.
2025-06-27 08:30:47 - app.services - WARNING - BLACKLIST_VIOLATION: Attempt to rate blacklisted device dev-008. Action blocked.
2025-06-27 08:30:47 - app.services - WARNING - BLACKLIST_VIOLATION: Blacklisted device dev-008 attempted to rate dev-007. Action blocked.
2025-06-27 08:30:47 - app.services - INFO - SAFE: Device dev-003 passed evaluation (duration 0.004s)
2025-06-27 08:30:47 - app.services - INFO - SAFE: Device dev-001 passed evaluation (duration 0.005s)
2025-06-27 08:30:47 - app.services - INFO - SAFE: Device dev-000 passed evaluation (duration 0.009s)
2025-06-27 08:30:47 - app.services - INFO - SAFE: Device dev-002 passed evaluation (duration 0.007s)
2025-06-27 08:30:48 - app.services - INFO - SAFE: Device dev-001 passed evaluation (duration 0.009s)
2025-06-27 08:30:48 - app.services - INFO - SAFE: Device dev-005 passed evaluation (duration 0.007s)
2025-06-27 08:30:48 - app.services - INFO - SAFE: Device dev-000 passed evaluation (duration 0.006s)
2025-06-27 08:30:48 - app.services - INFO - SAFE: Device dev-009 passed evaluation (duration 0.007s)
2025-06-27 08:30:48 - app.services - WARNING - BLACKLIST_VIOLATION: Connection between dev-004 (blacklisted: True) and dev-003 (blacklisted: False) was blocked.
2025-06-27 08:30:48 - app.services - WARNING - BLACKLIST_VIOLATION: Blacklisted device dev-004 attempted to rate dev-003. Action blocked.
2025-06-27 08:30:48 - app.services - WARNING - BLACKLIST_VIOLATION: Attempt to rate blacklisted device dev-004. Action blocked.
2025-06-27 08:30:48 - app.services - INFO - SAFE: Device dev-003 passed evaluation (duration 0.006s)
2025-06-27 08:30:48 - app.services - INFO - SAFE: Device dev-007 passed evaluation (duration 0.008s)
