2025-06-29 16:46:32 - app.services - INFO - Selecting new coordinator...
2025-06-29 16:46:32 - app.services - INFO - Internal coordinator selected: dev-000 (RSU)
2025-06-29 16:46:33 - app.services - INFO - SAFE: Device dev-009 passed evaluation (duration 0.007s)
2025-06-29 16:46:33 - app.services - INFO - SAFE: Device dev-006 passed evaluation (duration 0.005s)
2025-06-29 16:46:33 - app.services - INFO - SAFE: Device dev-004 passed evaluation (duration 0.007s)
2025-06-29 16:46:33 - app.services - INFO - SAFE: Device dev-009 passed evaluation (duration 0.004s)
2025-06-29 16:46:33 - app.services - INFO - SAFE: Device dev-009 passed evaluation (duration 0.004s)
2025-06-29 16:46:33 - app.services - INFO - SAFE: Device dev-008 passed evaluation (duration 0.003s)
2025-06-29 16:46:33 - app.services - WARNING - DISHONEST RATING: Device dev-008 trust_score directly reduced from 0.447 to 0.347 (suspicious: 1).
2025-06-29 16:46:33 - app.services - INFO - SAFE: Device dev-006 passed evaluation (duration 0.004s)
2025-06-29 16:46:33 - app.services - INFO - SAFE: Device dev-002 passed evaluation (duration 0.006s)
2025-06-29 16:46:33 - app.services - INFO - SAFE: Device dev-005 passed evaluation (duration 0.006s)
2025-06-29 16:46:33 - app.services - INFO - SAFE: Device dev-008 passed evaluation (duration 0.005s)
2025-06-29 16:46:33 - app.services - WARNING - DISHONEST RATING: Device dev-005 trust_score directly reduced from 0.447 to 0.347 (suspicious: 1).
2025-06-29 16:46:33 - app.services - WARNING - DISHONEST RATING: Device dev-008 trust_score directly reduced from 0.495 to 0.395 (suspicious: 2).
2025-06-29 16:46:33 - app.services - INFO - SAFE: Device dev-008 passed evaluation (duration 0.006s)
2025-06-29 16:46:33 - app.services - INFO - SAFE: Device dev-003 passed evaluation (duration 0.007s)
2025-06-29 16:46:33 - app.services - WARNING - FLAGGED: Device dev-008 flagged after 3 suspicious activities
2025-06-29 16:46:33 - app.services - WARNING - DISHONEST RATING: Device dev-008 trust_score directly reduced from 0.434 to 0.334 (suspicious: 3).
2025-06-29 16:46:33 - app.services - INFO - SAFE: Device dev-002 passed evaluation (duration 0.004s)
2025-06-29 16:46:33 - app.services - INFO - SAFE: Device dev-006 passed evaluation (duration 0.003s)
2025-06-29 16:46:34 - app.services - WARNING - BLACKLIST: Device dev-005 blacklisted after evaluation 0.003s with detection time: 1.016 after joined
2025-06-29 16:46:34 - app.services - DEBUG - SKIP_UPDATE: Peer dev-005 is blacklisted, skipping trust update for dev-000
2025-06-29 16:46:34 - app.services - WARNING - BLACKLIST_VIOLATION: Blacklisted device dev-005 attempted to rate dev-000. Action blocked.
2025-06-29 16:46:34 - app.services - WARNING - BLACKLIST_VIOLATION: Attempt to rate blacklisted device dev-005. Action blocked.
2025-06-29 16:46:34 - app.services - INFO - SAFE: Device dev-008 passed evaluation (duration 0.003s)
2025-06-29 16:46:34 - app.services - INFO - SAFE: Device dev-004 passed evaluation (duration 0.005s)
2025-06-29 16:46:34 - app.services - WARNING - FLAGGED: Device dev-008 flagged after 4 suspicious activities
2025-06-29 16:46:34 - app.services - WARNING - DISHONEST RATING: Device dev-008 trust_score directly reduced from 0.459 to 0.359 (suspicious: 4).
2025-06-29 16:46:34 - app.services - INFO - SAFE: Device dev-007 passed evaluation (duration 0.005s)
2025-06-29 16:46:34 - app.services - INFO - SAFE: Device dev-009 passed evaluation (duration 0.003s)
2025-06-29 16:46:34 - app.services - INFO - SAFE: Device dev-000 passed evaluation (duration 0.005s)
2025-06-29 16:46:34 - app.services - INFO - SAFE: Device dev-003 passed evaluation (duration 0.003s)
2025-06-29 16:46:34 - app.services - INFO - SAFE: Device dev-001 passed evaluation (duration 0.005s)
2025-06-29 16:46:34 - app.services - INFO - SAFE: Device dev-003 passed evaluation (duration 0.005s)
2025-06-29 16:46:34 - app.services - WARNING - BLACKLIST_VIOLATION: Connection between dev-008 (blacklisted: False) and dev-005 (blacklisted: True) was blocked.
2025-06-29 16:46:34 - app.services - WARNING - BLACKLIST_VIOLATION: Attempt to rate blacklisted device dev-005. Action blocked.
2025-06-29 16:46:34 - app.services - WARNING - BLACKLIST_VIOLATION: Blacklisted device dev-005 attempted to rate dev-008. Action blocked.
2025-06-29 16:46:34 - app.services - WARNING - BLACKLIST_VIOLATION: Connection between dev-002 (blacklisted: False) and dev-005 (blacklisted: True) was blocked.
2025-06-29 16:46:34 - app.services - WARNING - BLACKLIST_VIOLATION: Attempt to rate blacklisted device dev-005. Action blocked.
2025-06-29 16:46:34 - app.services - WARNING - BLACKLIST_VIOLATION: Blacklisted device dev-005 attempted to rate dev-002. Action blocked.
2025-06-29 16:46:34 - app.services - INFO - SAFE: Device dev-002 passed evaluation (duration 0.005s)
2025-06-29 16:46:34 - app.services - INFO - SAFE: Device dev-008 passed evaluation (duration 0.005s)
2025-06-29 16:46:34 - app.services - WARNING - FLAGGED: Device dev-008 flagged after 5 suspicious activities
2025-06-29 16:46:34 - app.services - WARNING - DISHONEST RATING: Device dev-008 trust_score directly reduced from 0.443 to 0.343 (suspicious: 5).
2025-06-29 16:46:34 - app.services - INFO - SAFE: Device dev-009 passed evaluation (duration 0.005s)
2025-06-29 16:46:34 - app.services - INFO - SAFE: Device dev-003 passed evaluation (duration 0.005s)
2025-06-29 16:46:35 - app.services - INFO - SAFE: Device dev-007 passed evaluation (duration 0.004s)
2025-06-29 16:46:35 - app.services - INFO - SAFE: Device dev-002 passed evaluation (duration 0.006s)
2025-06-29 16:46:35 - app.services - INFO - SAFE: Device dev-004 passed evaluation (duration 0.011s)
2025-06-29 16:46:35 - app.services - INFO - SAFE: Device dev-007 passed evaluation (duration 0.009s)
2025-06-29 16:46:35 - app.services - INFO - SAFE: Device dev-003 passed evaluation (duration 0.004s)
2025-06-29 16:46:35 - app.services - INFO - SAFE: Device dev-004 passed evaluation (duration 0.006s)
2025-06-29 16:46:35 - app.services - INFO - SAFE: Device dev-001 passed evaluation (duration 0.006s)
2025-06-29 16:46:35 - app.services - INFO - SAFE: Device dev-009 passed evaluation (duration 0.007s)
2025-06-29 16:46:35 - app.services - INFO - SAFE: Device dev-003 passed evaluation (duration 0.006s)
2025-06-29 16:46:36 - app.services - INFO - SAFE: Device dev-006 passed evaluation (duration 0.009s)
2025-06-29 16:46:36 - app.services - WARNING - BLACKLIST_VIOLATION: Connection between dev-000 (blacklisted: False) and dev-005 (blacklisted: True) was blocked.
2025-06-29 16:46:36 - app.services - WARNING - BLACKLIST_VIOLATION: Attempt to rate blacklisted device dev-005. Action blocked.
2025-06-29 16:46:36 - app.services - WARNING - BLACKLIST_VIOLATION: Blacklisted device dev-005 attempted to rate dev-000. Action blocked.
2025-06-29 16:46:36 - app.services - INFO - SAFE: Device dev-008 passed evaluation (duration 0.007s)
2025-06-29 16:46:36 - app.services - INFO - SAFE: Device dev-007 passed evaluation (duration 0.006s)
2025-06-29 16:46:36 - app.services - WARNING - FLAGGED: Device dev-008 flagged after 6 suspicious activities
2025-06-29 16:46:36 - app.services - WARNING - DISHONEST RATING: Device dev-008 trust_score directly reduced from 0.525 to 0.425 (suspicious: 6).
2025-06-29 16:46:36 - app.services - WARNING - BLACKLIST_VIOLATION: Connection between dev-005 (blacklisted: True) and dev-004 (blacklisted: False) was blocked.
2025-06-29 16:46:36 - app.services - WARNING - BLACKLIST_VIOLATION: Blacklisted device dev-005 attempted to rate dev-004. Action blocked.
2025-06-29 16:46:36 - app.services - WARNING - BLACKLIST_VIOLATION: Attempt to rate blacklisted device dev-005. Action blocked.
2025-06-29 16:46:36 - app.services - WARNING - BLACKLIST_VIOLATION: Connection between dev-004 (blacklisted: False) and dev-005 (blacklisted: True) was blocked.
2025-06-29 16:46:36 - app.services - WARNING - BLACKLIST_VIOLATION: Attempt to rate blacklisted device dev-005. Action blocked.
2025-06-29 16:46:36 - app.services - WARNING - BLACKLIST_VIOLATION: Blacklisted device dev-005 attempted to rate dev-004. Action blocked.
2025-06-29 16:46:36 - app.services - INFO - SAFE: Device dev-001 passed evaluation (duration 0.009s)
2025-06-29 16:46:36 - app.services - INFO - SAFE: Device dev-000 passed evaluation (duration 0.007s)
2025-06-29 16:46:36 - app.services - INFO - SAFE: Device dev-009 passed evaluation (duration 0.005s)
2025-06-29 16:46:36 - app.services - INFO - SAFE: Device dev-000 passed evaluation (duration 0.006s)
2025-06-29 16:46:37 - app.services - INFO - SAFE: Device dev-003 passed evaluation (duration 0.004s)
2025-06-29 16:46:37 - app.services - INFO - SAFE: Device dev-008 passed evaluation (duration 0.004s)
2025-06-29 16:46:37 - app.services - WARNING - FLAGGED: Device dev-008 flagged after 7 suspicious activities
2025-06-29 16:46:37 - app.services - WARNING - DISHONEST RATING: Device dev-008 trust_score directly reduced from 0.558 to 0.458 (suspicious: 7).
2025-06-29 16:46:37 - app.services - INFO - SAFE: Device dev-008 passed evaluation (duration 0.006s)
2025-06-29 16:46:37 - app.services - INFO - SAFE: Device dev-002 passed evaluation (duration 0.004s)
2025-06-29 16:46:37 - app.services - WARNING - FLAGGED: Device dev-008 flagged after 8 suspicious activities
2025-06-29 16:46:37 - app.services - WARNING - DISHONEST RATING: Device dev-008 trust_score directly reduced from 0.341 to 0.241 (suspicious: 8).
2025-06-29 16:46:37 - app.services - INFO - SAFE: Device dev-003 passed evaluation (duration 0.003s)
2025-06-29 16:46:37 - app.services - INFO - SAFE: Device dev-006 passed evaluation (duration 0.003s)
2025-06-29 16:46:37 - app.services - INFO - SAFE: Device dev-009 passed evaluation (duration 0.003s)
2025-06-29 16:46:37 - app.services - INFO - SAFE: Device dev-007 passed evaluation (duration 0.004s)
2025-06-29 16:46:37 - app.services - INFO - SAFE: Device dev-003 passed evaluation (duration 0.005s)
2025-06-29 16:46:37 - app.services - INFO - SAFE: Device dev-001 passed evaluation (duration 0.003s)
2025-06-29 16:46:37 - app.services - WARNING - BLACKLIST_VIOLATION: Connection between dev-001 (blacklisted: False) and dev-005 (blacklisted: True) was blocked.
2025-06-29 16:46:37 - app.services - WARNING - BLACKLIST_VIOLATION: Attempt to rate blacklisted device dev-005. Action blocked.
2025-06-29 16:46:37 - app.services - WARNING - BLACKLIST_VIOLATION: Blacklisted device dev-005 attempted to rate dev-001. Action blocked.
2025-06-29 16:46:37 - app.services - INFO - SAFE: Device dev-009 passed evaluation (duration 0.005s)
2025-06-29 16:46:37 - app.services - INFO - SAFE: Device dev-003 passed evaluation (duration 0.004s)
2025-06-29 16:46:37 - app.services - WARNING - BLACKLIST_VIOLATION: Connection between dev-005 (blacklisted: True) and dev-008 (blacklisted: False) was blocked.
2025-06-29 16:46:37 - app.services - WARNING - BLACKLIST_VIOLATION: Blacklisted device dev-005 attempted to rate dev-008. Action blocked.
2025-06-29 16:46:37 - app.services - WARNING - BLACKLIST_VIOLATION: Attempt to rate blacklisted device dev-005. Action blocked.
2025-06-29 16:46:37 - app.services - INFO - SAFE: Device dev-000 passed evaluation (duration 0.003s)
2025-06-29 16:46:38 - app.services - WARNING - BLACKLIST: Device dev-008 blacklisted after evaluation 0.004s with detection time: 4.870 after joined
2025-06-29 16:46:38 - app.services - WARNING - BLACKLIST_VIOLATION: Attempt to rate blacklisted device dev-008. Action blocked.
2025-06-29 16:46:38 - app.services - WARNING - BLACKLIST_VIOLATION: Blacklisted device dev-008 attempted to rate dev-000. Action blocked.
2025-06-29 16:46:38 - app.services - INFO - SAFE: Device dev-004 passed evaluation (duration 0.003s)
2025-06-29 16:46:38 - app.services - INFO - SAFE: Device dev-000 passed evaluation (duration 0.007s)
2025-06-29 16:46:38 - app.services - WARNING - BLACKLIST_VIOLATION: Connection between dev-001 (blacklisted: False) and dev-005 (blacklisted: True) was blocked.
2025-06-29 16:46:38 - app.services - WARNING - BLACKLIST_VIOLATION: Attempt to rate blacklisted device dev-005. Action blocked.
2025-06-29 16:46:38 - app.services - WARNING - BLACKLIST_VIOLATION: Blacklisted device dev-005 attempted to rate dev-001. Action blocked.
2025-06-29 16:46:38 - app.services - WARNING - BLACKLIST_VIOLATION: Connection between dev-005 (blacklisted: True) and dev-006 (blacklisted: False) was blocked.
2025-06-29 16:46:38 - app.services - WARNING - BLACKLIST_VIOLATION: Blacklisted device dev-005 attempted to rate dev-006. Action blocked.
2025-06-29 16:46:38 - app.services - WARNING - BLACKLIST_VIOLATION: Attempt to rate blacklisted device dev-005. Action blocked.
2025-06-29 16:46:38 - app.services - INFO - SAFE: Device dev-002 passed evaluation (duration 0.003s)
2025-06-29 16:46:38 - app.services - INFO - SAFE: Device dev-004 passed evaluation (duration 0.003s)
2025-06-29 16:46:38 - app.services - INFO - SAFE: Device dev-004 passed evaluation (duration 0.005s)
2025-06-29 16:46:38 - app.services - INFO - SAFE: Device dev-000 passed evaluation (duration 0.005s)
2025-06-29 16:46:38 - app.services - INFO - SAFE: Device dev-002 passed evaluation (duration 0.005s)
2025-06-29 16:46:38 - app.services - INFO - SAFE: Device dev-003 passed evaluation (duration 0.005s)
2025-06-29 16:46:38 - app.services - WARNING - BLACKLIST_VIOLATION: Connection between dev-008 (blacklisted: True) and dev-001 (blacklisted: False) was blocked.
2025-06-29 16:46:38 - app.services - WARNING - BLACKLIST_VIOLATION: Blacklisted device dev-008 attempted to rate dev-001. Action blocked.
2025-06-29 16:46:38 - app.services - WARNING - BLACKLIST_VIOLATION: Attempt to rate blacklisted device dev-008. Action blocked.
2025-06-29 16:46:38 - app.services - INFO - SAFE: Device dev-000 passed evaluation (duration 0.004s)
2025-06-29 16:46:38 - app.services - INFO - SAFE: Device dev-007 passed evaluation (duration 0.004s)
2025-06-29 16:46:38 - app.services - WARNING - BLACKLIST_VIOLATION: Connection between dev-005 (blacklisted: True) and dev-009 (blacklisted: False) was blocked.
2025-06-29 16:46:39 - app.services - WARNING - BLACKLIST_VIOLATION: Blacklisted device dev-005 attempted to rate dev-009. Action blocked.
2025-06-29 16:46:39 - app.services - WARNING - BLACKLIST_VIOLATION: Attempt to rate blacklisted device dev-005. Action blocked.
2025-06-29 16:46:39 - app.services - INFO - SAFE: Device dev-006 passed evaluation (duration 0.006s)
2025-06-29 16:46:39 - app.services - INFO - SAFE: Device dev-009 passed evaluation (duration 0.004s)
2025-06-29 16:46:39 - app.services - INFO - SAFE: Device dev-006 passed evaluation (duration 0.006s)
2025-06-29 16:46:39 - app.services - INFO - SAFE: Device dev-004 passed evaluation (duration 0.004s)
2025-06-29 16:46:39 - app.services - INFO - SAFE: Device dev-001 passed evaluation (duration 0.006s)
2025-06-29 16:46:39 - app.services - INFO - SAFE: Device dev-000 passed evaluation (duration 0.007s)
2025-06-29 16:46:39 - app.services - INFO - SAFE: Device dev-000 passed evaluation (duration 0.004s)
2025-06-29 16:46:39 - app.services - INFO - SAFE: Device dev-004 passed evaluation (duration 0.004s)
2025-06-29 16:46:39 - app.services - WARNING - BLACKLIST_VIOLATION: Connection between dev-007 (blacklisted: False) and dev-005 (blacklisted: True) was blocked.
2025-06-29 16:46:39 - app.services - WARNING - BLACKLIST_VIOLATION: Attempt to rate blacklisted device dev-005. Action blocked.
2025-06-29 16:46:39 - app.services - WARNING - BLACKLIST_VIOLATION: Blacklisted device dev-005 attempted to rate dev-007. Action blocked.
2025-06-29 16:46:39 - app.services - WARNING - BLACKLIST_VIOLATION: Connection between dev-005 (blacklisted: True) and dev-000 (blacklisted: False) was blocked.
2025-06-29 16:46:39 - app.services - WARNING - BLACKLIST_VIOLATION: Blacklisted device dev-005 attempted to rate dev-000. Action blocked.
2025-06-29 16:46:39 - app.services - WARNING - BLACKLIST_VIOLATION: Attempt to rate blacklisted device dev-005. Action blocked.
2025-06-29 16:46:39 - app.services - INFO - SAFE: Device dev-009 passed evaluation (duration 0.004s)
2025-06-29 16:46:39 - app.services - INFO - SAFE: Device dev-001 passed evaluation (duration 0.005s)
2025-06-29 16:46:40 - app.services - INFO - SAFE: Device dev-006 passed evaluation (duration 0.004s)
2025-06-29 16:46:40 - app.services - INFO - SAFE: Device dev-004 passed evaluation (duration 0.004s)
2025-06-29 16:46:40 - app.services - INFO - SAFE: Device dev-000 passed evaluation (duration 0.007s)
2025-06-29 16:46:40 - app.services - INFO - SAFE: Device dev-001 passed evaluation (duration 0.004s)
2025-06-29 16:46:40 - app.services - INFO - SAFE: Device dev-007 passed evaluation (duration 0.005s)
2025-06-29 16:46:40 - app.services - INFO - SAFE: Device dev-001 passed evaluation (duration 0.006s)
2025-06-29 16:46:40 - app.services - INFO - SAFE: Device dev-002 passed evaluation (duration 0.005s)
2025-06-29 16:46:40 - app.services - INFO - SAFE: Device dev-004 passed evaluation (duration 0.005s)
2025-06-29 16:46:40 - app.services - INFO - SAFE: Device dev-009 passed evaluation (duration 0.005s)
2025-06-29 16:46:40 - app.services - INFO - SAFE: Device dev-002 passed evaluation (duration 0.004s)
2025-06-29 16:46:40 - app.services - INFO - SAFE: Device dev-007 passed evaluation (duration 0.005s)
2025-06-29 16:46:40 - app.services - INFO - SAFE: Device dev-006 passed evaluation (duration 0.005s)
2025-06-29 16:46:40 - app.services - WARNING - BLACKLIST_VIOLATION: Connection between dev-005 (blacklisted: True) and dev-007 (blacklisted: False) was blocked.
2025-06-29 16:46:40 - app.services - WARNING - BLACKLIST_VIOLATION: Blacklisted device dev-005 attempted to rate dev-007. Action blocked.
2025-06-29 16:46:40 - app.services - WARNING - BLACKLIST_VIOLATION: Attempt to rate blacklisted device dev-005. Action blocked.
2025-06-29 16:46:40 - app.services - INFO - SAFE: Device dev-000 passed evaluation (duration 0.006s)
2025-06-29 16:46:40 - app.services - INFO - SAFE: Device dev-004 passed evaluation (duration 0.003s)
2025-06-29 16:46:41 - app.services - INFO - SAFE: Device dev-003 passed evaluation (duration 0.003s)
2025-06-29 16:46:41 - app.services - INFO - SAFE: Device dev-001 passed evaluation (duration 0.003s)
2025-06-29 16:46:41 - app.services - WARNING - BLACKLIST_VIOLATION: Connection between dev-006 (blacklisted: False) and dev-008 (blacklisted: True) was blocked.
2025-06-29 16:46:41 - app.services - WARNING - BLACKLIST_VIOLATION: Attempt to rate blacklisted device dev-008. Action blocked.
2025-06-29 16:46:41 - app.services - WARNING - BLACKLIST_VIOLATION: Blacklisted device dev-008 attempted to rate dev-006. Action blocked.
2025-06-29 16:46:41 - app.services - INFO - SAFE: Device dev-007 passed evaluation (duration 0.004s)
2025-06-29 16:46:41 - app.services - INFO - SAFE: Device dev-004 passed evaluation (duration 0.005s)
2025-06-29 16:46:41 - app.services - INFO - SAFE: Device dev-002 passed evaluation (duration 0.005s)
2025-06-29 16:46:41 - app.services - INFO - SAFE: Device dev-009 passed evaluation (duration 0.004s)
2025-06-29 16:46:41 - app.services - WARNING - BLACKLIST_VIOLATION: Connection between dev-008 (blacklisted: True) and dev-001 (blacklisted: False) was blocked.
2025-06-29 16:46:41 - app.services - WARNING - BLACKLIST_VIOLATION: Blacklisted device dev-008 attempted to rate dev-001. Action blocked.
2025-06-29 16:46:41 - app.services - WARNING - BLACKLIST_VIOLATION: Attempt to rate blacklisted device dev-008. Action blocked.
2025-06-29 16:46:41 - app.services - INFO - SAFE: Device dev-006 passed evaluation (duration 0.007s)
2025-06-29 16:46:41 - app.services - INFO - SAFE: Device dev-007 passed evaluation (duration 0.005s)
2025-06-29 16:46:41 - app.services - WARNING - BLACKLIST_VIOLATION: Connection between dev-008 (blacklisted: True) and dev-000 (blacklisted: False) was blocked.
2025-06-29 16:46:41 - app.services - WARNING - BLACKLIST_VIOLATION: Blacklisted device dev-008 attempted to rate dev-000. Action blocked.
2025-06-29 16:46:41 - app.services - WARNING - BLACKLIST_VIOLATION: Attempt to rate blacklisted device dev-008. Action blocked.
2025-06-29 16:46:42 - app.services - INFO - SAFE: Device dev-007 passed evaluation (duration 0.006s)
2025-06-29 16:46:42 - app.services - INFO - SAFE: Device dev-003 passed evaluation (duration 0.007s)
2025-06-29 16:46:42 - app.services - INFO - SAFE: Device dev-002 passed evaluation (duration 0.004s)
2025-06-29 16:46:42 - app.services - INFO - SAFE: Device dev-000 passed evaluation (duration 0.004s)
2025-06-29 16:46:42 - app.services - INFO - SAFE: Device dev-009 passed evaluation (duration 0.006s)
2025-06-29 16:46:42 - app.services - INFO - SAFE: Device dev-001 passed evaluation (duration 0.005s)
2025-06-29 16:46:42 - app.services - WARNING - BLACKLIST_VIOLATION: Connection between dev-007 (blacklisted: False) and dev-008 (blacklisted: True) was blocked.
2025-06-29 16:46:42 - app.services - WARNING - BLACKLIST_VIOLATION: Attempt to rate blacklisted device dev-008. Action blocked.
2025-06-29 16:46:42 - app.services - WARNING - BLACKLIST_VIOLATION: Blacklisted device dev-008 attempted to rate dev-007. Action blocked.
2025-06-29 16:46:42 - app.services - INFO - SAFE: Device dev-004 passed evaluation (duration 0.005s)
2025-06-29 16:46:42 - app.services - INFO - SAFE: Device dev-007 passed evaluation (duration 0.006s)
2025-06-29 16:46:42 - app.services - INFO - SAFE: Device dev-004 passed evaluation (duration 0.004s)
2025-06-29 16:46:42 - app.services - INFO - SAFE: Device dev-007 passed evaluation (duration 0.005s)
2025-06-29 16:46:42 - app.services - INFO - SAFE: Device dev-006 passed evaluation (duration 0.004s)
2025-06-29 16:46:42 - app.services - INFO - SAFE: Device dev-002 passed evaluation (duration 0.005s)
2025-06-29 16:46:43 - app.services - INFO - SAFE: Device dev-003 passed evaluation (duration 0.007s)
2025-06-29 16:46:43 - app.services - INFO - SAFE: Device dev-002 passed evaluation (duration 0.006s)
2025-06-29 16:46:43 - app.services - INFO - SAFE: Device dev-001 passed evaluation (duration 0.006s)
2025-06-29 16:46:43 - app.services - INFO - SAFE: Device dev-006 passed evaluation (duration 0.005s)
2025-06-29 16:46:43 - app.services - INFO - SAFE: Device dev-001 passed evaluation (duration 0.004s)
2025-06-29 16:46:43 - app.services - INFO - SAFE: Device dev-003 passed evaluation (duration 0.005s)
2025-06-29 16:46:43 - app.services - WARNING - BLACKLIST_VIOLATION: Connection between dev-007 (blacklisted: False) and dev-008 (blacklisted: True) was blocked.
2025-06-29 16:46:43 - app.services - WARNING - BLACKLIST_VIOLATION: Attempt to rate blacklisted device dev-008. Action blocked.
2025-06-29 16:46:43 - app.services - WARNING - BLACKLIST_VIOLATION: Blacklisted device dev-008 attempted to rate dev-007. Action blocked.
2025-06-29 16:46:43 - app.services - WARNING - BLACKLIST_VIOLATION: Connection between dev-001 (blacklisted: False) and dev-008 (blacklisted: True) was blocked.
2025-06-29 16:46:43 - app.services - WARNING - BLACKLIST_VIOLATION: Attempt to rate blacklisted device dev-008. Action blocked.
2025-06-29 16:46:43 - app.services - WARNING - BLACKLIST_VIOLATION: Blacklisted device dev-008 attempted to rate dev-001. Action blocked.
2025-06-29 16:46:43 - app.services - WARNING - BLACKLIST_VIOLATION: Connection between dev-005 (blacklisted: True) and dev-009 (blacklisted: False) was blocked.
2025-06-29 16:46:43 - app.services - WARNING - BLACKLIST_VIOLATION: Blacklisted device dev-005 attempted to rate dev-009. Action blocked.
2025-06-29 16:46:43 - app.services - WARNING - BLACKLIST_VIOLATION: Attempt to rate blacklisted device dev-005. Action blocked.
2025-06-29 16:46:43 - app.services - INFO - SAFE: Device dev-007 passed evaluation (duration 0.004s)
2025-06-29 16:46:43 - app.services - INFO - SAFE: Device dev-009 passed evaluation (duration 0.004s)
2025-06-29 16:46:43 - app.services - WARNING - BLACKLIST_VIOLATION: Connection between dev-008 (blacklisted: True) and dev-007 (blacklisted: False) was blocked.
2025-06-29 16:46:43 - app.services - WARNING - BLACKLIST_VIOLATION: Blacklisted device dev-008 attempted to rate dev-007. Action blocked.
2025-06-29 16:46:44 - app.services - WARNING - BLACKLIST_VIOLATION: Attempt to rate blacklisted device dev-008. Action blocked.
2025-06-29 16:46:44 - app.services - WARNING - BLACKLIST_VIOLATION: Connection between dev-000 (blacklisted: False) and dev-005 (blacklisted: True) was blocked.
2025-06-29 16:46:44 - app.services - WARNING - BLACKLIST_VIOLATION: Attempt to rate blacklisted device dev-005. Action blocked.
2025-06-29 16:46:44 - app.services - WARNING - BLACKLIST_VIOLATION: Blacklisted device dev-005 attempted to rate dev-000. Action blocked.
2025-06-29 16:46:44 - app.services - WARNING - BLACKLIST_VIOLATION: Connection between dev-008 (blacklisted: True) and dev-003 (blacklisted: False) was blocked.
2025-06-29 16:46:44 - app.services - WARNING - BLACKLIST_VIOLATION: Blacklisted device dev-008 attempted to rate dev-003. Action blocked.
2025-06-29 16:46:44 - app.services - WARNING - BLACKLIST_VIOLATION: Attempt to rate blacklisted device dev-008. Action blocked.
2025-06-29 16:46:44 - app.services - INFO - SAFE: Device dev-002 passed evaluation (duration 0.007s)
2025-06-29 16:46:44 - app.services - INFO - SAFE: Device dev-003 passed evaluation (duration 0.004s)
2025-06-29 16:46:44 - app.services - WARNING - BLACKLIST_VIOLATION: Connection between dev-004 (blacklisted: False) and dev-005 (blacklisted: True) was blocked.
2025-06-29 16:46:44 - app.services - WARNING - BLACKLIST_VIOLATION: Attempt to rate blacklisted device dev-005. Action blocked.
2025-06-29 16:46:44 - app.services - WARNING - BLACKLIST_VIOLATION: Blacklisted device dev-005 attempted to rate dev-004. Action blocked.
2025-06-29 16:46:44 - app.services - INFO - SAFE: Device dev-002 passed evaluation (duration 0.005s)
2025-06-29 16:46:44 - app.services - INFO - SAFE: Device dev-001 passed evaluation (duration 0.004s)
2025-06-29 16:46:44 - app.services - INFO - SAFE: Device dev-000 passed evaluation (duration 0.003s)
2025-06-29 16:46:44 - app.services - INFO - SAFE: Device dev-001 passed evaluation (duration 0.004s)
2025-06-29 16:46:44 - app.services - INFO - SAFE: Device dev-004 passed evaluation (duration 0.004s)
2025-06-29 16:46:44 - app.services - INFO - SAFE: Device dev-003 passed evaluation (duration 0.005s)
2025-06-29 16:46:44 - app.services - INFO - SAFE: Device dev-003 passed evaluation (duration 0.005s)
2025-06-29 16:46:44 - app.services - INFO - SAFE: Device dev-009 passed evaluation (duration 0.004s)
2025-06-29 16:46:44 - app.services - INFO - SAFE: Device dev-001 passed evaluation (duration 0.005s)
2025-06-29 16:46:44 - app.services - INFO - SAFE: Device dev-007 passed evaluation (duration 0.004s)
2025-06-29 16:46:45 - app.services - INFO - SAFE: Device dev-009 passed evaluation (duration 0.005s)
2025-06-29 16:46:45 - app.services - INFO - SAFE: Device dev-003 passed evaluation (duration 0.006s)
2025-06-29 16:46:45 - app.services - INFO - SAFE: Device dev-002 passed evaluation (duration 0.006s)
2025-06-29 16:46:45 - app.services - INFO - SAFE: Device dev-009 passed evaluation (duration 0.005s)
2025-06-29 16:46:45 - app.services - INFO - SAFE: Device dev-002 passed evaluation (duration 0.005s)
2025-06-29 16:46:45 - app.services - INFO - SAFE: Device dev-007 passed evaluation (duration 0.004s)
2025-06-29 16:46:45 - app.services - INFO - SAFE: Device dev-003 passed evaluation (duration 0.004s)
2025-06-29 16:46:45 - app.services - INFO - SAFE: Device dev-002 passed evaluation (duration 0.004s)
2025-06-29 16:46:45 - app.services - WARNING - BLACKLIST_VIOLATION: Connection between dev-001 (blacklisted: False) and dev-008 (blacklisted: True) was blocked.
2025-06-29 16:46:45 - app.services - WARNING - BLACKLIST_VIOLATION: Attempt to rate blacklisted device dev-008. Action blocked.
2025-06-29 16:46:45 - app.services - WARNING - BLACKLIST_VIOLATION: Blacklisted device dev-008 attempted to rate dev-001. Action blocked.
2025-06-29 16:46:45 - app.services - INFO - SAFE: Device dev-002 passed evaluation (duration 0.004s)
2025-06-29 16:46:45 - app.services - INFO - SAFE: Device dev-004 passed evaluation (duration 0.004s)
2025-06-29 16:46:45 - app.services - INFO - SAFE: Device dev-006 passed evaluation (duration 0.004s)
2025-06-29 16:46:45 - app.services - INFO - SAFE: Device dev-009 passed evaluation (duration 0.004s)
2025-06-29 16:46:46 - app.services - WARNING - BLACKLIST_VIOLATION: Connection between dev-007 (blacklisted: False) and dev-005 (blacklisted: True) was blocked.
2025-06-29 16:46:46 - app.services - WARNING - BLACKLIST_VIOLATION: Attempt to rate blacklisted device dev-005. Action blocked.
2025-06-29 16:46:46 - app.services - WARNING - BLACKLIST_VIOLATION: Blacklisted device dev-005 attempted to rate dev-007. Action blocked.
2025-06-29 16:46:46 - app.services - WARNING - BLACKLIST_VIOLATION: Connection between dev-005 (blacklisted: True) and dev-000 (blacklisted: False) was blocked.
2025-06-29 16:46:46 - app.services - WARNING - BLACKLIST_VIOLATION: Blacklisted device dev-005 attempted to rate dev-000. Action blocked.
2025-06-29 16:46:46 - app.services - WARNING - BLACKLIST_VIOLATION: Attempt to rate blacklisted device dev-005. Action blocked.
