2025-06-19 21:46:52 - app.data_service - INFO - Selecting new coordinator...
2025-06-19 21:46:52 - app.data_service - INFO - Internal coordinator selected: dev-000 (RSU)
2025-06-19 21:47:56 - app.data_service - INFO - SAFE: Device dev-006 passed evaluation (duration 2.033s)
2025-06-19 21:47:58 - app.data_service - INFO - SAFE: Device dev-003 passed evaluation (duration 2.022s)
2025-06-19 21:48:08 - app.data_service - INFO - SAFE: Device dev-002 passed evaluation (duration 2.039s)
2025-06-19 21:48:10 - app.data_service - INFO - SAFE: Device dev-003 passed evaluation (duration 2.044s)
2025-06-19 21:48:20 - app.data_service - INFO - SAFE: Device dev-002 passed evaluation (duration 2.039s)
2025-06-19 21:48:22 - app.data_service - INFO - SAFE: Device dev-014 passed evaluation (duration 2.048s)
2025-06-19 21:48:32 - app.data_service - INFO - SAFE: Device dev-005 passed evaluation (duration 2.050s)
2025-06-19 21:48:34 - app.data_service - INFO - SAFE: Device dev-013 passed evaluation (duration 2.026s)
2025-06-19 21:48:45 - app.data_service - INFO - SAFE: Device dev-007 passed evaluation (duration 2.035s)
2025-06-19 21:48:47 - app.data_service - INFO - SAFE: Device dev-013 passed evaluation (duration 2.052s)
2025-06-19 21:48:57 - app.data_service - INFO - SAFE: Device dev-003 passed evaluation (duration 2.032s)
2025-06-19 21:48:59 - app.data_service - INFO - SAFE: Device dev-005 passed evaluation (duration 2.024s)
2025-06-19 21:49:09 - app.data_service - INFO - SAFE: Device dev-004 passed evaluation (duration 2.048s)
2025-06-19 21:49:11 - app.data_service - INFO - SAFE: Device dev-002 passed evaluation (duration 2.052s)
2025-06-19 21:49:22 - app.data_service - INFO - SAFE: Device dev-001 passed evaluation (duration 2.043s)
2025-06-19 21:49:24 - app.data_service - INFO - SAFE: Device dev-013 passed evaluation (duration 2.043s)
2025-06-19 21:49:34 - app.data_service - INFO - SAFE: Device dev-000 passed evaluation (duration 2.046s)
2025-06-19 21:49:36 - app.data_service - INFO - SAFE: Device dev-010 passed evaluation (duration 2.045s)
2025-06-19 21:49:46 - app.data_service - INFO - SAFE: Device dev-011 passed evaluation (duration 2.037s)
2025-06-19 21:49:48 - app.data_service - INFO - SAFE: Device dev-009 passed evaluation (duration 2.035s)
2025-06-19 21:49:58 - app.data_service - INFO - SAFE: Device dev-013 passed evaluation (duration 2.038s)
2025-06-19 21:50:00 - app.data_service - INFO - SAFE: Device dev-009 passed evaluation (duration 2.050s)
2025-06-19 21:50:11 - app.data_service - INFO - SAFE: Device dev-011 passed evaluation (duration 2.054s)
2025-06-19 21:50:13 - app.data_service - INFO - SAFE: Device dev-008 passed evaluation (duration 2.055s)
2025-06-19 21:50:23 - app.data_service - INFO - SAFE: Device dev-004 passed evaluation (duration 2.035s)
2025-06-19 21:50:25 - app.data_service - INFO - SAFE: Device dev-011 passed evaluation (duration 2.018s)
2025-06-19 21:50:35 - app.data_service - INFO - SAFE: Device dev-002 passed evaluation (duration 2.035s)
2025-06-19 21:50:37 - app.data_service - INFO - SAFE: Device dev-013 passed evaluation (duration 2.046s)
2025-06-19 21:50:47 - app.data_service - INFO - SAFE: Device dev-001 passed evaluation (duration 2.044s)
2025-06-19 21:50:49 - app.data_service - INFO - SAFE: Device dev-000 passed evaluation (duration 2.016s)
2025-06-19 21:51:00 - app.data_service - INFO - SAFE: Device dev-011 passed evaluation (duration 2.049s)
2025-06-19 21:51:02 - app.data_service - INFO - SAFE: Device dev-003 passed evaluation (duration 2.039s)
2025-06-19 21:51:12 - app.data_service - INFO - SAFE: Device dev-006 passed evaluation (duration 2.041s)
2025-06-19 21:51:14 - app.data_service - INFO - SAFE: Device dev-011 passed evaluation (duration 2.045s)
2025-06-19 21:51:24 - app.data_service - INFO - SAFE: Device dev-004 passed evaluation (duration 2.027s)
2025-06-19 21:51:26 - app.data_service - INFO - SAFE: Device dev-002 passed evaluation (duration 2.033s)
2025-06-19 21:51:37 - app.data_service - INFO - SAFE: Device dev-000 passed evaluation (duration 2.038s)
2025-06-19 21:51:39 - app.data_service - INFO - SAFE: Device dev-008 passed evaluation (duration 2.047s)
2025-06-19 21:51:49 - app.data_service - INFO - SAFE: Device dev-008 passed evaluation (duration 2.040s)
2025-06-19 21:51:51 - app.data_service - INFO - SAFE: Device dev-005 passed evaluation (duration 2.050s)
2025-06-19 21:52:05 - app.data_service - INFO - SAFE: Device dev-007 passed evaluation (duration 2.032s)
2025-06-19 21:52:07 - app.data_service - INFO - SAFE: Device dev-006 passed evaluation (duration 2.038s)
2025-06-19 21:52:17 - app.data_service - INFO - SAFE: Device dev-005 passed evaluation (duration 2.032s)
2025-06-19 21:52:19 - app.data_service - INFO - SAFE: Device dev-006 passed evaluation (duration 2.025s)
2025-06-19 21:52:30 - app.data_service - INFO - SAFE: Device dev-000 passed evaluation (duration 2.032s)
2025-06-19 21:52:32 - app.data_service - INFO - SAFE: Device dev-002 passed evaluation (duration 2.023s)
2025-06-19 21:52:42 - app.data_service - INFO - SAFE: Device dev-000 passed evaluation (duration 2.043s)
2025-06-19 21:52:44 - app.data_service - INFO - SAFE: Device dev-004 passed evaluation (duration 2.043s)
2025-06-19 21:52:54 - app.data_service - INFO - SAFE: Device dev-010 passed evaluation (duration 2.034s)
2025-06-19 21:52:56 - app.data_service - INFO - SAFE: Device dev-009 passed evaluation (duration 2.029s)
2025-06-19 21:53:07 - app.data_service - INFO - SAFE: Device dev-003 passed evaluation (duration 2.054s)
2025-06-19 21:53:09 - app.data_service - INFO - SAFE: Device dev-011 passed evaluation (duration 2.033s)
2025-06-19 21:53:19 - app.data_service - INFO - SAFE: Device dev-011 passed evaluation (duration 2.030s)
2025-06-19 21:53:21 - app.data_service - INFO - SAFE: Device dev-004 passed evaluation (duration 2.033s)
2025-06-19 21:53:31 - app.data_service - INFO - SAFE: Device dev-014 passed evaluation (duration 2.022s)
2025-06-19 21:53:33 - app.data_service - INFO - SAFE: Device dev-001 passed evaluation (duration 2.025s)
2025-06-19 21:53:43 - app.data_service - INFO - SAFE: Device dev-014 passed evaluation (duration 2.034s)
2025-06-19 21:53:45 - app.data_service - INFO - SAFE: Device dev-000 passed evaluation (duration 2.045s)
2025-06-19 21:53:56 - app.data_service - INFO - SAFE: Device dev-001 passed evaluation (duration 2.039s)
2025-06-19 21:53:58 - app.data_service - INFO - SAFE: Device dev-008 passed evaluation (duration 2.048s)
2025-06-19 21:54:08 - app.data_service - INFO - SAFE: Device dev-012 passed evaluation (duration 2.033s)
2025-06-19 21:54:10 - app.data_service - INFO - SAFE: Device dev-006 passed evaluation (duration 2.063s)
2025-06-19 21:54:20 - app.data_service - INFO - SAFE: Device dev-004 passed evaluation (duration 2.038s)
2025-06-19 21:54:22 - app.data_service - INFO - SAFE: Device dev-008 passed evaluation (duration 2.047s)
2025-06-19 21:54:24 - app.data_service - WARNING - DISHONEST RATING: Device dev-004 trust_score directly reduced from 0.580 to 0.430 (suspicious: 1).
2025-06-19 21:54:31 - app.data_service - INFO - SAFE: Device dev-005 passed evaluation (duration 2.062s)
2025-06-19 21:54:33 - app.data_service - INFO - SAFE: Device dev-010 passed evaluation (duration 2.054s)
2025-06-19 21:54:43 - app.data_service - INFO - SAFE: Device dev-007 passed evaluation (duration 2.033s)
2025-06-19 21:54:45 - app.data_service - INFO - SAFE: Device dev-009 passed evaluation (duration 2.039s)
2025-06-19 21:54:55 - app.data_service - INFO - SAFE: Device dev-014 passed evaluation (duration 2.036s)
2025-06-19 21:54:57 - app.data_service - INFO - SAFE: Device dev-002 passed evaluation (duration 2.047s)
2025-06-19 21:55:07 - app.data_service - INFO - SAFE: Device dev-000 passed evaluation (duration 2.036s)
2025-06-19 21:55:09 - app.data_service - INFO - SAFE: Device dev-001 passed evaluation (duration 2.036s)
2025-06-19 21:55:20 - app.data_service - INFO - SAFE: Device dev-011 passed evaluation (duration 2.036s)
2025-06-19 21:55:22 - app.data_service - INFO - SAFE: Device dev-013 passed evaluation (duration 2.043s)
2025-06-19 21:55:32 - app.data_service - INFO - SAFE: Device dev-001 passed evaluation (duration 2.034s)
2025-06-19 21:55:34 - app.data_service - INFO - SAFE: Device dev-002 passed evaluation (duration 2.063s)
2025-06-19 21:55:44 - app.data_service - INFO - SAFE: Device dev-005 passed evaluation (duration 2.038s)
2025-06-19 21:55:46 - app.data_service - INFO - SAFE: Device dev-001 passed evaluation (duration 2.042s)
2025-06-19 21:55:57 - app.data_service - INFO - SAFE: Device dev-003 passed evaluation (duration 2.045s)
2025-06-19 21:55:59 - app.data_service - INFO - SAFE: Device dev-010 passed evaluation (duration 2.034s)
2025-06-19 21:56:11 - app.data_service - INFO - SAFE: Device dev-007 passed evaluation (duration 2.023s)
2025-06-19 21:56:13 - app.data_service - INFO - SAFE: Device dev-000 passed evaluation (duration 2.043s)
2025-06-19 21:56:23 - app.data_service - INFO - SAFE: Device dev-005 passed evaluation (duration 2.026s)
2025-06-19 21:56:25 - app.data_service - INFO - SAFE: Device dev-008 passed evaluation (duration 2.038s)
2025-06-19 21:56:35 - app.data_service - INFO - SAFE: Device dev-012 passed evaluation (duration 2.032s)
2025-06-19 21:56:37 - app.data_service - INFO - SAFE: Device dev-003 passed evaluation (duration 2.033s)
2025-06-19 21:56:48 - app.data_service - INFO - SAFE: Device dev-006 passed evaluation (duration 2.043s)
2025-06-19 21:56:50 - app.data_service - INFO - SAFE: Device dev-000 passed evaluation (duration 2.060s)
2025-06-19 21:56:52 - app.data_service - WARNING - DISHONEST RATING: Device dev-006 trust_score directly reduced from 0.629 to 0.479 (suspicious: 1).
2025-06-19 21:56:58 - app.data_service - INFO - SAFE: Device dev-002 passed evaluation (duration 2.032s)
2025-06-19 21:57:00 - app.data_service - INFO - SAFE: Device dev-008 passed evaluation (duration 2.046s)
2025-06-19 21:57:10 - app.data_service - INFO - SAFE: Device dev-004 passed evaluation (duration 2.028s)
2025-06-19 21:57:12 - app.data_service - INFO - SAFE: Device dev-013 passed evaluation (duration 2.021s)
2025-06-19 21:57:14 - app.data_service - WARNING - DISHONEST RATING: Device dev-004 trust_score directly reduced from 0.550 to 0.400 (suspicious: 2).
2025-06-19 21:57:20 - app.data_service - INFO - SAFE: Device dev-009 passed evaluation (duration 2.035s)
2025-06-19 21:57:22 - app.data_service - INFO - SAFE: Device dev-001 passed evaluation (duration 2.021s)
2025-06-19 21:57:24 - app.data_service - WARNING - DISHONEST RATING: Device dev-009 trust_score directly reduced from 0.725 to 0.575 (suspicious: 1).
2025-06-19 21:57:31 - app.data_service - INFO - SAFE: Device dev-013 passed evaluation (duration 2.041s)
2025-06-19 21:57:33 - app.data_service - INFO - SAFE: Device dev-002 passed evaluation (duration 2.055s)
2025-06-19 21:57:43 - app.data_service - INFO - SAFE: Device dev-011 passed evaluation (duration 2.027s)
2025-06-19 21:57:45 - app.data_service - INFO - SAFE: Device dev-000 passed evaluation (duration 2.031s)
2025-06-19 21:57:55 - app.data_service - INFO - SAFE: Device dev-010 passed evaluation (duration 2.042s)
2025-06-19 21:57:57 - app.data_service - INFO - SAFE: Device dev-002 passed evaluation (duration 2.042s)
2025-06-19 21:58:07 - app.data_service - INFO - SAFE: Device dev-005 passed evaluation (duration 2.014s)
2025-06-19 21:58:09 - app.data_service - INFO - SAFE: Device dev-001 passed evaluation (duration 2.042s)
2025-06-19 21:58:20 - app.data_service - INFO - SAFE: Device dev-011 passed evaluation (duration 2.039s)
2025-06-19 21:58:22 - app.data_service - INFO - SAFE: Device dev-009 passed evaluation (duration 2.030s)
2025-06-19 21:58:32 - app.data_service - INFO - SAFE: Device dev-003 passed evaluation (duration 2.047s)
2025-06-19 21:58:34 - app.data_service - INFO - SAFE: Device dev-011 passed evaluation (duration 2.045s)
2025-06-19 21:58:44 - app.data_service - INFO - SAFE: Device dev-005 passed evaluation (duration 2.042s)
2025-06-19 21:58:46 - app.data_service - INFO - SAFE: Device dev-006 passed evaluation (duration 2.042s)
2025-06-19 21:58:56 - app.data_service - INFO - SAFE: Device dev-003 passed evaluation (duration 2.029s)
2025-06-19 21:58:58 - app.data_service - INFO - SAFE: Device dev-011 passed evaluation (duration 2.029s)
2025-06-19 21:59:09 - app.data_service - INFO - SAFE: Device dev-004 passed evaluation (duration 2.035s)
2025-06-19 21:59:11 - app.data_service - INFO - SAFE: Device dev-012 passed evaluation (duration 2.012s)
2025-06-19 21:59:13 - app.data_service - WARNING - FLAGGED: Device dev-004 flagged after 3 suspicious activities
2025-06-19 21:59:13 - app.data_service - WARNING - DISHONEST RATING: Device dev-004 trust_score directly reduced from 0.538 to 0.388 (suspicious: 3).
2025-06-19 21:59:19 - app.data_service - INFO - SAFE: Device dev-011 passed evaluation (duration 2.035s)
2025-06-19 21:59:21 - app.data_service - INFO - SAFE: Device dev-007 passed evaluation (duration 2.039s)
2025-06-19 21:59:31 - app.data_service - INFO - SAFE: Device dev-001 passed evaluation (duration 2.049s)
2025-06-19 21:59:33 - app.data_service - INFO - SAFE: Device dev-014 passed evaluation (duration 2.037s)
2025-06-19 21:59:43 - app.data_service - INFO - SAFE: Device dev-014 passed evaluation (duration 2.054s)
2025-06-19 21:59:45 - app.data_service - INFO - SAFE: Device dev-010 passed evaluation (duration 2.029s)
2025-06-19 21:59:56 - app.data_service - INFO - SAFE: Device dev-007 passed evaluation (duration 2.019s)
2025-06-19 21:59:58 - app.data_service - INFO - SAFE: Device dev-014 passed evaluation (duration 2.033s)
2025-06-19 22:00:10 - app.data_service - INFO - SAFE: Device dev-014 passed evaluation (duration 2.062s)
2025-06-19 22:00:12 - app.data_service - INFO - SAFE: Device dev-006 passed evaluation (duration 2.036s)
2025-06-19 22:00:22 - app.data_service - INFO - SAFE: Device dev-014 passed evaluation (duration 2.042s)
2025-06-19 22:00:24 - app.data_service - INFO - SAFE: Device dev-004 passed evaluation (duration 2.024s)
2025-06-19 22:00:34 - app.data_service - INFO - SAFE: Device dev-005 passed evaluation (duration 2.040s)
2025-06-19 22:00:36 - app.data_service - INFO - SAFE: Device dev-000 passed evaluation (duration 2.037s)
2025-06-19 22:00:47 - app.data_service - INFO - SAFE: Device dev-007 passed evaluation (duration 2.029s)
2025-06-19 22:00:49 - app.data_service - INFO - SAFE: Device dev-014 passed evaluation (duration 2.037s)
2025-06-19 22:00:59 - app.data_service - INFO - SAFE: Device dev-013 passed evaluation (duration 2.023s)
2025-06-19 22:01:01 - app.data_service - INFO - SAFE: Device dev-012 passed evaluation (duration 2.043s)
2025-06-19 22:01:11 - app.data_service - INFO - SAFE: Device dev-009 passed evaluation (duration 2.056s)
2025-06-19 22:01:13 - app.data_service - INFO - SAFE: Device dev-004 passed evaluation (duration 2.034s)
2025-06-19 22:01:21 - app.data_service - INFO - SAFE: Device dev-010 passed evaluation (duration 2.033s)
2025-06-19 22:01:23 - app.data_service - INFO - SAFE: Device dev-003 passed evaluation (duration 2.052s)
2025-06-19 22:01:34 - app.data_service - INFO - SAFE: Device dev-013 passed evaluation (duration 2.046s)
2025-06-19 22:01:36 - app.data_service - INFO - SAFE: Device dev-006 passed evaluation (duration 2.018s)
2025-06-19 22:01:46 - app.data_service - INFO - SAFE: Device dev-012 passed evaluation (duration 2.050s)
2025-06-19 22:01:48 - app.data_service - INFO - SAFE: Device dev-003 passed evaluation (duration 2.045s)
2025-06-19 22:01:58 - app.data_service - INFO - SAFE: Device dev-005 passed evaluation (duration 2.041s)
2025-06-19 22:02:00 - app.data_service - INFO - SAFE: Device dev-014 passed evaluation (duration 2.036s)
2025-06-19 22:02:10 - app.data_service - INFO - SAFE: Device dev-000 passed evaluation (duration 2.033s)
2025-06-19 22:02:13 - app.data_service - INFO - SAFE: Device dev-011 passed evaluation (duration 2.054s)
2025-06-19 22:02:23 - app.data_service - INFO - SAFE: Device dev-009 passed evaluation (duration 2.048s)
2025-06-19 22:02:25 - app.data_service - INFO - SAFE: Device dev-003 passed evaluation (duration 2.033s)
2025-06-19 22:02:27 - app.data_service - WARNING - DISHONEST RATING: Device dev-009 trust_score directly reduced from 0.726 to 0.576 (suspicious: 2).
2025-06-19 22:02:33 - app.data_service - INFO - SAFE: Device dev-008 passed evaluation (duration 2.034s)
2025-06-19 22:02:35 - app.data_service - INFO - SAFE: Device dev-001 passed evaluation (duration 2.033s)
2025-06-19 22:02:45 - app.data_service - INFO - SAFE: Device dev-014 passed evaluation (duration 2.030s)
2025-06-19 22:02:47 - app.data_service - INFO - SAFE: Device dev-010 passed evaluation (duration 2.021s)
2025-06-19 22:02:57 - app.data_service - INFO - SAFE: Device dev-002 passed evaluation (duration 2.021s)
2025-06-19 22:02:59 - app.data_service - INFO - SAFE: Device dev-014 passed evaluation (duration 2.023s)
2025-06-19 22:03:10 - app.data_service - INFO - SAFE: Device dev-011 passed evaluation (duration 2.046s)
2025-06-19 22:03:12 - app.data_service - INFO - SAFE: Device dev-009 passed evaluation (duration 2.041s)
2025-06-19 22:03:22 - app.data_service - INFO - SAFE: Device dev-010 passed evaluation (duration 2.048s)
2025-06-19 22:03:24 - app.data_service - INFO - SAFE: Device dev-003 passed evaluation (duration 2.029s)
2025-06-19 22:03:34 - app.data_service - INFO - SAFE: Device dev-013 passed evaluation (duration 2.040s)
2025-06-19 22:03:36 - app.data_service - INFO - SAFE: Device dev-005 passed evaluation (duration 2.044s)
2025-06-19 22:03:46 - app.data_service - INFO - SAFE: Device dev-011 passed evaluation (duration 2.032s)
2025-06-19 22:03:48 - app.data_service - INFO - SAFE: Device dev-004 passed evaluation (duration 2.026s)
2025-06-19 22:03:59 - app.data_service - INFO - SAFE: Device dev-007 passed evaluation (duration 2.018s)
2025-06-19 22:04:01 - app.data_service - INFO - SAFE: Device dev-012 passed evaluation (duration 2.047s)
2025-06-19 22:04:13 - app.data_service - INFO - SAFE: Device dev-011 passed evaluation (duration 2.032s)
2025-06-19 22:04:15 - app.data_service - INFO - SAFE: Device dev-013 passed evaluation (duration 2.039s)
2025-06-19 22:04:25 - app.data_service - INFO - SAFE: Device dev-014 passed evaluation (duration 2.031s)
2025-06-19 22:04:27 - app.data_service - INFO - SAFE: Device dev-000 passed evaluation (duration 2.037s)
2025-06-19 22:04:37 - app.data_service - INFO - SAFE: Device dev-005 passed evaluation (duration 2.036s)
2025-06-19 22:04:40 - app.data_service - INFO - SAFE: Device dev-010 passed evaluation (duration 2.027s)
2025-06-19 22:04:50 - app.data_service - INFO - SAFE: Device dev-008 passed evaluation (duration 2.038s)
2025-06-19 22:04:52 - app.data_service - INFO - SAFE: Device dev-006 passed evaluation (duration 2.035s)
2025-06-19 22:05:02 - app.data_service - INFO - SAFE: Device dev-001 passed evaluation (duration 2.034s)
2025-06-19 22:05:04 - app.data_service - INFO - SAFE: Device dev-007 passed evaluation (duration 2.036s)
2025-06-19 22:05:14 - app.data_service - INFO - SAFE: Device dev-007 passed evaluation (duration 2.047s)
2025-06-19 22:05:16 - app.data_service - INFO - SAFE: Device dev-008 passed evaluation (duration 2.033s)
2025-06-19 22:05:27 - app.data_service - INFO - SAFE: Device dev-010 passed evaluation (duration 2.053s)
2025-06-19 22:05:29 - app.data_service - INFO - SAFE: Device dev-011 passed evaluation (duration 2.033s)
2025-06-19 22:05:39 - app.data_service - INFO - SAFE: Device dev-014 passed evaluation (duration 2.028s)
2025-06-19 22:05:41 - app.data_service - INFO - SAFE: Device dev-011 passed evaluation (duration 2.032s)
2025-06-19 22:05:51 - app.data_service - INFO - SAFE: Device dev-009 passed evaluation (duration 2.046s)
2025-06-19 22:05:53 - app.data_service - INFO - SAFE: Device dev-014 passed evaluation (duration 2.038s)
2025-06-19 22:05:55 - app.data_service - WARNING - FLAGGED: Device dev-009 flagged after 3 suspicious activities
2025-06-19 22:05:55 - app.data_service - WARNING - DISHONEST RATING: Device dev-009 trust_score directly reduced from 0.703 to 0.553 (suspicious: 3).
2025-06-19 22:06:01 - app.data_service - INFO - SAFE: Device dev-001 passed evaluation (duration 2.024s)
2025-06-19 22:06:03 - app.data_service - INFO - SAFE: Device dev-008 passed evaluation (duration 2.032s)
2025-06-19 22:06:14 - app.data_service - INFO - SAFE: Device dev-014 passed evaluation (duration 2.042s)
2025-06-19 22:06:16 - app.data_service - INFO - SAFE: Device dev-002 passed evaluation (duration 2.040s)
2025-06-19 22:06:26 - app.data_service - INFO - SAFE: Device dev-013 passed evaluation (duration 2.039s)
2025-06-19 22:06:28 - app.data_service - INFO - SAFE: Device dev-011 passed evaluation (duration 2.040s)
2025-06-19 22:06:38 - app.data_service - INFO - SAFE: Device dev-003 passed evaluation (duration 2.029s)
2025-06-19 22:06:40 - app.data_service - INFO - SAFE: Device dev-012 passed evaluation (duration 2.040s)
2025-06-19 22:06:50 - app.data_service - INFO - SAFE: Device dev-010 passed evaluation (duration 2.025s)
2025-06-19 22:06:52 - app.data_service - INFO - SAFE: Device dev-006 passed evaluation (duration 2.033s)
2025-06-19 22:07:03 - app.data_service - INFO - SAFE: Device dev-008 passed evaluation (duration 2.039s)
2025-06-19 22:07:05 - app.data_service - INFO - SAFE: Device dev-000 passed evaluation (duration 2.032s)
2025-06-19 22:07:15 - app.data_service - INFO - SAFE: Device dev-009 passed evaluation (duration 2.040s)
2025-06-19 22:07:17 - app.data_service - INFO - SAFE: Device dev-012 passed evaluation (duration 2.043s)
2025-06-19 22:07:19 - app.data_service - WARNING - FLAGGED: Device dev-009 flagged after 4 suspicious activities
2025-06-19 22:07:19 - app.data_service - WARNING - DISHONEST RATING: Device dev-009 trust_score directly reduced from 0.657 to 0.507 (suspicious: 4).
2025-06-19 22:07:25 - app.data_service - INFO - SAFE: Device dev-003 passed evaluation (duration 2.040s)
2025-06-19 22:07:27 - app.data_service - INFO - SAFE: Device dev-002 passed evaluation (duration 2.044s)
2025-06-19 22:07:38 - app.data_service - INFO - SAFE: Device dev-006 passed evaluation (duration 2.040s)
2025-06-19 22:07:40 - app.data_service - INFO - SAFE: Device dev-008 passed evaluation (duration 2.038s)
2025-06-19 22:07:42 - app.data_service - WARNING - DISHONEST RATING: Device dev-006 trust_score directly reduced from 0.705 to 0.555 (suspicious: 2).
2025-06-19 22:07:48 - app.data_service - INFO - SAFE: Device dev-000 passed evaluation (duration 2.038s)
2025-06-19 22:07:50 - app.data_service - INFO - SAFE: Device dev-006 passed evaluation (duration 2.037s)
2025-06-19 22:08:00 - app.data_service - INFO - SAFE: Device dev-009 passed evaluation (duration 2.032s)
2025-06-19 22:08:02 - app.data_service - INFO - SAFE: Device dev-002 passed evaluation (duration 2.039s)
2025-06-19 22:08:04 - app.data_service - WARNING - FLAGGED: Device dev-009 flagged after 5 suspicious activities
2025-06-19 22:08:04 - app.data_service - WARNING - DISHONEST RATING: Device dev-009 trust_score directly reduced from 0.638 to 0.488 (suspicious: 5).
2025-06-19 22:08:12 - app.data_service - INFO - SAFE: Device dev-002 passed evaluation (duration 2.031s)
2025-06-19 22:08:14 - app.data_service - INFO - SAFE: Device dev-008 passed evaluation (duration 2.036s)
2025-06-19 22:08:25 - app.data_service - INFO - SAFE: Device dev-014 passed evaluation (duration 2.039s)
2025-06-19 22:08:27 - app.data_service - INFO - SAFE: Device dev-013 passed evaluation (duration 2.039s)
2025-06-19 22:08:37 - app.data_service - INFO - SAFE: Device dev-007 passed evaluation (duration 2.033s)
2025-06-19 22:08:39 - app.data_service - INFO - SAFE: Device dev-008 passed evaluation (duration 2.037s)
2025-06-19 22:08:49 - app.data_service - INFO - SAFE: Device dev-001 passed evaluation (duration 2.048s)
2025-06-19 22:08:51 - app.data_service - INFO - SAFE: Device dev-005 passed evaluation (duration 2.047s)
2025-06-19 22:09:01 - app.data_service - INFO - SAFE: Device dev-011 passed evaluation (duration 2.046s)
2025-06-19 22:09:04 - app.data_service - INFO - SAFE: Device dev-010 passed evaluation (duration 2.035s)
2025-06-19 22:09:14 - app.data_service - INFO - SAFE: Device dev-004 passed evaluation (duration 2.044s)
2025-06-19 22:09:16 - app.data_service - INFO - SAFE: Device dev-005 passed evaluation (duration 2.040s)
2025-06-19 22:09:18 - app.data_service - WARNING - FLAGGED: Device dev-004 flagged after 4 suspicious activities
2025-06-19 22:09:18 - app.data_service - WARNING - DISHONEST RATING: Device dev-004 trust_score directly reduced from 0.690 to 0.540 (suspicious: 4).
2025-06-19 22:09:24 - app.data_service - INFO - SAFE: Device dev-012 passed evaluation (duration 2.051s)
2025-06-19 22:09:26 - app.data_service - INFO - SAFE: Device dev-008 passed evaluation (duration 2.049s)
2025-06-19 22:09:36 - app.data_service - INFO - SAFE: Device dev-014 passed evaluation (duration 2.036s)
2025-06-19 22:09:38 - app.data_service - INFO - SAFE: Device dev-008 passed evaluation (duration 2.044s)
2025-06-19 22:09:49 - app.data_service - INFO - SAFE: Device dev-003 passed evaluation (duration 2.034s)
2025-06-19 22:09:51 - app.data_service - INFO - SAFE: Device dev-005 passed evaluation (duration 2.038s)
2025-06-19 22:10:01 - app.data_service - INFO - SAFE: Device dev-013 passed evaluation (duration 2.049s)
2025-06-19 22:10:03 - app.data_service - INFO - SAFE: Device dev-009 passed evaluation (duration 2.038s)
2025-06-19 22:10:13 - app.data_service - INFO - SAFE: Device dev-000 passed evaluation (duration 2.037s)
2025-06-19 22:10:15 - app.data_service - INFO - SAFE: Device dev-001 passed evaluation (duration 2.040s)
2025-06-19 22:10:25 - app.data_service - INFO - SAFE: Device dev-007 passed evaluation (duration 2.032s)
2025-06-19 22:10:27 - app.data_service - INFO - SAFE: Device dev-011 passed evaluation (duration 2.035s)
2025-06-19 22:10:38 - app.data_service - INFO - SAFE: Device dev-014 passed evaluation (duration 2.025s)
2025-06-19 22:10:40 - app.data_service - INFO - SAFE: Device dev-007 passed evaluation (duration 2.036s)
2025-06-19 22:10:50 - app.data_service - INFO - SAFE: Device dev-006 passed evaluation (duration 2.037s)
2025-06-19 22:10:52 - app.data_service - INFO - SAFE: Device dev-010 passed evaluation (duration 2.029s)
2025-06-19 22:10:54 - app.data_service - WARNING - FLAGGED: Device dev-006 flagged after 3 suspicious activities
2025-06-19 22:10:54 - app.data_service - WARNING - DISHONEST RATING: Device dev-006 trust_score directly reduced from 0.688 to 0.538 (suspicious: 3).
2025-06-19 22:11:00 - app.data_service - INFO - SAFE: Device dev-002 passed evaluation (duration 2.028s)
2025-06-19 22:11:02 - app.data_service - INFO - SAFE: Device dev-005 passed evaluation (duration 2.040s)
2025-06-19 22:11:12 - app.data_service - INFO - SAFE: Device dev-005 passed evaluation (duration 2.042s)
2025-06-19 22:11:14 - app.data_service - INFO - SAFE: Device dev-011 passed evaluation (duration 2.040s)
2025-06-19 22:11:25 - app.data_service - INFO - SAFE: Device dev-001 passed evaluation (duration 2.049s)
2025-06-19 22:11:27 - app.data_service - INFO - SAFE: Device dev-009 passed evaluation (duration 2.049s)
2025-06-19 22:11:37 - app.data_service - INFO - SAFE: Device dev-006 passed evaluation (duration 2.041s)
2025-06-19 22:11:39 - app.data_service - INFO - SAFE: Device dev-014 passed evaluation (duration 2.031s)
2025-06-19 22:11:41 - app.data_service - WARNING - FLAGGED: Device dev-006 flagged after 4 suspicious activities
2025-06-19 22:11:41 - app.data_service - WARNING - DISHONEST RATING: Device dev-006 trust_score directly reduced from 0.647 to 0.497 (suspicious: 4).
2025-06-19 22:11:47 - app.data_service - INFO - SAFE: Device dev-005 passed evaluation (duration 2.039s)
2025-06-19 22:11:49 - app.data_service - INFO - SAFE: Device dev-014 passed evaluation (duration 2.037s)
2025-06-19 22:12:00 - app.data_service - INFO - SAFE: Device dev-002 passed evaluation (duration 2.038s)
2025-06-19 22:12:02 - app.data_service - INFO - SAFE: Device dev-006 passed evaluation (duration 2.042s)
