2025-06-27 16:40:05 - app.services - INFO - Selecting new coordinator...
2025-06-27 16:40:05 - app.services - INFO - Internal coordinator selected: dev-000 (RSU)
2025-06-27 16:40:06 - app.services - INFO - SAFE: Device dev-005 passed evaluation (duration 0.005s)
2025-06-27 16:40:06 - app.services - INFO - SAFE: Device dev-003 passed evaluation (duration 0.004s)
2025-06-27 16:40:06 - app.services - WARNING - DISHONEST RATING: Device dev-003 trust_score directly reduced from 0.674 to 0.574 (suspicious: 1).
2025-06-27 16:40:06 - app.services - INFO - SAFE: Device dev-002 passed evaluation (duration 0.003s)
2025-06-27 16:40:06 - app.services - INFO - SAFE: Device dev-008 passed evaluation (duration 0.003s)
2025-06-27 16:40:06 - app.services - INFO - SAFE: Device dev-007 passed evaluation (duration 0.003s)
2025-06-27 16:40:06 - app.services - INFO - SAFE: Device dev-001 passed evaluation (duration 0.005s)
2025-06-27 16:40:06 - app.services - INFO - SAFE: Device dev-008 passed evaluation (duration 0.008s)
2025-06-27 16:40:06 - app.services - INFO - SAFE: Device dev-004 passed evaluation (duration 0.004s)
2025-06-27 16:40:06 - app.services - WARNING - DISHONEST RATING: Device dev-004 trust_score directly reduced from 0.622 to 0.522 (suspicious: 1).
2025-06-27 16:40:06 - app.services - INFO - SAFE: Device dev-005 passed evaluation (duration 0.004s)
2025-06-27 16:40:06 - app.services - INFO - SAFE: Device dev-000 passed evaluation (duration 0.005s)
2025-06-27 16:40:06 - app.services - INFO - SAFE: Device dev-000 passed evaluation (duration 0.004s)
2025-06-27 16:40:06 - app.services - INFO - SAFE: Device dev-009 passed evaluation (duration 0.004s)
2025-06-27 16:40:06 - app.services - INFO - SAFE: Device dev-007 passed evaluation (duration 0.003s)
2025-06-27 16:40:06 - app.services - INFO - SAFE: Device dev-006 passed evaluation (duration 0.003s)
2025-06-27 16:40:06 - app.services - INFO - SAFE: Device dev-004 passed evaluation (duration 0.004s)
2025-06-27 16:40:06 - app.services - INFO - SAFE: Device dev-006 passed evaluation (duration 0.003s)
2025-06-27 16:40:06 - app.services - WARNING - DISHONEST RATING: Device dev-004 trust_score directly reduced from 0.568 to 0.468 (suspicious: 2).
2025-06-27 16:40:07 - app.services - INFO - SAFE: Device dev-007 passed evaluation (duration 0.003s)
2025-06-27 16:40:07 - app.services - INFO - SAFE: Device dev-009 passed evaluation (duration 0.003s)
2025-06-27 16:40:07 - app.services - INFO - SAFE: Device dev-000 passed evaluation (duration 0.003s)
2025-06-27 16:40:07 - app.services - INFO - SAFE: Device dev-008 passed evaluation (duration 0.004s)
2025-06-27 16:40:07 - app.services - INFO - SAFE: Device dev-000 passed evaluation (duration 0.004s)
2025-06-27 16:40:07 - app.services - WARNING - BLACKLIST: Device dev-005 blacklisted after evaluation 0.003s with detection time: 1.411 after joined
2025-06-27 16:40:07 - app.services - WARNING - BLACKLIST_VIOLATION: Attempt to rate blacklisted device dev-005. Action blocked.
2025-06-27 16:40:07 - app.services - WARNING - BLACKLIST_VIOLATION: Blacklisted device dev-005 attempted to rate dev-000. Action blocked.
2025-06-27 16:40:07 - app.services - INFO - SAFE: Device dev-002 passed evaluation (duration 0.003s)
2025-06-27 16:40:07 - app.services - INFO - SAFE: Device dev-000 passed evaluation (duration 0.003s)
2025-06-27 16:40:07 - app.services - WARNING - BLACKLIST_VIOLATION: Connection between dev-005 (blacklisted: True) and dev-007 (blacklisted: False) was blocked.
2025-06-27 16:40:07 - app.services - WARNING - BLACKLIST_VIOLATION: Blacklisted device dev-005 attempted to rate dev-007. Action blocked.
2025-06-27 16:40:07 - app.services - WARNING - BLACKLIST_VIOLATION: Attempt to rate blacklisted device dev-005. Action blocked.
2025-06-27 16:40:07 - app.services - INFO - SAFE: Device dev-004 passed evaluation (duration 0.004s)
2025-06-27 16:40:07 - app.services - INFO - SAFE: Device dev-009 passed evaluation (duration 0.003s)
2025-06-27 16:40:07 - app.services - WARNING - FLAGGED: Device dev-004 flagged after 3 suspicious activities
2025-06-27 16:40:07 - app.services - WARNING - DISHONEST RATING: Device dev-004 trust_score directly reduced from 0.562 to 0.462 (suspicious: 3).
2025-06-27 16:40:07 - app.services - WARNING - BLACKLIST_VIOLATION: Connection between dev-005 (blacklisted: True) and dev-000 (blacklisted: False) was blocked.
2025-06-27 16:40:07 - app.services - WARNING - BLACKLIST_VIOLATION: Blacklisted device dev-005 attempted to rate dev-000. Action blocked.
2025-06-27 16:40:07 - app.services - WARNING - BLACKLIST_VIOLATION: Attempt to rate blacklisted device dev-005. Action blocked.
2025-06-27 16:40:07 - app.services - INFO - SAFE: Device dev-002 passed evaluation (duration 0.003s)
2025-06-27 16:40:07 - app.services - INFO - SAFE: Device dev-004 passed evaluation (duration 0.003s)
2025-06-27 16:40:07 - app.services - WARNING - FLAGGED: Device dev-004 flagged after 4 suspicious activities
2025-06-27 16:40:07 - app.services - WARNING - DISHONEST RATING: Device dev-004 trust_score directly reduced from 0.508 to 0.408 (suspicious: 4).
2025-06-27 16:40:07 - app.services - WARNING - BLACKLIST_VIOLATION: Connection between dev-005 (blacklisted: True) and dev-006 (blacklisted: False) was blocked.
2025-06-27 16:40:07 - app.services - WARNING - BLACKLIST_VIOLATION: Blacklisted device dev-005 attempted to rate dev-006. Action blocked.
2025-06-27 16:40:07 - app.services - WARNING - BLACKLIST_VIOLATION: Attempt to rate blacklisted device dev-005. Action blocked.
2025-06-27 16:40:07 - app.services - INFO - SAFE: Device dev-007 passed evaluation (duration 0.004s)
2025-06-27 16:40:07 - app.services - INFO - SAFE: Device dev-002 passed evaluation (duration 0.003s)
2025-06-27 16:40:07 - app.services - WARNING - BLACKLIST_VIOLATION: Connection between dev-007 (blacklisted: False) and dev-005 (blacklisted: True) was blocked.
2025-06-27 16:40:07 - app.services - WARNING - BLACKLIST_VIOLATION: Attempt to rate blacklisted device dev-005. Action blocked.
2025-06-27 16:40:07 - app.services - WARNING - BLACKLIST_VIOLATION: Blacklisted device dev-005 attempted to rate dev-007. Action blocked.
2025-06-27 16:40:07 - app.services - INFO - SAFE: Device dev-003 passed evaluation (duration 0.003s)
2025-06-27 16:40:07 - app.services - INFO - SAFE: Device dev-001 passed evaluation (duration 0.003s)
2025-06-27 16:40:08 - app.services - WARNING - DISHONEST RATING: Device dev-003 trust_score directly reduced from 0.355 to 0.255 (suspicious: 2).
2025-06-27 16:40:08 - app.services - INFO - SAFE: Device dev-000 passed evaluation (duration 0.003s)
2025-06-27 16:40:08 - app.services - INFO - SAFE: Device dev-006 passed evaluation (duration 0.003s)
2025-06-27 16:40:08 - app.services - INFO - SAFE: Device dev-008 passed evaluation (duration 0.003s)
2025-06-27 16:40:08 - app.services - INFO - SAFE: Device dev-001 passed evaluation (duration 0.003s)
2025-06-27 16:40:08 - app.services - INFO - SAFE: Device dev-008 passed evaluation (duration 0.003s)
2025-06-27 16:40:08 - app.services - INFO - SAFE: Device dev-001 passed evaluation (duration 0.003s)
2025-06-27 16:40:08 - app.services - INFO - SAFE: Device dev-007 passed evaluation (duration 0.003s)
2025-06-27 16:40:08 - app.services - INFO - SAFE: Device dev-006 passed evaluation (duration 0.003s)
2025-06-27 16:40:08 - app.services - INFO - SAFE: Device dev-004 passed evaluation (duration 0.004s)
2025-06-27 16:40:08 - app.services - INFO - SAFE: Device dev-009 passed evaluation (duration 0.003s)
2025-06-27 16:40:08 - app.services - WARNING - FLAGGED: Device dev-004 flagged after 5 suspicious activities
2025-06-27 16:40:08 - app.services - WARNING - DISHONEST RATING: Device dev-004 trust_score directly reduced from 0.516 to 0.416 (suspicious: 5).
2025-06-27 16:40:08 - app.services - INFO - SAFE: Device dev-004 passed evaluation (duration 0.003s)
2025-06-27 16:40:08 - app.services - INFO - SAFE: Device dev-009 passed evaluation (duration 0.003s)
2025-06-27 16:40:08 - app.services - WARNING - FLAGGED: Device dev-004 flagged after 6 suspicious activities
2025-06-27 16:40:08 - app.services - WARNING - DISHONEST RATING: Device dev-004 trust_score directly reduced from 0.559 to 0.459 (suspicious: 6).
2025-06-27 16:40:08 - app.services - INFO - SAFE: Device dev-003 passed evaluation (duration 0.003s)
2025-06-27 16:40:08 - app.services - INFO - SAFE: Device dev-000 passed evaluation (duration 0.003s)
2025-06-27 16:40:08 - app.services - WARNING - FLAGGED: Device dev-003 flagged after 3 suspicious activities
2025-06-27 16:40:08 - app.services - WARNING - DISHONEST RATING: Device dev-003 trust_score directly reduced from 0.438 to 0.338 (suspicious: 3).
2025-06-27 16:40:08 - app.services - WARNING - BLACKLIST_VIOLATION: Connection between dev-005 (blacklisted: True) and dev-003 (blacklisted: False) was blocked.
2025-06-27 16:40:08 - app.services - WARNING - BLACKLIST_VIOLATION: Blacklisted device dev-005 attempted to rate dev-003. Action blocked.
2025-06-27 16:40:08 - app.services - WARNING - BLACKLIST_VIOLATION: Attempt to rate blacklisted device dev-005. Action blocked.
2025-06-27 16:40:08 - app.services - INFO - SAFE: Device dev-008 passed evaluation (duration 0.004s)
2025-06-27 16:40:08 - app.services - INFO - SAFE: Device dev-007 passed evaluation (duration 0.004s)
2025-06-27 16:40:09 - app.services - INFO - SAFE: Device dev-006 passed evaluation (duration 0.003s)
2025-06-27 16:40:09 - app.services - INFO - SAFE: Device dev-009 passed evaluation (duration 0.003s)
2025-06-27 16:40:09 - app.services - INFO - SAFE: Device dev-008 passed evaluation (duration 0.003s)
2025-06-27 16:40:09 - app.services - INFO - SAFE: Device dev-007 passed evaluation (duration 0.003s)
2025-06-27 16:40:09 - app.services - WARNING - BLACKLIST_VIOLATION: Connection between dev-005 (blacklisted: True) and dev-007 (blacklisted: False) was blocked.
2025-06-27 16:40:09 - app.services - WARNING - BLACKLIST_VIOLATION: Blacklisted device dev-005 attempted to rate dev-007. Action blocked.
2025-06-27 16:40:09 - app.services - WARNING - BLACKLIST_VIOLATION: Attempt to rate blacklisted device dev-005. Action blocked.
2025-06-27 16:40:09 - app.services - INFO - SAFE: Device dev-001 passed evaluation (duration 0.003s)
2025-06-27 16:40:09 - app.services - INFO - SAFE: Device dev-009 passed evaluation (duration 0.004s)
2025-06-27 16:40:09 - app.services - INFO - SAFE: Device dev-007 passed evaluation (duration 0.003s)
2025-06-27 16:40:09 - app.services - INFO - SAFE: Device dev-008 passed evaluation (duration 0.004s)
2025-06-27 16:40:09 - app.services - INFO - SAFE: Device dev-006 passed evaluation (duration 0.004s)
2025-06-27 16:40:09 - app.services - INFO - SAFE: Device dev-003 passed evaluation (duration 0.003s)
2025-06-27 16:40:09 - app.services - WARNING - FLAGGED: Device dev-003 flagged after 4 suspicious activities
2025-06-27 16:40:09 - app.services - WARNING - DISHONEST RATING: Device dev-003 trust_score directly reduced from 0.412 to 0.312 (suspicious: 4).
2025-06-27 16:40:09 - app.services - WARNING - BLACKLIST_VIOLATION: Connection between dev-005 (blacklisted: True) and dev-000 (blacklisted: False) was blocked.
2025-06-27 16:40:09 - app.services - WARNING - BLACKLIST_VIOLATION: Blacklisted device dev-005 attempted to rate dev-000. Action blocked.
2025-06-27 16:40:09 - app.services - WARNING - BLACKLIST_VIOLATION: Attempt to rate blacklisted device dev-005. Action blocked.
2025-06-27 16:40:09 - app.services - INFO - SAFE: Device dev-008 passed evaluation (duration 0.005s)
2025-06-27 16:40:09 - app.services - INFO - SAFE: Device dev-000 passed evaluation (duration 0.004s)
2025-06-27 16:40:09 - app.services - INFO - SAFE: Device dev-009 passed evaluation (duration 0.003s)
2025-06-27 16:40:09 - app.services - INFO - SAFE: Device dev-008 passed evaluation (duration 0.003s)
2025-06-27 16:40:09 - app.services - WARNING - BLACKLIST_VIOLATION: Connection between dev-002 (blacklisted: False) and dev-005 (blacklisted: True) was blocked.
2025-06-27 16:40:09 - app.services - WARNING - BLACKLIST_VIOLATION: Attempt to rate blacklisted device dev-005. Action blocked.
2025-06-27 16:40:09 - app.services - WARNING - BLACKLIST_VIOLATION: Blacklisted device dev-005 attempted to rate dev-002. Action blocked.
2025-06-27 16:40:09 - app.services - INFO - SAFE: Device dev-002 passed evaluation (duration 0.003s)
2025-06-27 16:40:09 - app.services - INFO - SAFE: Device dev-003 passed evaluation (duration 0.003s)
2025-06-27 16:40:09 - app.services - WARNING - FLAGGED: Device dev-003 flagged after 5 suspicious activities
2025-06-27 16:40:09 - app.services - WARNING - DISHONEST RATING: Device dev-003 trust_score directly reduced from 0.407 to 0.307 (suspicious: 5).
2025-06-27 16:40:10 - app.services - INFO - SAFE: Device dev-007 passed evaluation (duration 0.004s)
2025-06-27 16:40:10 - app.services - INFO - SAFE: Device dev-001 passed evaluation (duration 0.003s)
2025-06-27 16:40:10 - app.services - INFO - SAFE: Device dev-007 passed evaluation (duration 0.003s)
2025-06-27 16:40:10 - app.services - INFO - SAFE: Device dev-008 passed evaluation (duration 0.004s)
2025-06-27 16:40:10 - app.services - INFO - SAFE: Device dev-000 passed evaluation (duration 0.005s)
2025-06-27 16:40:10 - app.services - INFO - SAFE: Device dev-003 passed evaluation (duration 0.004s)
2025-06-27 16:40:10 - app.services - WARNING - FLAGGED: Device dev-003 flagged after 6 suspicious activities
2025-06-27 16:40:10 - app.services - WARNING - DISHONEST RATING: Device dev-003 trust_score directly reduced from 0.385 to 0.285 (suspicious: 6).
2025-06-27 16:40:10 - app.services - WARNING - BLACKLIST_VIOLATION: Connection between dev-003 (blacklisted: False) and dev-005 (blacklisted: True) was blocked.
2025-06-27 16:40:10 - app.services - WARNING - BLACKLIST_VIOLATION: Attempt to rate blacklisted device dev-005. Action blocked.
2025-06-27 16:40:10 - app.services - WARNING - BLACKLIST_VIOLATION: Blacklisted device dev-005 attempted to rate dev-003. Action blocked.
2025-06-27 16:40:10 - app.services - INFO - SAFE: Device dev-007 passed evaluation (duration 0.003s)
2025-06-27 16:40:10 - app.services - INFO - SAFE: Device dev-001 passed evaluation (duration 0.003s)
2025-06-27 16:40:10 - app.services - WARNING - BLACKLIST_VIOLATION: Connection between dev-003 (blacklisted: False) and dev-005 (blacklisted: True) was blocked.
2025-06-27 16:40:10 - app.services - WARNING - BLACKLIST_VIOLATION: Attempt to rate blacklisted device dev-005. Action blocked.
2025-06-27 16:40:10 - app.services - WARNING - BLACKLIST_VIOLATION: Blacklisted device dev-005 attempted to rate dev-003. Action blocked.
2025-06-27 16:40:10 - app.services - INFO - SAFE: Device dev-000 passed evaluation (duration 0.004s)
2025-06-27 16:40:10 - app.services - INFO - SAFE: Device dev-009 passed evaluation (duration 0.003s)
2025-06-27 16:40:10 - app.services - WARNING - BLACKLIST_VIOLATION: Connection between dev-001 (blacklisted: False) and dev-005 (blacklisted: True) was blocked.
2025-06-27 16:40:10 - app.services - WARNING - BLACKLIST_VIOLATION: Attempt to rate blacklisted device dev-005. Action blocked.
2025-06-27 16:40:10 - app.services - WARNING - BLACKLIST_VIOLATION: Blacklisted device dev-005 attempted to rate dev-001. Action blocked.
2025-06-27 16:40:10 - app.services - INFO - SAFE: Device dev-004 passed evaluation (duration 0.003s)
2025-06-27 16:40:10 - app.services - INFO - SAFE: Device dev-008 passed evaluation (duration 0.003s)
2025-06-27 16:40:10 - app.services - WARNING - FLAGGED: Device dev-004 flagged after 7 suspicious activities
2025-06-27 16:40:10 - app.services - WARNING - DISHONEST RATING: Device dev-004 trust_score directly reduced from 0.441 to 0.341 (suspicious: 7).
2025-06-27 16:40:10 - app.services - WARNING - BLACKLIST_VIOLATION: Connection between dev-008 (blacklisted: False) and dev-005 (blacklisted: True) was blocked.
2025-06-27 16:40:10 - app.services - WARNING - BLACKLIST_VIOLATION: Attempt to rate blacklisted device dev-005. Action blocked.
2025-06-27 16:40:10 - app.services - WARNING - BLACKLIST_VIOLATION: Blacklisted device dev-005 attempted to rate dev-008. Action blocked.
2025-06-27 16:40:10 - app.services - INFO - SAFE: Device dev-000 passed evaluation (duration 0.003s)
2025-06-27 16:40:10 - app.services - INFO - SAFE: Device dev-009 passed evaluation (duration 0.004s)
2025-06-27 16:40:10 - app.services - INFO - SAFE: Device dev-008 passed evaluation (duration 0.003s)
2025-06-27 16:40:10 - app.services - INFO - SAFE: Device dev-001 passed evaluation (duration 0.004s)
2025-06-27 16:40:11 - app.services - INFO - SAFE: Device dev-000 passed evaluation (duration 0.004s)
2025-06-27 16:40:11 - app.services - INFO - SAFE: Device dev-002 passed evaluation (duration 0.004s)
2025-06-27 16:40:11 - app.services - INFO - SAFE: Device dev-006 passed evaluation (duration 0.003s)
2025-06-27 16:40:11 - app.services - INFO - SAFE: Device dev-007 passed evaluation (duration 0.003s)
2025-06-27 16:40:11 - app.services - INFO - SAFE: Device dev-004 passed evaluation (duration 0.004s)
2025-06-27 16:40:11 - app.services - INFO - SAFE: Device dev-009 passed evaluation (duration 0.004s)
2025-06-27 16:40:11 - app.services - WARNING - FLAGGED: Device dev-004 flagged after 8 suspicious activities
2025-06-27 16:40:11 - app.services - WARNING - DISHONEST RATING: Device dev-004 trust_score directly reduced from 0.529 to 0.429 (suspicious: 8).
2025-06-27 16:40:11 - app.services - INFO - SAFE: Device dev-000 passed evaluation (duration 0.003s)
2025-06-27 16:40:11 - app.services - INFO - SAFE: Device dev-007 passed evaluation (duration 0.003s)
2025-06-27 16:40:11 - app.services - INFO - SAFE: Device dev-009 passed evaluation (duration 0.005s)
2025-06-27 16:40:11 - app.services - INFO - SAFE: Device dev-008 passed evaluation (duration 0.004s)
2025-06-27 16:40:11 - app.services - INFO - SAFE: Device dev-003 passed evaluation (duration 0.003s)
2025-06-27 16:40:11 - app.services - INFO - SAFE: Device dev-000 passed evaluation (duration 0.003s)
2025-06-27 16:40:11 - app.services - WARNING - FLAGGED: Device dev-003 flagged after 7 suspicious activities
2025-06-27 16:40:11 - app.services - WARNING - DISHONEST RATING: Device dev-003 trust_score directly reduced from 0.376 to 0.276 (suspicious: 7).
2025-06-27 16:40:11 - app.services - WARNING - BLACKLIST_VIOLATION: Connection between dev-006 (blacklisted: False) and dev-005 (blacklisted: True) was blocked.
2025-06-27 16:40:11 - app.services - WARNING - BLACKLIST_VIOLATION: Attempt to rate blacklisted device dev-005. Action blocked.
2025-06-27 16:40:11 - app.services - WARNING - BLACKLIST_VIOLATION: Blacklisted device dev-005 attempted to rate dev-006. Action blocked.
2025-06-27 16:40:11 - app.services - WARNING - BLACKLIST: Device dev-003 blacklisted after evaluation 0.005s with detection time: 6.065 after joined
2025-06-27 16:40:11 - app.services - DEBUG - SKIP_UPDATE: Peer dev-003 is blacklisted, skipping trust update for dev-007
2025-06-27 16:40:11 - app.services - WARNING - BLACKLIST_VIOLATION: Blacklisted device dev-003 attempted to rate dev-007. Action blocked.
2025-06-27 16:40:11 - app.services - WARNING - BLACKLIST_VIOLATION: Attempt to rate blacklisted device dev-003. Action blocked.
2025-06-27 16:40:11 - app.services - WARNING - BLACKLIST_VIOLATION: Connection between dev-003 (blacklisted: True) and dev-002 (blacklisted: False) was blocked.
2025-06-27 16:40:11 - app.services - WARNING - BLACKLIST_VIOLATION: Blacklisted device dev-003 attempted to rate dev-002. Action blocked.
2025-06-27 16:40:11 - app.services - WARNING - BLACKLIST_VIOLATION: Attempt to rate blacklisted device dev-003. Action blocked.
2025-06-27 16:40:11 - app.services - INFO - SAFE: Device dev-002 passed evaluation (duration 0.003s)
2025-06-27 16:40:11 - app.services - INFO - SAFE: Device dev-000 passed evaluation (duration 0.003s)
2025-06-27 16:40:12 - app.services - INFO - SAFE: Device dev-004 passed evaluation (duration 0.003s)
2025-06-27 16:40:12 - app.services - INFO - SAFE: Device dev-001 passed evaluation (duration 0.003s)
2025-06-27 16:40:12 - app.services - WARNING - FLAGGED: Device dev-004 flagged after 9 suspicious activities
2025-06-27 16:40:12 - app.services - WARNING - DISHONEST RATING: Device dev-004 trust_score directly reduced from 0.316 to 0.216 (suspicious: 9).
2025-06-27 16:40:12 - app.services - WARNING - BLACKLIST_VIOLATION: Connection between dev-003 (blacklisted: True) and dev-002 (blacklisted: False) was blocked.
2025-06-27 16:40:12 - app.services - WARNING - BLACKLIST_VIOLATION: Blacklisted device dev-003 attempted to rate dev-002. Action blocked.
2025-06-27 16:40:12 - app.services - WARNING - BLACKLIST_VIOLATION: Attempt to rate blacklisted device dev-003. Action blocked.
2025-06-27 16:40:12 - app.services - WARNING - BLACKLIST_VIOLATION: Connection between dev-003 (blacklisted: True) and dev-008 (blacklisted: False) was blocked.
2025-06-27 16:40:12 - app.services - WARNING - BLACKLIST_VIOLATION: Blacklisted device dev-003 attempted to rate dev-008. Action blocked.
2025-06-27 16:40:12 - app.services - WARNING - BLACKLIST_VIOLATION: Attempt to rate blacklisted device dev-003. Action blocked.
2025-06-27 16:40:12 - app.services - INFO - SAFE: Device dev-001 passed evaluation (duration 0.003s)
2025-06-27 16:40:12 - app.services - WARNING - BLACKLIST: Device dev-004 blacklisted after evaluation 0.003s with detection time: 6.480 after joined
2025-06-27 16:40:12 - app.services - WARNING - BLACKLIST_VIOLATION: Attempt to rate blacklisted device dev-004. Action blocked.
2025-06-27 16:40:12 - app.services - WARNING - BLACKLIST_VIOLATION: Blacklisted device dev-004 attempted to rate dev-001. Action blocked.
2025-06-27 16:40:12 - app.services - INFO - SAFE: Device dev-000 passed evaluation (duration 0.004s)
2025-06-27 16:40:12 - app.services - INFO - SAFE: Device dev-009 passed evaluation (duration 0.003s)
2025-06-27 16:40:12 - app.services - INFO - SAFE: Device dev-000 passed evaluation (duration 0.003s)
2025-06-27 16:40:12 - app.services - INFO - SAFE: Device dev-008 passed evaluation (duration 0.003s)
2025-06-27 16:40:12 - app.services - INFO - SAFE: Device dev-007 passed evaluation (duration 0.003s)
2025-06-27 16:40:12 - app.services - INFO - SAFE: Device dev-001 passed evaluation (duration 0.003s)
2025-06-27 16:40:12 - app.services - WARNING - BLACKLIST_VIOLATION: Connection between dev-003 (blacklisted: True) and dev-008 (blacklisted: False) was blocked.
2025-06-27 16:40:12 - app.services - WARNING - BLACKLIST_VIOLATION: Blacklisted device dev-003 attempted to rate dev-008. Action blocked.
2025-06-27 16:40:12 - app.services - WARNING - BLACKLIST_VIOLATION: Attempt to rate blacklisted device dev-003. Action blocked.
2025-06-27 16:40:12 - app.services - INFO - SAFE: Device dev-001 passed evaluation (duration 0.003s)
2025-06-27 16:40:12 - app.services - INFO - SAFE: Device dev-000 passed evaluation (duration 0.003s)
2025-06-27 16:40:12 - app.services - INFO - SAFE: Device dev-008 passed evaluation (duration 0.005s)
2025-06-27 16:40:12 - app.services - INFO - SAFE: Device dev-006 passed evaluation (duration 0.004s)
2025-06-27 16:40:12 - app.services - INFO - SAFE: Device dev-009 passed evaluation (duration 0.003s)
2025-06-27 16:40:12 - app.services - INFO - SAFE: Device dev-007 passed evaluation (duration 0.003s)
2025-06-27 16:40:13 - app.services - WARNING - BLACKLIST_VIOLATION: Connection between dev-004 (blacklisted: True) and dev-003 (blacklisted: True) was blocked.
2025-06-27 16:40:13 - app.services - WARNING - BLACKLIST_VIOLATION: Blacklisted device dev-004 attempted to rate dev-003. Action blocked.
2025-06-27 16:40:13 - app.services - WARNING - BLACKLIST_VIOLATION: Blacklisted device dev-003 attempted to rate dev-004. Action blocked.
2025-06-27 16:40:13 - app.services - WARNING - BLACKLIST_VIOLATION: Connection between dev-000 (blacklisted: False) and dev-003 (blacklisted: True) was blocked.
2025-06-27 16:40:13 - app.services - WARNING - BLACKLIST_VIOLATION: Attempt to rate blacklisted device dev-003. Action blocked.
2025-06-27 16:40:13 - app.services - WARNING - BLACKLIST_VIOLATION: Blacklisted device dev-003 attempted to rate dev-000. Action blocked.
2025-06-27 16:40:13 - app.services - INFO - SAFE: Device dev-008 passed evaluation (duration 0.003s)
2025-06-27 16:40:13 - app.services - INFO - SAFE: Device dev-007 passed evaluation (duration 0.003s)
2025-06-27 16:40:13 - app.services - INFO - SAFE: Device dev-008 passed evaluation (duration 0.004s)
2025-06-27 16:40:13 - app.services - INFO - SAFE: Device dev-009 passed evaluation (duration 0.004s)
2025-06-27 16:40:13 - app.services - INFO - SAFE: Device dev-001 passed evaluation (duration 0.003s)
2025-06-27 16:40:13 - app.services - INFO - SAFE: Device dev-009 passed evaluation (duration 0.003s)
2025-06-27 16:40:13 - app.services - INFO - SAFE: Device dev-009 passed evaluation (duration 0.003s)
2025-06-27 16:40:13 - app.services - INFO - SAFE: Device dev-008 passed evaluation (duration 0.003s)
2025-06-27 16:40:13 - app.services - INFO - SAFE: Device dev-001 passed evaluation (duration 0.003s)
2025-06-27 16:40:13 - app.services - INFO - SAFE: Device dev-007 passed evaluation (duration 0.003s)
2025-06-27 16:40:13 - app.services - INFO - SAFE: Device dev-009 passed evaluation (duration 0.003s)
2025-06-27 16:40:13 - app.services - INFO - SAFE: Device dev-001 passed evaluation (duration 0.003s)
2025-06-27 16:40:13 - app.services - WARNING - BLACKLIST_VIOLATION: Connection between dev-005 (blacklisted: True) and dev-008 (blacklisted: False) was blocked.
2025-06-27 16:40:13 - app.services - WARNING - BLACKLIST_VIOLATION: Blacklisted device dev-005 attempted to rate dev-008. Action blocked.
2025-06-27 16:40:13 - app.services - WARNING - BLACKLIST_VIOLATION: Attempt to rate blacklisted device dev-005. Action blocked.
2025-06-27 16:40:13 - app.services - WARNING - BLACKLIST_VIOLATION: Connection between dev-000 (blacklisted: False) and dev-003 (blacklisted: True) was blocked.
2025-06-27 16:40:13 - app.services - WARNING - BLACKLIST_VIOLATION: Attempt to rate blacklisted device dev-003. Action blocked.
2025-06-27 16:40:13 - app.services - WARNING - BLACKLIST_VIOLATION: Blacklisted device dev-003 attempted to rate dev-000. Action blocked.
2025-06-27 16:40:13 - app.services - WARNING - BLACKLIST_VIOLATION: Connection between dev-008 (blacklisted: False) and dev-003 (blacklisted: True) was blocked.
2025-06-27 16:40:13 - app.services - WARNING - BLACKLIST_VIOLATION: Attempt to rate blacklisted device dev-003. Action blocked.
2025-06-27 16:40:13 - app.services - WARNING - BLACKLIST_VIOLATION: Blacklisted device dev-003 attempted to rate dev-008. Action blocked.
2025-06-27 16:40:14 - app.services - INFO - SAFE: Device dev-002 passed evaluation (duration 0.015s)
2025-06-27 16:40:14 - app.services - INFO - SAFE: Device dev-001 passed evaluation (duration 0.004s)
2025-06-27 16:40:14 - app.services - WARNING - BLACKLIST_VIOLATION: Connection between dev-003 (blacklisted: True) and dev-008 (blacklisted: False) was blocked.
2025-06-27 16:40:14 - app.services - WARNING - BLACKLIST_VIOLATION: Blacklisted device dev-003 attempted to rate dev-008. Action blocked.
2025-06-27 16:40:14 - app.services - WARNING - BLACKLIST_VIOLATION: Attempt to rate blacklisted device dev-003. Action blocked.
2025-06-27 16:40:14 - app.services - INFO - SAFE: Device dev-009 passed evaluation (duration 0.003s)
2025-06-27 16:40:14 - app.services - INFO - SAFE: Device dev-006 passed evaluation (duration 0.003s)
2025-06-27 16:40:14 - app.services - WARNING - BLACKLIST_VIOLATION: Connection between dev-001 (blacklisted: False) and dev-005 (blacklisted: True) was blocked.
2025-06-27 16:40:14 - app.services - WARNING - BLACKLIST_VIOLATION: Attempt to rate blacklisted device dev-005. Action blocked.
2025-06-27 16:40:14 - app.services - WARNING - BLACKLIST_VIOLATION: Blacklisted device dev-005 attempted to rate dev-001. Action blocked.
2025-06-27 16:40:14 - app.services - INFO - SAFE: Device dev-009 passed evaluation (duration 0.003s)
2025-06-27 16:40:14 - app.services - INFO - SAFE: Device dev-000 passed evaluation (duration 0.003s)
2025-06-27 16:40:14 - app.services - WARNING - BLACKLIST_VIOLATION: Connection between dev-005 (blacklisted: True) and dev-008 (blacklisted: False) was blocked.
2025-06-27 16:40:14 - app.services - WARNING - BLACKLIST_VIOLATION: Blacklisted device dev-005 attempted to rate dev-008. Action blocked.
2025-06-27 16:40:14 - app.services - WARNING - BLACKLIST_VIOLATION: Attempt to rate blacklisted device dev-005. Action blocked.
2025-06-27 16:40:14 - app.services - INFO - SAFE: Device dev-007 passed evaluation (duration 0.003s)
2025-06-27 16:40:14 - app.services - INFO - SAFE: Device dev-008 passed evaluation (duration 0.004s)
2025-06-27 16:40:14 - app.services - INFO - SAFE: Device dev-009 passed evaluation (duration 0.003s)
2025-06-27 16:40:14 - app.services - INFO - SAFE: Device dev-008 passed evaluation (duration 0.003s)
2025-06-27 16:40:14 - app.services - INFO - SAFE: Device dev-001 passed evaluation (duration 0.003s)
2025-06-27 16:40:14 - app.services - INFO - SAFE: Device dev-002 passed evaluation (duration 0.003s)
2025-06-27 16:40:14 - app.services - INFO - SAFE: Device dev-001 passed evaluation (duration 0.003s)
2025-06-27 16:40:14 - app.services - INFO - SAFE: Device dev-002 passed evaluation (duration 0.003s)
2025-06-27 16:40:15 - app.services - INFO - SAFE: Device dev-002 passed evaluation (duration 0.003s)
2025-06-27 16:40:15 - app.services - INFO - SAFE: Device dev-006 passed evaluation (duration 0.003s)
2025-06-27 16:40:15 - app.services - WARNING - BLACKLIST_VIOLATION: Connection between dev-008 (blacklisted: False) and dev-005 (blacklisted: True) was blocked.
2025-06-27 16:40:15 - app.services - WARNING - BLACKLIST_VIOLATION: Attempt to rate blacklisted device dev-005. Action blocked.
2025-06-27 16:40:15 - app.services - WARNING - BLACKLIST_VIOLATION: Blacklisted device dev-005 attempted to rate dev-008. Action blocked.
2025-06-27 16:40:15 - app.services - INFO - SAFE: Device dev-007 passed evaluation (duration 0.003s)
2025-06-27 16:40:15 - app.services - INFO - SAFE: Device dev-006 passed evaluation (duration 0.003s)
2025-06-27 16:40:15 - app.services - WARNING - BLACKLIST_VIOLATION: Connection between dev-004 (blacklisted: True) and dev-003 (blacklisted: True) was blocked.
2025-06-27 16:40:15 - app.services - WARNING - BLACKLIST_VIOLATION: Blacklisted device dev-004 attempted to rate dev-003. Action blocked.
2025-06-27 16:40:15 - app.services - WARNING - BLACKLIST_VIOLATION: Blacklisted device dev-003 attempted to rate dev-004. Action blocked.
2025-06-27 16:40:15 - app.services - INFO - SAFE: Device dev-009 passed evaluation (duration 0.003s)
2025-06-27 16:40:15 - app.services - INFO - SAFE: Device dev-001 passed evaluation (duration 0.005s)
2025-06-27 16:40:15 - app.services - WARNING - BLACKLIST_VIOLATION: Connection between dev-007 (blacklisted: False) and dev-005 (blacklisted: True) was blocked.
2025-06-27 16:40:15 - app.services - WARNING - BLACKLIST_VIOLATION: Attempt to rate blacklisted device dev-005. Action blocked.
2025-06-27 16:40:15 - app.services - WARNING - BLACKLIST_VIOLATION: Blacklisted device dev-005 attempted to rate dev-007. Action blocked.
