2025-06-29 16:30:03 - app.services - INFO - Selecting new coordinator...
2025-06-29 16:30:03 - app.services - INFO - Internal coordinator selected: dev-000 (RSU)
2025-06-29 16:30:03 - app.services - INFO - SAFE: Device dev-005 passed evaluation (duration 0.008s)
2025-06-29 16:30:04 - app.services - INFO - SAFE: Device dev-003 passed evaluation (duration 0.005s)
2025-06-29 16:30:04 - app.services - WARNING - DISHONEST RATING: Device dev-005 trust_score directly reduced from 0.587 to 0.487 (suspicious: 1).
2025-06-29 16:30:04 - app.services - INFO - SAFE: Device dev-000 passed evaluation (duration 0.006s)
2025-06-29 16:30:04 - app.services - INFO - SAFE: Device dev-004 passed evaluation (duration 0.005s)
2025-06-29 16:30:04 - app.services - INFO - SAFE: Device dev-004 passed evaluation (duration 0.010s)
2025-06-29 16:30:04 - app.services - INFO - SAFE: Device dev-006 passed evaluation (duration 0.007s)
2025-06-29 16:30:04 - app.services - INFO - SAFE: Device dev-005 passed evaluation (duration 0.008s)
2025-06-29 16:30:04 - app.services - INFO - SAFE: Device dev-004 passed evaluation (duration 0.008s)
2025-06-29 16:30:04 - app.services - WARNING - DISHONEST RATING: Device dev-005 trust_score directly reduced from 0.577 to 0.477 (suspicious: 2).
2025-06-29 16:30:04 - app.services - INFO - SAFE: Device dev-002 passed evaluation (duration 0.007s)
2025-06-29 16:30:04 - app.services - INFO - SAFE: Device dev-003 passed evaluation (duration 0.012s)
2025-06-29 16:30:05 - app.services - INFO - SAFE: Device dev-008 passed evaluation (duration 0.005s)
2025-06-29 16:30:05 - app.services - INFO - SAFE: Device dev-004 passed evaluation (duration 0.005s)
2025-06-29 16:30:05 - app.services - INFO - SAFE: Device dev-007 passed evaluation (duration 0.003s)
2025-06-29 16:30:05 - app.services - INFO - SAFE: Device dev-003 passed evaluation (duration 0.003s)
2025-06-29 16:30:05 - app.services - INFO - SAFE: Device dev-006 passed evaluation (duration 0.003s)
2025-06-29 16:30:05 - app.services - INFO - SAFE: Device dev-000 passed evaluation (duration 0.003s)
2025-06-29 16:30:05 - app.services - INFO - SAFE: Device dev-007 passed evaluation (duration 0.004s)
2025-06-29 16:30:05 - app.services - INFO - SAFE: Device dev-004 passed evaluation (duration 0.003s)
2025-06-29 16:30:05 - app.services - INFO - SAFE: Device dev-002 passed evaluation (duration 0.004s)
2025-06-29 16:30:05 - app.services - INFO - SAFE: Device dev-008 passed evaluation (duration 0.004s)
2025-06-29 16:30:05 - app.services - INFO - SAFE: Device dev-004 passed evaluation (duration 0.003s)
2025-06-29 16:30:05 - app.services - INFO - SAFE: Device dev-001 passed evaluation (duration 0.003s)
2025-06-29 16:30:05 - app.services - INFO - SAFE: Device dev-004 passed evaluation (duration 0.004s)
2025-06-29 16:30:05 - app.services - INFO - SAFE: Device dev-002 passed evaluation (duration 0.003s)
2025-06-29 16:30:05 - app.services - INFO - SAFE: Device dev-004 passed evaluation (duration 0.003s)
2025-06-29 16:30:05 - app.services - INFO - SAFE: Device dev-006 passed evaluation (duration 0.003s)
2025-06-29 16:30:05 - app.services - INFO - SAFE: Device dev-009 passed evaluation (duration 0.003s)
2025-06-29 16:30:05 - app.services - INFO - SAFE: Device dev-000 passed evaluation (duration 0.003s)
2025-06-29 16:30:06 - app.services - WARNING - DISHONEST RATING: Device dev-009 trust_score directly reduced from 0.447 to 0.347 (suspicious: 1).
2025-06-29 16:30:06 - app.services - INFO - SAFE: Device dev-003 passed evaluation (duration 0.004s)
2025-06-29 16:30:06 - app.services - INFO - SAFE: Device dev-009 passed evaluation (duration 0.003s)
2025-06-29 16:30:06 - app.services - WARNING - DISHONEST RATING: Device dev-009 trust_score directly reduced from 0.497 to 0.397 (suspicious: 2).
2025-06-29 16:30:06 - app.services - INFO - SAFE: Device dev-000 passed evaluation (duration 0.004s)
2025-06-29 16:30:06 - app.services - INFO - SAFE: Device dev-003 passed evaluation (duration 0.003s)
2025-06-29 16:30:06 - app.services - INFO - SAFE: Device dev-009 passed evaluation (duration 0.005s)
2025-06-29 16:30:06 - app.services - INFO - SAFE: Device dev-000 passed evaluation (duration 0.006s)
2025-06-29 16:30:06 - app.services - WARNING - FLAGGED: Device dev-009 flagged after 3 suspicious activities
2025-06-29 16:30:06 - app.services - WARNING - DISHONEST RATING: Device dev-009 trust_score directly reduced from 0.542 to 0.442 (suspicious: 3).
2025-06-29 16:30:06 - app.services - INFO - SAFE: Device dev-003 passed evaluation (duration 0.006s)
2025-06-29 16:30:06 - app.services - INFO - SAFE: Device dev-001 passed evaluation (duration 0.005s)
2025-06-29 16:30:06 - app.services - INFO - SAFE: Device dev-001 passed evaluation (duration 0.004s)
2025-06-29 16:30:06 - app.services - INFO - SAFE: Device dev-009 passed evaluation (duration 0.005s)
2025-06-29 16:30:06 - app.services - WARNING - FLAGGED: Device dev-009 flagged after 4 suspicious activities
2025-06-29 16:30:06 - app.services - WARNING - DISHONEST RATING: Device dev-009 trust_score directly reduced from 0.526 to 0.426 (suspicious: 4).
2025-06-29 16:30:06 - app.services - INFO - SAFE: Device dev-002 passed evaluation (duration 0.006s)
2025-06-29 16:30:06 - app.services - INFO - SAFE: Device dev-007 passed evaluation (duration 0.007s)
2025-06-29 16:30:07 - app.services - INFO - SAFE: Device dev-009 passed evaluation (duration 0.004s)
2025-06-29 16:30:07 - app.services - INFO - SAFE: Device dev-008 passed evaluation (duration 0.005s)
2025-06-29 16:30:07 - app.services - WARNING - FLAGGED: Device dev-009 flagged after 5 suspicious activities
2025-06-29 16:30:07 - app.services - WARNING - DISHONEST RATING: Device dev-009 trust_score directly reduced from 0.516 to 0.416 (suspicious: 5).
2025-06-29 16:30:07 - app.services - INFO - SAFE: Device dev-002 passed evaluation (duration 0.003s)
2025-06-29 16:30:07 - app.services - INFO - SAFE: Device dev-000 passed evaluation (duration 0.004s)
2025-06-29 16:30:07 - app.services - INFO - SAFE: Device dev-009 passed evaluation (duration 0.005s)
2025-06-29 16:30:07 - app.services - INFO - SAFE: Device dev-007 passed evaluation (duration 0.003s)
2025-06-29 16:30:07 - app.services - WARNING - FLAGGED: Device dev-009 flagged after 6 suspicious activities
2025-06-29 16:30:07 - app.services - WARNING - DISHONEST RATING: Device dev-009 trust_score directly reduced from 0.535 to 0.435 (suspicious: 6).
2025-06-29 16:30:07 - app.services - INFO - SAFE: Device dev-008 passed evaluation (duration 0.007s)
2025-06-29 16:30:07 - app.services - INFO - SAFE: Device dev-000 passed evaluation (duration 0.008s)
2025-06-29 16:30:07 - app.services - INFO - SAFE: Device dev-008 passed evaluation (duration 0.003s)
2025-06-29 16:30:07 - app.services - INFO - SAFE: Device dev-004 passed evaluation (duration 0.004s)
2025-06-29 16:30:07 - app.services - INFO - SAFE: Device dev-006 passed evaluation (duration 0.005s)
2025-06-29 16:30:07 - app.services - INFO - SAFE: Device dev-002 passed evaluation (duration 0.005s)
2025-06-29 16:30:07 - app.services - INFO - SAFE: Device dev-001 passed evaluation (duration 0.005s)
2025-06-29 16:30:07 - app.services - INFO - SAFE: Device dev-004 passed evaluation (duration 0.006s)
2025-06-29 16:30:08 - app.services - INFO - SAFE: Device dev-007 passed evaluation (duration 0.003s)
2025-06-29 16:30:08 - app.services - INFO - SAFE: Device dev-004 passed evaluation (duration 0.003s)
2025-06-29 16:30:08 - app.services - INFO - SAFE: Device dev-000 passed evaluation (duration 0.004s)
2025-06-29 16:30:08 - app.services - INFO - SAFE: Device dev-005 passed evaluation (duration 0.003s)
2025-06-29 16:30:08 - app.services - WARNING - FLAGGED: Device dev-005 flagged after 3 suspicious activities
2025-06-29 16:30:08 - app.services - WARNING - DISHONEST RATING: Device dev-005 trust_score directly reduced from 0.550 to 0.450 (suspicious: 3).
2025-06-29 16:30:08 - app.services - INFO - SAFE: Device dev-007 passed evaluation (duration 0.003s)
2025-06-29 16:30:08 - app.services - INFO - SAFE: Device dev-005 passed evaluation (duration 0.003s)
2025-06-29 16:30:08 - app.services - WARNING - FLAGGED: Device dev-005 flagged after 4 suspicious activities
2025-06-29 16:30:08 - app.services - WARNING - DISHONEST RATING: Device dev-005 trust_score directly reduced from 0.576 to 0.476 (suspicious: 4).
2025-06-29 16:30:08 - app.services - INFO - SAFE: Device dev-002 passed evaluation (duration 0.003s)
2025-06-29 16:30:08 - app.services - INFO - SAFE: Device dev-000 passed evaluation (duration 0.003s)
2025-06-29 16:30:08 - app.services - INFO - SAFE: Device dev-004 passed evaluation (duration 0.003s)
2025-06-29 16:30:08 - app.services - INFO - SAFE: Device dev-008 passed evaluation (duration 0.003s)
2025-06-29 16:30:08 - app.services - INFO - SAFE: Device dev-005 passed evaluation (duration 0.009s)
2025-06-29 16:30:08 - app.services - INFO - SAFE: Device dev-000 passed evaluation (duration 0.004s)
2025-06-29 16:30:08 - app.services - WARNING - FLAGGED: Device dev-005 flagged after 5 suspicious activities
2025-06-29 16:30:08 - app.services - WARNING - DISHONEST RATING: Device dev-005 trust_score directly reduced from 0.530 to 0.430 (suspicious: 5).
2025-06-29 16:30:08 - app.services - INFO - SAFE: Device dev-007 passed evaluation (duration 0.003s)
2025-06-29 16:30:08 - app.services - INFO - SAFE: Device dev-000 passed evaluation (duration 0.003s)
2025-06-29 16:30:08 - app.services - INFO - SAFE: Device dev-003 passed evaluation (duration 0.005s)
2025-06-29 16:30:08 - app.services - INFO - SAFE: Device dev-000 passed evaluation (duration 0.005s)
2025-06-29 16:30:08 - app.services - INFO - SAFE: Device dev-007 passed evaluation (duration 0.003s)
2025-06-29 16:30:08 - app.services - INFO - SAFE: Device dev-004 passed evaluation (duration 0.003s)
2025-06-29 16:30:09 - app.services - INFO - SAFE: Device dev-006 passed evaluation (duration 0.003s)
2025-06-29 16:30:09 - app.services - INFO - SAFE: Device dev-003 passed evaluation (duration 0.003s)
2025-06-29 16:30:09 - app.services - INFO - SAFE: Device dev-001 passed evaluation (duration 0.003s)
2025-06-29 16:30:09 - app.services - INFO - SAFE: Device dev-007 passed evaluation (duration 0.003s)
2025-06-29 16:30:09 - app.services - INFO - SAFE: Device dev-007 passed evaluation (duration 0.003s)
2025-06-29 16:30:09 - app.services - INFO - SAFE: Device dev-009 passed evaluation (duration 0.003s)
2025-06-29 16:30:09 - app.services - WARNING - FLAGGED: Device dev-009 flagged after 7 suspicious activities
2025-06-29 16:30:09 - app.services - WARNING - DISHONEST RATING: Device dev-009 trust_score directly reduced from 0.542 to 0.442 (suspicious: 7).
2025-06-29 16:30:09 - app.services - INFO - SAFE: Device dev-003 passed evaluation (duration 0.003s)
2025-06-29 16:30:09 - app.services - INFO - SAFE: Device dev-005 passed evaluation (duration 0.003s)
2025-06-29 16:30:09 - app.services - WARNING - FLAGGED: Device dev-005 flagged after 6 suspicious activities
2025-06-29 16:30:09 - app.services - WARNING - DISHONEST RATING: Device dev-005 trust_score directly reduced from 0.579 to 0.479 (suspicious: 6).
2025-06-29 16:30:09 - app.services - INFO - SAFE: Device dev-003 passed evaluation (duration 0.003s)
2025-06-29 16:30:09 - app.services - INFO - SAFE: Device dev-009 passed evaluation (duration 0.003s)
2025-06-29 16:30:09 - app.services - WARNING - FLAGGED: Device dev-009 flagged after 8 suspicious activities
2025-06-29 16:30:09 - app.services - WARNING - DISHONEST RATING: Device dev-009 trust_score directly reduced from 0.471 to 0.371 (suspicious: 8).
2025-06-29 16:30:09 - app.services - INFO - SAFE: Device dev-004 passed evaluation (duration 0.004s)
2025-06-29 16:30:09 - app.services - INFO - SAFE: Device dev-005 passed evaluation (duration 0.004s)
2025-06-29 16:30:09 - app.services - WARNING - FLAGGED: Device dev-005 flagged after 7 suspicious activities
2025-06-29 16:30:09 - app.services - WARNING - DISHONEST RATING: Device dev-005 trust_score directly reduced from 0.634 to 0.534 (suspicious: 7).
2025-06-29 16:30:09 - app.services - INFO - SAFE: Device dev-001 passed evaluation (duration 0.003s)
2025-06-29 16:30:09 - app.services - INFO - SAFE: Device dev-009 passed evaluation (duration 0.003s)
2025-06-29 16:30:09 - app.services - WARNING - FLAGGED: Device dev-009 flagged after 9 suspicious activities
2025-06-29 16:30:09 - app.services - WARNING - DISHONEST RATING: Device dev-009 trust_score directly reduced from 0.443 to 0.343 (suspicious: 9).
2025-06-29 16:30:09 - app.services - INFO - SAFE: Device dev-002 passed evaluation (duration 0.003s)
2025-06-29 16:30:09 - app.services - INFO - SAFE: Device dev-008 passed evaluation (duration 0.003s)
2025-06-29 16:30:09 - app.services - INFO - SAFE: Device dev-000 passed evaluation (duration 0.003s)
2025-06-29 16:30:10 - app.services - INFO - SAFE: Device dev-004 passed evaluation (duration 0.004s)
2025-06-29 16:30:10 - app.services - INFO - SAFE: Device dev-007 passed evaluation (duration 0.003s)
2025-06-29 16:30:10 - app.services - INFO - SAFE: Device dev-003 passed evaluation (duration 0.004s)
2025-06-29 16:30:10 - app.services - INFO - SAFE: Device dev-002 passed evaluation (duration 0.003s)
2025-06-29 16:30:10 - app.services - INFO - SAFE: Device dev-003 passed evaluation (duration 0.003s)
2025-06-29 16:30:10 - app.services - INFO - SAFE: Device dev-002 passed evaluation (duration 0.003s)
2025-06-29 16:30:10 - app.services - WARNING - BLACKLIST: Device dev-009 blacklisted after evaluation 0.003s with detection time: 6.490 after joined
2025-06-29 16:30:10 - app.services - WARNING - BLACKLIST_VIOLATION: Attempt to rate blacklisted device dev-009. Action blocked.
2025-06-29 16:30:10 - app.services - WARNING - BLACKLIST_VIOLATION: Blacklisted device dev-009 attempted to rate dev-002. Action blocked.
2025-06-29 16:30:10 - app.services - INFO - SAFE: Device dev-000 passed evaluation (duration 0.003s)
2025-06-29 16:30:10 - app.services - INFO - SAFE: Device dev-005 passed evaluation (duration 0.004s)
2025-06-29 16:30:10 - app.services - WARNING - FLAGGED: Device dev-005 flagged after 8 suspicious activities
2025-06-29 16:30:10 - app.services - WARNING - DISHONEST RATING: Device dev-005 trust_score directly reduced from 0.636 to 0.536 (suspicious: 8).
2025-06-29 16:30:10 - app.services - INFO - SAFE: Device dev-001 passed evaluation (duration 0.004s)
2025-06-29 16:30:10 - app.services - INFO - SAFE: Device dev-007 passed evaluation (duration 0.003s)
2025-06-29 16:30:10 - app.services - INFO - SAFE: Device dev-002 passed evaluation (duration 0.003s)
2025-06-29 16:30:10 - app.services - INFO - SAFE: Device dev-003 passed evaluation (duration 0.008s)
2025-06-29 16:30:11 - app.services - INFO - SAFE: Device dev-004 passed evaluation (duration 0.004s)
2025-06-29 16:30:11 - app.services - INFO - SAFE: Device dev-005 passed evaluation (duration 0.005s)
2025-06-29 16:30:11 - app.services - WARNING - FLAGGED: Device dev-005 flagged after 9 suspicious activities
2025-06-29 16:30:11 - app.services - WARNING - DISHONEST RATING: Device dev-005 trust_score directly reduced from 0.654 to 0.554 (suspicious: 9).
2025-06-29 16:30:11 - app.services - WARNING - BLACKLIST_VIOLATION: Connection between dev-009 (blacklisted: True) and dev-005 (blacklisted: False) was blocked.
2025-06-29 16:30:11 - app.services - WARNING - BLACKLIST_VIOLATION: Blacklisted device dev-009 attempted to rate dev-005. Action blocked.
2025-06-29 16:30:11 - app.services - WARNING - BLACKLIST_VIOLATION: Attempt to rate blacklisted device dev-009. Action blocked.
2025-06-29 16:30:11 - app.services - INFO - SAFE: Device dev-006 passed evaluation (duration 0.004s)
2025-06-29 16:30:11 - app.services - INFO - SAFE: Device dev-001 passed evaluation (duration 0.003s)
2025-06-29 16:30:11 - app.services - INFO - SAFE: Device dev-000 passed evaluation (duration 0.004s)
2025-06-29 16:30:11 - app.services - INFO - SAFE: Device dev-001 passed evaluation (duration 0.004s)
2025-06-29 16:30:11 - app.services - INFO - SAFE: Device dev-005 passed evaluation (duration 0.004s)
2025-06-29 16:30:11 - app.services - INFO - SAFE: Device dev-000 passed evaluation (duration 0.003s)
2025-06-29 16:30:11 - app.services - WARNING - FLAGGED: Device dev-005 flagged after 10 suspicious activities
2025-06-29 16:30:11 - app.services - WARNING - DISHONEST RATING: Device dev-005 trust_score directly reduced from 0.622 to 0.522 (suspicious: 10).
2025-06-29 16:30:11 - app.services - WARNING - BLACKLIST_VIOLATION: Connection between dev-009 (blacklisted: True) and dev-000 (blacklisted: False) was blocked.
2025-06-29 16:30:11 - app.services - WARNING - BLACKLIST_VIOLATION: Blacklisted device dev-009 attempted to rate dev-000. Action blocked.
2025-06-29 16:30:11 - app.services - WARNING - BLACKLIST_VIOLATION: Attempt to rate blacklisted device dev-009. Action blocked.
2025-06-29 16:30:11 - app.services - INFO - SAFE: Device dev-004 passed evaluation (duration 0.003s)
2025-06-29 16:30:11 - app.services - INFO - SAFE: Device dev-007 passed evaluation (duration 0.003s)
2025-06-29 16:30:11 - app.services - INFO - SAFE: Device dev-002 passed evaluation (duration 0.004s)
2025-06-29 16:30:11 - app.services - INFO - SAFE: Device dev-006 passed evaluation (duration 0.003s)
2025-06-29 16:30:12 - app.services - WARNING - BLACKLIST_VIOLATION: Connection between dev-000 (blacklisted: False) and dev-009 (blacklisted: True) was blocked.
2025-06-29 16:30:12 - app.services - WARNING - BLACKLIST_VIOLATION: Attempt to rate blacklisted device dev-009. Action blocked.
2025-06-29 16:30:12 - app.services - WARNING - BLACKLIST_VIOLATION: Blacklisted device dev-009 attempted to rate dev-000. Action blocked.
2025-06-29 16:30:12 - app.services - INFO - SAFE: Device dev-005 passed evaluation (duration 0.004s)
2025-06-29 16:30:12 - app.services - INFO - SAFE: Device dev-006 passed evaluation (duration 0.003s)
2025-06-29 16:30:12 - app.services - WARNING - FLAGGED: Device dev-005 flagged after 11 suspicious activities
2025-06-29 16:30:12 - app.services - WARNING - DISHONEST RATING: Device dev-005 trust_score directly reduced from 0.376 to 0.276 (suspicious: 11).
2025-06-29 16:30:12 - app.services - WARNING - BLACKLIST: Device dev-005 blacklisted after evaluation 0.003s with detection time: 8.445 after joined
2025-06-29 16:30:12 - app.services - DEBUG - SKIP_UPDATE: Peer dev-005 is blacklisted, skipping trust update for dev-000
2025-06-29 16:30:12 - app.services - WARNING - BLACKLIST_VIOLATION: Blacklisted device dev-005 attempted to rate dev-000. Action blocked.
2025-06-29 16:30:12 - app.services - WARNING - BLACKLIST_VIOLATION: Attempt to rate blacklisted device dev-005. Action blocked.
2025-06-29 16:30:12 - app.services - WARNING - BLACKLIST_VIOLATION: Connection between dev-009 (blacklisted: True) and dev-007 (blacklisted: False) was blocked.
2025-06-29 16:30:12 - app.services - WARNING - BLACKLIST_VIOLATION: Blacklisted device dev-009 attempted to rate dev-007. Action blocked.
2025-06-29 16:30:12 - app.services - WARNING - BLACKLIST_VIOLATION: Attempt to rate blacklisted device dev-009. Action blocked.
2025-06-29 16:30:12 - app.services - INFO - SAFE: Device dev-001 passed evaluation (duration 0.003s)
2025-06-29 16:30:12 - app.services - INFO - SAFE: Device dev-000 passed evaluation (duration 0.003s)
2025-06-29 16:30:12 - app.services - WARNING - BLACKLIST_VIOLATION: Connection between dev-005 (blacklisted: True) and dev-003 (blacklisted: False) was blocked.
2025-06-29 16:30:12 - app.services - WARNING - BLACKLIST_VIOLATION: Blacklisted device dev-005 attempted to rate dev-003. Action blocked.
2025-06-29 16:30:12 - app.services - WARNING - BLACKLIST_VIOLATION: Attempt to rate blacklisted device dev-005. Action blocked.
2025-06-29 16:30:12 - app.services - INFO - SAFE: Device dev-006 passed evaluation (duration 0.009s)
2025-06-29 16:30:12 - app.services - INFO - SAFE: Device dev-007 passed evaluation (duration 0.003s)
2025-06-29 16:30:12 - app.services - INFO - SAFE: Device dev-006 passed evaluation (duration 0.003s)
2025-06-29 16:30:12 - app.services - INFO - SAFE: Device dev-007 passed evaluation (duration 0.003s)
2025-06-29 16:30:12 - app.services - WARNING - BLACKLIST_VIOLATION: Connection between dev-000 (blacklisted: False) and dev-005 (blacklisted: True) was blocked.
2025-06-29 16:30:12 - app.services - WARNING - BLACKLIST_VIOLATION: Attempt to rate blacklisted device dev-005. Action blocked.
2025-06-29 16:30:12 - app.services - WARNING - BLACKLIST_VIOLATION: Blacklisted device dev-005 attempted to rate dev-000. Action blocked.
2025-06-29 16:30:12 - app.services - WARNING - BLACKLIST_VIOLATION: Connection between dev-005 (blacklisted: True) and dev-001 (blacklisted: False) was blocked.
2025-06-29 16:30:12 - app.services - WARNING - BLACKLIST_VIOLATION: Blacklisted device dev-005 attempted to rate dev-001. Action blocked.
2025-06-29 16:30:12 - app.services - WARNING - BLACKLIST_VIOLATION: Attempt to rate blacklisted device dev-005. Action blocked.
2025-06-29 16:30:12 - app.services - WARNING - BLACKLIST_VIOLATION: Connection between dev-007 (blacklisted: False) and dev-009 (blacklisted: True) was blocked.
2025-06-29 16:30:12 - app.services - WARNING - BLACKLIST_VIOLATION: Attempt to rate blacklisted device dev-009. Action blocked.
2025-06-29 16:30:12 - app.services - WARNING - BLACKLIST_VIOLATION: Blacklisted device dev-009 attempted to rate dev-007. Action blocked.
2025-06-29 16:30:12 - app.services - INFO - SAFE: Device dev-008 passed evaluation (duration 0.003s)
2025-06-29 16:30:12 - app.services - INFO - SAFE: Device dev-007 passed evaluation (duration 0.003s)
2025-06-29 16:30:13 - app.services - WARNING - BLACKLIST_VIOLATION: Connection between dev-001 (blacklisted: False) and dev-009 (blacklisted: True) was blocked.
2025-06-29 16:30:13 - app.services - WARNING - BLACKLIST_VIOLATION: Attempt to rate blacklisted device dev-009. Action blocked.
2025-06-29 16:30:13 - app.services - WARNING - BLACKLIST_VIOLATION: Blacklisted device dev-009 attempted to rate dev-001. Action blocked.
2025-06-29 16:30:13 - app.services - INFO - SAFE: Device dev-007 passed evaluation (duration 0.003s)
2025-06-29 16:30:13 - app.services - INFO - SAFE: Device dev-003 passed evaluation (duration 0.004s)
2025-06-29 16:30:13 - app.services - INFO - SAFE: Device dev-002 passed evaluation (duration 0.004s)
2025-06-29 16:30:13 - app.services - INFO - SAFE: Device dev-004 passed evaluation (duration 0.004s)
2025-06-29 16:30:13 - app.services - INFO - SAFE: Device dev-007 passed evaluation (duration 0.003s)
2025-06-29 16:30:13 - app.services - INFO - SAFE: Device dev-002 passed evaluation (duration 0.003s)
2025-06-29 16:30:13 - app.services - INFO - SAFE: Device dev-003 passed evaluation (duration 0.003s)
2025-06-29 16:30:13 - app.services - INFO - SAFE: Device dev-006 passed evaluation (duration 0.003s)
2025-06-29 16:30:13 - app.services - WARNING - BLACKLIST_VIOLATION: Connection between dev-009 (blacklisted: True) and dev-003 (blacklisted: False) was blocked.
2025-06-29 16:30:13 - app.services - WARNING - BLACKLIST_VIOLATION: Blacklisted device dev-009 attempted to rate dev-003. Action blocked.
2025-06-29 16:30:13 - app.services - WARNING - BLACKLIST_VIOLATION: Attempt to rate blacklisted device dev-009. Action blocked.
2025-06-29 16:30:13 - app.services - INFO - SAFE: Device dev-004 passed evaluation (duration 0.003s)
2025-06-29 16:30:13 - app.services - INFO - SAFE: Device dev-002 passed evaluation (duration 0.003s)
2025-06-29 16:30:13 - app.services - WARNING - BLACKLIST_VIOLATION: Connection between dev-009 (blacklisted: True) and dev-008 (blacklisted: False) was blocked.
2025-06-29 16:30:13 - app.services - WARNING - BLACKLIST_VIOLATION: Blacklisted device dev-009 attempted to rate dev-008. Action blocked.
2025-06-29 16:30:13 - app.services - WARNING - BLACKLIST_VIOLATION: Attempt to rate blacklisted device dev-009. Action blocked.
2025-06-29 16:30:13 - app.services - WARNING - BLACKLIST_VIOLATION: Connection between dev-009 (blacklisted: True) and dev-006 (blacklisted: False) was blocked.
2025-06-29 16:30:13 - app.services - WARNING - BLACKLIST_VIOLATION: Blacklisted device dev-009 attempted to rate dev-006. Action blocked.
2025-06-29 16:30:13 - app.services - WARNING - BLACKLIST_VIOLATION: Attempt to rate blacklisted device dev-009. Action blocked.
2025-06-29 16:30:13 - app.services - INFO - SAFE: Device dev-003 passed evaluation (duration 0.003s)
2025-06-29 16:30:13 - app.services - INFO - SAFE: Device dev-008 passed evaluation (duration 0.003s)
2025-06-29 16:30:13 - app.services - INFO - SAFE: Device dev-004 passed evaluation (duration 0.004s)
2025-06-29 16:30:13 - app.services - INFO - SAFE: Device dev-001 passed evaluation (duration 0.003s)
2025-06-29 16:30:14 - app.services - INFO - SAFE: Device dev-001 passed evaluation (duration 0.004s)
2025-06-29 16:30:14 - app.services - INFO - SAFE: Device dev-008 passed evaluation (duration 0.004s)
2025-06-29 16:30:14 - app.services - WARNING - BLACKLIST_VIOLATION: Connection between dev-005 (blacklisted: True) and dev-007 (blacklisted: False) was blocked.
2025-06-29 16:30:14 - app.services - WARNING - BLACKLIST_VIOLATION: Blacklisted device dev-005 attempted to rate dev-007. Action blocked.
2025-06-29 16:30:14 - app.services - WARNING - BLACKLIST_VIOLATION: Attempt to rate blacklisted device dev-005. Action blocked.
2025-06-29 16:30:14 - app.services - INFO - SAFE: Device dev-002 passed evaluation (duration 0.004s)
2025-06-29 16:30:14 - app.services - INFO - SAFE: Device dev-007 passed evaluation (duration 0.005s)
2025-06-29 16:30:14 - app.services - WARNING - BLACKLIST_VIOLATION: Connection between dev-007 (blacklisted: False) and dev-009 (blacklisted: True) was blocked.
2025-06-29 16:30:14 - app.services - WARNING - BLACKLIST_VIOLATION: Attempt to rate blacklisted device dev-009. Action blocked.
2025-06-29 16:30:14 - app.services - WARNING - BLACKLIST_VIOLATION: Blacklisted device dev-009 attempted to rate dev-007. Action blocked.
2025-06-29 16:30:14 - app.services - INFO - SAFE: Device dev-004 passed evaluation (duration 0.004s)
2025-06-29 16:30:14 - app.services - INFO - SAFE: Device dev-003 passed evaluation (duration 0.004s)
2025-06-29 16:30:14 - app.services - INFO - SAFE: Device dev-000 passed evaluation (duration 0.003s)
2025-06-29 16:30:14 - app.services - INFO - SAFE: Device dev-001 passed evaluation (duration 0.004s)
2025-06-29 16:30:14 - app.services - INFO - SAFE: Device dev-008 passed evaluation (duration 0.004s)
2025-06-29 16:30:14 - app.services - INFO - SAFE: Device dev-000 passed evaluation (duration 0.004s)
2025-06-29 16:30:14 - app.services - INFO - SAFE: Device dev-003 passed evaluation (duration 0.005s)
2025-06-29 16:30:14 - app.services - INFO - SAFE: Device dev-008 passed evaluation (duration 0.003s)
2025-06-29 16:30:15 - app.services - INFO - SAFE: Device dev-004 passed evaluation (duration 0.004s)
2025-06-29 16:30:15 - app.services - INFO - SAFE: Device dev-007 passed evaluation (duration 0.005s)
2025-06-29 16:30:15 - app.services - WARNING - BLACKLIST_VIOLATION: Connection between dev-009 (blacklisted: True) and dev-005 (blacklisted: True) was blocked.
2025-06-29 16:30:15 - app.services - WARNING - BLACKLIST_VIOLATION: Blacklisted device dev-009 attempted to rate dev-005. Action blocked.
2025-06-29 16:30:15 - app.services - WARNING - BLACKLIST_VIOLATION: Blacklisted device dev-005 attempted to rate dev-009. Action blocked.
2025-06-29 16:30:15 - app.services - INFO - SAFE: Device dev-001 passed evaluation (duration 0.005s)
2025-06-29 16:30:15 - app.services - INFO - SAFE: Device dev-008 passed evaluation (duration 0.005s)
2025-06-29 16:30:15 - app.services - INFO - SAFE: Device dev-008 passed evaluation (duration 0.003s)
2025-06-29 16:30:15 - app.services - INFO - SAFE: Device dev-002 passed evaluation (duration 0.004s)
2025-06-29 16:30:15 - app.services - INFO - SAFE: Device dev-001 passed evaluation (duration 0.004s)
2025-06-29 16:30:15 - app.services - INFO - SAFE: Device dev-006 passed evaluation (duration 0.004s)
2025-06-29 16:30:15 - app.services - WARNING - BLACKLIST_VIOLATION: Connection between dev-009 (blacklisted: True) and dev-002 (blacklisted: False) was blocked.
2025-06-29 16:30:15 - app.services - WARNING - BLACKLIST_VIOLATION: Blacklisted device dev-009 attempted to rate dev-002. Action blocked.
2025-06-29 16:30:15 - app.services - WARNING - BLACKLIST_VIOLATION: Attempt to rate blacklisted device dev-009. Action blocked.
2025-06-29 16:30:15 - app.services - WARNING - BLACKLIST_VIOLATION: Connection between dev-008 (blacklisted: False) and dev-009 (blacklisted: True) was blocked.
2025-06-29 16:30:15 - app.services - WARNING - BLACKLIST_VIOLATION: Attempt to rate blacklisted device dev-009. Action blocked.
2025-06-29 16:30:15 - app.services - WARNING - BLACKLIST_VIOLATION: Blacklisted device dev-009 attempted to rate dev-008. Action blocked.
2025-06-29 16:30:15 - app.services - WARNING - BLACKLIST_VIOLATION: Connection between dev-003 (blacklisted: False) and dev-009 (blacklisted: True) was blocked.
2025-06-29 16:30:15 - app.services - WARNING - BLACKLIST_VIOLATION: Attempt to rate blacklisted device dev-009. Action blocked.
2025-06-29 16:30:15 - app.services - WARNING - BLACKLIST_VIOLATION: Blacklisted device dev-009 attempted to rate dev-003. Action blocked.
2025-06-29 16:30:15 - app.services - WARNING - BLACKLIST_VIOLATION: Connection between dev-001 (blacklisted: False) and dev-005 (blacklisted: True) was blocked.
2025-06-29 16:30:15 - app.services - WARNING - BLACKLIST_VIOLATION: Attempt to rate blacklisted device dev-005. Action blocked.
2025-06-29 16:30:15 - app.services - WARNING - BLACKLIST_VIOLATION: Blacklisted device dev-005 attempted to rate dev-001. Action blocked.
2025-06-29 16:30:15 - app.services - INFO - SAFE: Device dev-008 passed evaluation (duration 0.005s)
2025-06-29 16:30:15 - app.services - INFO - SAFE: Device dev-004 passed evaluation (duration 0.004s)
