2025-06-27 16:54:36 - app.services - INFO - Selecting new coordinator...
2025-06-27 16:54:36 - app.services - INFO - Internal coordinator selected: dev-000 (RSU)
2025-06-27 16:54:37 - app.services - INFO - SAFE: Device dev-001 passed evaluation (duration 0.011s)
2025-06-27 16:54:37 - app.services - INFO - SAFE: Device dev-009 passed evaluation (duration 0.007s)
2025-06-27 16:54:37 - app.services - WARNING - DISHONEST RATING: Device dev-009 trust_score directly reduced from 0.447 to 0.347 (suspicious: 1).
2025-06-27 16:54:37 - app.services - INFO - SAFE: Device dev-000 passed evaluation (duration 0.008s)
2025-06-27 16:54:37 - app.services - INFO - SAFE: Device dev-002 passed evaluation (duration 0.007s)
2025-06-27 16:54:38 - app.services - INFO - SAFE: Device dev-001 passed evaluation (duration 0.007s)
2025-06-27 16:54:38 - app.services - INFO - SAFE: Device dev-000 passed evaluation (duration 0.009s)
2025-06-27 16:54:38 - app.services - INFO - SAFE: Device dev-008 passed evaluation (duration 0.009s)
2025-06-27 16:54:38 - app.services - INFO - SAFE: Device dev-004 passed evaluation (duration 0.006s)
2025-06-27 16:54:38 - app.services - INFO - SAFE: Device dev-007 passed evaluation (duration 0.007s)
2025-06-27 16:54:38 - app.services - INFO - SAFE: Device dev-005 passed evaluation (duration 0.007s)
2025-06-27 16:54:38 - app.services - WARNING - DISHONEST RATING: Device dev-005 trust_score directly reduced from 0.692 to 0.592 (suspicious: 1).
2025-06-27 16:54:38 - app.services - INFO - SAFE: Device dev-006 passed evaluation (duration 0.006s)
2025-06-27 16:54:38 - app.services - INFO - SAFE: Device dev-007 passed evaluation (duration 0.006s)
2025-06-27 16:54:39 - app.services - INFO - SAFE: Device dev-007 passed evaluation (duration 0.006s)
2025-06-27 16:54:39 - app.services - INFO - SAFE: Device dev-009 passed evaluation (duration 0.006s)
2025-06-27 16:54:39 - app.services - WARNING - DISHONEST RATING: Device dev-009 trust_score directly reduced from 0.504 to 0.404 (suspicious: 2).
2025-06-27 16:54:39 - app.services - INFO - SAFE: Device dev-004 passed evaluation (duration 0.007s)
2025-06-27 16:54:39 - app.services - INFO - SAFE: Device dev-001 passed evaluation (duration 0.008s)
2025-06-27 16:54:39 - app.services - INFO - SAFE: Device dev-007 passed evaluation (duration 0.007s)
2025-06-27 16:54:39 - app.services - INFO - SAFE: Device dev-001 passed evaluation (duration 0.006s)
2025-06-27 16:54:39 - app.services - INFO - SAFE: Device dev-009 passed evaluation (duration 0.006s)
2025-06-27 16:54:39 - app.services - INFO - SAFE: Device dev-007 passed evaluation (duration 0.007s)
2025-06-27 16:54:39 - app.services - WARNING - FLAGGED: Device dev-009 flagged after 3 suspicious activities
2025-06-27 16:54:39 - app.services - WARNING - DISHONEST RATING: Device dev-009 trust_score directly reduced from 0.527 to 0.427 (suspicious: 3).
2025-06-27 16:54:39 - app.services - INFO - SAFE: Device dev-005 passed evaluation (duration 0.008s)
2025-06-27 16:54:39 - app.services - INFO - SAFE: Device dev-002 passed evaluation (duration 0.005s)
2025-06-27 16:54:40 - app.services - WARNING - DISHONEST RATING: Device dev-005 trust_score directly reduced from 0.584 to 0.484 (suspicious: 2).
2025-06-27 16:54:40 - app.services - INFO - SAFE: Device dev-004 passed evaluation (duration 0.006s)
2025-06-27 16:54:40 - app.services - INFO - SAFE: Device dev-009 passed evaluation (duration 0.006s)
2025-06-27 16:54:40 - app.services - WARNING - FLAGGED: Device dev-009 flagged after 4 suspicious activities
2025-06-27 16:54:40 - app.services - WARNING - DISHONEST RATING: Device dev-009 trust_score directly reduced from 0.513 to 0.413 (suspicious: 4).
2025-06-27 16:54:40 - app.services - INFO - SAFE: Device dev-003 passed evaluation (duration 0.006s)
2025-06-27 16:54:40 - app.services - INFO - SAFE: Device dev-005 passed evaluation (duration 0.005s)
2025-06-27 16:54:40 - app.services - WARNING - FLAGGED: Device dev-005 flagged after 3 suspicious activities
2025-06-27 16:54:40 - app.services - WARNING - DISHONEST RATING: Device dev-005 trust_score directly reduced from 0.579 to 0.479 (suspicious: 3).
2025-06-27 16:54:40 - app.services - INFO - SAFE: Device dev-009 passed evaluation (duration 0.006s)
2025-06-27 16:54:40 - app.services - INFO - SAFE: Device dev-006 passed evaluation (duration 0.005s)
2025-06-27 16:54:40 - app.services - WARNING - FLAGGED: Device dev-009 flagged after 5 suspicious activities
2025-06-27 16:54:40 - app.services - WARNING - DISHONEST RATING: Device dev-009 trust_score directly reduced from 0.502 to 0.402 (suspicious: 5).
2025-06-27 16:54:40 - app.services - INFO - SAFE: Device dev-009 passed evaluation (duration 0.005s)
2025-06-27 16:54:40 - app.services - WARNING - BLACKLIST: Device dev-003 blacklisted after evaluation 0.005s with detection time: 3.705 after joined
2025-06-27 16:54:40 - app.services - WARNING - BLACKLIST_VIOLATION: Attempt to rate blacklisted device dev-003. Action blocked.
2025-06-27 16:54:40 - app.services - WARNING - BLACKLIST_VIOLATION: Blacklisted device dev-003 attempted to rate dev-009. Action blocked.
2025-06-27 16:54:40 - app.services - INFO - SAFE: Device dev-001 passed evaluation (duration 0.008s)
2025-06-27 16:54:40 - app.services - INFO - SAFE: Device dev-004 passed evaluation (duration 0.005s)
2025-06-27 16:54:40 - app.services - INFO - SAFE: Device dev-009 passed evaluation (duration 0.005s)
2025-06-27 16:54:40 - app.services - INFO - SAFE: Device dev-002 passed evaluation (duration 0.004s)
2025-06-27 16:54:41 - app.services - WARNING - FLAGGED: Device dev-009 flagged after 6 suspicious activities
2025-06-27 16:54:41 - app.services - WARNING - DISHONEST RATING: Device dev-009 trust_score directly reduced from 0.442 to 0.342 (suspicious: 6).
2025-06-27 16:54:41 - app.services - INFO - SAFE: Device dev-007 passed evaluation (duration 0.006s)
2025-06-27 16:54:41 - app.services - INFO - SAFE: Device dev-002 passed evaluation (duration 0.006s)
2025-06-27 16:54:41 - app.services - WARNING - BLACKLIST_VIOLATION: Connection between dev-005 (blacklisted: False) and dev-003 (blacklisted: True) was blocked.
2025-06-27 16:54:41 - app.services - WARNING - BLACKLIST_VIOLATION: Attempt to rate blacklisted device dev-003. Action blocked.
2025-06-27 16:54:41 - app.services - WARNING - BLACKLIST_VIOLATION: Blacklisted device dev-003 attempted to rate dev-005. Action blocked.
2025-06-27 16:54:41 - app.services - INFO - SAFE: Device dev-000 passed evaluation (duration 0.005s)
2025-06-27 16:54:41 - app.services - INFO - SAFE: Device dev-004 passed evaluation (duration 0.006s)
2025-06-27 16:54:41 - app.services - INFO - SAFE: Device dev-007 passed evaluation (duration 0.005s)
2025-06-27 16:54:41 - app.services - INFO - SAFE: Device dev-002 passed evaluation (duration 0.005s)
2025-06-27 16:54:41 - app.services - WARNING - BLACKLIST: Device dev-008 blacklisted after evaluation 0.005s with detection time: 4.339 after joined
2025-06-27 16:54:41 - app.services - DEBUG - SKIP_UPDATE: Peer dev-008 is blacklisted, skipping trust update for dev-004
2025-06-27 16:54:41 - app.services - WARNING - BLACKLIST_VIOLATION: Blacklisted device dev-008 attempted to rate dev-004. Action blocked.
2025-06-27 16:54:41 - app.services - WARNING - BLACKLIST_VIOLATION: Attempt to rate blacklisted device dev-008. Action blocked.
2025-06-27 16:54:41 - app.services - WARNING - BLACKLIST_VIOLATION: Connection between dev-005 (blacklisted: False) and dev-008 (blacklisted: True) was blocked.
2025-06-27 16:54:41 - app.services - WARNING - BLACKLIST_VIOLATION: Attempt to rate blacklisted device dev-008. Action blocked.
2025-06-27 16:54:41 - app.services - WARNING - BLACKLIST_VIOLATION: Blacklisted device dev-008 attempted to rate dev-005. Action blocked.
2025-06-27 16:54:41 - app.services - WARNING - BLACKLIST_VIOLATION: Connection between dev-007 (blacklisted: False) and dev-003 (blacklisted: True) was blocked.
2025-06-27 16:54:41 - app.services - WARNING - BLACKLIST_VIOLATION: Attempt to rate blacklisted device dev-003. Action blocked.
2025-06-27 16:54:41 - app.services - WARNING - BLACKLIST_VIOLATION: Blacklisted device dev-003 attempted to rate dev-007. Action blocked.
2025-06-27 16:54:41 - app.services - WARNING - BLACKLIST_VIOLATION: Connection between dev-008 (blacklisted: True) and dev-005 (blacklisted: False) was blocked.
2025-06-27 16:54:42 - app.services - WARNING - BLACKLIST_VIOLATION: Blacklisted device dev-008 attempted to rate dev-005. Action blocked.
2025-06-27 16:54:42 - app.services - WARNING - BLACKLIST_VIOLATION: Attempt to rate blacklisted device dev-008. Action blocked.
2025-06-27 16:54:42 - app.services - INFO - SAFE: Device dev-001 passed evaluation (duration 0.005s)
2025-06-27 16:54:42 - app.services - INFO - SAFE: Device dev-005 passed evaluation (duration 0.005s)
2025-06-27 16:54:42 - app.services - WARNING - FLAGGED: Device dev-005 flagged after 4 suspicious activities
2025-06-27 16:54:42 - app.services - WARNING - DISHONEST RATING: Device dev-005 trust_score directly reduced from 0.595 to 0.495 (suspicious: 4).
2025-06-27 16:54:42 - app.services - WARNING - BLACKLIST_VIOLATION: Connection between dev-007 (blacklisted: False) and dev-003 (blacklisted: True) was blocked.
2025-06-27 16:54:42 - app.services - WARNING - BLACKLIST_VIOLATION: Attempt to rate blacklisted device dev-003. Action blocked.
2025-06-27 16:54:42 - app.services - WARNING - BLACKLIST_VIOLATION: Blacklisted device dev-003 attempted to rate dev-007. Action blocked.
2025-06-27 16:54:42 - app.services - WARNING - BLACKLIST_VIOLATION: Connection between dev-003 (blacklisted: True) and dev-001 (blacklisted: False) was blocked.
2025-06-27 16:54:42 - app.services - WARNING - BLACKLIST_VIOLATION: Blacklisted device dev-003 attempted to rate dev-001. Action blocked.
2025-06-27 16:54:42 - app.services - WARNING - BLACKLIST_VIOLATION: Attempt to rate blacklisted device dev-003. Action blocked.
2025-06-27 16:54:42 - app.services - WARNING - BLACKLIST_VIOLATION: Connection between dev-008 (blacklisted: True) and dev-009 (blacklisted: False) was blocked.
2025-06-27 16:54:42 - app.services - WARNING - BLACKLIST_VIOLATION: Blacklisted device dev-008 attempted to rate dev-009. Action blocked.
2025-06-27 16:54:42 - app.services - WARNING - BLACKLIST_VIOLATION: Attempt to rate blacklisted device dev-008. Action blocked.
2025-06-27 16:54:42 - app.services - INFO - SAFE: Device dev-001 passed evaluation (duration 0.004s)
2025-06-27 16:54:42 - app.services - INFO - SAFE: Device dev-005 passed evaluation (duration 0.005s)
2025-06-27 16:54:42 - app.services - WARNING - FLAGGED: Device dev-005 flagged after 5 suspicious activities
2025-06-27 16:54:42 - app.services - WARNING - DISHONEST RATING: Device dev-005 trust_score directly reduced from 0.602 to 0.502 (suspicious: 5).
2025-06-27 16:54:42 - app.services - WARNING - BLACKLIST_VIOLATION: Connection between dev-008 (blacklisted: True) and dev-001 (blacklisted: False) was blocked.
2025-06-27 16:54:42 - app.services - WARNING - BLACKLIST_VIOLATION: Blacklisted device dev-008 attempted to rate dev-001. Action blocked.
2025-06-27 16:54:42 - app.services - WARNING - BLACKLIST_VIOLATION: Attempt to rate blacklisted device dev-008. Action blocked.
2025-06-27 16:54:42 - app.services - INFO - SAFE: Device dev-009 passed evaluation (duration 0.005s)
2025-06-27 16:54:42 - app.services - INFO - SAFE: Device dev-007 passed evaluation (duration 0.005s)
2025-06-27 16:54:42 - app.services - WARNING - FLAGGED: Device dev-009 flagged after 7 suspicious activities
2025-06-27 16:54:42 - app.services - WARNING - DISHONEST RATING: Device dev-009 trust_score directly reduced from 0.401 to 0.301 (suspicious: 7).
2025-06-27 16:54:42 - app.services - INFO - SAFE: Device dev-001 passed evaluation (duration 0.005s)
2025-06-27 16:54:42 - app.services - WARNING - BLACKLIST: Device dev-009 blacklisted after evaluation 0.004s with detection time: 5.433 after joined
2025-06-27 16:54:42 - app.services - WARNING - BLACKLIST_VIOLATION: Attempt to rate blacklisted device dev-009. Action blocked.
2025-06-27 16:54:42 - app.services - WARNING - BLACKLIST_VIOLATION: Blacklisted device dev-009 attempted to rate dev-001. Action blocked.
2025-06-27 16:54:43 - app.services - INFO - SAFE: Device dev-005 passed evaluation (duration 0.005s)
2025-06-27 16:54:43 - app.services - INFO - SAFE: Device dev-004 passed evaluation (duration 0.004s)
2025-06-27 16:54:43 - app.services - WARNING - FLAGGED: Device dev-005 flagged after 6 suspicious activities
2025-06-27 16:54:43 - app.services - WARNING - DISHONEST RATING: Device dev-005 trust_score directly reduced from 0.488 to 0.388 (suspicious: 6).
2025-06-27 16:54:43 - app.services - WARNING - BLACKLIST_VIOLATION: Connection between dev-005 (blacklisted: False) and dev-003 (blacklisted: True) was blocked.
2025-06-27 16:54:43 - app.services - WARNING - BLACKLIST_VIOLATION: Attempt to rate blacklisted device dev-003. Action blocked.
2025-06-27 16:54:43 - app.services - WARNING - BLACKLIST_VIOLATION: Blacklisted device dev-003 attempted to rate dev-005. Action blocked.
2025-06-27 16:54:43 - app.services - WARNING - BLACKLIST_VIOLATION: Connection between dev-004 (blacklisted: False) and dev-003 (blacklisted: True) was blocked.
2025-06-27 16:54:43 - app.services - WARNING - BLACKLIST_VIOLATION: Attempt to rate blacklisted device dev-003. Action blocked.
2025-06-27 16:54:43 - app.services - WARNING - BLACKLIST_VIOLATION: Blacklisted device dev-003 attempted to rate dev-004. Action blocked.
2025-06-27 16:54:43 - app.services - INFO - SAFE: Device dev-006 passed evaluation (duration 0.006s)
2025-06-27 16:54:43 - app.services - INFO - SAFE: Device dev-005 passed evaluation (duration 0.005s)
2025-06-27 16:54:43 - app.services - WARNING - FLAGGED: Device dev-005 flagged after 7 suspicious activities
2025-06-27 16:54:43 - app.services - WARNING - DISHONEST RATING: Device dev-005 trust_score directly reduced from 0.461 to 0.361 (suspicious: 7).
2025-06-27 16:54:43 - app.services - WARNING - BLACKLIST_VIOLATION: Connection between dev-009 (blacklisted: True) and dev-007 (blacklisted: False) was blocked.
2025-06-27 16:54:43 - app.services - WARNING - BLACKLIST_VIOLATION: Blacklisted device dev-009 attempted to rate dev-007. Action blocked.
2025-06-27 16:54:43 - app.services - WARNING - BLACKLIST_VIOLATION: Attempt to rate blacklisted device dev-009. Action blocked.
2025-06-27 16:54:43 - app.services - WARNING - BLACKLIST_VIOLATION: Connection between dev-006 (blacklisted: False) and dev-008 (blacklisted: True) was blocked.
2025-06-27 16:54:43 - app.services - WARNING - BLACKLIST_VIOLATION: Attempt to rate blacklisted device dev-008. Action blocked.
2025-06-27 16:54:43 - app.services - WARNING - BLACKLIST_VIOLATION: Blacklisted device dev-008 attempted to rate dev-006. Action blocked.
2025-06-27 16:54:43 - app.services - INFO - SAFE: Device dev-005 passed evaluation (duration 0.004s)
2025-06-27 16:54:43 - app.services - INFO - SAFE: Device dev-001 passed evaluation (duration 0.004s)
2025-06-27 16:54:43 - app.services - WARNING - FLAGGED: Device dev-005 flagged after 8 suspicious activities
2025-06-27 16:54:43 - app.services - WARNING - DISHONEST RATING: Device dev-005 trust_score directly reduced from 0.431 to 0.331 (suspicious: 8).
2025-06-27 16:54:43 - app.services - INFO - SAFE: Device dev-000 passed evaluation (duration 0.004s)
2025-06-27 16:54:43 - app.services - INFO - SAFE: Device dev-004 passed evaluation (duration 0.005s)
2025-06-27 16:54:43 - app.services - WARNING - BLACKLIST_VIOLATION: Connection between dev-002 (blacklisted: False) and dev-009 (blacklisted: True) was blocked.
2025-06-27 16:54:43 - app.services - WARNING - BLACKLIST_VIOLATION: Attempt to rate blacklisted device dev-009. Action blocked.
2025-06-27 16:54:43 - app.services - WARNING - BLACKLIST_VIOLATION: Blacklisted device dev-009 attempted to rate dev-002. Action blocked.
2025-06-27 16:54:43 - app.services - WARNING - BLACKLIST_VIOLATION: Connection between dev-007 (blacklisted: False) and dev-003 (blacklisted: True) was blocked.
2025-06-27 16:54:43 - app.services - WARNING - BLACKLIST_VIOLATION: Attempt to rate blacklisted device dev-003. Action blocked.
2025-06-27 16:54:43 - app.services - WARNING - BLACKLIST_VIOLATION: Blacklisted device dev-003 attempted to rate dev-007. Action blocked.
2025-06-27 16:54:44 - app.services - INFO - SAFE: Device dev-006 passed evaluation (duration 0.006s)
2025-06-27 16:54:44 - app.services - INFO - SAFE: Device dev-000 passed evaluation (duration 0.004s)
2025-06-27 16:54:44 - app.services - INFO - SAFE: Device dev-001 passed evaluation (duration 0.005s)
2025-06-27 16:54:44 - app.services - INFO - SAFE: Device dev-006 passed evaluation (duration 0.005s)
2025-06-27 16:54:44 - app.services - INFO - SAFE: Device dev-000 passed evaluation (duration 0.005s)
2025-06-27 16:54:44 - app.services - INFO - SAFE: Device dev-005 passed evaluation (duration 0.005s)
2025-06-27 16:54:44 - app.services - WARNING - FLAGGED: Device dev-005 flagged after 9 suspicious activities
2025-06-27 16:54:44 - app.services - WARNING - DISHONEST RATING: Device dev-005 trust_score directly reduced from 0.300 to 0.200 (suspicious: 9).
2025-06-27 16:54:44 - app.services - WARNING - BLACKLIST_VIOLATION: Connection between dev-005 (blacklisted: False) and dev-009 (blacklisted: True) was blocked.
2025-06-27 16:54:44 - app.services - WARNING - BLACKLIST_VIOLATION: Attempt to rate blacklisted device dev-009. Action blocked.
2025-06-27 16:54:44 - app.services - WARNING - BLACKLIST_VIOLATION: Blacklisted device dev-009 attempted to rate dev-005. Action blocked.
2025-06-27 16:54:44 - app.services - INFO - SAFE: Device dev-001 passed evaluation (duration 0.005s)
2025-06-27 16:54:44 - app.services - INFO - SAFE: Device dev-002 passed evaluation (duration 0.006s)
2025-06-27 16:54:44 - app.services - INFO - SAFE: Device dev-000 passed evaluation (duration 0.004s)
2025-06-27 16:54:44 - app.services - INFO - SAFE: Device dev-004 passed evaluation (duration 0.004s)
2025-06-27 16:54:44 - app.services - WARNING - BLACKLIST_VIOLATION: Connection between dev-009 (blacklisted: True) and dev-000 (blacklisted: False) was blocked.
2025-06-27 16:54:44 - app.services - WARNING - BLACKLIST_VIOLATION: Blacklisted device dev-009 attempted to rate dev-000. Action blocked.
2025-06-27 16:54:44 - app.services - WARNING - BLACKLIST_VIOLATION: Attempt to rate blacklisted device dev-009. Action blocked.
2025-06-27 16:54:44 - app.services - WARNING - BLACKLIST_VIOLATION: Connection between dev-009 (blacklisted: True) and dev-003 (blacklisted: True) was blocked.
2025-06-27 16:54:44 - app.services - WARNING - BLACKLIST_VIOLATION: Blacklisted device dev-009 attempted to rate dev-003. Action blocked.
2025-06-27 16:54:44 - app.services - WARNING - BLACKLIST_VIOLATION: Blacklisted device dev-003 attempted to rate dev-009. Action blocked.
2025-06-27 16:54:44 - app.services - INFO - SAFE: Device dev-001 passed evaluation (duration 0.005s)
2025-06-27 16:54:45 - app.services - INFO - SAFE: Device dev-000 passed evaluation (duration 0.004s)
2025-06-27 16:54:45 - app.services - INFO - SAFE: Device dev-002 passed evaluation (duration 0.005s)
2025-06-27 16:54:45 - app.services - INFO - SAFE: Device dev-001 passed evaluation (duration 0.005s)
2025-06-27 16:54:45 - app.services - INFO - SAFE: Device dev-002 passed evaluation (duration 0.004s)
2025-06-27 16:54:45 - app.services - INFO - SAFE: Device dev-006 passed evaluation (duration 0.004s)
2025-06-27 16:54:45 - app.services - WARNING - BLACKLIST_VIOLATION: Connection between dev-002 (blacklisted: False) and dev-008 (blacklisted: True) was blocked.
2025-06-27 16:54:45 - app.services - WARNING - BLACKLIST_VIOLATION: Attempt to rate blacklisted device dev-008. Action blocked.
2025-06-27 16:54:45 - app.services - WARNING - BLACKLIST_VIOLATION: Blacklisted device dev-008 attempted to rate dev-002. Action blocked.
2025-06-27 16:54:45 - app.services - WARNING - BLACKLIST_VIOLATION: Connection between dev-008 (blacklisted: True) and dev-000 (blacklisted: False) was blocked.
2025-06-27 16:54:45 - app.services - WARNING - BLACKLIST_VIOLATION: Blacklisted device dev-008 attempted to rate dev-000. Action blocked.
2025-06-27 16:54:45 - app.services - WARNING - BLACKLIST_VIOLATION: Attempt to rate blacklisted device dev-008. Action blocked.
2025-06-27 16:54:45 - app.services - INFO - SAFE: Device dev-004 passed evaluation (duration 0.005s)
2025-06-27 16:54:45 - app.services - INFO - SAFE: Device dev-000 passed evaluation (duration 0.006s)
2025-06-27 16:54:45 - app.services - WARNING - BLACKLIST_VIOLATION: Connection between dev-008 (blacklisted: True) and dev-001 (blacklisted: False) was blocked.
2025-06-27 16:54:45 - app.services - WARNING - BLACKLIST_VIOLATION: Blacklisted device dev-008 attempted to rate dev-001. Action blocked.
2025-06-27 16:54:45 - app.services - WARNING - BLACKLIST_VIOLATION: Attempt to rate blacklisted device dev-008. Action blocked.
2025-06-27 16:54:45 - app.services - INFO - SAFE: Device dev-006 passed evaluation (duration 0.006s)
2025-06-27 16:54:45 - app.services - INFO - SAFE: Device dev-004 passed evaluation (duration 0.004s)
2025-06-27 16:54:45 - app.services - WARNING - BLACKLIST_VIOLATION: Connection between dev-009 (blacklisted: True) and dev-004 (blacklisted: False) was blocked.
2025-06-27 16:54:46 - app.services - WARNING - BLACKLIST_VIOLATION: Blacklisted device dev-009 attempted to rate dev-004. Action blocked.
2025-06-27 16:54:46 - app.services - WARNING - BLACKLIST_VIOLATION: Attempt to rate blacklisted device dev-009. Action blocked.
2025-06-27 16:54:46 - app.services - WARNING - BLACKLIST_VIOLATION: Connection between dev-000 (blacklisted: False) and dev-009 (blacklisted: True) was blocked.
2025-06-27 16:54:46 - app.services - WARNING - BLACKLIST_VIOLATION: Attempt to rate blacklisted device dev-009. Action blocked.
2025-06-27 16:54:46 - app.services - WARNING - BLACKLIST_VIOLATION: Blacklisted device dev-009 attempted to rate dev-000. Action blocked.
2025-06-27 16:54:46 - app.services - WARNING - BLACKLIST_VIOLATION: Connection between dev-002 (blacklisted: False) and dev-003 (blacklisted: True) was blocked.
2025-06-27 16:54:46 - app.services - WARNING - BLACKLIST_VIOLATION: Attempt to rate blacklisted device dev-003. Action blocked.
2025-06-27 16:54:46 - app.services - WARNING - BLACKLIST_VIOLATION: Blacklisted device dev-003 attempted to rate dev-002. Action blocked.
2025-06-27 16:54:46 - app.services - WARNING - BLACKLIST_VIOLATION: Connection between dev-002 (blacklisted: False) and dev-009 (blacklisted: True) was blocked.
2025-06-27 16:54:46 - app.services - WARNING - BLACKLIST_VIOLATION: Attempt to rate blacklisted device dev-009. Action blocked.
2025-06-27 16:54:46 - app.services - WARNING - BLACKLIST_VIOLATION: Blacklisted device dev-009 attempted to rate dev-002. Action blocked.
2025-06-27 16:54:46 - app.services - WARNING - BLACKLIST_VIOLATION: Connection between dev-008 (blacklisted: True) and dev-001 (blacklisted: False) was blocked.
2025-06-27 16:54:46 - app.services - WARNING - BLACKLIST_VIOLATION: Blacklisted device dev-008 attempted to rate dev-001. Action blocked.
2025-06-27 16:54:46 - app.services - WARNING - BLACKLIST_VIOLATION: Attempt to rate blacklisted device dev-008. Action blocked.
2025-06-27 16:54:46 - app.services - WARNING - BLACKLIST_VIOLATION: Connection between dev-003 (blacklisted: True) and dev-008 (blacklisted: True) was blocked.
2025-06-27 16:54:46 - app.services - WARNING - BLACKLIST_VIOLATION: Blacklisted device dev-003 attempted to rate dev-008. Action blocked.
2025-06-27 16:54:46 - app.services - WARNING - BLACKLIST_VIOLATION: Blacklisted device dev-008 attempted to rate dev-003. Action blocked.
2025-06-27 16:54:46 - app.services - WARNING - BLACKLIST_VIOLATION: Connection between dev-008 (blacklisted: True) and dev-007 (blacklisted: False) was blocked.
2025-06-27 16:54:46 - app.services - WARNING - BLACKLIST_VIOLATION: Blacklisted device dev-008 attempted to rate dev-007. Action blocked.
2025-06-27 16:54:46 - app.services - WARNING - BLACKLIST_VIOLATION: Attempt to rate blacklisted device dev-008. Action blocked.
2025-06-27 16:54:46 - app.services - INFO - SAFE: Device dev-007 passed evaluation (duration 0.005s)
2025-06-27 16:54:46 - app.services - WARNING - BLACKLIST: Device dev-005 blacklisted after evaluation 0.004s with detection time: 9.355 after joined
2025-06-27 16:54:46 - app.services - WARNING - BLACKLIST_VIOLATION: Attempt to rate blacklisted device dev-005. Action blocked.
2025-06-27 16:54:46 - app.services - WARNING - BLACKLIST_VIOLATION: Blacklisted device dev-005 attempted to rate dev-007. Action blocked.
2025-06-27 16:54:46 - app.services - WARNING - BLACKLIST_VIOLATION: Connection between dev-009 (blacklisted: True) and dev-006 (blacklisted: False) was blocked.
2025-06-27 16:54:46 - app.services - WARNING - BLACKLIST_VIOLATION: Blacklisted device dev-009 attempted to rate dev-006. Action blocked.
2025-06-27 16:54:46 - app.services - WARNING - BLACKLIST_VIOLATION: Attempt to rate blacklisted device dev-009. Action blocked.
2025-06-27 16:54:46 - app.services - WARNING - BLACKLIST_VIOLATION: Connection between dev-005 (blacklisted: True) and dev-001 (blacklisted: False) was blocked.
2025-06-27 16:54:46 - app.services - WARNING - BLACKLIST_VIOLATION: Blacklisted device dev-005 attempted to rate dev-001. Action blocked.
2025-06-27 16:54:46 - app.services - WARNING - BLACKLIST_VIOLATION: Attempt to rate blacklisted device dev-005. Action blocked.
2025-06-27 16:54:46 - app.services - WARNING - BLACKLIST_VIOLATION: Connection between dev-005 (blacklisted: True) and dev-008 (blacklisted: True) was blocked.
2025-06-27 16:54:46 - app.services - WARNING - BLACKLIST_VIOLATION: Blacklisted device dev-005 attempted to rate dev-008. Action blocked.
2025-06-27 16:54:46 - app.services - WARNING - BLACKLIST_VIOLATION: Blacklisted device dev-008 attempted to rate dev-005. Action blocked.
2025-06-27 16:54:46 - app.services - WARNING - BLACKLIST_VIOLATION: Connection between dev-009 (blacklisted: True) and dev-000 (blacklisted: False) was blocked.
2025-06-27 16:54:46 - app.services - WARNING - BLACKLIST_VIOLATION: Blacklisted device dev-009 attempted to rate dev-000. Action blocked.
2025-06-27 16:54:46 - app.services - WARNING - BLACKLIST_VIOLATION: Attempt to rate blacklisted device dev-009. Action blocked.
2025-06-27 16:54:46 - app.services - INFO - SAFE: Device dev-001 passed evaluation (duration 0.007s)
2025-06-27 16:54:46 - app.services - INFO - SAFE: Device dev-000 passed evaluation (duration 0.005s)
2025-06-27 16:54:46 - app.services - WARNING - BLACKLIST_VIOLATION: Connection between dev-005 (blacklisted: True) and dev-004 (blacklisted: False) was blocked.
2025-06-27 16:54:46 - app.services - WARNING - BLACKLIST_VIOLATION: Blacklisted device dev-005 attempted to rate dev-004. Action blocked.
2025-06-27 16:54:47 - app.services - WARNING - BLACKLIST_VIOLATION: Attempt to rate blacklisted device dev-005. Action blocked.
2025-06-27 16:54:47 - app.services - WARNING - BLACKLIST_VIOLATION: Connection between dev-001 (blacklisted: False) and dev-009 (blacklisted: True) was blocked.
2025-06-27 16:54:47 - app.services - WARNING - BLACKLIST_VIOLATION: Attempt to rate blacklisted device dev-009. Action blocked.
2025-06-27 16:54:47 - app.services - WARNING - BLACKLIST_VIOLATION: Blacklisted device dev-009 attempted to rate dev-001. Action blocked.
2025-06-27 16:54:47 - app.services - WARNING - BLACKLIST_VIOLATION: Connection between dev-003 (blacklisted: True) and dev-006 (blacklisted: False) was blocked.
2025-06-27 16:54:47 - app.services - WARNING - BLACKLIST_VIOLATION: Blacklisted device dev-003 attempted to rate dev-006. Action blocked.
2025-06-27 16:54:47 - app.services - WARNING - BLACKLIST_VIOLATION: Attempt to rate blacklisted device dev-003. Action blocked.
2025-06-27 16:54:47 - app.services - INFO - SAFE: Device dev-006 passed evaluation (duration 0.005s)
2025-06-27 16:54:47 - app.services - INFO - SAFE: Device dev-002 passed evaluation (duration 0.006s)
2025-06-27 16:54:47 - app.services - WARNING - BLACKLIST_VIOLATION: Connection between dev-003 (blacklisted: True) and dev-004 (blacklisted: False) was blocked.
2025-06-27 16:54:47 - app.services - WARNING - BLACKLIST_VIOLATION: Blacklisted device dev-003 attempted to rate dev-004. Action blocked.
2025-06-27 16:54:47 - app.services - WARNING - BLACKLIST_VIOLATION: Attempt to rate blacklisted device dev-003. Action blocked.
2025-06-27 16:54:47 - app.services - WARNING - BLACKLIST_VIOLATION: Connection between dev-000 (blacklisted: False) and dev-003 (blacklisted: True) was blocked.
2025-06-27 16:54:47 - app.services - WARNING - BLACKLIST_VIOLATION: Attempt to rate blacklisted device dev-003. Action blocked.
2025-06-27 16:54:47 - app.services - WARNING - BLACKLIST_VIOLATION: Blacklisted device dev-003 attempted to rate dev-000. Action blocked.
2025-06-27 16:54:47 - app.services - INFO - SAFE: Device dev-004 passed evaluation (duration 0.007s)
2025-06-27 16:54:47 - app.services - INFO - SAFE: Device dev-002 passed evaluation (duration 0.004s)
2025-06-27 16:54:47 - app.services - INFO - SAFE: Device dev-001 passed evaluation (duration 0.005s)
2025-06-27 16:54:47 - app.services - INFO - SAFE: Device dev-002 passed evaluation (duration 0.005s)
2025-06-27 16:54:47 - app.services - WARNING - BLACKLIST_VIOLATION: Connection between dev-004 (blacklisted: False) and dev-009 (blacklisted: True) was blocked.
2025-06-27 16:54:47 - app.services - WARNING - BLACKLIST_VIOLATION: Attempt to rate blacklisted device dev-009. Action blocked.
2025-06-27 16:54:47 - app.services - WARNING - BLACKLIST_VIOLATION: Blacklisted device dev-009 attempted to rate dev-004. Action blocked.
2025-06-27 16:54:47 - app.services - INFO - SAFE: Device dev-001 passed evaluation (duration 0.004s)
2025-06-27 16:54:47 - app.services - INFO - SAFE: Device dev-007 passed evaluation (duration 0.005s)
2025-06-27 16:54:48 - app.services - WARNING - BLACKLIST_VIOLATION: Connection between dev-005 (blacklisted: True) and dev-000 (blacklisted: False) was blocked.
2025-06-27 16:54:48 - app.services - WARNING - BLACKLIST_VIOLATION: Blacklisted device dev-005 attempted to rate dev-000. Action blocked.
2025-06-27 16:54:48 - app.services - WARNING - BLACKLIST_VIOLATION: Attempt to rate blacklisted device dev-005. Action blocked.
2025-06-27 16:54:48 - app.services - WARNING - BLACKLIST_VIOLATION: Connection between dev-002 (blacklisted: False) and dev-005 (blacklisted: True) was blocked.
2025-06-27 16:54:48 - app.services - WARNING - BLACKLIST_VIOLATION: Attempt to rate blacklisted device dev-005. Action blocked.
2025-06-27 16:54:48 - app.services - WARNING - BLACKLIST_VIOLATION: Blacklisted device dev-005 attempted to rate dev-002. Action blocked.
2025-06-27 16:54:48 - app.services - INFO - SAFE: Device dev-002 passed evaluation (duration 0.004s)
2025-06-27 16:54:48 - app.services - INFO - SAFE: Device dev-006 passed evaluation (duration 0.004s)
2025-06-27 16:54:48 - app.services - INFO - SAFE: Device dev-002 passed evaluation (duration 0.005s)
2025-06-27 16:54:48 - app.services - INFO - SAFE: Device dev-006 passed evaluation (duration 0.005s)
2025-06-27 16:54:48 - app.services - WARNING - BLACKLIST_VIOLATION: Connection between dev-005 (blacklisted: True) and dev-008 (blacklisted: True) was blocked.
2025-06-27 16:54:48 - app.services - WARNING - BLACKLIST_VIOLATION: Blacklisted device dev-005 attempted to rate dev-008. Action blocked.
2025-06-27 16:54:48 - app.services - WARNING - BLACKLIST_VIOLATION: Blacklisted device dev-008 attempted to rate dev-005. Action blocked.
2025-06-27 16:54:48 - app.services - INFO - SAFE: Device dev-006 passed evaluation (duration 0.006s)
2025-06-27 16:54:48 - app.services - INFO - SAFE: Device dev-002 passed evaluation (duration 0.005s)
2025-06-27 16:54:48 - app.services - WARNING - BLACKLIST_VIOLATION: Connection between dev-009 (blacklisted: True) and dev-004 (blacklisted: False) was blocked.
2025-06-27 16:54:48 - app.services - WARNING - BLACKLIST_VIOLATION: Blacklisted device dev-009 attempted to rate dev-004. Action blocked.
2025-06-27 16:54:48 - app.services - WARNING - BLACKLIST_VIOLATION: Attempt to rate blacklisted device dev-009. Action blocked.
2025-06-27 16:54:48 - app.services - INFO - SAFE: Device dev-000 passed evaluation (duration 0.004s)
2025-06-27 16:54:48 - app.services - INFO - SAFE: Device dev-002 passed evaluation (duration 0.004s)
2025-06-27 16:54:49 - app.services - INFO - SAFE: Device dev-000 passed evaluation (duration 0.004s)
2025-06-27 16:54:49 - app.services - INFO - SAFE: Device dev-001 passed evaluation (duration 0.004s)
2025-06-27 16:54:49 - app.services - WARNING - BLACKLIST_VIOLATION: Connection between dev-005 (blacklisted: True) and dev-001 (blacklisted: False) was blocked.
2025-06-27 16:54:49 - app.services - WARNING - BLACKLIST_VIOLATION: Blacklisted device dev-005 attempted to rate dev-001. Action blocked.
2025-06-27 16:54:49 - app.services - WARNING - BLACKLIST_VIOLATION: Attempt to rate blacklisted device dev-005. Action blocked.
2025-06-27 16:54:49 - app.services - WARNING - BLACKLIST_VIOLATION: Connection between dev-002 (blacklisted: False) and dev-003 (blacklisted: True) was blocked.
2025-06-27 16:54:49 - app.services - WARNING - BLACKLIST_VIOLATION: Attempt to rate blacklisted device dev-003. Action blocked.
2025-06-27 16:54:49 - app.services - WARNING - BLACKLIST_VIOLATION: Blacklisted device dev-003 attempted to rate dev-002. Action blocked.
2025-06-27 16:54:49 - app.services - WARNING - BLACKLIST_VIOLATION: Connection between dev-005 (blacklisted: True) and dev-000 (blacklisted: False) was blocked.
2025-06-27 16:54:49 - app.services - WARNING - BLACKLIST_VIOLATION: Blacklisted device dev-005 attempted to rate dev-000. Action blocked.
2025-06-27 16:54:49 - app.services - WARNING - BLACKLIST_VIOLATION: Attempt to rate blacklisted device dev-005. Action blocked.
2025-06-27 16:54:49 - app.services - WARNING - BLACKLIST_VIOLATION: Connection between dev-005 (blacklisted: True) and dev-009 (blacklisted: True) was blocked.
2025-06-27 16:54:49 - app.services - WARNING - BLACKLIST_VIOLATION: Blacklisted device dev-005 attempted to rate dev-009. Action blocked.
2025-06-27 16:54:49 - app.services - WARNING - BLACKLIST_VIOLATION: Blacklisted device dev-009 attempted to rate dev-005. Action blocked.
2025-06-27 16:54:49 - app.services - WARNING - BLACKLIST_VIOLATION: Connection between dev-003 (blacklisted: True) and dev-006 (blacklisted: False) was blocked.
2025-06-27 16:54:49 - app.services - WARNING - BLACKLIST_VIOLATION: Blacklisted device dev-003 attempted to rate dev-006. Action blocked.
2025-06-27 16:54:49 - app.services - WARNING - BLACKLIST_VIOLATION: Attempt to rate blacklisted device dev-003. Action blocked.
2025-06-27 16:54:49 - app.services - WARNING - BLACKLIST_VIOLATION: Connection between dev-008 (blacklisted: True) and dev-004 (blacklisted: False) was blocked.
2025-06-27 16:54:49 - app.services - WARNING - BLACKLIST_VIOLATION: Blacklisted device dev-008 attempted to rate dev-004. Action blocked.
2025-06-27 16:54:49 - app.services - WARNING - BLACKLIST_VIOLATION: Attempt to rate blacklisted device dev-008. Action blocked.
2025-06-27 16:54:49 - app.services - WARNING - BLACKLIST_VIOLATION: Connection between dev-008 (blacklisted: True) and dev-007 (blacklisted: False) was blocked.
2025-06-27 16:54:49 - app.services - WARNING - BLACKLIST_VIOLATION: Blacklisted device dev-008 attempted to rate dev-007. Action blocked.
2025-06-27 16:54:49 - app.services - WARNING - BLACKLIST_VIOLATION: Attempt to rate blacklisted device dev-008. Action blocked.
2025-06-27 16:54:49 - app.services - WARNING - BLACKLIST_VIOLATION: Connection between dev-007 (blacklisted: False) and dev-009 (blacklisted: True) was blocked.
2025-06-27 16:54:49 - app.services - WARNING - BLACKLIST_VIOLATION: Attempt to rate blacklisted device dev-009. Action blocked.
2025-06-27 16:54:49 - app.services - WARNING - BLACKLIST_VIOLATION: Blacklisted device dev-009 attempted to rate dev-007. Action blocked.
2025-06-27 16:54:49 - app.services - WARNING - BLACKLIST_VIOLATION: Connection between dev-000 (blacklisted: False) and dev-008 (blacklisted: True) was blocked.
2025-06-27 16:54:49 - app.services - WARNING - BLACKLIST_VIOLATION: Attempt to rate blacklisted device dev-008. Action blocked.
2025-06-27 16:54:49 - app.services - WARNING - BLACKLIST_VIOLATION: Blacklisted device dev-008 attempted to rate dev-000. Action blocked.
