2025-06-26 18:35:36 - app.services - INFO - Selecting new coordinator...
2025-06-26 18:35:36 - app.services - INFO - Internal coordinator selected: dev-000 (RSU)
2025-06-26 18:35:37 - app.services - INFO - SAFE: Device dev-005 passed evaluation (duration 0.008s)
2025-06-26 18:35:37 - app.services - INFO - SAFE: Device dev-000 passed evaluation (duration 0.003s)
2025-06-26 18:35:37 - app.services - INFO - SAFE: Device dev-007 passed evaluation (duration 0.004s)
2025-06-26 18:35:37 - app.services - INFO - SAFE: Device dev-009 passed evaluation (duration 0.003s)
2025-06-26 18:35:37 - app.services - INFO - SAFE: Device dev-004 passed evaluation (duration 0.004s)
2025-06-26 18:35:37 - app.services - INFO - SAFE: Device dev-000 passed evaluation (duration 0.003s)
2025-06-26 18:35:37 - app.services - INFO - SAFE: Device dev-008 passed evaluation (duration 0.004s)
2025-06-26 18:35:37 - app.services - INFO - SAFE: Device dev-002 passed evaluation (duration 0.003s)
2025-06-26 18:35:37 - app.services - WARNING - DISHONEST RATING: Device dev-008 trust_score directly reduced from 0.587 to 0.487 (suspicious: 1).
2025-06-26 18:35:37 - app.services - INFO - SAFE: Device dev-008 passed evaluation (duration 0.006s)
2025-06-26 18:35:37 - app.services - INFO - SAFE: Device dev-000 passed evaluation (duration 0.004s)
2025-06-26 18:35:37 - app.services - WARNING - DISHONEST RATING: Device dev-008 trust_score directly reduced from 0.526 to 0.426 (suspicious: 2).
2025-06-26 18:35:37 - app.services - INFO - SAFE: Device dev-008 passed evaluation (duration 0.003s)
2025-06-26 18:35:37 - app.services - INFO - SAFE: Device dev-002 passed evaluation (duration 0.003s)
2025-06-26 18:35:37 - app.services - WARNING - FLAGGED: Device dev-008 flagged after 3 suspicious activities
2025-06-26 18:35:37 - app.services - WARNING - DISHONEST RATING: Device dev-008 trust_score directly reduced from 0.534 to 0.434 (suspicious: 3).
2025-06-26 18:35:38 - app.services - INFO - SAFE: Device dev-005 passed evaluation (duration 0.003s)
2025-06-26 18:35:38 - app.services - INFO - SAFE: Device dev-006 passed evaluation (duration 0.003s)
2025-06-26 18:35:38 - app.services - WARNING - DISHONEST RATING: Device dev-006 trust_score directly reduced from 0.622 to 0.522 (suspicious: 1).
2025-06-26 18:35:38 - app.services - INFO - SAFE: Device dev-006 passed evaluation (duration 0.005s)
2025-06-26 18:35:38 - app.services - INFO - SAFE: Device dev-000 passed evaluation (duration 0.004s)
2025-06-26 18:35:38 - app.services - WARNING - DISHONEST RATING: Device dev-006 trust_score directly reduced from 0.610 to 0.510 (suspicious: 2).
2025-06-26 18:35:38 - app.services - INFO - SAFE: Device dev-004 passed evaluation (duration 0.005s)
2025-06-26 18:35:38 - app.services - INFO - SAFE: Device dev-003 passed evaluation (duration 0.003s)
2025-06-26 18:35:38 - app.services - WARNING - BLACKLIST: Device dev-009 blacklisted after evaluation 0.004s with detection time: 1.150 after joined
2025-06-26 18:35:38 - app.services - DEBUG - SKIP_UPDATE: Peer dev-009 is blacklisted, skipping trust update for dev-007
2025-06-26 18:35:38 - app.services - WARNING - BLACKLIST_VIOLATION: Blacklisted device dev-009 attempted to rate dev-007. Action blocked.
2025-06-26 18:35:38 - app.services - WARNING - BLACKLIST_VIOLATION: Attempt to rate blacklisted device dev-009. Action blocked.
2025-06-26 18:35:38 - app.services - INFO - SAFE: Device dev-008 passed evaluation (duration 0.003s)
2025-06-26 18:35:38 - app.services - INFO - SAFE: Device dev-004 passed evaluation (duration 0.004s)
2025-06-26 18:35:38 - app.services - WARNING - FLAGGED: Device dev-008 flagged after 4 suspicious activities
2025-06-26 18:35:38 - app.services - WARNING - DISHONEST RATING: Device dev-008 trust_score directly reduced from 0.478 to 0.378 (suspicious: 4).
2025-06-26 18:35:38 - app.services - INFO - SAFE: Device dev-008 passed evaluation (duration 0.003s)
2025-06-26 18:35:38 - app.services - INFO - SAFE: Device dev-006 passed evaluation (duration 0.003s)
2025-06-26 18:35:38 - app.services - WARNING - FLAGGED: Device dev-008 flagged after 5 suspicious activities
2025-06-26 18:35:38 - app.services - WARNING - DISHONEST RATING: Device dev-008 trust_score directly reduced from 0.433 to 0.333 (suspicious: 5).
2025-06-26 18:35:38 - app.services - INFO - SAFE: Device dev-007 passed evaluation (duration 0.003s)
2025-06-26 18:35:38 - app.services - INFO - SAFE: Device dev-001 passed evaluation (duration 0.004s)
2025-06-26 18:35:38 - app.services - INFO - SAFE: Device dev-003 passed evaluation (duration 0.004s)
2025-06-26 18:35:38 - app.services - INFO - SAFE: Device dev-007 passed evaluation (duration 0.003s)
2025-06-26 18:35:38 - app.services - INFO - SAFE: Device dev-000 passed evaluation (duration 0.003s)
2025-06-26 18:35:39 - app.services - INFO - SAFE: Device dev-003 passed evaluation (duration 0.003s)
2025-06-26 18:35:39 - app.services - INFO - SAFE: Device dev-004 passed evaluation (duration 0.005s)
2025-06-26 18:35:39 - app.services - INFO - SAFE: Device dev-006 passed evaluation (duration 0.003s)
2025-06-26 18:35:39 - app.services - WARNING - FLAGGED: Device dev-006 flagged after 3 suspicious activities
2025-06-26 18:35:39 - app.services - WARNING - DISHONEST RATING: Device dev-006 trust_score directly reduced from 0.660 to 0.560 (suspicious: 3).
2025-06-26 18:35:39 - app.services - INFO - SAFE: Device dev-006 passed evaluation (duration 0.003s)
2025-06-26 18:35:39 - app.services - INFO - SAFE: Device dev-001 passed evaluation (duration 0.003s)
2025-06-26 18:35:39 - app.services - WARNING - FLAGGED: Device dev-006 flagged after 4 suspicious activities
2025-06-26 18:35:39 - app.services - WARNING - DISHONEST RATING: Device dev-006 trust_score directly reduced from 0.643 to 0.543 (suspicious: 4).
2025-06-26 18:35:39 - app.services - INFO - SAFE: Device dev-005 passed evaluation (duration 0.004s)
2025-06-26 18:35:39 - app.services - WARNING - BLACKLIST: Device dev-002 blacklisted after evaluation 0.004s with detection time: 2.393 after joined
2025-06-26 18:35:39 - app.services - WARNING - BLACKLIST_VIOLATION: Attempt to rate blacklisted device dev-002. Action blocked.
2025-06-26 18:35:39 - app.services - WARNING - BLACKLIST_VIOLATION: Blacklisted device dev-002 attempted to rate dev-005. Action blocked.
2025-06-26 18:35:39 - app.services - INFO - SAFE: Device dev-003 passed evaluation (duration 0.004s)
2025-06-26 18:35:39 - app.services - INFO - SAFE: Device dev-001 passed evaluation (duration 0.004s)
2025-06-26 18:35:39 - app.services - WARNING - BLACKLIST_VIOLATION: Connection between dev-009 (blacklisted: True) and dev-008 (blacklisted: False) was blocked.
2025-06-26 18:35:39 - app.services - WARNING - BLACKLIST_VIOLATION: Blacklisted device dev-009 attempted to rate dev-008. Action blocked.
2025-06-26 18:35:39 - app.services - WARNING - BLACKLIST_VIOLATION: Attempt to rate blacklisted device dev-009. Action blocked.
2025-06-26 18:35:39 - app.services - INFO - SAFE: Device dev-001 passed evaluation (duration 0.003s)
2025-06-26 18:35:39 - app.services - INFO - SAFE: Device dev-006 passed evaluation (duration 0.003s)
2025-06-26 18:35:39 - app.services - WARNING - FLAGGED: Device dev-006 flagged after 5 suspicious activities
2025-06-26 18:35:39 - app.services - WARNING - DISHONEST RATING: Device dev-006 trust_score directly reduced from 0.636 to 0.536 (suspicious: 5).
2025-06-26 18:35:39 - app.services - INFO - SAFE: Device dev-003 passed evaluation (duration 0.003s)
2025-06-26 18:35:39 - app.services - INFO - SAFE: Device dev-001 passed evaluation (duration 0.003s)
2025-06-26 18:35:39 - app.services - INFO - SAFE: Device dev-004 passed evaluation (duration 0.005s)
2025-06-26 18:35:39 - app.services - INFO - SAFE: Device dev-000 passed evaluation (duration 0.006s)
2025-06-26 18:35:40 - app.services - INFO - SAFE: Device dev-004 passed evaluation (duration 0.003s)
2025-06-26 18:35:40 - app.services - INFO - SAFE: Device dev-007 passed evaluation (duration 0.003s)
2025-06-26 18:35:40 - app.services - INFO - SAFE: Device dev-008 passed evaluation (duration 0.003s)
2025-06-26 18:35:40 - app.services - INFO - SAFE: Device dev-001 passed evaluation (duration 0.003s)
2025-06-26 18:35:40 - app.services - WARNING - FLAGGED: Device dev-008 flagged after 6 suspicious activities
2025-06-26 18:35:40 - app.services - WARNING - DISHONEST RATING: Device dev-008 trust_score directly reduced from 0.362 to 0.262 (suspicious: 6).
2025-06-26 18:35:40 - app.services - INFO - SAFE: Device dev-003 passed evaluation (duration 0.003s)
2025-06-26 18:35:40 - app.services - INFO - SAFE: Device dev-005 passed evaluation (duration 0.004s)
2025-06-26 18:35:40 - app.services - INFO - SAFE: Device dev-008 passed evaluation (duration 0.003s)
2025-06-26 18:35:40 - app.services - INFO - SAFE: Device dev-003 passed evaluation (duration 0.003s)
2025-06-26 18:35:40 - app.services - WARNING - FLAGGED: Device dev-008 flagged after 7 suspicious activities
2025-06-26 18:35:40 - app.services - WARNING - DISHONEST RATING: Device dev-008 trust_score directly reduced from 0.334 to 0.234 (suspicious: 7).
2025-06-26 18:35:40 - app.services - INFO - SAFE: Device dev-005 passed evaluation (duration 0.005s)
2025-06-26 18:35:40 - app.services - INFO - SAFE: Device dev-004 passed evaluation (duration 0.004s)
2025-06-26 18:35:40 - app.services - INFO - SAFE: Device dev-008 passed evaluation (duration 0.003s)
2025-06-26 18:35:40 - app.services - INFO - SAFE: Device dev-003 passed evaluation (duration 0.003s)
2025-06-26 18:35:40 - app.services - WARNING - FLAGGED: Device dev-008 flagged after 8 suspicious activities
2025-06-26 18:35:40 - app.services - WARNING - DISHONEST RATING: Device dev-008 trust_score directly reduced from 0.323 to 0.223 (suspicious: 8).
2025-06-26 18:35:40 - app.services - WARNING - BLACKLIST_VIOLATION: Connection between dev-004 (blacklisted: False) and dev-002 (blacklisted: True) was blocked.
2025-06-26 18:35:40 - app.services - WARNING - BLACKLIST_VIOLATION: Attempt to rate blacklisted device dev-002. Action blocked.
2025-06-26 18:35:40 - app.services - WARNING - BLACKLIST_VIOLATION: Blacklisted device dev-002 attempted to rate dev-004. Action blocked.
2025-06-26 18:35:40 - app.services - WARNING - BLACKLIST_VIOLATION: Connection between dev-005 (blacklisted: False) and dev-009 (blacklisted: True) was blocked.
2025-06-26 18:35:40 - app.services - WARNING - BLACKLIST_VIOLATION: Attempt to rate blacklisted device dev-009. Action blocked.
2025-06-26 18:35:40 - app.services - WARNING - BLACKLIST_VIOLATION: Blacklisted device dev-009 attempted to rate dev-005. Action blocked.
2025-06-26 18:35:40 - app.services - WARNING - BLACKLIST_VIOLATION: Connection between dev-000 (blacklisted: False) and dev-002 (blacklisted: True) was blocked.
2025-06-26 18:35:40 - app.services - WARNING - BLACKLIST_VIOLATION: Attempt to rate blacklisted device dev-002. Action blocked.
2025-06-26 18:35:40 - app.services - WARNING - BLACKLIST_VIOLATION: Blacklisted device dev-002 attempted to rate dev-000. Action blocked.
2025-06-26 18:35:40 - app.services - WARNING - BLACKLIST: Device dev-008 blacklisted after evaluation 0.003s with detection time: 3.666 after joined
2025-06-26 18:35:40 - app.services - DEBUG - SKIP_UPDATE: Peer dev-008 is blacklisted, skipping trust update for dev-000
2025-06-26 18:35:40 - app.services - WARNING - BLACKLIST_VIOLATION: Blacklisted device dev-008 attempted to rate dev-000. Action blocked.
2025-06-26 18:35:40 - app.services - WARNING - BLACKLIST_VIOLATION: Attempt to rate blacklisted device dev-008. Action blocked.
2025-06-26 18:35:40 - app.services - WARNING - BLACKLIST_VIOLATION: Connection between dev-003 (blacklisted: False) and dev-008 (blacklisted: True) was blocked.
2025-06-26 18:35:41 - app.services - WARNING - BLACKLIST_VIOLATION: Attempt to rate blacklisted device dev-008. Action blocked.
2025-06-26 18:35:41 - app.services - WARNING - BLACKLIST_VIOLATION: Blacklisted device dev-008 attempted to rate dev-003. Action blocked.
2025-06-26 18:35:41 - app.services - WARNING - BLACKLIST_VIOLATION: Connection between dev-006 (blacklisted: False) and dev-002 (blacklisted: True) was blocked.
2025-06-26 18:35:41 - app.services - WARNING - BLACKLIST_VIOLATION: Attempt to rate blacklisted device dev-002. Action blocked.
2025-06-26 18:35:41 - app.services - WARNING - BLACKLIST_VIOLATION: Blacklisted device dev-002 attempted to rate dev-006. Action blocked.
2025-06-26 18:35:41 - app.services - WARNING - BLACKLIST_VIOLATION: Connection between dev-008 (blacklisted: True) and dev-003 (blacklisted: False) was blocked.
2025-06-26 18:35:41 - app.services - WARNING - BLACKLIST_VIOLATION: Blacklisted device dev-008 attempted to rate dev-003. Action blocked.
2025-06-26 18:35:41 - app.services - WARNING - BLACKLIST_VIOLATION: Attempt to rate blacklisted device dev-008. Action blocked.
2025-06-26 18:35:41 - app.services - WARNING - BLACKLIST_VIOLATION: Connection between dev-009 (blacklisted: True) and dev-005 (blacklisted: False) was blocked.
2025-06-26 18:35:41 - app.services - WARNING - BLACKLIST_VIOLATION: Blacklisted device dev-009 attempted to rate dev-005. Action blocked.
2025-06-26 18:35:41 - app.services - WARNING - BLACKLIST_VIOLATION: Attempt to rate blacklisted device dev-009. Action blocked.
2025-06-26 18:35:41 - app.services - INFO - SAFE: Device dev-001 passed evaluation (duration 0.003s)
2025-06-26 18:35:41 - app.services - INFO - SAFE: Device dev-003 passed evaluation (duration 0.003s)
2025-06-26 18:35:41 - app.services - INFO - SAFE: Device dev-007 passed evaluation (duration 0.003s)
2025-06-26 18:35:41 - app.services - INFO - SAFE: Device dev-004 passed evaluation (duration 0.003s)
2025-06-26 18:35:41 - app.services - WARNING - BLACKLIST_VIOLATION: Connection between dev-006 (blacklisted: False) and dev-002 (blacklisted: True) was blocked.
2025-06-26 18:35:41 - app.services - WARNING - BLACKLIST_VIOLATION: Attempt to rate blacklisted device dev-002. Action blocked.
2025-06-26 18:35:41 - app.services - WARNING - BLACKLIST_VIOLATION: Blacklisted device dev-002 attempted to rate dev-006. Action blocked.
2025-06-26 18:35:41 - app.services - WARNING - BLACKLIST_VIOLATION: Connection between dev-008 (blacklisted: True) and dev-005 (blacklisted: False) was blocked.
2025-06-26 18:35:41 - app.services - WARNING - BLACKLIST_VIOLATION: Blacklisted device dev-008 attempted to rate dev-005. Action blocked.
2025-06-26 18:35:41 - app.services - WARNING - BLACKLIST_VIOLATION: Attempt to rate blacklisted device dev-008. Action blocked.
2025-06-26 18:35:41 - app.services - INFO - SAFE: Device dev-000 passed evaluation (duration 0.003s)
2025-06-26 18:35:41 - app.services - INFO - SAFE: Device dev-005 passed evaluation (duration 0.003s)
2025-06-26 18:35:41 - app.services - INFO - SAFE: Device dev-000 passed evaluation (duration 0.003s)
2025-06-26 18:35:41 - app.services - INFO - SAFE: Device dev-007 passed evaluation (duration 0.004s)
2025-06-26 18:35:41 - app.services - INFO - SAFE: Device dev-007 passed evaluation (duration 0.004s)
2025-06-26 18:35:41 - app.services - INFO - SAFE: Device dev-006 passed evaluation (duration 0.003s)
2025-06-26 18:35:41 - app.services - WARNING - FLAGGED: Device dev-006 flagged after 6 suspicious activities
2025-06-26 18:35:41 - app.services - WARNING - DISHONEST RATING: Device dev-006 trust_score directly reduced from 0.509 to 0.409 (suspicious: 6).
2025-06-26 18:35:41 - app.services - INFO - SAFE: Device dev-001 passed evaluation (duration 0.003s)
2025-06-26 18:35:41 - app.services - INFO - SAFE: Device dev-006 passed evaluation (duration 0.003s)
2025-06-26 18:35:42 - app.services - WARNING - FLAGGED: Device dev-006 flagged after 7 suspicious activities
2025-06-26 18:35:42 - app.services - WARNING - DISHONEST RATING: Device dev-006 trust_score directly reduced from 0.593 to 0.493 (suspicious: 7).
2025-06-26 18:35:42 - app.services - WARNING - BLACKLIST_VIOLATION: Connection between dev-009 (blacklisted: True) and dev-005 (blacklisted: False) was blocked.
2025-06-26 18:35:42 - app.services - WARNING - BLACKLIST_VIOLATION: Blacklisted device dev-009 attempted to rate dev-005. Action blocked.
2025-06-26 18:35:42 - app.services - WARNING - BLACKLIST_VIOLATION: Attempt to rate blacklisted device dev-009. Action blocked.
2025-06-26 18:35:42 - app.services - INFO - SAFE: Device dev-001 passed evaluation (duration 0.004s)
2025-06-26 18:35:42 - app.services - INFO - SAFE: Device dev-000 passed evaluation (duration 0.003s)
2025-06-26 18:35:42 - app.services - WARNING - BLACKLIST_VIOLATION: Connection between dev-003 (blacklisted: False) and dev-008 (blacklisted: True) was blocked.
2025-06-26 18:35:42 - app.services - WARNING - BLACKLIST_VIOLATION: Attempt to rate blacklisted device dev-008. Action blocked.
2025-06-26 18:35:42 - app.services - WARNING - BLACKLIST_VIOLATION: Blacklisted device dev-008 attempted to rate dev-003. Action blocked.
2025-06-26 18:35:42 - app.services - INFO - SAFE: Device dev-006 passed evaluation (duration 0.003s)
2025-06-26 18:35:42 - app.services - INFO - SAFE: Device dev-007 passed evaluation (duration 0.003s)
2025-06-26 18:35:42 - app.services - WARNING - FLAGGED: Device dev-006 flagged after 8 suspicious activities
2025-06-26 18:35:42 - app.services - WARNING - DISHONEST RATING: Device dev-006 trust_score directly reduced from 0.483 to 0.383 (suspicious: 8).
2025-06-26 18:35:42 - app.services - WARNING - BLACKLIST_VIOLATION: Connection between dev-008 (blacklisted: True) and dev-005 (blacklisted: False) was blocked.
2025-06-26 18:35:42 - app.services - WARNING - BLACKLIST_VIOLATION: Blacklisted device dev-008 attempted to rate dev-005. Action blocked.
2025-06-26 18:35:42 - app.services - WARNING - BLACKLIST_VIOLATION: Attempt to rate blacklisted device dev-008. Action blocked.
2025-06-26 18:35:42 - app.services - WARNING - BLACKLIST_VIOLATION: Connection between dev-002 (blacklisted: True) and dev-008 (blacklisted: True) was blocked.
2025-06-26 18:35:42 - app.services - WARNING - BLACKLIST_VIOLATION: Blacklisted device dev-002 attempted to rate dev-008. Action blocked.
2025-06-26 18:35:42 - app.services - WARNING - BLACKLIST_VIOLATION: Blacklisted device dev-008 attempted to rate dev-002. Action blocked.
2025-06-26 18:35:42 - app.services - WARNING - BLACKLIST_VIOLATION: Connection between dev-008 (blacklisted: True) and dev-002 (blacklisted: True) was blocked.
2025-06-26 18:35:42 - app.services - WARNING - BLACKLIST_VIOLATION: Blacklisted device dev-008 attempted to rate dev-002. Action blocked.
2025-06-26 18:35:42 - app.services - WARNING - BLACKLIST_VIOLATION: Blacklisted device dev-002 attempted to rate dev-008. Action blocked.
2025-06-26 18:35:42 - app.services - INFO - SAFE: Device dev-001 passed evaluation (duration 0.003s)
2025-06-26 18:35:42 - app.services - INFO - SAFE: Device dev-004 passed evaluation (duration 0.003s)
2025-06-26 18:35:42 - app.services - WARNING - BLACKLIST_VIOLATION: Connection between dev-005 (blacklisted: False) and dev-008 (blacklisted: True) was blocked.
2025-06-26 18:35:42 - app.services - WARNING - BLACKLIST_VIOLATION: Attempt to rate blacklisted device dev-008. Action blocked.
2025-06-26 18:35:42 - app.services - WARNING - BLACKLIST_VIOLATION: Blacklisted device dev-008 attempted to rate dev-005. Action blocked.
2025-06-26 18:35:42 - app.services - INFO - SAFE: Device dev-001 passed evaluation (duration 0.003s)
2025-06-26 18:35:42 - app.services - INFO - SAFE: Device dev-004 passed evaluation (duration 0.004s)
2025-06-26 18:35:42 - app.services - INFO - SAFE: Device dev-007 passed evaluation (duration 0.003s)
2025-06-26 18:35:42 - app.services - INFO - SAFE: Device dev-003 passed evaluation (duration 0.003s)
2025-06-26 18:35:43 - app.services - INFO - SAFE: Device dev-000 passed evaluation (duration 0.003s)
2025-06-26 18:35:43 - app.services - INFO - SAFE: Device dev-005 passed evaluation (duration 0.004s)
2025-06-26 18:35:43 - app.services - INFO - SAFE: Device dev-005 passed evaluation (duration 0.003s)
2025-06-26 18:35:43 - app.services - INFO - SAFE: Device dev-006 passed evaluation (duration 0.003s)
2025-06-26 18:35:43 - app.services - WARNING - FLAGGED: Device dev-006 flagged after 9 suspicious activities
2025-06-26 18:35:43 - app.services - WARNING - DISHONEST RATING: Device dev-006 trust_score directly reduced from 0.321 to 0.221 (suspicious: 9).
2025-06-26 18:35:43 - app.services - INFO - SAFE: Device dev-007 passed evaluation (duration 0.003s)
2025-06-26 18:35:43 - app.services - INFO - SAFE: Device dev-006 passed evaluation (duration 0.004s)
2025-06-26 18:35:43 - app.services - WARNING - FLAGGED: Device dev-006 flagged after 10 suspicious activities
2025-06-26 18:35:43 - app.services - WARNING - DISHONEST RATING: Device dev-006 trust_score directly reduced from 0.374 to 0.274 (suspicious: 10).
2025-06-26 18:35:43 - app.services - WARNING - BLACKLIST_VIOLATION: Connection between dev-008 (blacklisted: True) and dev-006 (blacklisted: False) was blocked.
2025-06-26 18:35:43 - app.services - WARNING - BLACKLIST_VIOLATION: Blacklisted device dev-008 attempted to rate dev-006. Action blocked.
2025-06-26 18:35:43 - app.services - WARNING - BLACKLIST_VIOLATION: Attempt to rate blacklisted device dev-008. Action blocked.
2025-06-26 18:35:43 - app.services - WARNING - BLACKLIST_VIOLATION: Connection between dev-003 (blacklisted: False) and dev-002 (blacklisted: True) was blocked.
2025-06-26 18:35:43 - app.services - WARNING - BLACKLIST_VIOLATION: Attempt to rate blacklisted device dev-002. Action blocked.
2025-06-26 18:35:43 - app.services - WARNING - BLACKLIST_VIOLATION: Blacklisted device dev-002 attempted to rate dev-003. Action blocked.
2025-06-26 18:35:43 - app.services - WARNING - BLACKLIST_VIOLATION: Connection between dev-008 (blacklisted: True) and dev-002 (blacklisted: True) was blocked.
2025-06-26 18:35:43 - app.services - WARNING - BLACKLIST_VIOLATION: Blacklisted device dev-008 attempted to rate dev-002. Action blocked.
2025-06-26 18:35:43 - app.services - WARNING - BLACKLIST_VIOLATION: Blacklisted device dev-002 attempted to rate dev-008. Action blocked.
2025-06-26 18:35:43 - app.services - WARNING - BLACKLIST_VIOLATION: Connection between dev-000 (blacklisted: False) and dev-009 (blacklisted: True) was blocked.
2025-06-26 18:35:43 - app.services - WARNING - BLACKLIST_VIOLATION: Attempt to rate blacklisted device dev-009. Action blocked.
2025-06-26 18:35:43 - app.services - WARNING - BLACKLIST_VIOLATION: Blacklisted device dev-009 attempted to rate dev-000. Action blocked.
2025-06-26 18:35:43 - app.services - WARNING - BLACKLIST_VIOLATION: Connection between dev-004 (blacklisted: False) and dev-008 (blacklisted: True) was blocked.
2025-06-26 18:35:43 - app.services - WARNING - BLACKLIST_VIOLATION: Attempt to rate blacklisted device dev-008. Action blocked.
2025-06-26 18:35:43 - app.services - WARNING - BLACKLIST_VIOLATION: Blacklisted device dev-008 attempted to rate dev-004. Action blocked.
2025-06-26 18:35:43 - app.services - INFO - SAFE: Device dev-006 passed evaluation (duration 0.003s)
2025-06-26 18:35:43 - app.services - INFO - SAFE: Device dev-007 passed evaluation (duration 0.003s)
2025-06-26 18:35:43 - app.services - WARNING - FLAGGED: Device dev-006 flagged after 11 suspicious activities
2025-06-26 18:35:43 - app.services - WARNING - DISHONEST RATING: Device dev-006 trust_score directly reduced from 0.396 to 0.296 (suspicious: 11).
2025-06-26 18:35:43 - app.services - WARNING - BLACKLIST: Device dev-006 blacklisted after evaluation 0.004s with detection time: 6.607 after joined
2025-06-26 18:35:43 - app.services - DEBUG - SKIP_UPDATE: Peer dev-006 is blacklisted, skipping trust update for dev-005
2025-06-26 18:35:43 - app.services - WARNING - BLACKLIST_VIOLATION: Blacklisted device dev-006 attempted to rate dev-005. Action blocked.
2025-06-26 18:35:43 - app.services - WARNING - BLACKLIST_VIOLATION: Attempt to rate blacklisted device dev-006. Action blocked.
2025-06-26 18:35:43 - app.services - WARNING - BLACKLIST_VIOLATION: Connection between dev-005 (blacklisted: False) and dev-008 (blacklisted: True) was blocked.
2025-06-26 18:35:43 - app.services - WARNING - BLACKLIST_VIOLATION: Attempt to rate blacklisted device dev-008. Action blocked.
2025-06-26 18:35:43 - app.services - WARNING - BLACKLIST_VIOLATION: Blacklisted device dev-008 attempted to rate dev-005. Action blocked.
2025-06-26 18:35:43 - app.services - WARNING - BLACKLIST_VIOLATION: Connection between dev-008 (blacklisted: True) and dev-001 (blacklisted: False) was blocked.
2025-06-26 18:35:43 - app.services - WARNING - BLACKLIST_VIOLATION: Blacklisted device dev-008 attempted to rate dev-001. Action blocked.
2025-06-26 18:35:43 - app.services - WARNING - BLACKLIST_VIOLATION: Attempt to rate blacklisted device dev-008. Action blocked.
2025-06-26 18:35:43 - app.services - WARNING - BLACKLIST_VIOLATION: Connection between dev-002 (blacklisted: True) and dev-005 (blacklisted: False) was blocked.
2025-06-26 18:35:43 - app.services - WARNING - BLACKLIST_VIOLATION: Blacklisted device dev-002 attempted to rate dev-005. Action blocked.
2025-06-26 18:35:43 - app.services - WARNING - BLACKLIST_VIOLATION: Attempt to rate blacklisted device dev-002. Action blocked.
2025-06-26 18:35:43 - app.services - INFO - SAFE: Device dev-005 passed evaluation (duration 0.003s)
2025-06-26 18:35:44 - app.services - INFO - SAFE: Device dev-003 passed evaluation (duration 0.006s)
2025-06-26 18:35:44 - app.services - WARNING - BLACKLIST_VIOLATION: Connection between dev-007 (blacklisted: False) and dev-002 (blacklisted: True) was blocked.
2025-06-26 18:35:44 - app.services - WARNING - BLACKLIST_VIOLATION: Attempt to rate blacklisted device dev-002. Action blocked.
2025-06-26 18:35:44 - app.services - WARNING - BLACKLIST_VIOLATION: Blacklisted device dev-002 attempted to rate dev-007. Action blocked.
2025-06-26 18:35:44 - app.services - WARNING - BLACKLIST_VIOLATION: Connection between dev-006 (blacklisted: True) and dev-009 (blacklisted: True) was blocked.
2025-06-26 18:35:44 - app.services - WARNING - BLACKLIST_VIOLATION: Blacklisted device dev-006 attempted to rate dev-009. Action blocked.
2025-06-26 18:35:44 - app.services - WARNING - BLACKLIST_VIOLATION: Blacklisted device dev-009 attempted to rate dev-006. Action blocked.
2025-06-26 18:35:44 - app.services - WARNING - BLACKLIST_VIOLATION: Connection between dev-000 (blacklisted: False) and dev-008 (blacklisted: True) was blocked.
2025-06-26 18:35:44 - app.services - WARNING - BLACKLIST_VIOLATION: Attempt to rate blacklisted device dev-008. Action blocked.
2025-06-26 18:35:44 - app.services - WARNING - BLACKLIST_VIOLATION: Blacklisted device dev-008 attempted to rate dev-000. Action blocked.
2025-06-26 18:35:44 - app.services - WARNING - BLACKLIST_VIOLATION: Connection between dev-005 (blacklisted: False) and dev-002 (blacklisted: True) was blocked.
2025-06-26 18:35:44 - app.services - WARNING - BLACKLIST_VIOLATION: Attempt to rate blacklisted device dev-002. Action blocked.
2025-06-26 18:35:44 - app.services - WARNING - BLACKLIST_VIOLATION: Blacklisted device dev-002 attempted to rate dev-005. Action blocked.
2025-06-26 18:35:44 - app.services - WARNING - BLACKLIST_VIOLATION: Connection between dev-008 (blacklisted: True) and dev-003 (blacklisted: False) was blocked.
2025-06-26 18:35:44 - app.services - WARNING - BLACKLIST_VIOLATION: Blacklisted device dev-008 attempted to rate dev-003. Action blocked.
2025-06-26 18:35:44 - app.services - WARNING - BLACKLIST_VIOLATION: Attempt to rate blacklisted device dev-008. Action blocked.
2025-06-26 18:35:44 - app.services - WARNING - BLACKLIST_VIOLATION: Connection between dev-008 (blacklisted: True) and dev-004 (blacklisted: False) was blocked.
2025-06-26 18:35:44 - app.services - WARNING - BLACKLIST_VIOLATION: Blacklisted device dev-008 attempted to rate dev-004. Action blocked.
2025-06-26 18:35:44 - app.services - WARNING - BLACKLIST_VIOLATION: Attempt to rate blacklisted device dev-008. Action blocked.
2025-06-26 18:35:44 - app.services - WARNING - BLACKLIST_VIOLATION: Connection between dev-002 (blacklisted: True) and dev-007 (blacklisted: False) was blocked.
2025-06-26 18:35:44 - app.services - WARNING - BLACKLIST_VIOLATION: Blacklisted device dev-002 attempted to rate dev-007. Action blocked.
2025-06-26 18:35:44 - app.services - WARNING - BLACKLIST_VIOLATION: Attempt to rate blacklisted device dev-002. Action blocked.
2025-06-26 18:35:44 - app.services - INFO - SAFE: Device dev-000 passed evaluation (duration 0.003s)
2025-06-26 18:35:44 - app.services - INFO - SAFE: Device dev-003 passed evaluation (duration 0.006s)
2025-06-26 18:35:44 - app.services - WARNING - BLACKLIST_VIOLATION: Connection between dev-009 (blacklisted: True) and dev-001 (blacklisted: False) was blocked.
2025-06-26 18:35:44 - app.services - WARNING - BLACKLIST_VIOLATION: Blacklisted device dev-009 attempted to rate dev-001. Action blocked.
2025-06-26 18:35:44 - app.services - WARNING - BLACKLIST_VIOLATION: Attempt to rate blacklisted device dev-009. Action blocked.
2025-06-26 18:35:44 - app.services - INFO - SAFE: Device dev-001 passed evaluation (duration 0.004s)
2025-06-26 18:35:44 - app.services - INFO - SAFE: Device dev-007 passed evaluation (duration 0.004s)
2025-06-26 18:35:44 - app.services - WARNING - BLACKLIST_VIOLATION: Connection between dev-007 (blacklisted: False) and dev-008 (blacklisted: True) was blocked.
2025-06-26 18:35:44 - app.services - WARNING - BLACKLIST_VIOLATION: Attempt to rate blacklisted device dev-008. Action blocked.
2025-06-26 18:35:44 - app.services - WARNING - BLACKLIST_VIOLATION: Blacklisted device dev-008 attempted to rate dev-007. Action blocked.
2025-06-26 18:35:44 - app.services - WARNING - BLACKLIST_VIOLATION: Connection between dev-002 (blacklisted: True) and dev-009 (blacklisted: True) was blocked.
2025-06-26 18:35:44 - app.services - WARNING - BLACKLIST_VIOLATION: Blacklisted device dev-002 attempted to rate dev-009. Action blocked.
2025-06-26 18:35:44 - app.services - WARNING - BLACKLIST_VIOLATION: Blacklisted device dev-009 attempted to rate dev-002. Action blocked.
2025-06-26 18:35:44 - app.services - INFO - SAFE: Device dev-005 passed evaluation (duration 0.004s)
2025-06-26 18:35:44 - app.services - INFO - SAFE: Device dev-004 passed evaluation (duration 0.003s)
2025-06-26 18:35:44 - app.services - WARNING - BLACKLIST_VIOLATION: Connection between dev-006 (blacklisted: True) and dev-003 (blacklisted: False) was blocked.
2025-06-26 18:35:44 - app.services - WARNING - BLACKLIST_VIOLATION: Blacklisted device dev-006 attempted to rate dev-003. Action blocked.
2025-06-26 18:35:44 - app.services - WARNING - BLACKLIST_VIOLATION: Attempt to rate blacklisted device dev-006. Action blocked.
2025-06-26 18:35:45 - app.services - WARNING - BLACKLIST_VIOLATION: Connection between dev-002 (blacklisted: True) and dev-007 (blacklisted: False) was blocked.
2025-06-26 18:35:45 - app.services - WARNING - BLACKLIST_VIOLATION: Blacklisted device dev-002 attempted to rate dev-007. Action blocked.
2025-06-26 18:35:45 - app.services - WARNING - BLACKLIST_VIOLATION: Attempt to rate blacklisted device dev-002. Action blocked.
2025-06-26 18:35:45 - app.services - WARNING - BLACKLIST_VIOLATION: Connection between dev-009 (blacklisted: True) and dev-007 (blacklisted: False) was blocked.
2025-06-26 18:35:45 - app.services - WARNING - BLACKLIST_VIOLATION: Blacklisted device dev-009 attempted to rate dev-007. Action blocked.
2025-06-26 18:35:45 - app.services - WARNING - BLACKLIST_VIOLATION: Attempt to rate blacklisted device dev-009. Action blocked.
2025-06-26 18:35:45 - app.services - INFO - SAFE: Device dev-005 passed evaluation (duration 0.003s)
2025-06-26 18:35:45 - app.services - INFO - SAFE: Device dev-000 passed evaluation (duration 0.003s)
2025-06-26 18:35:45 - app.services - WARNING - BLACKLIST_VIOLATION: Connection between dev-000 (blacklisted: False) and dev-006 (blacklisted: True) was blocked.
2025-06-26 18:35:45 - app.services - WARNING - BLACKLIST_VIOLATION: Attempt to rate blacklisted device dev-006. Action blocked.
2025-06-26 18:35:45 - app.services - WARNING - BLACKLIST_VIOLATION: Blacklisted device dev-006 attempted to rate dev-000. Action blocked.
2025-06-26 18:35:45 - app.services - INFO - SAFE: Device dev-003 passed evaluation (duration 0.003s)
2025-06-26 18:35:45 - app.services - INFO - SAFE: Device dev-005 passed evaluation (duration 0.003s)
2025-06-26 18:35:45 - app.services - WARNING - BLACKLIST_VIOLATION: Connection between dev-008 (blacklisted: True) and dev-001 (blacklisted: False) was blocked.
2025-06-26 18:35:45 - app.services - WARNING - BLACKLIST_VIOLATION: Blacklisted device dev-008 attempted to rate dev-001. Action blocked.
2025-06-26 18:35:45 - app.services - WARNING - BLACKLIST_VIOLATION: Attempt to rate blacklisted device dev-008. Action blocked.
2025-06-26 18:35:45 - app.services - WARNING - BLACKLIST_VIOLATION: Connection between dev-009 (blacklisted: True) and dev-006 (blacklisted: True) was blocked.
2025-06-26 18:35:45 - app.services - WARNING - BLACKLIST_VIOLATION: Blacklisted device dev-009 attempted to rate dev-006. Action blocked.
2025-06-26 18:35:45 - app.services - WARNING - BLACKLIST_VIOLATION: Blacklisted device dev-006 attempted to rate dev-009. Action blocked.
2025-06-26 18:35:45 - app.services - WARNING - BLACKLIST_VIOLATION: Connection between dev-006 (blacklisted: True) and dev-003 (blacklisted: False) was blocked.
2025-06-26 18:35:45 - app.services - WARNING - BLACKLIST_VIOLATION: Blacklisted device dev-006 attempted to rate dev-003. Action blocked.
2025-06-26 18:35:45 - app.services - WARNING - BLACKLIST_VIOLATION: Attempt to rate blacklisted device dev-006. Action blocked.
2025-06-26 18:35:45 - app.services - WARNING - BLACKLIST_VIOLATION: Connection between dev-001 (blacklisted: False) and dev-006 (blacklisted: True) was blocked.
2025-06-26 18:35:45 - app.services - WARNING - BLACKLIST_VIOLATION: Attempt to rate blacklisted device dev-006. Action blocked.
2025-06-26 18:35:45 - app.services - WARNING - BLACKLIST_VIOLATION: Blacklisted device dev-006 attempted to rate dev-001. Action blocked.
2025-06-26 18:35:45 - app.services - WARNING - BLACKLIST_VIOLATION: Connection between dev-009 (blacklisted: True) and dev-004 (blacklisted: False) was blocked.
2025-06-26 18:35:45 - app.services - WARNING - BLACKLIST_VIOLATION: Blacklisted device dev-009 attempted to rate dev-004. Action blocked.
2025-06-26 18:35:45 - app.services - WARNING - BLACKLIST_VIOLATION: Attempt to rate blacklisted device dev-009. Action blocked.
2025-06-26 18:35:45 - app.services - WARNING - BLACKLIST_VIOLATION: Connection between dev-007 (blacklisted: False) and dev-002 (blacklisted: True) was blocked.
2025-06-26 18:35:45 - app.services - WARNING - BLACKLIST_VIOLATION: Attempt to rate blacklisted device dev-002. Action blocked.
2025-06-26 18:35:45 - app.services - WARNING - BLACKLIST_VIOLATION: Blacklisted device dev-002 attempted to rate dev-007. Action blocked.
2025-06-26 18:35:45 - app.services - WARNING - BLACKLIST_VIOLATION: Connection between dev-006 (blacklisted: True) and dev-005 (blacklisted: False) was blocked.
2025-06-26 18:35:45 - app.services - WARNING - BLACKLIST_VIOLATION: Blacklisted device dev-006 attempted to rate dev-005. Action blocked.
2025-06-26 18:35:45 - app.services - WARNING - BLACKLIST_VIOLATION: Attempt to rate blacklisted device dev-006. Action blocked.
2025-06-26 18:35:45 - app.services - INFO - SAFE: Device dev-007 passed evaluation (duration 0.003s)
2025-06-26 18:35:45 - app.services - INFO - SAFE: Device dev-000 passed evaluation (duration 0.003s)
2025-06-26 18:35:45 - app.services - WARNING - BLACKLIST_VIOLATION: Connection between dev-004 (blacklisted: False) and dev-006 (blacklisted: True) was blocked.
2025-06-26 18:35:45 - app.services - WARNING - BLACKLIST_VIOLATION: Attempt to rate blacklisted device dev-006. Action blocked.
2025-06-26 18:35:45 - app.services - WARNING - BLACKLIST_VIOLATION: Blacklisted device dev-006 attempted to rate dev-004. Action blocked.
2025-06-26 18:35:45 - app.services - WARNING - BLACKLIST_VIOLATION: Connection between dev-009 (blacklisted: True) and dev-007 (blacklisted: False) was blocked.
2025-06-26 18:35:45 - app.services - WARNING - BLACKLIST_VIOLATION: Blacklisted device dev-009 attempted to rate dev-007. Action blocked.
2025-06-26 18:35:45 - app.services - WARNING - BLACKLIST_VIOLATION: Attempt to rate blacklisted device dev-009. Action blocked.
2025-06-26 18:35:46 - app.services - WARNING - BLACKLIST_VIOLATION: Connection between dev-009 (blacklisted: True) and dev-005 (blacklisted: False) was blocked.
2025-06-26 18:35:46 - app.services - WARNING - BLACKLIST_VIOLATION: Blacklisted device dev-009 attempted to rate dev-005. Action blocked.
2025-06-26 18:35:46 - app.services - WARNING - BLACKLIST_VIOLATION: Attempt to rate blacklisted device dev-009. Action blocked.
