2025-06-29 14:48:54 - app.services - INFO - Selecting new coordinator...
2025-06-29 14:48:54 - app.services - INFO - Internal coordinator selected: dev-000 (RSU)
2025-06-29 14:48:55 - app.services - INFO - SAFE: Device dev-008 passed evaluation (duration 0.017s)
2025-06-29 14:48:55 - app.services - INFO - SAFE: Device dev-000 passed evaluation (duration 0.010s)
2025-06-29 14:48:56 - app.services - INFO - SAFE: Device dev-003 passed evaluation (duration 0.011s)
2025-06-29 14:48:56 - app.services - INFO - SAFE: Device dev-001 passed evaluation (duration 0.009s)
2025-06-29 14:48:56 - app.services - INFO - SAFE: Device dev-004 passed evaluation (duration 0.011s)
2025-06-29 14:48:56 - app.services - INFO - SAFE: Device dev-009 passed evaluation (duration 0.009s)
2025-06-29 14:48:56 - app.services - INFO - SAFE: Device dev-005 passed evaluation (duration 0.007s)
2025-06-29 14:48:56 - app.services - INFO - SAFE: Device dev-002 passed evaluation (duration 0.005s)
2025-06-29 14:48:57 - app.services - INFO - SAFE: Device dev-009 passed evaluation (duration 0.009s)
2025-06-29 14:48:57 - app.services - INFO - SAFE: Device dev-007 passed evaluation (duration 0.020s)
2025-06-29 14:48:57 - app.services - INFO - SAFE: Device dev-008 passed evaluation (duration 0.005s)
2025-06-29 14:48:57 - app.services - INFO - SAFE: Device dev-004 passed evaluation (duration 0.004s)
2025-06-29 14:48:57 - app.services - INFO - SAFE: Device dev-005 passed evaluation (duration 0.006s)
2025-06-29 14:48:57 - app.services - INFO - SAFE: Device dev-003 passed evaluation (duration 0.015s)
2025-06-29 14:48:58 - app.services - INFO - SAFE: Device dev-006 passed evaluation (duration 0.006s)
2025-06-29 14:48:58 - app.services - INFO - SAFE: Device dev-009 passed evaluation (duration 0.007s)
2025-06-29 14:48:58 - app.services - INFO - SAFE: Device dev-005 passed evaluation (duration 0.005s)
2025-06-29 14:48:58 - app.services - INFO - SAFE: Device dev-000 passed evaluation (duration 0.007s)
2025-06-29 14:48:58 - app.services - INFO - SAFE: Device dev-000 passed evaluation (duration 0.005s)
2025-06-29 14:48:58 - app.services - INFO - SAFE: Device dev-005 passed evaluation (duration 0.005s)
2025-06-29 14:48:58 - app.services - INFO - SAFE: Device dev-008 passed evaluation (duration 0.009s)
2025-06-29 14:48:58 - app.services - INFO - SAFE: Device dev-005 passed evaluation (duration 0.010s)
2025-06-29 14:48:59 - app.services - INFO - SAFE: Device dev-002 passed evaluation (duration 0.009s)
2025-06-29 14:48:59 - app.services - INFO - SAFE: Device dev-000 passed evaluation (duration 0.009s)
2025-06-29 14:48:59 - app.services - INFO - SAFE: Device dev-001 passed evaluation (duration 0.009s)
2025-06-29 14:48:59 - app.services - INFO - SAFE: Device dev-005 passed evaluation (duration 0.009s)
2025-06-29 14:49:00 - app.services - INFO - SAFE: Device dev-004 passed evaluation (duration 0.009s)
2025-06-29 14:49:00 - app.services - INFO - SAFE: Device dev-008 passed evaluation (duration 0.008s)
2025-06-29 14:49:00 - app.services - INFO - SAFE: Device dev-005 passed evaluation (duration 0.009s)
2025-06-29 14:49:00 - app.services - INFO - SAFE: Device dev-007 passed evaluation (duration 0.007s)
2025-06-29 14:49:00 - app.services - INFO - SAFE: Device dev-008 passed evaluation (duration 0.015s)
2025-06-29 14:49:00 - app.services - INFO - SAFE: Device dev-003 passed evaluation (duration 0.010s)
2025-06-29 14:49:01 - app.services - INFO - SAFE: Device dev-007 passed evaluation (duration 0.010s)
2025-06-29 14:49:01 - app.services - INFO - SAFE: Device dev-009 passed evaluation (duration 0.009s)
2025-06-29 14:49:01 - app.services - INFO - SAFE: Device dev-009 passed evaluation (duration 0.010s)
2025-06-29 14:49:01 - app.services - WARNING - BLACKLIST: Device dev-006 blacklisted after evaluation 0.012s with detection time: 6.466 after joined
2025-06-29 14:49:01 - app.services - WARNING - BLACKLIST_VIOLATION: Attempt to rate blacklisted device dev-006. Action blocked.
2025-06-29 14:49:01 - app.services - WARNING - BLACKLIST_VIOLATION: Blacklisted device dev-006 attempted to rate dev-009. Action blocked.
2025-06-29 14:49:01 - app.services - WARNING - BLACKLIST_VIOLATION: Connection between dev-006 (blacklisted: True) and dev-008 (blacklisted: False) was blocked.
2025-06-29 14:49:01 - app.services - WARNING - BLACKLIST_VIOLATION: Blacklisted device dev-006 attempted to rate dev-008. Action blocked.
2025-06-29 14:49:02 - app.services - WARNING - BLACKLIST_VIOLATION: Attempt to rate blacklisted device dev-006. Action blocked.
2025-06-29 14:49:02 - app.services - INFO - SAFE: Device dev-009 passed evaluation (duration 0.009s)
2025-06-29 14:49:02 - app.services - INFO - SAFE: Device dev-008 passed evaluation (duration 0.009s)
2025-06-29 14:49:02 - app.services - INFO - SAFE: Device dev-001 passed evaluation (duration 0.008s)
2025-06-29 14:49:02 - app.services - INFO - SAFE: Device dev-005 passed evaluation (duration 0.007s)
2025-06-29 14:49:02 - app.services - INFO - SAFE: Device dev-003 passed evaluation (duration 0.009s)
2025-06-29 14:49:02 - app.services - INFO - SAFE: Device dev-009 passed evaluation (duration 0.010s)
2025-06-29 14:49:03 - app.services - WARNING - BLACKLIST_VIOLATION: Connection between dev-003 (blacklisted: False) and dev-006 (blacklisted: True) was blocked.
2025-06-29 14:49:03 - app.services - WARNING - BLACKLIST_VIOLATION: Attempt to rate blacklisted device dev-006. Action blocked.
2025-06-29 14:49:03 - app.services - WARNING - BLACKLIST_VIOLATION: Blacklisted device dev-006 attempted to rate dev-003. Action blocked.
2025-06-29 14:49:03 - app.services - INFO - SAFE: Device dev-004 passed evaluation (duration 0.009s)
2025-06-29 14:49:03 - app.services - INFO - SAFE: Device dev-002 passed evaluation (duration 0.009s)
2025-06-29 14:49:03 - app.services - INFO - SAFE: Device dev-007 passed evaluation (duration 0.011s)
2025-06-29 14:49:03 - app.services - INFO - SAFE: Device dev-001 passed evaluation (duration 0.009s)
2025-06-29 14:49:03 - app.services - INFO - SAFE: Device dev-009 passed evaluation (duration 0.010s)
2025-06-29 14:49:03 - app.services - INFO - SAFE: Device dev-005 passed evaluation (duration 0.006s)
2025-06-29 14:49:04 - app.services - INFO - SAFE: Device dev-004 passed evaluation (duration 0.010s)
2025-06-29 14:49:04 - app.services - INFO - SAFE: Device dev-000 passed evaluation (duration 0.009s)
2025-06-29 14:49:04 - app.services - WARNING - BLACKLIST_VIOLATION: Connection between dev-006 (blacklisted: True) and dev-005 (blacklisted: False) was blocked.
2025-06-29 14:49:04 - app.services - WARNING - BLACKLIST_VIOLATION: Blacklisted device dev-006 attempted to rate dev-005. Action blocked.
2025-06-29 14:49:04 - app.services - WARNING - BLACKLIST_VIOLATION: Attempt to rate blacklisted device dev-006. Action blocked.
2025-06-29 14:49:04 - app.services - INFO - SAFE: Device dev-001 passed evaluation (duration 0.004s)
2025-06-29 14:49:04 - app.services - INFO - SAFE: Device dev-004 passed evaluation (duration 0.008s)
2025-06-29 14:49:04 - app.services - WARNING - BLACKLIST_VIOLATION: Connection between dev-006 (blacklisted: True) and dev-001 (blacklisted: False) was blocked.
2025-06-29 14:49:04 - app.services - WARNING - BLACKLIST_VIOLATION: Blacklisted device dev-006 attempted to rate dev-001. Action blocked.
2025-06-29 14:49:04 - app.services - WARNING - BLACKLIST_VIOLATION: Attempt to rate blacklisted device dev-006. Action blocked.
2025-06-29 14:49:05 - app.services - INFO - SAFE: Device dev-008 passed evaluation (duration 0.009s)
2025-06-29 14:49:05 - app.services - INFO - SAFE: Device dev-001 passed evaluation (duration 0.011s)
2025-06-29 14:49:05 - app.services - INFO - SAFE: Device dev-008 passed evaluation (duration 0.009s)
2025-06-29 14:49:05 - app.services - INFO - SAFE: Device dev-009 passed evaluation (duration 0.010s)
2025-06-29 14:49:05 - app.services - INFO - SAFE: Device dev-003 passed evaluation (duration 0.010s)
2025-06-29 14:49:06 - app.services - INFO - SAFE: Device dev-002 passed evaluation (duration 0.009s)
2025-06-29 14:49:06 - app.services - INFO - SAFE: Device dev-001 passed evaluation (duration 0.004s)
2025-06-29 14:49:06 - app.services - INFO - SAFE: Device dev-008 passed evaluation (duration 0.009s)
2025-06-29 14:49:06 - app.services - INFO - SAFE: Device dev-000 passed evaluation (duration 0.009s)
2025-06-29 14:49:06 - app.services - INFO - SAFE: Device dev-003 passed evaluation (duration 0.009s)
2025-06-29 14:49:07 - app.services - INFO - SAFE: Device dev-007 passed evaluation (duration 0.009s)
2025-06-29 14:49:07 - app.services - INFO - SAFE: Device dev-002 passed evaluation (duration 0.012s)
2025-06-29 14:49:07 - app.services - INFO - SAFE: Device dev-008 passed evaluation (duration 0.004s)
2025-06-29 14:49:07 - app.services - INFO - SAFE: Device dev-007 passed evaluation (duration 0.005s)
2025-06-29 14:49:07 - app.services - INFO - SAFE: Device dev-008 passed evaluation (duration 0.009s)
2025-06-29 14:49:07 - app.services - INFO - SAFE: Device dev-004 passed evaluation (duration 0.008s)
2025-06-29 14:49:08 - app.services - WARNING - BLACKLIST_VIOLATION: Connection between dev-006 (blacklisted: True) and dev-001 (blacklisted: False) was blocked.
2025-06-29 14:49:08 - app.services - WARNING - BLACKLIST_VIOLATION: Blacklisted device dev-006 attempted to rate dev-001. Action blocked.
2025-06-29 14:49:08 - app.services - WARNING - BLACKLIST_VIOLATION: Attempt to rate blacklisted device dev-006. Action blocked.
2025-06-29 14:49:08 - app.services - WARNING - BLACKLIST_VIOLATION: Connection between dev-009 (blacklisted: False) and dev-006 (blacklisted: True) was blocked.
2025-06-29 14:49:08 - app.services - WARNING - BLACKLIST_VIOLATION: Attempt to rate blacklisted device dev-006. Action blocked.
2025-06-29 14:49:08 - app.services - WARNING - BLACKLIST_VIOLATION: Blacklisted device dev-006 attempted to rate dev-009. Action blocked.
2025-06-29 14:49:08 - app.services - INFO - SAFE: Device dev-008 passed evaluation (duration 0.006s)
2025-06-29 14:49:08 - app.services - INFO - SAFE: Device dev-009 passed evaluation (duration 0.009s)
2025-06-29 14:49:08 - app.services - INFO - SAFE: Device dev-002 passed evaluation (duration 0.004s)
2025-06-29 14:49:08 - app.services - INFO - SAFE: Device dev-007 passed evaluation (duration 0.004s)
2025-06-29 14:49:08 - app.services - WARNING - BLACKLIST_VIOLATION: Connection between dev-006 (blacklisted: True) and dev-003 (blacklisted: False) was blocked.
2025-06-29 14:49:08 - app.services - WARNING - BLACKLIST_VIOLATION: Blacklisted device dev-006 attempted to rate dev-003. Action blocked.
2025-06-29 14:49:08 - app.services - WARNING - BLACKLIST_VIOLATION: Attempt to rate blacklisted device dev-006. Action blocked.
2025-06-29 14:49:08 - app.services - INFO - SAFE: Device dev-001 passed evaluation (duration 0.007s)
2025-06-29 14:49:08 - app.services - INFO - SAFE: Device dev-007 passed evaluation (duration 0.008s)
2025-06-29 14:49:09 - app.services - INFO - SAFE: Device dev-008 passed evaluation (duration 0.009s)
2025-06-29 14:49:09 - app.services - INFO - SAFE: Device dev-003 passed evaluation (duration 0.011s)
2025-06-29 14:49:09 - app.services - WARNING - BLACKLIST_VIOLATION: Connection between dev-006 (blacklisted: True) and dev-000 (blacklisted: False) was blocked.
2025-06-29 14:49:09 - app.services - WARNING - BLACKLIST_VIOLATION: Blacklisted device dev-006 attempted to rate dev-000. Action blocked.
2025-06-29 14:49:09 - app.services - WARNING - BLACKLIST_VIOLATION: Attempt to rate blacklisted device dev-006. Action blocked.
2025-06-29 14:49:09 - app.services - INFO - SAFE: Device dev-004 passed evaluation (duration 0.010s)
2025-06-29 14:49:09 - app.services - INFO - SAFE: Device dev-003 passed evaluation (duration 0.012s)
2025-06-29 14:49:10 - app.services - INFO - SAFE: Device dev-001 passed evaluation (duration 0.010s)
2025-06-29 14:49:10 - app.services - INFO - SAFE: Device dev-009 passed evaluation (duration 0.009s)
2025-06-29 14:49:10 - app.services - INFO - SAFE: Device dev-003 passed evaluation (duration 0.009s)
2025-06-29 14:49:10 - app.services - INFO - SAFE: Device dev-005 passed evaluation (duration 0.010s)
2025-06-29 14:49:11 - app.services - INFO - SAFE: Device dev-003 passed evaluation (duration 0.008s)
2025-06-29 14:49:11 - app.services - INFO - SAFE: Device dev-001 passed evaluation (duration 0.009s)
2025-06-29 14:49:11 - app.services - INFO - SAFE: Device dev-000 passed evaluation (duration 0.009s)
2025-06-29 14:49:11 - app.services - INFO - SAFE: Device dev-007 passed evaluation (duration 0.009s)
2025-06-29 14:49:12 - app.services - INFO - SAFE: Device dev-008 passed evaluation (duration 0.009s)
2025-06-29 14:49:12 - app.services - INFO - SAFE: Device dev-009 passed evaluation (duration 0.008s)
2025-06-29 14:49:12 - app.services - INFO - SAFE: Device dev-008 passed evaluation (duration 0.008s)
2025-06-29 14:49:12 - app.services - INFO - SAFE: Device dev-002 passed evaluation (duration 0.009s)
2025-06-29 14:49:13 - app.services - INFO - SAFE: Device dev-009 passed evaluation (duration 0.009s)
2025-06-29 14:49:13 - app.services - INFO - SAFE: Device dev-004 passed evaluation (duration 0.008s)
2025-06-29 14:49:13 - app.services - INFO - SAFE: Device dev-002 passed evaluation (duration 0.009s)
2025-06-29 14:49:13 - app.services - INFO - SAFE: Device dev-004 passed evaluation (duration 0.011s)
2025-06-29 14:49:14 - app.services - INFO - SAFE: Device dev-001 passed evaluation (duration 0.010s)
2025-06-29 14:49:14 - app.services - INFO - SAFE: Device dev-007 passed evaluation (duration 0.009s)
2025-06-29 14:49:14 - app.services - INFO - SAFE: Device dev-007 passed evaluation (duration 0.009s)
2025-06-29 14:49:14 - app.services - INFO - SAFE: Device dev-002 passed evaluation (duration 0.010s)
2025-06-29 14:49:15 - app.services - INFO - SAFE: Device dev-007 passed evaluation (duration 0.009s)
2025-06-29 14:49:15 - app.services - INFO - SAFE: Device dev-004 passed evaluation (duration 0.009s)
2025-06-29 14:49:15 - app.services - INFO - SAFE: Device dev-002 passed evaluation (duration 0.007s)
2025-06-29 14:49:15 - app.services - INFO - SAFE: Device dev-005 passed evaluation (duration 0.007s)
2025-06-29 14:49:16 - app.services - INFO - SAFE: Device dev-008 passed evaluation (duration 0.005s)
2025-06-29 14:49:16 - app.services - INFO - SAFE: Device dev-004 passed evaluation (duration 0.009s)
2025-06-29 14:49:16 - app.services - INFO - SAFE: Device dev-007 passed evaluation (duration 0.009s)
2025-06-29 14:49:16 - app.services - INFO - SAFE: Device dev-002 passed evaluation (duration 0.008s)
2025-06-29 14:49:17 - app.services - INFO - SAFE: Device dev-002 passed evaluation (duration 0.010s)
2025-06-29 14:49:17 - app.services - INFO - SAFE: Device dev-005 passed evaluation (duration 0.009s)
2025-06-29 14:49:17 - app.services - INFO - SAFE: Device dev-001 passed evaluation (duration 0.009s)
2025-06-29 14:49:17 - app.services - INFO - SAFE: Device dev-007 passed evaluation (duration 0.008s)
2025-06-29 14:49:18 - app.services - WARNING - BLACKLIST_VIOLATION: Connection between dev-006 (blacklisted: True) and dev-009 (blacklisted: False) was blocked.
2025-06-29 14:49:18 - app.services - WARNING - BLACKLIST_VIOLATION: Blacklisted device dev-006 attempted to rate dev-009. Action blocked.
2025-06-29 14:49:18 - app.services - WARNING - BLACKLIST_VIOLATION: Attempt to rate blacklisted device dev-006. Action blocked.
2025-06-29 14:49:18 - app.services - WARNING - BLACKLIST_VIOLATION: Connection between dev-008 (blacklisted: False) and dev-006 (blacklisted: True) was blocked.
2025-06-29 14:49:18 - app.services - WARNING - BLACKLIST_VIOLATION: Attempt to rate blacklisted device dev-006. Action blocked.
2025-06-29 14:49:18 - app.services - WARNING - BLACKLIST_VIOLATION: Blacklisted device dev-006 attempted to rate dev-008. Action blocked.
2025-06-29 14:49:18 - app.services - INFO - SAFE: Device dev-008 passed evaluation (duration 0.011s)
2025-06-29 14:49:18 - app.services - INFO - SAFE: Device dev-007 passed evaluation (duration 0.009s)
2025-06-29 14:49:18 - app.services - WARNING - BLACKLIST_VIOLATION: Connection between dev-001 (blacklisted: False) and dev-006 (blacklisted: True) was blocked.
2025-06-29 14:49:18 - app.services - WARNING - BLACKLIST_VIOLATION: Attempt to rate blacklisted device dev-006. Action blocked.
2025-06-29 14:49:18 - app.services - WARNING - BLACKLIST_VIOLATION: Blacklisted device dev-006 attempted to rate dev-001. Action blocked.
2025-06-29 14:49:18 - app.services - WARNING - BLACKLIST_VIOLATION: Connection between dev-006 (blacklisted: True) and dev-008 (blacklisted: False) was blocked.
2025-06-29 14:49:18 - app.services - WARNING - BLACKLIST_VIOLATION: Blacklisted device dev-006 attempted to rate dev-008. Action blocked.
2025-06-29 14:49:18 - app.services - WARNING - BLACKLIST_VIOLATION: Attempt to rate blacklisted device dev-006. Action blocked.
2025-06-29 14:49:18 - app.services - WARNING - BLACKLIST_VIOLATION: Connection between dev-006 (blacklisted: True) and dev-007 (blacklisted: False) was blocked.
2025-06-29 14:49:18 - app.services - WARNING - BLACKLIST_VIOLATION: Blacklisted device dev-006 attempted to rate dev-007. Action blocked.
2025-06-29 14:49:18 - app.services - WARNING - BLACKLIST_VIOLATION: Attempt to rate blacklisted device dev-006. Action blocked.
2025-06-29 14:49:18 - app.services - WARNING - BLACKLIST_VIOLATION: Connection between dev-001 (blacklisted: False) and dev-006 (blacklisted: True) was blocked.
2025-06-29 14:49:19 - app.services - WARNING - BLACKLIST_VIOLATION: Attempt to rate blacklisted device dev-006. Action blocked.
2025-06-29 14:49:19 - app.services - WARNING - BLACKLIST_VIOLATION: Blacklisted device dev-006 attempted to rate dev-001. Action blocked.
2025-06-29 14:49:19 - app.services - INFO - SAFE: Device dev-003 passed evaluation (duration 0.011s)
2025-06-29 14:49:19 - app.services - INFO - SAFE: Device dev-005 passed evaluation (duration 0.010s)
2025-06-29 14:49:19 - app.services - INFO - SAFE: Device dev-008 passed evaluation (duration 0.009s)
2025-06-29 14:49:19 - app.services - INFO - SAFE: Device dev-004 passed evaluation (duration 0.009s)
2025-06-29 14:49:19 - app.services - INFO - SAFE: Device dev-001 passed evaluation (duration 0.009s)
2025-06-29 14:49:19 - app.services - INFO - SAFE: Device dev-007 passed evaluation (duration 0.009s)
2025-06-29 14:49:20 - app.services - INFO - SAFE: Device dev-002 passed evaluation (duration 0.009s)
2025-06-29 14:49:20 - app.services - INFO - SAFE: Device dev-001 passed evaluation (duration 0.009s)
2025-06-29 14:49:20 - app.services - INFO - SAFE: Device dev-000 passed evaluation (duration 0.007s)
2025-06-29 14:49:20 - app.services - INFO - SAFE: Device dev-002 passed evaluation (duration 0.010s)
2025-06-29 14:49:20 - app.services - WARNING - BLACKLIST_VIOLATION: Connection between dev-006 (blacklisted: True) and dev-000 (blacklisted: False) was blocked.
2025-06-29 14:49:21 - app.services - WARNING - BLACKLIST_VIOLATION: Blacklisted device dev-006 attempted to rate dev-000. Action blocked.
2025-06-29 14:49:21 - app.services - WARNING - BLACKLIST_VIOLATION: Attempt to rate blacklisted device dev-006. Action blocked.
2025-06-29 14:49:21 - app.services - INFO - SAFE: Device dev-003 passed evaluation (duration 0.007s)
2025-06-29 14:49:21 - app.services - INFO - SAFE: Device dev-005 passed evaluation (duration 0.006s)
2025-06-29 14:49:21 - app.services - INFO - SAFE: Device dev-002 passed evaluation (duration 0.009s)
2025-06-29 14:49:21 - app.services - INFO - SAFE: Device dev-007 passed evaluation (duration 0.008s)
2025-06-29 14:49:21 - app.services - INFO - SAFE: Device dev-005 passed evaluation (duration 0.010s)
2025-06-29 14:49:21 - app.services - INFO - SAFE: Device dev-003 passed evaluation (duration 0.008s)
2025-06-29 14:49:22 - app.services - INFO - SAFE: Device dev-002 passed evaluation (duration 0.015s)
2025-06-29 14:49:22 - app.services - INFO - SAFE: Device dev-001 passed evaluation (duration 0.011s)
2025-06-29 14:49:22 - app.services - INFO - SAFE: Device dev-000 passed evaluation (duration 0.005s)
2025-06-29 14:49:22 - app.services - INFO - SAFE: Device dev-008 passed evaluation (duration 0.007s)
2025-06-29 14:49:22 - app.services - INFO - SAFE: Device dev-003 passed evaluation (duration 0.007s)
2025-06-29 14:49:22 - app.services - INFO - SAFE: Device dev-000 passed evaluation (duration 0.006s)
2025-06-29 14:49:23 - app.services - INFO - SAFE: Device dev-000 passed evaluation (duration 0.007s)
2025-06-29 14:49:23 - app.services - INFO - SAFE: Device dev-005 passed evaluation (duration 0.006s)
2025-06-29 14:49:23 - app.services - INFO - SAFE: Device dev-008 passed evaluation (duration 0.008s)
2025-06-29 14:49:23 - app.services - INFO - SAFE: Device dev-004 passed evaluation (duration 0.007s)
2025-06-29 14:49:23 - app.services - WARNING - BLACKLIST_VIOLATION: Connection between dev-006 (blacklisted: True) and dev-007 (blacklisted: False) was blocked.
2025-06-29 14:49:23 - app.services - WARNING - BLACKLIST_VIOLATION: Blacklisted device dev-006 attempted to rate dev-007. Action blocked.
2025-06-29 14:49:23 - app.services - WARNING - BLACKLIST_VIOLATION: Attempt to rate blacklisted device dev-006. Action blocked.
2025-06-29 14:49:23 - app.services - INFO - SAFE: Device dev-004 passed evaluation (duration 0.007s)
2025-06-29 14:49:23 - app.services - INFO - SAFE: Device dev-000 passed evaluation (duration 0.008s)
2025-06-29 14:49:23 - app.services - WARNING - BLACKLIST_VIOLATION: Connection between dev-005 (blacklisted: False) and dev-006 (blacklisted: True) was blocked.
2025-06-29 14:49:23 - app.services - WARNING - BLACKLIST_VIOLATION: Attempt to rate blacklisted device dev-006. Action blocked.
2025-06-29 14:49:23 - app.services - WARNING - BLACKLIST_VIOLATION: Blacklisted device dev-006 attempted to rate dev-005. Action blocked.
2025-06-29 14:49:23 - app.services - WARNING - BLACKLIST_VIOLATION: Connection between dev-008 (blacklisted: False) and dev-006 (blacklisted: True) was blocked.
2025-06-29 14:49:24 - app.services - WARNING - BLACKLIST_VIOLATION: Attempt to rate blacklisted device dev-006. Action blocked.
2025-06-29 14:49:24 - app.services - WARNING - BLACKLIST_VIOLATION: Blacklisted device dev-006 attempted to rate dev-008. Action blocked.
2025-06-29 14:49:24 - app.services - INFO - SAFE: Device dev-008 passed evaluation (duration 0.009s)
2025-06-29 14:49:24 - app.services - INFO - SAFE: Device dev-005 passed evaluation (duration 0.007s)
2025-06-29 14:49:24 - app.services - INFO - SAFE: Device dev-005 passed evaluation (duration 0.009s)
2025-06-29 14:49:24 - app.services - INFO - SAFE: Device dev-007 passed evaluation (duration 0.009s)
2025-06-29 14:49:24 - app.services - WARNING - BLACKLIST_VIOLATION: Connection between dev-000 (blacklisted: False) and dev-006 (blacklisted: True) was blocked.
2025-06-29 14:49:24 - app.services - WARNING - BLACKLIST_VIOLATION: Attempt to rate blacklisted device dev-006. Action blocked.
2025-06-29 14:49:24 - app.services - WARNING - BLACKLIST_VIOLATION: Blacklisted device dev-006 attempted to rate dev-000. Action blocked.
2025-06-29 14:49:24 - app.services - INFO - SAFE: Device dev-005 passed evaluation (duration 0.010s)
2025-06-29 14:49:24 - app.services - INFO - SAFE: Device dev-008 passed evaluation (duration 0.008s)
2025-06-29 14:49:25 - app.services - WARNING - BLACKLIST_VIOLATION: Connection between dev-006 (blacklisted: True) and dev-001 (blacklisted: False) was blocked.
2025-06-29 14:49:25 - app.services - WARNING - BLACKLIST_VIOLATION: Blacklisted device dev-006 attempted to rate dev-001. Action blocked.
2025-06-29 14:49:25 - app.services - WARNING - BLACKLIST_VIOLATION: Attempt to rate blacklisted device dev-006. Action blocked.
2025-06-29 14:49:25 - app.services - INFO - SAFE: Device dev-000 passed evaluation (duration 0.009s)
2025-06-29 14:49:25 - app.services - INFO - SAFE: Device dev-003 passed evaluation (duration 0.009s)
2025-06-29 14:49:25 - app.services - INFO - SAFE: Device dev-007 passed evaluation (duration 0.009s)
2025-06-29 14:49:26 - app.services - INFO - SAFE: Device dev-001 passed evaluation (duration 0.009s)
2025-06-29 14:49:26 - app.services - WARNING - BLACKLIST_VIOLATION: Connection between dev-006 (blacklisted: True) and dev-009 (blacklisted: False) was blocked.
2025-06-29 14:49:26 - app.services - WARNING - BLACKLIST_VIOLATION: Blacklisted device dev-006 attempted to rate dev-009. Action blocked.
2025-06-29 14:49:26 - app.services - WARNING - BLACKLIST_VIOLATION: Attempt to rate blacklisted device dev-006. Action blocked.
2025-06-29 14:49:26 - app.services - INFO - SAFE: Device dev-001 passed evaluation (duration 0.008s)
2025-06-29 14:49:26 - app.services - INFO - SAFE: Device dev-004 passed evaluation (duration 0.005s)
2025-06-29 14:49:26 - app.services - WARNING - BLACKLIST_VIOLATION: Connection between dev-001 (blacklisted: False) and dev-006 (blacklisted: True) was blocked.
2025-06-29 14:49:26 - app.services - WARNING - BLACKLIST_VIOLATION: Attempt to rate blacklisted device dev-006. Action blocked.
2025-06-29 14:49:26 - app.services - WARNING - BLACKLIST_VIOLATION: Blacklisted device dev-006 attempted to rate dev-001. Action blocked.
2025-06-29 14:49:26 - app.services - INFO - SAFE: Device dev-003 passed evaluation (duration 0.009s)
2025-06-29 14:49:26 - app.services - INFO - SAFE: Device dev-001 passed evaluation (duration 0.009s)
2025-06-29 14:49:27 - app.services - INFO - SAFE: Device dev-003 passed evaluation (duration 0.010s)
2025-06-29 14:49:27 - app.services - INFO - SAFE: Device dev-001 passed evaluation (duration 0.010s)
2025-06-29 14:49:28 - app.services - WARNING - REJOIN_BLOCKED: Device dev-006 has been permanently blacklisted.
