2025-06-27 17:06:14 - app.services - INFO - Selecting new coordinator...
2025-06-27 17:06:14 - app.services - INFO - Internal coordinator selected: dev-000 (RSU)
2025-06-27 17:06:14 - app.services - INFO - SAFE: Device dev-001 passed evaluation (duration 0.005s)
2025-06-27 17:06:14 - app.services - INFO - SAFE: Device dev-007 passed evaluation (duration 0.005s)
2025-06-27 17:06:14 - app.services - WARNING - DISHONEST RATING: Device dev-007 trust_score directly reduced from 0.447 to 0.347 (suspicious: 1).
2025-06-27 17:06:14 - app.services - INFO - SAFE: Device dev-005 passed evaluation (duration 0.003s)
2025-06-27 17:06:14 - app.services - INFO - SAFE: Device dev-003 passed evaluation (duration 0.005s)
2025-06-27 17:06:14 - app.services - INFO - SAFE: Device dev-006 passed evaluation (duration 0.004s)
2025-06-27 17:06:14 - app.services - INFO - SAFE: Device dev-004 passed evaluation (duration 0.003s)
2025-06-27 17:06:14 - app.services - WARNING - DISHONEST RATING: Device dev-006 trust_score directly reduced from 0.657 to 0.557 (suspicious: 1).
2025-06-27 17:06:14 - app.services - INFO - SAFE: Device dev-000 passed evaluation (duration 0.004s)
2025-06-27 17:06:14 - app.services - INFO - SAFE: Device dev-004 passed evaluation (duration 0.006s)
2025-06-27 17:06:14 - app.services - INFO - SAFE: Device dev-009 passed evaluation (duration 0.005s)
2025-06-27 17:06:14 - app.services - INFO - SAFE: Device dev-002 passed evaluation (duration 0.003s)
2025-06-27 17:06:15 - app.services - INFO - SAFE: Device dev-000 passed evaluation (duration 0.003s)
2025-06-27 17:06:15 - app.services - INFO - SAFE: Device dev-002 passed evaluation (duration 0.004s)
2025-06-27 17:06:15 - app.services - INFO - SAFE: Device dev-002 passed evaluation (duration 0.003s)
2025-06-27 17:06:15 - app.services - INFO - SAFE: Device dev-005 passed evaluation (duration 0.004s)
2025-06-27 17:06:15 - app.services - INFO - SAFE: Device dev-000 passed evaluation (duration 0.003s)
2025-06-27 17:06:15 - app.services - INFO - SAFE: Device dev-003 passed evaluation (duration 0.004s)
2025-06-27 17:06:15 - app.services - INFO - SAFE: Device dev-008 passed evaluation (duration 0.004s)
2025-06-27 17:06:15 - app.services - INFO - SAFE: Device dev-007 passed evaluation (duration 0.004s)
2025-06-27 17:06:15 - app.services - WARNING - DISHONEST RATING: Device dev-007 trust_score directly reduced from 0.537 to 0.437 (suspicious: 2).
2025-06-27 17:06:15 - app.services - INFO - SAFE: Device dev-003 passed evaluation (duration 0.003s)
2025-06-27 17:06:15 - app.services - INFO - SAFE: Device dev-007 passed evaluation (duration 0.003s)
2025-06-27 17:06:15 - app.services - WARNING - FLAGGED: Device dev-007 flagged after 3 suspicious activities
2025-06-27 17:06:15 - app.services - WARNING - DISHONEST RATING: Device dev-007 trust_score directly reduced from 0.569 to 0.469 (suspicious: 3).
2025-06-27 17:06:15 - app.services - INFO - SAFE: Device dev-003 passed evaluation (duration 0.003s)
2025-06-27 17:06:15 - app.services - INFO - SAFE: Device dev-009 passed evaluation (duration 0.003s)
2025-06-27 17:06:15 - app.services - INFO - SAFE: Device dev-007 passed evaluation (duration 0.003s)
2025-06-27 17:06:15 - app.services - INFO - SAFE: Device dev-001 passed evaluation (duration 0.003s)
2025-06-27 17:06:15 - app.services - WARNING - FLAGGED: Device dev-007 flagged after 4 suspicious activities
2025-06-27 17:06:15 - app.services - WARNING - DISHONEST RATING: Device dev-007 trust_score directly reduced from 0.585 to 0.485 (suspicious: 4).
2025-06-27 17:06:15 - app.services - INFO - SAFE: Device dev-004 passed evaluation (duration 0.003s)
2025-06-27 17:06:15 - app.services - INFO - SAFE: Device dev-009 passed evaluation (duration 0.003s)
2025-06-27 17:06:15 - app.services - INFO - SAFE: Device dev-003 passed evaluation (duration 0.003s)
2025-06-27 17:06:15 - app.services - INFO - SAFE: Device dev-004 passed evaluation (duration 0.003s)
2025-06-27 17:06:16 - app.services - INFO - SAFE: Device dev-007 passed evaluation (duration 0.004s)
2025-06-27 17:06:16 - app.services - INFO - SAFE: Device dev-005 passed evaluation (duration 0.003s)
2025-06-27 17:06:16 - app.services - WARNING - FLAGGED: Device dev-007 flagged after 5 suspicious activities
2025-06-27 17:06:16 - app.services - WARNING - DISHONEST RATING: Device dev-007 trust_score directly reduced from 0.579 to 0.479 (suspicious: 5).
2025-06-27 17:06:16 - app.services - WARNING - BLACKLIST: Device dev-001 blacklisted after evaluation 0.003s with detection time: 2.083 after joined
2025-06-27 17:06:16 - app.services - DEBUG - SKIP_UPDATE: Peer dev-001 is blacklisted, skipping trust update for dev-003
2025-06-27 17:06:16 - app.services - WARNING - BLACKLIST_VIOLATION: Blacklisted device dev-001 attempted to rate dev-003. Action blocked.
2025-06-27 17:06:16 - app.services - WARNING - BLACKLIST_VIOLATION: Attempt to rate blacklisted device dev-001. Action blocked.
2025-06-27 17:06:16 - app.services - INFO - SAFE: Device dev-009 passed evaluation (duration 0.003s)
2025-06-27 17:06:16 - app.services - INFO - SAFE: Device dev-006 passed evaluation (duration 0.005s)
2025-06-27 17:06:16 - app.services - WARNING - DISHONEST RATING: Device dev-006 trust_score directly reduced from 0.572 to 0.472 (suspicious: 2).
2025-06-27 17:06:16 - app.services - WARNING - BLACKLIST_VIOLATION: Connection between dev-003 (blacklisted: False) and dev-001 (blacklisted: True) was blocked.
2025-06-27 17:06:16 - app.services - WARNING - BLACKLIST_VIOLATION: Attempt to rate blacklisted device dev-001. Action blocked.
2025-06-27 17:06:16 - app.services - WARNING - BLACKLIST_VIOLATION: Blacklisted device dev-001 attempted to rate dev-003. Action blocked.
2025-06-27 17:06:16 - app.services - INFO - SAFE: Device dev-000 passed evaluation (duration 0.004s)
2025-06-27 17:06:16 - app.services - INFO - SAFE: Device dev-004 passed evaluation (duration 0.005s)
2025-06-27 17:06:16 - app.services - INFO - SAFE: Device dev-006 passed evaluation (duration 0.003s)
2025-06-27 17:06:16 - app.services - INFO - SAFE: Device dev-000 passed evaluation (duration 0.003s)
2025-06-27 17:06:16 - app.services - WARNING - FLAGGED: Device dev-006 flagged after 3 suspicious activities
2025-06-27 17:06:16 - app.services - WARNING - DISHONEST RATING: Device dev-006 trust_score directly reduced from 0.586 to 0.486 (suspicious: 3).
2025-06-27 17:06:16 - app.services - INFO - SAFE: Device dev-002 passed evaluation (duration 0.004s)
2025-06-27 17:06:16 - app.services - INFO - SAFE: Device dev-003 passed evaluation (duration 0.003s)
2025-06-27 17:06:16 - app.services - INFO - SAFE: Device dev-004 passed evaluation (duration 0.003s)
2025-06-27 17:06:16 - app.services - INFO - SAFE: Device dev-005 passed evaluation (duration 0.003s)
2025-06-27 17:06:16 - app.services - WARNING - BLACKLIST_VIOLATION: Connection between dev-001 (blacklisted: True) and dev-005 (blacklisted: False) was blocked.
2025-06-27 17:06:16 - app.services - WARNING - BLACKLIST_VIOLATION: Blacklisted device dev-001 attempted to rate dev-005. Action blocked.
2025-06-27 17:06:16 - app.services - WARNING - BLACKLIST_VIOLATION: Attempt to rate blacklisted device dev-001. Action blocked.
2025-06-27 17:06:16 - app.services - INFO - SAFE: Device dev-007 passed evaluation (duration 0.003s)
2025-06-27 17:06:16 - app.services - INFO - SAFE: Device dev-003 passed evaluation (duration 0.003s)
2025-06-27 17:06:16 - app.services - WARNING - FLAGGED: Device dev-007 flagged after 6 suspicious activities
2025-06-27 17:06:16 - app.services - WARNING - DISHONEST RATING: Device dev-007 trust_score directly reduced from 0.450 to 0.350 (suspicious: 6).
2025-06-27 17:06:17 - app.services - INFO - SAFE: Device dev-005 passed evaluation (duration 0.003s)
2025-06-27 17:06:17 - app.services - INFO - SAFE: Device dev-004 passed evaluation (duration 0.003s)
2025-06-27 17:06:17 - app.services - WARNING - BLACKLIST_VIOLATION: Connection between dev-008 (blacklisted: False) and dev-001 (blacklisted: True) was blocked.
2025-06-27 17:06:17 - app.services - WARNING - BLACKLIST_VIOLATION: Attempt to rate blacklisted device dev-001. Action blocked.
2025-06-27 17:06:17 - app.services - WARNING - BLACKLIST_VIOLATION: Blacklisted device dev-001 attempted to rate dev-008. Action blocked.
2025-06-27 17:06:17 - app.services - INFO - SAFE: Device dev-004 passed evaluation (duration 0.003s)
2025-06-27 17:06:17 - app.services - INFO - SAFE: Device dev-008 passed evaluation (duration 0.003s)
2025-06-27 17:06:17 - app.services - INFO - SAFE: Device dev-003 passed evaluation (duration 0.003s)
2025-06-27 17:06:17 - app.services - INFO - SAFE: Device dev-002 passed evaluation (duration 0.003s)
2025-06-27 17:06:17 - app.services - WARNING - BLACKLIST_VIOLATION: Connection between dev-001 (blacklisted: True) and dev-006 (blacklisted: False) was blocked.
2025-06-27 17:06:17 - app.services - WARNING - BLACKLIST_VIOLATION: Blacklisted device dev-001 attempted to rate dev-006. Action blocked.
2025-06-27 17:06:17 - app.services - WARNING - BLACKLIST_VIOLATION: Attempt to rate blacklisted device dev-001. Action blocked.
2025-06-27 17:06:17 - app.services - INFO - SAFE: Device dev-005 passed evaluation (duration 0.003s)
2025-06-27 17:06:17 - app.services - INFO - SAFE: Device dev-008 passed evaluation (duration 0.005s)
2025-06-27 17:06:17 - app.services - INFO - SAFE: Device dev-003 passed evaluation (duration 0.003s)
2025-06-27 17:06:17 - app.services - INFO - SAFE: Device dev-004 passed evaluation (duration 0.003s)
2025-06-27 17:06:17 - app.services - INFO - SAFE: Device dev-009 passed evaluation (duration 0.003s)
2025-06-27 17:06:17 - app.services - INFO - SAFE: Device dev-002 passed evaluation (duration 0.007s)
2025-06-27 17:06:17 - app.services - WARNING - BLACKLIST_VIOLATION: Connection between dev-008 (blacklisted: False) and dev-001 (blacklisted: True) was blocked.
2025-06-27 17:06:17 - app.services - WARNING - BLACKLIST_VIOLATION: Attempt to rate blacklisted device dev-001. Action blocked.
2025-06-27 17:06:17 - app.services - WARNING - BLACKLIST_VIOLATION: Blacklisted device dev-001 attempted to rate dev-008. Action blocked.
2025-06-27 17:06:17 - app.services - WARNING - BLACKLIST_VIOLATION: Connection between dev-008 (blacklisted: False) and dev-001 (blacklisted: True) was blocked.
2025-06-27 17:06:17 - app.services - WARNING - BLACKLIST_VIOLATION: Attempt to rate blacklisted device dev-001. Action blocked.
2025-06-27 17:06:17 - app.services - WARNING - BLACKLIST_VIOLATION: Blacklisted device dev-001 attempted to rate dev-008. Action blocked.
2025-06-27 17:06:17 - app.services - INFO - SAFE: Device dev-004 passed evaluation (duration 0.003s)
2025-06-27 17:06:17 - app.services - INFO - SAFE: Device dev-003 passed evaluation (duration 0.003s)
2025-06-27 17:06:18 - app.services - WARNING - BLACKLIST_VIOLATION: Connection between dev-001 (blacklisted: True) and dev-007 (blacklisted: False) was blocked.
2025-06-27 17:06:18 - app.services - WARNING - BLACKLIST_VIOLATION: Blacklisted device dev-001 attempted to rate dev-007. Action blocked.
2025-06-27 17:06:18 - app.services - WARNING - BLACKLIST_VIOLATION: Attempt to rate blacklisted device dev-001. Action blocked.
2025-06-27 17:06:18 - app.services - INFO - SAFE: Device dev-004 passed evaluation (duration 0.005s)
2025-06-27 17:06:18 - app.services - INFO - SAFE: Device dev-002 passed evaluation (duration 0.004s)
2025-06-27 17:06:18 - app.services - INFO - SAFE: Device dev-003 passed evaluation (duration 0.003s)
2025-06-27 17:06:18 - app.services - INFO - SAFE: Device dev-004 passed evaluation (duration 0.004s)
2025-06-27 17:06:18 - app.services - INFO - SAFE: Device dev-004 passed evaluation (duration 0.004s)
2025-06-27 17:06:18 - app.services - INFO - SAFE: Device dev-007 passed evaluation (duration 0.005s)
2025-06-27 17:06:18 - app.services - WARNING - FLAGGED: Device dev-007 flagged after 7 suspicious activities
2025-06-27 17:06:18 - app.services - WARNING - DISHONEST RATING: Device dev-007 trust_score directly reduced from 0.424 to 0.324 (suspicious: 7).
2025-06-27 17:06:18 - app.services - WARNING - BLACKLIST_VIOLATION: Connection between dev-005 (blacklisted: False) and dev-001 (blacklisted: True) was blocked.
2025-06-27 17:06:18 - app.services - WARNING - BLACKLIST_VIOLATION: Attempt to rate blacklisted device dev-001. Action blocked.
2025-06-27 17:06:18 - app.services - WARNING - BLACKLIST_VIOLATION: Blacklisted device dev-001 attempted to rate dev-005. Action blocked.
2025-06-27 17:06:18 - app.services - INFO - SAFE: Device dev-002 passed evaluation (duration 0.006s)
2025-06-27 17:06:18 - app.services - INFO - SAFE: Device dev-008 passed evaluation (duration 0.003s)
2025-06-27 17:06:18 - app.services - INFO - SAFE: Device dev-006 passed evaluation (duration 0.003s)
2025-06-27 17:06:18 - app.services - INFO - SAFE: Device dev-004 passed evaluation (duration 0.003s)
2025-06-27 17:06:18 - app.services - WARNING - FLAGGED: Device dev-006 flagged after 4 suspicious activities
2025-06-27 17:06:18 - app.services - WARNING - DISHONEST RATING: Device dev-006 trust_score directly reduced from 0.531 to 0.431 (suspicious: 4).
2025-06-27 17:06:18 - app.services - INFO - SAFE: Device dev-006 passed evaluation (duration 0.003s)
2025-06-27 17:06:18 - app.services - INFO - SAFE: Device dev-005 passed evaluation (duration 0.003s)
2025-06-27 17:06:18 - app.services - WARNING - FLAGGED: Device dev-006 flagged after 5 suspicious activities
2025-06-27 17:06:18 - app.services - WARNING - DISHONEST RATING: Device dev-006 trust_score directly reduced from 0.500 to 0.400 (suspicious: 5).
2025-06-27 17:06:18 - app.services - INFO - SAFE: Device dev-007 passed evaluation (duration 0.005s)
2025-06-27 17:06:18 - app.services - INFO - SAFE: Device dev-000 passed evaluation (duration 0.004s)
2025-06-27 17:06:18 - app.services - WARNING - FLAGGED: Device dev-007 flagged after 8 suspicious activities
2025-06-27 17:06:18 - app.services - WARNING - DISHONEST RATING: Device dev-007 trust_score directly reduced from 0.437 to 0.337 (suspicious: 8).
2025-06-27 17:06:18 - app.services - WARNING - BLACKLIST_VIOLATION: Connection between dev-001 (blacklisted: True) and dev-005 (blacklisted: False) was blocked.
2025-06-27 17:06:18 - app.services - WARNING - BLACKLIST_VIOLATION: Blacklisted device dev-001 attempted to rate dev-005. Action blocked.
2025-06-27 17:06:18 - app.services - WARNING - BLACKLIST_VIOLATION: Attempt to rate blacklisted device dev-001. Action blocked.
2025-06-27 17:06:19 - app.services - WARNING - BLACKLIST_VIOLATION: Connection between dev-004 (blacklisted: False) and dev-001 (blacklisted: True) was blocked.
2025-06-27 17:06:19 - app.services - WARNING - BLACKLIST_VIOLATION: Attempt to rate blacklisted device dev-001. Action blocked.
2025-06-27 17:06:19 - app.services - WARNING - BLACKLIST_VIOLATION: Blacklisted device dev-001 attempted to rate dev-004. Action blocked.
2025-06-27 17:06:19 - app.services - INFO - SAFE: Device dev-006 passed evaluation (duration 0.003s)
2025-06-27 17:06:19 - app.services - INFO - SAFE: Device dev-000 passed evaluation (duration 0.003s)
2025-06-27 17:06:19 - app.services - WARNING - FLAGGED: Device dev-006 flagged after 6 suspicious activities
2025-06-27 17:06:19 - app.services - WARNING - DISHONEST RATING: Device dev-006 trust_score directly reduced from 0.557 to 0.457 (suspicious: 6).
2025-06-27 17:06:19 - app.services - INFO - SAFE: Device dev-000 passed evaluation (duration 0.003s)
2025-06-27 17:06:19 - app.services - INFO - SAFE: Device dev-008 passed evaluation (duration 0.003s)
2025-06-27 17:06:19 - app.services - INFO - SAFE: Device dev-002 passed evaluation (duration 0.006s)
2025-06-27 17:06:19 - app.services - INFO - SAFE: Device dev-008 passed evaluation (duration 0.004s)
2025-06-27 17:06:19 - app.services - INFO - SAFE: Device dev-000 passed evaluation (duration 0.004s)
2025-06-27 17:06:19 - app.services - INFO - SAFE: Device dev-002 passed evaluation (duration 0.003s)
2025-06-27 17:06:19 - app.services - INFO - SAFE: Device dev-009 passed evaluation (duration 0.003s)
2025-06-27 17:06:19 - app.services - INFO - SAFE: Device dev-002 passed evaluation (duration 0.003s)
2025-06-27 17:06:19 - app.services - INFO - SAFE: Device dev-007 passed evaluation (duration 0.003s)
2025-06-27 17:06:19 - app.services - INFO - SAFE: Device dev-009 passed evaluation (duration 0.004s)
2025-06-27 17:06:19 - app.services - WARNING - FLAGGED: Device dev-007 flagged after 9 suspicious activities
2025-06-27 17:06:19 - app.services - WARNING - DISHONEST RATING: Device dev-007 trust_score directly reduced from 0.302 to 0.202 (suspicious: 9).
2025-06-27 17:06:19 - app.services - INFO - SAFE: Device dev-009 passed evaluation (duration 0.003s)
2025-06-27 17:06:19 - app.services - INFO - SAFE: Device dev-000 passed evaluation (duration 0.003s)
2025-06-27 17:06:19 - app.services - WARNING - BLACKLIST_VIOLATION: Connection between dev-001 (blacklisted: True) and dev-000 (blacklisted: False) was blocked.
2025-06-27 17:06:19 - app.services - WARNING - BLACKLIST_VIOLATION: Blacklisted device dev-001 attempted to rate dev-000. Action blocked.
2025-06-27 17:06:19 - app.services - WARNING - BLACKLIST_VIOLATION: Attempt to rate blacklisted device dev-001. Action blocked.
2025-06-27 17:06:20 - app.services - INFO - SAFE: Device dev-002 passed evaluation (duration 0.005s)
2025-06-27 17:06:20 - app.services - INFO - SAFE: Device dev-008 passed evaluation (duration 0.005s)
2025-06-27 17:06:20 - app.services - INFO - SAFE: Device dev-003 passed evaluation (duration 0.003s)
2025-06-27 17:06:20 - app.services - INFO - SAFE: Device dev-000 passed evaluation (duration 0.004s)
2025-06-27 17:06:20 - app.services - WARNING - BLACKLIST: Device dev-007 blacklisted after evaluation 0.003s with detection time: 5.954 after joined
2025-06-27 17:06:20 - app.services - DEBUG - SKIP_UPDATE: Peer dev-007 is blacklisted, skipping trust update for dev-008
2025-06-27 17:06:20 - app.services - WARNING - BLACKLIST_VIOLATION: Blacklisted device dev-007 attempted to rate dev-008. Action blocked.
2025-06-27 17:06:20 - app.services - WARNING - BLACKLIST_VIOLATION: Attempt to rate blacklisted device dev-007. Action blocked.
2025-06-27 17:06:20 - app.services - INFO - SAFE: Device dev-008 passed evaluation (duration 0.003s)
2025-06-27 17:06:20 - app.services - INFO - SAFE: Device dev-000 passed evaluation (duration 0.003s)
2025-06-27 17:06:20 - app.services - INFO - SAFE: Device dev-006 passed evaluation (duration 0.004s)
2025-06-27 17:06:20 - app.services - INFO - SAFE: Device dev-000 passed evaluation (duration 0.003s)
2025-06-27 17:06:20 - app.services - WARNING - FLAGGED: Device dev-006 flagged after 7 suspicious activities
2025-06-27 17:06:20 - app.services - WARNING - DISHONEST RATING: Device dev-006 trust_score directly reduced from 0.580 to 0.480 (suspicious: 7).
2025-06-27 17:06:20 - app.services - WARNING - BLACKLIST_VIOLATION: Connection between dev-001 (blacklisted: True) and dev-004 (blacklisted: False) was blocked.
2025-06-27 17:06:20 - app.services - WARNING - BLACKLIST_VIOLATION: Blacklisted device dev-001 attempted to rate dev-004. Action blocked.
2025-06-27 17:06:20 - app.services - WARNING - BLACKLIST_VIOLATION: Attempt to rate blacklisted device dev-001. Action blocked.
2025-06-27 17:06:20 - app.services - INFO - SAFE: Device dev-009 passed evaluation (duration 0.003s)
2025-06-27 17:06:20 - app.services - INFO - SAFE: Device dev-004 passed evaluation (duration 0.004s)
2025-06-27 17:06:20 - app.services - WARNING - BLACKLIST_VIOLATION: Connection between dev-007 (blacklisted: True) and dev-000 (blacklisted: False) was blocked.
2025-06-27 17:06:20 - app.services - WARNING - BLACKLIST_VIOLATION: Blacklisted device dev-007 attempted to rate dev-000. Action blocked.
2025-06-27 17:06:20 - app.services - WARNING - BLACKLIST_VIOLATION: Attempt to rate blacklisted device dev-007. Action blocked.
2025-06-27 17:06:20 - app.services - INFO - SAFE: Device dev-005 passed evaluation (duration 0.009s)
2025-06-27 17:06:20 - app.services - INFO - SAFE: Device dev-008 passed evaluation (duration 0.003s)
2025-06-27 17:06:20 - app.services - INFO - SAFE: Device dev-003 passed evaluation (duration 0.003s)
2025-06-27 17:06:21 - app.services - INFO - SAFE: Device dev-000 passed evaluation (duration 0.003s)
2025-06-27 17:06:21 - app.services - INFO - SAFE: Device dev-004 passed evaluation (duration 0.003s)
2025-06-27 17:06:21 - app.services - INFO - SAFE: Device dev-000 passed evaluation (duration 0.004s)
2025-06-27 17:06:21 - app.services - INFO - SAFE: Device dev-000 passed evaluation (duration 0.004s)
2025-06-27 17:06:21 - app.services - INFO - SAFE: Device dev-008 passed evaluation (duration 0.004s)
2025-06-27 17:06:21 - app.services - WARNING - BLACKLIST_VIOLATION: Connection between dev-000 (blacklisted: False) and dev-001 (blacklisted: True) was blocked.
2025-06-27 17:06:21 - app.services - WARNING - BLACKLIST_VIOLATION: Attempt to rate blacklisted device dev-001. Action blocked.
2025-06-27 17:06:21 - app.services - WARNING - BLACKLIST_VIOLATION: Blacklisted device dev-001 attempted to rate dev-000. Action blocked.
2025-06-27 17:06:21 - app.services - WARNING - BLACKLIST_VIOLATION: Connection between dev-007 (blacklisted: True) and dev-009 (blacklisted: False) was blocked.
2025-06-27 17:06:21 - app.services - WARNING - BLACKLIST_VIOLATION: Blacklisted device dev-007 attempted to rate dev-009. Action blocked.
2025-06-27 17:06:21 - app.services - WARNING - BLACKLIST_VIOLATION: Attempt to rate blacklisted device dev-007. Action blocked.
2025-06-27 17:06:21 - app.services - WARNING - BLACKLIST_VIOLATION: Connection between dev-001 (blacklisted: True) and dev-005 (blacklisted: False) was blocked.
2025-06-27 17:06:21 - app.services - WARNING - BLACKLIST_VIOLATION: Blacklisted device dev-001 attempted to rate dev-005. Action blocked.
2025-06-27 17:06:21 - app.services - WARNING - BLACKLIST_VIOLATION: Attempt to rate blacklisted device dev-001. Action blocked.
2025-06-27 17:06:21 - app.services - WARNING - BLACKLIST_VIOLATION: Connection between dev-001 (blacklisted: True) and dev-009 (blacklisted: False) was blocked.
2025-06-27 17:06:21 - app.services - WARNING - BLACKLIST_VIOLATION: Blacklisted device dev-001 attempted to rate dev-009. Action blocked.
2025-06-27 17:06:21 - app.services - WARNING - BLACKLIST_VIOLATION: Attempt to rate blacklisted device dev-001. Action blocked.
2025-06-27 17:06:21 - app.services - WARNING - BLACKLIST_VIOLATION: Connection between dev-004 (blacklisted: False) and dev-007 (blacklisted: True) was blocked.
2025-06-27 17:06:21 - app.services - WARNING - BLACKLIST_VIOLATION: Attempt to rate blacklisted device dev-007. Action blocked.
2025-06-27 17:06:21 - app.services - WARNING - BLACKLIST_VIOLATION: Blacklisted device dev-007 attempted to rate dev-004. Action blocked.
2025-06-27 17:06:21 - app.services - INFO - SAFE: Device dev-002 passed evaluation (duration 0.004s)
2025-06-27 17:06:21 - app.services - INFO - SAFE: Device dev-006 passed evaluation (duration 0.004s)
2025-06-27 17:06:21 - app.services - WARNING - FLAGGED: Device dev-006 flagged after 8 suspicious activities
2025-06-27 17:06:21 - app.services - WARNING - DISHONEST RATING: Device dev-006 trust_score directly reduced from 0.318 to 0.218 (suspicious: 8).
2025-06-27 17:06:21 - app.services - INFO - SAFE: Device dev-009 passed evaluation (duration 0.004s)
2025-06-27 17:06:21 - app.services - INFO - SAFE: Device dev-004 passed evaluation (duration 0.009s)
2025-06-27 17:06:22 - app.services - WARNING - BLACKLIST_VIOLATION: Connection between dev-001 (blacklisted: True) and dev-009 (blacklisted: False) was blocked.
2025-06-27 17:06:22 - app.services - WARNING - BLACKLIST_VIOLATION: Blacklisted device dev-001 attempted to rate dev-009. Action blocked.
2025-06-27 17:06:22 - app.services - WARNING - BLACKLIST_VIOLATION: Attempt to rate blacklisted device dev-001. Action blocked.
2025-06-27 17:06:22 - app.services - WARNING - BLACKLIST_VIOLATION: Connection between dev-001 (blacklisted: True) and dev-007 (blacklisted: True) was blocked.
2025-06-27 17:06:22 - app.services - WARNING - BLACKLIST_VIOLATION: Blacklisted device dev-001 attempted to rate dev-007. Action blocked.
2025-06-27 17:06:22 - app.services - WARNING - BLACKLIST_VIOLATION: Blacklisted device dev-007 attempted to rate dev-001. Action blocked.
2025-06-27 17:06:22 - app.services - WARNING - BLACKLIST: Device dev-006 blacklisted after evaluation 0.006s with detection time: 7.897 after joined
2025-06-27 17:06:22 - app.services - DEBUG - SKIP_UPDATE: Peer dev-006 is blacklisted, skipping trust update for dev-009
2025-06-27 17:06:22 - app.services - WARNING - BLACKLIST_VIOLATION: Blacklisted device dev-006 attempted to rate dev-009. Action blocked.
2025-06-27 17:06:22 - app.services - WARNING - BLACKLIST_VIOLATION: Attempt to rate blacklisted device dev-006. Action blocked.
2025-06-27 17:06:22 - app.services - WARNING - BLACKLIST_VIOLATION: Connection between dev-006 (blacklisted: True) and dev-001 (blacklisted: True) was blocked.
2025-06-27 17:06:22 - app.services - WARNING - BLACKLIST_VIOLATION: Blacklisted device dev-006 attempted to rate dev-001. Action blocked.
2025-06-27 17:06:22 - app.services - WARNING - BLACKLIST_VIOLATION: Blacklisted device dev-001 attempted to rate dev-006. Action blocked.
2025-06-27 17:06:22 - app.services - INFO - SAFE: Device dev-005 passed evaluation (duration 0.006s)
2025-06-27 17:06:22 - app.services - INFO - SAFE: Device dev-004 passed evaluation (duration 0.004s)
2025-06-27 17:06:22 - app.services - WARNING - BLACKLIST_VIOLATION: Connection between dev-006 (blacklisted: True) and dev-002 (blacklisted: False) was blocked.
2025-06-27 17:06:22 - app.services - WARNING - BLACKLIST_VIOLATION: Blacklisted device dev-006 attempted to rate dev-002. Action blocked.
2025-06-27 17:06:22 - app.services - WARNING - BLACKLIST_VIOLATION: Attempt to rate blacklisted device dev-006. Action blocked.
2025-06-27 17:06:22 - app.services - WARNING - BLACKLIST_VIOLATION: Connection between dev-006 (blacklisted: True) and dev-004 (blacklisted: False) was blocked.
2025-06-27 17:06:22 - app.services - WARNING - BLACKLIST_VIOLATION: Blacklisted device dev-006 attempted to rate dev-004. Action blocked.
2025-06-27 17:06:22 - app.services - WARNING - BLACKLIST_VIOLATION: Attempt to rate blacklisted device dev-006. Action blocked.
2025-06-27 17:06:22 - app.services - WARNING - BLACKLIST_VIOLATION: Connection between dev-001 (blacklisted: True) and dev-003 (blacklisted: False) was blocked.
2025-06-27 17:06:22 - app.services - WARNING - BLACKLIST_VIOLATION: Blacklisted device dev-001 attempted to rate dev-003. Action blocked.
2025-06-27 17:06:22 - app.services - WARNING - BLACKLIST_VIOLATION: Attempt to rate blacklisted device dev-001. Action blocked.
2025-06-27 17:06:22 - app.services - INFO - SAFE: Device dev-004 passed evaluation (duration 0.003s)
2025-06-27 17:06:22 - app.services - INFO - SAFE: Device dev-005 passed evaluation (duration 0.004s)
2025-06-27 17:06:22 - app.services - WARNING - BLACKLIST_VIOLATION: Connection between dev-008 (blacklisted: False) and dev-007 (blacklisted: True) was blocked.
2025-06-27 17:06:22 - app.services - WARNING - BLACKLIST_VIOLATION: Attempt to rate blacklisted device dev-007. Action blocked.
2025-06-27 17:06:22 - app.services - WARNING - BLACKLIST_VIOLATION: Blacklisted device dev-007 attempted to rate dev-008. Action blocked.
2025-06-27 17:06:23 - app.services - INFO - SAFE: Device dev-002 passed evaluation (duration 0.003s)
2025-06-27 17:06:23 - app.services - INFO - SAFE: Device dev-003 passed evaluation (duration 0.003s)
2025-06-27 17:06:23 - app.services - INFO - SAFE: Device dev-000 passed evaluation (duration 0.003s)
2025-06-27 17:06:23 - app.services - INFO - SAFE: Device dev-002 passed evaluation (duration 0.003s)
2025-06-27 17:06:23 - app.services - INFO - SAFE: Device dev-004 passed evaluation (duration 0.004s)
2025-06-27 17:06:23 - app.services - INFO - SAFE: Device dev-005 passed evaluation (duration 0.004s)
2025-06-27 17:06:23 - app.services - WARNING - BLACKLIST_VIOLATION: Connection between dev-007 (blacklisted: True) and dev-003 (blacklisted: False) was blocked.
2025-06-27 17:06:23 - app.services - WARNING - BLACKLIST_VIOLATION: Blacklisted device dev-007 attempted to rate dev-003. Action blocked.
2025-06-27 17:06:23 - app.services - WARNING - BLACKLIST_VIOLATION: Attempt to rate blacklisted device dev-007. Action blocked.
2025-06-27 17:06:23 - app.services - INFO - SAFE: Device dev-004 passed evaluation (duration 0.003s)
2025-06-27 17:06:23 - app.services - INFO - SAFE: Device dev-000 passed evaluation (duration 0.003s)
2025-06-27 17:06:23 - app.services - WARNING - BLACKLIST_VIOLATION: Connection between dev-002 (blacklisted: False) and dev-001 (blacklisted: True) was blocked.
2025-06-27 17:06:23 - app.services - WARNING - BLACKLIST_VIOLATION: Attempt to rate blacklisted device dev-001. Action blocked.
2025-06-27 17:06:23 - app.services - WARNING - BLACKLIST_VIOLATION: Blacklisted device dev-001 attempted to rate dev-002. Action blocked.
2025-06-27 17:06:23 - app.services - INFO - SAFE: Device dev-004 passed evaluation (duration 0.003s)
2025-06-27 17:06:23 - app.services - INFO - SAFE: Device dev-008 passed evaluation (duration 0.004s)
2025-06-27 17:06:23 - app.services - WARNING - BLACKLIST_VIOLATION: Connection between dev-001 (blacklisted: True) and dev-002 (blacklisted: False) was blocked.
2025-06-27 17:06:23 - app.services - WARNING - BLACKLIST_VIOLATION: Blacklisted device dev-001 attempted to rate dev-002. Action blocked.
2025-06-27 17:06:23 - app.services - WARNING - BLACKLIST_VIOLATION: Attempt to rate blacklisted device dev-001. Action blocked.
2025-06-27 17:06:23 - app.services - WARNING - BLACKLIST_VIOLATION: Connection between dev-001 (blacklisted: True) and dev-009 (blacklisted: False) was blocked.
2025-06-27 17:06:23 - app.services - WARNING - BLACKLIST_VIOLATION: Blacklisted device dev-001 attempted to rate dev-009. Action blocked.
2025-06-27 17:06:23 - app.services - WARNING - BLACKLIST_VIOLATION: Attempt to rate blacklisted device dev-001. Action blocked.
2025-06-27 17:06:23 - app.services - INFO - SAFE: Device dev-003 passed evaluation (duration 0.003s)
2025-06-27 17:06:23 - app.services - INFO - SAFE: Device dev-008 passed evaluation (duration 0.003s)
2025-06-27 17:06:23 - app.services - INFO - SAFE: Device dev-002 passed evaluation (duration 0.003s)
2025-06-27 17:06:23 - app.services - INFO - SAFE: Device dev-009 passed evaluation (duration 0.003s)
2025-06-27 17:06:24 - app.services - WARNING - BLACKLIST_VIOLATION: Connection between dev-001 (blacklisted: True) and dev-004 (blacklisted: False) was blocked.
2025-06-27 17:06:24 - app.services - WARNING - BLACKLIST_VIOLATION: Blacklisted device dev-001 attempted to rate dev-004. Action blocked.
2025-06-27 17:06:24 - app.services - WARNING - BLACKLIST_VIOLATION: Attempt to rate blacklisted device dev-001. Action blocked.
2025-06-27 17:06:24 - app.services - WARNING - BLACKLIST_VIOLATION: Connection between dev-006 (blacklisted: True) and dev-005 (blacklisted: False) was blocked.
2025-06-27 17:06:24 - app.services - WARNING - BLACKLIST_VIOLATION: Blacklisted device dev-006 attempted to rate dev-005. Action blocked.
2025-06-27 17:06:24 - app.services - WARNING - BLACKLIST_VIOLATION: Attempt to rate blacklisted device dev-006. Action blocked.
2025-06-27 17:06:24 - app.services - INFO - SAFE: Device dev-000 passed evaluation (duration 0.006s)
2025-06-27 17:06:24 - app.services - INFO - SAFE: Device dev-003 passed evaluation (duration 0.003s)
2025-06-27 17:06:24 - app.services - WARNING - BLACKLIST_VIOLATION: Connection between dev-001 (blacklisted: True) and dev-002 (blacklisted: False) was blocked.
2025-06-27 17:06:24 - app.services - WARNING - BLACKLIST_VIOLATION: Blacklisted device dev-001 attempted to rate dev-002. Action blocked.
2025-06-27 17:06:24 - app.services - WARNING - BLACKLIST_VIOLATION: Attempt to rate blacklisted device dev-001. Action blocked.
2025-06-27 17:06:24 - app.services - INFO - SAFE: Device dev-004 passed evaluation (duration 0.003s)
2025-06-27 17:06:24 - app.services - INFO - SAFE: Device dev-005 passed evaluation (duration 0.003s)
2025-06-27 17:06:24 - app.services - INFO - SAFE: Device dev-008 passed evaluation (duration 0.003s)
2025-06-27 17:06:24 - app.services - INFO - SAFE: Device dev-003 passed evaluation (duration 0.004s)
