2025-06-26 18:27:19 - app.services - INFO - Selecting new coordinator...
2025-06-26 18:27:19 - app.services - INFO - Internal coordinator selected: dev-000 (RSU)
2025-06-26 18:27:19 - app.services - INFO - SAFE: Device dev-006 passed evaluation (duration 0.015s)
2025-06-26 18:27:19 - app.services - INFO - SAFE: Device dev-007 passed evaluation (duration 0.003s)
2025-06-26 18:27:19 - app.services - WARNING - DISHONEST RATING: Device dev-006 trust_score directly reduced from 0.709 to 0.609 (suspicious: 1).
2025-06-26 18:27:19 - app.services - INFO - SAFE: Device dev-000 passed evaluation (duration 0.004s)
2025-06-26 18:27:19 - app.services - INFO - SAFE: Device dev-001 passed evaluation (duration 0.004s)
2025-06-26 18:27:20 - app.services - INFO - SAFE: Device dev-008 passed evaluation (duration 0.004s)
2025-06-26 18:27:20 - app.services - INFO - SAFE: Device dev-002 passed evaluation (duration 0.003s)
2025-06-26 18:27:20 - app.services - INFO - SAFE: Device dev-005 passed evaluation (duration 0.029s)
2025-06-26 18:27:20 - app.services - INFO - SAFE: Device dev-002 passed evaluation (duration 0.004s)
2025-06-26 18:27:20 - app.services - INFO - SAFE: Device dev-002 passed evaluation (duration 0.003s)
2025-06-26 18:27:20 - app.services - INFO - SAFE: Device dev-001 passed evaluation (duration 0.004s)
2025-06-26 18:27:20 - app.services - INFO - SAFE: Device dev-000 passed evaluation (duration 0.005s)
2025-06-26 18:27:20 - app.services - INFO - SAFE: Device dev-004 passed evaluation (duration 0.005s)
2025-06-26 18:27:20 - app.services - WARNING - DISHONEST RATING: Device dev-004 trust_score directly reduced from 0.447 to 0.347 (suspicious: 1).
2025-06-26 18:27:20 - app.services - INFO - SAFE: Device dev-002 passed evaluation (duration 0.004s)
2025-06-26 18:27:20 - app.services - INFO - SAFE: Device dev-008 passed evaluation (duration 0.003s)
2025-06-26 18:27:20 - app.services - INFO - SAFE: Device dev-005 passed evaluation (duration 0.003s)
2025-06-26 18:27:20 - app.services - INFO - SAFE: Device dev-004 passed evaluation (duration 0.004s)
2025-06-26 18:27:20 - app.services - WARNING - DISHONEST RATING: Device dev-004 trust_score directly reduced from 0.510 to 0.410 (suspicious: 2).
2025-06-26 18:27:20 - app.services - INFO - SAFE: Device dev-002 passed evaluation (duration 0.005s)
2025-06-26 18:27:20 - app.services - INFO - SAFE: Device dev-004 passed evaluation (duration 0.004s)
2025-06-26 18:27:20 - app.services - WARNING - FLAGGED: Device dev-004 flagged after 3 suspicious activities
2025-06-26 18:27:20 - app.services - WARNING - DISHONEST RATING: Device dev-004 trust_score directly reduced from 0.566 to 0.466 (suspicious: 3).
2025-06-26 18:27:20 - app.services - INFO - SAFE: Device dev-005 passed evaluation (duration 0.003s)
2025-06-26 18:27:20 - app.services - INFO - SAFE: Device dev-004 passed evaluation (duration 0.004s)
2025-06-26 18:27:20 - app.services - WARNING - FLAGGED: Device dev-004 flagged after 4 suspicious activities
2025-06-26 18:27:20 - app.services - WARNING - DISHONEST RATING: Device dev-004 trust_score directly reduced from 0.581 to 0.481 (suspicious: 4).
2025-06-26 18:27:21 - app.services - INFO - SAFE: Device dev-000 passed evaluation (duration 0.003s)
2025-06-26 18:27:21 - app.services - INFO - SAFE: Device dev-002 passed evaluation (duration 0.003s)
2025-06-26 18:27:21 - app.services - INFO - SAFE: Device dev-002 passed evaluation (duration 0.003s)
2025-06-26 18:27:21 - app.services - INFO - SAFE: Device dev-003 passed evaluation (duration 0.003s)
2025-06-26 18:27:21 - app.services - INFO - SAFE: Device dev-003 passed evaluation (duration 0.005s)
2025-06-26 18:27:21 - app.services - INFO - SAFE: Device dev-007 passed evaluation (duration 0.007s)
2025-06-26 18:27:21 - app.services - INFO - SAFE: Device dev-006 passed evaluation (duration 0.005s)
2025-06-26 18:27:21 - app.services - INFO - SAFE: Device dev-001 passed evaluation (duration 0.005s)
2025-06-26 18:27:21 - app.services - WARNING - DISHONEST RATING: Device dev-006 trust_score directly reduced from 0.584 to 0.484 (suspicious: 2).
2025-06-26 18:27:21 - app.services - INFO - SAFE: Device dev-009 passed evaluation (duration 0.004s)
2025-06-26 18:27:21 - app.services - INFO - SAFE: Device dev-004 passed evaluation (duration 0.004s)
2025-06-26 18:27:21 - app.services - WARNING - FLAGGED: Device dev-004 flagged after 5 suspicious activities
2025-06-26 18:27:21 - app.services - WARNING - DISHONEST RATING: Device dev-004 trust_score directly reduced from 0.574 to 0.474 (suspicious: 5).
2025-06-26 18:27:21 - app.services - INFO - SAFE: Device dev-006 passed evaluation (duration 0.004s)
2025-06-26 18:27:21 - app.services - INFO - SAFE: Device dev-000 passed evaluation (duration 0.006s)
2025-06-26 18:27:21 - app.services - WARNING - FLAGGED: Device dev-006 flagged after 3 suspicious activities
2025-06-26 18:27:21 - app.services - WARNING - DISHONEST RATING: Device dev-006 trust_score directly reduced from 0.534 to 0.434 (suspicious: 3).
2025-06-26 18:27:22 - app.services - INFO - SAFE: Device dev-007 passed evaluation (duration 0.004s)
2025-06-26 18:27:22 - app.services - INFO - SAFE: Device dev-000 passed evaluation (duration 0.004s)
2025-06-26 18:27:22 - app.services - INFO - SAFE: Device dev-009 passed evaluation (duration 0.005s)
2025-06-26 18:27:22 - app.services - INFO - SAFE: Device dev-003 passed evaluation (duration 0.004s)
2025-06-26 18:27:22 - app.services - INFO - SAFE: Device dev-003 passed evaluation (duration 0.005s)
2025-06-26 18:27:22 - app.services - INFO - SAFE: Device dev-000 passed evaluation (duration 0.004s)
2025-06-26 18:27:22 - app.services - INFO - SAFE: Device dev-005 passed evaluation (duration 0.005s)
2025-06-26 18:27:22 - app.services - INFO - SAFE: Device dev-007 passed evaluation (duration 0.005s)
2025-06-26 18:27:22 - app.services - INFO - SAFE: Device dev-003 passed evaluation (duration 0.004s)
2025-06-26 18:27:22 - app.services - INFO - SAFE: Device dev-008 passed evaluation (duration 0.004s)
2025-06-26 18:27:22 - app.services - INFO - SAFE: Device dev-007 passed evaluation (duration 0.006s)
2025-06-26 18:27:22 - app.services - INFO - SAFE: Device dev-006 passed evaluation (duration 0.005s)
2025-06-26 18:27:22 - app.services - WARNING - FLAGGED: Device dev-006 flagged after 4 suspicious activities
2025-06-26 18:27:22 - app.services - WARNING - DISHONEST RATING: Device dev-006 trust_score directly reduced from 0.437 to 0.337 (suspicious: 4).
2025-06-26 18:27:22 - app.services - INFO - SAFE: Device dev-007 passed evaluation (duration 0.004s)
2025-06-26 18:27:22 - app.services - INFO - SAFE: Device dev-006 passed evaluation (duration 0.004s)
2025-06-26 18:27:22 - app.services - WARNING - FLAGGED: Device dev-006 flagged after 5 suspicious activities
2025-06-26 18:27:22 - app.services - WARNING - DISHONEST RATING: Device dev-006 trust_score directly reduced from 0.398 to 0.298 (suspicious: 5).
2025-06-26 18:27:23 - app.services - INFO - SAFE: Device dev-005 passed evaluation (duration 0.004s)
2025-06-26 18:27:23 - app.services - INFO - SAFE: Device dev-004 passed evaluation (duration 0.003s)
2025-06-26 18:27:23 - app.services - WARNING - FLAGGED: Device dev-004 flagged after 6 suspicious activities
2025-06-26 18:27:23 - app.services - WARNING - DISHONEST RATING: Device dev-004 trust_score directly reduced from 0.597 to 0.497 (suspicious: 6).
2025-06-26 18:27:23 - app.services - INFO - SAFE: Device dev-008 passed evaluation (duration 0.003s)
2025-06-26 18:27:23 - app.services - INFO - SAFE: Device dev-003 passed evaluation (duration 0.003s)
2025-06-26 18:27:23 - app.services - INFO - SAFE: Device dev-000 passed evaluation (duration 0.005s)
2025-06-26 18:27:23 - app.services - INFO - SAFE: Device dev-009 passed evaluation (duration 0.003s)
2025-06-26 18:27:23 - app.services - INFO - SAFE: Device dev-003 passed evaluation (duration 0.004s)
2025-06-26 18:27:23 - app.services - INFO - SAFE: Device dev-002 passed evaluation (duration 0.003s)
2025-06-26 18:27:23 - app.services - INFO - SAFE: Device dev-008 passed evaluation (duration 0.003s)
2025-06-26 18:27:23 - app.services - INFO - SAFE: Device dev-002 passed evaluation (duration 0.004s)
2025-06-26 18:27:23 - app.services - INFO - SAFE: Device dev-003 passed evaluation (duration 0.004s)
2025-06-26 18:27:23 - app.services - INFO - SAFE: Device dev-001 passed evaluation (duration 0.004s)
2025-06-26 18:27:23 - app.services - INFO - SAFE: Device dev-007 passed evaluation (duration 0.004s)
2025-06-26 18:27:23 - app.services - INFO - SAFE: Device dev-009 passed evaluation (duration 0.003s)
2025-06-26 18:27:24 - app.services - INFO - SAFE: Device dev-006 passed evaluation (duration 0.004s)
2025-06-26 18:27:24 - app.services - INFO - SAFE: Device dev-008 passed evaluation (duration 0.004s)
2025-06-26 18:27:24 - app.services - WARNING - FLAGGED: Device dev-006 flagged after 6 suspicious activities
2025-06-26 18:27:24 - app.services - WARNING - DISHONEST RATING: Device dev-006 trust_score directly reduced from 0.368 to 0.268 (suspicious: 6).
2025-06-26 18:27:24 - app.services - INFO - SAFE: Device dev-007 passed evaluation (duration 0.005s)
2025-06-26 18:27:24 - app.services - INFO - SAFE: Device dev-002 passed evaluation (duration 0.004s)
2025-06-26 18:27:24 - app.services - INFO - SAFE: Device dev-003 passed evaluation (duration 0.003s)
2025-06-26 18:27:24 - app.services - INFO - SAFE: Device dev-005 passed evaluation (duration 0.005s)
2025-06-26 18:27:24 - app.services - INFO - SAFE: Device dev-002 passed evaluation (duration 0.003s)
2025-06-26 18:27:24 - app.services - INFO - SAFE: Device dev-001 passed evaluation (duration 0.003s)
2025-06-26 18:27:24 - app.services - INFO - SAFE: Device dev-001 passed evaluation (duration 0.004s)
2025-06-26 18:27:24 - app.services - INFO - SAFE: Device dev-006 passed evaluation (duration 0.007s)
2025-06-26 18:27:24 - app.services - WARNING - FLAGGED: Device dev-006 flagged after 7 suspicious activities
2025-06-26 18:27:24 - app.services - WARNING - DISHONEST RATING: Device dev-006 trust_score directly reduced from 0.356 to 0.256 (suspicious: 7).
2025-06-26 18:27:24 - app.services - INFO - SAFE: Device dev-002 passed evaluation (duration 0.003s)
2025-06-26 18:27:24 - app.services - INFO - SAFE: Device dev-003 passed evaluation (duration 0.005s)
2025-06-26 18:27:24 - app.services - INFO - SAFE: Device dev-005 passed evaluation (duration 0.006s)
2025-06-26 18:27:24 - app.services - INFO - SAFE: Device dev-007 passed evaluation (duration 0.005s)
2025-06-26 18:27:25 - app.services - INFO - SAFE: Device dev-004 passed evaluation (duration 0.007s)
2025-06-26 18:27:25 - app.services - INFO - SAFE: Device dev-000 passed evaluation (duration 0.004s)
2025-06-26 18:27:25 - app.services - WARNING - FLAGGED: Device dev-004 flagged after 7 suspicious activities
2025-06-26 18:27:25 - app.services - WARNING - DISHONEST RATING: Device dev-004 trust_score directly reduced from 0.487 to 0.387 (suspicious: 7).
2025-06-26 18:27:25 - app.services - INFO - SAFE: Device dev-001 passed evaluation (duration 0.004s)
2025-06-26 18:27:25 - app.services - INFO - SAFE: Device dev-003 passed evaluation (duration 0.004s)
2025-06-26 18:27:25 - app.services - INFO - SAFE: Device dev-004 passed evaluation (duration 0.004s)
2025-06-26 18:27:25 - app.services - INFO - SAFE: Device dev-000 passed evaluation (duration 0.004s)
2025-06-26 18:27:25 - app.services - WARNING - FLAGGED: Device dev-004 flagged after 8 suspicious activities
2025-06-26 18:27:25 - app.services - WARNING - DISHONEST RATING: Device dev-004 trust_score directly reduced from 0.444 to 0.344 (suspicious: 8).
2025-06-26 18:27:25 - app.services - INFO - SAFE: Device dev-002 passed evaluation (duration 0.005s)
2025-06-26 18:27:25 - app.services - INFO - SAFE: Device dev-005 passed evaluation (duration 0.004s)
2025-06-26 18:27:25 - app.services - WARNING - BLACKLIST: Device dev-004 blacklisted after evaluation 0.003s with detection time: 6.178 after joined
2025-06-26 18:27:25 - app.services - DEBUG - SKIP_UPDATE: Peer dev-004 is blacklisted, skipping trust update for dev-002
2025-06-26 18:27:25 - app.services - WARNING - BLACKLIST_VIOLATION: Blacklisted device dev-004 attempted to rate dev-002. Action blocked.
2025-06-26 18:27:25 - app.services - WARNING - BLACKLIST_VIOLATION: Attempt to rate blacklisted device dev-004. Action blocked.
2025-06-26 18:27:25 - app.services - INFO - SAFE: Device dev-001 passed evaluation (duration 0.005s)
2025-06-26 18:27:25 - app.services - INFO - SAFE: Device dev-000 passed evaluation (duration 0.003s)
2025-06-26 18:27:25 - app.services - WARNING - BLACKLIST_VIOLATION: Connection between dev-003 (blacklisted: False) and dev-004 (blacklisted: True) was blocked.
2025-06-26 18:27:25 - app.services - WARNING - BLACKLIST_VIOLATION: Attempt to rate blacklisted device dev-004. Action blocked.
2025-06-26 18:27:25 - app.services - WARNING - BLACKLIST_VIOLATION: Blacklisted device dev-004 attempted to rate dev-003. Action blocked.
2025-06-26 18:27:25 - app.services - INFO - SAFE: Device dev-006 passed evaluation (duration 0.005s)
2025-06-26 18:27:25 - app.services - INFO - SAFE: Device dev-008 passed evaluation (duration 0.005s)
2025-06-26 18:27:26 - app.services - WARNING - FLAGGED: Device dev-006 flagged after 8 suspicious activities
2025-06-26 18:27:26 - app.services - WARNING - DISHONEST RATING: Device dev-006 trust_score directly reduced from 0.369 to 0.269 (suspicious: 8).
2025-06-26 18:27:26 - app.services - INFO - SAFE: Device dev-008 passed evaluation (duration 0.005s)
2025-06-26 18:27:26 - app.services - INFO - SAFE: Device dev-003 passed evaluation (duration 0.004s)
2025-06-26 18:27:26 - app.services - INFO - SAFE: Device dev-002 passed evaluation (duration 0.004s)
2025-06-26 18:27:26 - app.services - INFO - SAFE: Device dev-007 passed evaluation (duration 0.004s)
2025-06-26 18:27:26 - app.services - WARNING - BLACKLIST: Device dev-006 blacklisted after evaluation 0.003s with detection time: 6.836 after joined
2025-06-26 18:27:26 - app.services - DEBUG - SKIP_UPDATE: Peer dev-006 is blacklisted, skipping trust update for dev-005
2025-06-26 18:27:26 - app.services - WARNING - BLACKLIST_VIOLATION: Blacklisted device dev-006 attempted to rate dev-005. Action blocked.
2025-06-26 18:27:26 - app.services - WARNING - BLACKLIST_VIOLATION: Attempt to rate blacklisted device dev-006. Action blocked.
2025-06-26 18:27:26 - app.services - WARNING - BLACKLIST_VIOLATION: Connection between dev-000 (blacklisted: False) and dev-006 (blacklisted: True) was blocked.
2025-06-26 18:27:26 - app.services - WARNING - BLACKLIST_VIOLATION: Attempt to rate blacklisted device dev-006. Action blocked.
2025-06-26 18:27:26 - app.services - WARNING - BLACKLIST_VIOLATION: Blacklisted device dev-006 attempted to rate dev-000. Action blocked.
2025-06-26 18:27:26 - app.services - INFO - SAFE: Device dev-008 passed evaluation (duration 0.004s)
2025-06-26 18:27:26 - app.services - INFO - SAFE: Device dev-000 passed evaluation (duration 0.003s)
2025-06-26 18:27:26 - app.services - WARNING - BLACKLIST_VIOLATION: Connection between dev-005 (blacklisted: False) and dev-004 (blacklisted: True) was blocked.
2025-06-26 18:27:26 - app.services - WARNING - BLACKLIST_VIOLATION: Attempt to rate blacklisted device dev-004. Action blocked.
2025-06-26 18:27:26 - app.services - WARNING - BLACKLIST_VIOLATION: Blacklisted device dev-004 attempted to rate dev-005. Action blocked.
2025-06-26 18:27:26 - app.services - WARNING - BLACKLIST_VIOLATION: Connection between dev-003 (blacklisted: False) and dev-006 (blacklisted: True) was blocked.
2025-06-26 18:27:26 - app.services - WARNING - BLACKLIST_VIOLATION: Attempt to rate blacklisted device dev-006. Action blocked.
2025-06-26 18:27:26 - app.services - WARNING - BLACKLIST_VIOLATION: Blacklisted device dev-006 attempted to rate dev-003. Action blocked.
2025-06-26 18:27:26 - app.services - INFO - SAFE: Device dev-008 passed evaluation (duration 0.003s)
2025-06-26 18:27:26 - app.services - INFO - SAFE: Device dev-007 passed evaluation (duration 0.003s)
2025-06-26 18:27:26 - app.services - WARNING - BLACKLIST_VIOLATION: Connection between dev-008 (blacklisted: False) and dev-006 (blacklisted: True) was blocked.
2025-06-26 18:27:26 - app.services - WARNING - BLACKLIST_VIOLATION: Attempt to rate blacklisted device dev-006. Action blocked.
2025-06-26 18:27:26 - app.services - WARNING - BLACKLIST_VIOLATION: Blacklisted device dev-006 attempted to rate dev-008. Action blocked.
2025-06-26 18:27:26 - app.services - INFO - SAFE: Device dev-000 passed evaluation (duration 0.003s)
2025-06-26 18:27:26 - app.services - INFO - SAFE: Device dev-003 passed evaluation (duration 0.003s)
2025-06-26 18:27:27 - app.services - WARNING - BLACKLIST_VIOLATION: Connection between dev-006 (blacklisted: True) and dev-002 (blacklisted: False) was blocked.
2025-06-26 18:27:27 - app.services - WARNING - BLACKLIST_VIOLATION: Blacklisted device dev-006 attempted to rate dev-002. Action blocked.
2025-06-26 18:27:27 - app.services - WARNING - BLACKLIST_VIOLATION: Attempt to rate blacklisted device dev-006. Action blocked.
2025-06-26 18:27:27 - app.services - INFO - SAFE: Device dev-000 passed evaluation (duration 0.003s)
2025-06-26 18:27:27 - app.services - INFO - SAFE: Device dev-007 passed evaluation (duration 0.003s)
2025-06-26 18:27:27 - app.services - INFO - SAFE: Device dev-008 passed evaluation (duration 0.003s)
2025-06-26 18:27:27 - app.services - INFO - SAFE: Device dev-007 passed evaluation (duration 0.003s)
2025-06-26 18:27:27 - app.services - INFO - SAFE: Device dev-009 passed evaluation (duration 0.003s)
2025-06-26 18:27:27 - app.services - INFO - SAFE: Device dev-002 passed evaluation (duration 0.003s)
2025-06-26 18:27:27 - app.services - INFO - SAFE: Device dev-007 passed evaluation (duration 0.005s)
2025-06-26 18:27:27 - app.services - INFO - SAFE: Device dev-000 passed evaluation (duration 0.004s)
2025-06-26 18:27:27 - app.services - WARNING - BLACKLIST_VIOLATION: Connection between dev-000 (blacklisted: False) and dev-004 (blacklisted: True) was blocked.
2025-06-26 18:27:27 - app.services - WARNING - BLACKLIST_VIOLATION: Attempt to rate blacklisted device dev-004. Action blocked.
2025-06-26 18:27:27 - app.services - WARNING - BLACKLIST_VIOLATION: Blacklisted device dev-004 attempted to rate dev-000. Action blocked.
2025-06-26 18:27:27 - app.services - INFO - SAFE: Device dev-007 passed evaluation (duration 0.003s)
2025-06-26 18:27:27 - app.services - INFO - SAFE: Device dev-003 passed evaluation (duration 0.003s)
2025-06-26 18:27:27 - app.services - WARNING - BLACKLIST_VIOLATION: Connection between dev-004 (blacklisted: True) and dev-001 (blacklisted: False) was blocked.
2025-06-26 18:27:27 - app.services - WARNING - BLACKLIST_VIOLATION: Blacklisted device dev-004 attempted to rate dev-001. Action blocked.
2025-06-26 18:27:27 - app.services - WARNING - BLACKLIST_VIOLATION: Attempt to rate blacklisted device dev-004. Action blocked.
2025-06-26 18:27:27 - app.services - INFO - SAFE: Device dev-002 passed evaluation (duration 0.003s)
2025-06-26 18:27:27 - app.services - INFO - SAFE: Device dev-007 passed evaluation (duration 0.003s)
2025-06-26 18:27:28 - app.services - WARNING - BLACKLIST_VIOLATION: Connection between dev-006 (blacklisted: True) and dev-004 (blacklisted: True) was blocked.
2025-06-26 18:27:28 - app.services - WARNING - BLACKLIST_VIOLATION: Blacklisted device dev-006 attempted to rate dev-004. Action blocked.
2025-06-26 18:27:28 - app.services - WARNING - BLACKLIST_VIOLATION: Blacklisted device dev-004 attempted to rate dev-006. Action blocked.
2025-06-26 18:27:28 - app.services - WARNING - BLACKLIST_VIOLATION: Connection between dev-009 (blacklisted: False) and dev-006 (blacklisted: True) was blocked.
2025-06-26 18:27:28 - app.services - WARNING - BLACKLIST_VIOLATION: Attempt to rate blacklisted device dev-006. Action blocked.
2025-06-26 18:27:28 - app.services - WARNING - BLACKLIST_VIOLATION: Blacklisted device dev-006 attempted to rate dev-009. Action blocked.
2025-06-26 18:27:28 - app.services - WARNING - BLACKLIST_VIOLATION: Connection between dev-006 (blacklisted: True) and dev-009 (blacklisted: False) was blocked.
2025-06-26 18:27:28 - app.services - WARNING - BLACKLIST_VIOLATION: Blacklisted device dev-006 attempted to rate dev-009. Action blocked.
2025-06-26 18:27:28 - app.services - WARNING - BLACKLIST_VIOLATION: Attempt to rate blacklisted device dev-006. Action blocked.
2025-06-26 18:27:28 - app.services - INFO - SAFE: Device dev-009 passed evaluation (duration 0.003s)
2025-06-26 18:27:28 - app.services - INFO - SAFE: Device dev-001 passed evaluation (duration 0.003s)
2025-06-26 18:27:28 - app.services - WARNING - BLACKLIST_VIOLATION: Connection between dev-007 (blacklisted: False) and dev-004 (blacklisted: True) was blocked.
2025-06-26 18:27:28 - app.services - WARNING - BLACKLIST_VIOLATION: Attempt to rate blacklisted device dev-004. Action blocked.
2025-06-26 18:27:28 - app.services - WARNING - BLACKLIST_VIOLATION: Blacklisted device dev-004 attempted to rate dev-007. Action blocked.
2025-06-26 18:27:28 - app.services - WARNING - BLACKLIST_VIOLATION: Connection between dev-004 (blacklisted: True) and dev-007 (blacklisted: False) was blocked.
2025-06-26 18:27:28 - app.services - WARNING - BLACKLIST_VIOLATION: Blacklisted device dev-004 attempted to rate dev-007. Action blocked.
2025-06-26 18:27:28 - app.services - WARNING - BLACKLIST_VIOLATION: Attempt to rate blacklisted device dev-004. Action blocked.
2025-06-26 18:27:28 - app.services - INFO - SAFE: Device dev-000 passed evaluation (duration 0.003s)
2025-06-26 18:27:28 - app.services - INFO - SAFE: Device dev-003 passed evaluation (duration 0.005s)
2025-06-26 18:27:28 - app.services - INFO - SAFE: Device dev-009 passed evaluation (duration 0.003s)
2025-06-26 18:27:28 - app.services - INFO - SAFE: Device dev-000 passed evaluation (duration 0.003s)
2025-06-26 18:27:28 - app.services - INFO - SAFE: Device dev-008 passed evaluation (duration 0.004s)
2025-06-26 18:27:28 - app.services - INFO - SAFE: Device dev-001 passed evaluation (duration 0.004s)
2025-06-26 18:27:28 - app.services - INFO - SAFE: Device dev-009 passed evaluation (duration 0.003s)
2025-06-26 18:27:28 - app.services - INFO - SAFE: Device dev-000 passed evaluation (duration 0.003s)
2025-06-26 18:27:28 - app.services - INFO - SAFE: Device dev-000 passed evaluation (duration 0.003s)
2025-06-26 18:27:28 - app.services - INFO - SAFE: Device dev-008 passed evaluation (duration 0.003s)
2025-06-26 18:27:29 - app.services - WARNING - BLACKLIST_VIOLATION: Connection between dev-006 (blacklisted: True) and dev-001 (blacklisted: False) was blocked.
2025-06-26 18:27:29 - app.services - WARNING - BLACKLIST_VIOLATION: Blacklisted device dev-006 attempted to rate dev-001. Action blocked.
2025-06-26 18:27:29 - app.services - WARNING - BLACKLIST_VIOLATION: Attempt to rate blacklisted device dev-006. Action blocked.
2025-06-26 18:27:29 - app.services - WARNING - BLACKLIST_VIOLATION: Connection between dev-006 (blacklisted: True) and dev-007 (blacklisted: False) was blocked.
2025-06-26 18:27:29 - app.services - WARNING - BLACKLIST_VIOLATION: Blacklisted device dev-006 attempted to rate dev-007. Action blocked.
2025-06-26 18:27:29 - app.services - WARNING - BLACKLIST_VIOLATION: Attempt to rate blacklisted device dev-006. Action blocked.
2025-06-26 18:27:29 - app.services - WARNING - BLACKLIST_VIOLATION: Connection between dev-004 (blacklisted: True) and dev-006 (blacklisted: True) was blocked.
2025-06-26 18:27:29 - app.services - WARNING - BLACKLIST_VIOLATION: Blacklisted device dev-004 attempted to rate dev-006. Action blocked.
2025-06-26 18:27:29 - app.services - WARNING - BLACKLIST_VIOLATION: Blacklisted device dev-006 attempted to rate dev-004. Action blocked.
2025-06-26 18:27:29 - app.services - INFO - SAFE: Device dev-008 passed evaluation (duration 0.003s)
2025-06-26 18:27:29 - app.services - INFO - SAFE: Device dev-003 passed evaluation (duration 0.003s)
2025-06-26 18:27:29 - app.services - INFO - SAFE: Device dev-000 passed evaluation (duration 0.003s)
2025-06-26 18:27:29 - app.services - INFO - SAFE: Device dev-009 passed evaluation (duration 0.003s)
2025-06-26 18:27:29 - app.services - INFO - SAFE: Device dev-009 passed evaluation (duration 0.004s)
2025-06-26 18:27:29 - app.services - INFO - SAFE: Device dev-007 passed evaluation (duration 0.004s)
2025-06-26 18:27:29 - app.services - INFO - SAFE: Device dev-008 passed evaluation (duration 0.003s)
2025-06-26 18:27:29 - app.services - INFO - SAFE: Device dev-007 passed evaluation (duration 0.006s)
2025-06-26 18:27:29 - app.services - WARNING - BLACKLIST_VIOLATION: Connection between dev-001 (blacklisted: False) and dev-006 (blacklisted: True) was blocked.
2025-06-26 18:27:29 - app.services - WARNING - BLACKLIST_VIOLATION: Attempt to rate blacklisted device dev-006. Action blocked.
2025-06-26 18:27:29 - app.services - WARNING - BLACKLIST_VIOLATION: Blacklisted device dev-006 attempted to rate dev-001. Action blocked.
2025-06-26 18:27:29 - app.services - INFO - SAFE: Device dev-001 passed evaluation (duration 0.004s)
2025-06-26 18:27:29 - app.services - INFO - SAFE: Device dev-000 passed evaluation (duration 0.003s)
2025-06-26 18:27:29 - app.services - INFO - SAFE: Device dev-008 passed evaluation (duration 0.003s)
2025-06-26 18:27:29 - app.services - INFO - SAFE: Device dev-007 passed evaluation (duration 0.003s)
2025-06-26 18:27:30 - app.services - WARNING - BLACKLIST_VIOLATION: Connection between dev-006 (blacklisted: True) and dev-002 (blacklisted: False) was blocked.
2025-06-26 18:27:30 - app.services - WARNING - BLACKLIST_VIOLATION: Blacklisted device dev-006 attempted to rate dev-002. Action blocked.
2025-06-26 18:27:30 - app.services - WARNING - BLACKLIST_VIOLATION: Attempt to rate blacklisted device dev-006. Action blocked.
2025-06-26 18:27:30 - app.services - WARNING - BLACKLIST_VIOLATION: Connection between dev-006 (blacklisted: True) and dev-009 (blacklisted: False) was blocked.
2025-06-26 18:27:30 - app.services - WARNING - BLACKLIST_VIOLATION: Blacklisted device dev-006 attempted to rate dev-009. Action blocked.
2025-06-26 18:27:30 - app.services - WARNING - BLACKLIST_VIOLATION: Attempt to rate blacklisted device dev-006. Action blocked.
2025-06-26 18:27:30 - app.services - INFO - SAFE: Device dev-005 passed evaluation (duration 0.006s)
2025-06-26 18:27:30 - app.services - INFO - SAFE: Device dev-001 passed evaluation (duration 0.005s)
2025-06-26 18:27:30 - app.services - INFO - SAFE: Device dev-001 passed evaluation (duration 0.003s)
2025-06-26 18:27:30 - app.services - INFO - SAFE: Device dev-005 passed evaluation (duration 0.004s)
2025-06-26 18:27:30 - app.services - WARNING - BLACKLIST_VIOLATION: Connection between dev-000 (blacklisted: False) and dev-006 (blacklisted: True) was blocked.
2025-06-26 18:27:30 - app.services - WARNING - BLACKLIST_VIOLATION: Attempt to rate blacklisted device dev-006. Action blocked.
2025-06-26 18:27:30 - app.services - WARNING - BLACKLIST_VIOLATION: Blacklisted device dev-006 attempted to rate dev-000. Action blocked.
2025-06-26 18:27:30 - app.services - WARNING - BLACKLIST_VIOLATION: Connection between dev-003 (blacklisted: False) and dev-004 (blacklisted: True) was blocked.
2025-06-26 18:27:30 - app.services - WARNING - BLACKLIST_VIOLATION: Attempt to rate blacklisted device dev-004. Action blocked.
2025-06-26 18:27:30 - app.services - WARNING - BLACKLIST_VIOLATION: Blacklisted device dev-004 attempted to rate dev-003. Action blocked.
2025-06-26 18:27:30 - app.services - INFO - SAFE: Device dev-000 passed evaluation (duration 0.004s)
2025-06-26 18:27:30 - app.services - INFO - SAFE: Device dev-002 passed evaluation (duration 0.004s)
2025-06-26 18:27:30 - app.services - INFO - SAFE: Device dev-007 passed evaluation (duration 0.005s)
2025-06-26 18:27:30 - app.services - INFO - SAFE: Device dev-009 passed evaluation (duration 0.004s)
2025-06-26 18:27:30 - app.services - INFO - SAFE: Device dev-000 passed evaluation (duration 0.003s)
2025-06-26 18:27:30 - app.services - INFO - SAFE: Device dev-002 passed evaluation (duration 0.003s)
2025-06-26 18:27:30 - app.services - INFO - SAFE: Device dev-000 passed evaluation (duration 0.004s)
2025-06-26 18:27:30 - app.services - INFO - SAFE: Device dev-002 passed evaluation (duration 0.004s)
2025-06-26 18:27:31 - app.services - WARNING - BLACKLIST_VIOLATION: Connection between dev-008 (blacklisted: False) and dev-006 (blacklisted: True) was blocked.
2025-06-26 18:27:31 - app.services - WARNING - BLACKLIST_VIOLATION: Attempt to rate blacklisted device dev-006. Action blocked.
2025-06-26 18:27:31 - app.services - WARNING - BLACKLIST_VIOLATION: Blacklisted device dev-006 attempted to rate dev-008. Action blocked.
2025-06-26 18:27:31 - app.services - WARNING - BLACKLIST_VIOLATION: Connection between dev-006 (blacklisted: True) and dev-003 (blacklisted: False) was blocked.
2025-06-26 18:27:31 - app.services - WARNING - BLACKLIST_VIOLATION: Blacklisted device dev-006 attempted to rate dev-003. Action blocked.
2025-06-26 18:27:31 - app.services - WARNING - BLACKLIST_VIOLATION: Attempt to rate blacklisted device dev-006. Action blocked.
2025-06-26 18:27:31 - app.services - WARNING - BLACKLIST_VIOLATION: Connection between dev-003 (blacklisted: False) and dev-004 (blacklisted: True) was blocked.
2025-06-26 18:27:31 - app.services - WARNING - BLACKLIST_VIOLATION: Attempt to rate blacklisted device dev-004. Action blocked.
2025-06-26 18:27:31 - app.services - WARNING - BLACKLIST_VIOLATION: Blacklisted device dev-004 attempted to rate dev-003. Action blocked.
2025-06-26 18:27:31 - app.services - WARNING - BLACKLIST_VIOLATION: Connection between dev-004 (blacklisted: True) and dev-005 (blacklisted: False) was blocked.
2025-06-26 18:27:31 - app.services - WARNING - BLACKLIST_VIOLATION: Blacklisted device dev-004 attempted to rate dev-005. Action blocked.
2025-06-26 18:27:31 - app.services - WARNING - BLACKLIST_VIOLATION: Attempt to rate blacklisted device dev-004. Action blocked.
2025-06-26 18:27:31 - app.services - INFO - SAFE: Device dev-009 passed evaluation (duration 0.003s)
2025-06-26 18:27:31 - app.services - INFO - SAFE: Device dev-007 passed evaluation (duration 0.004s)
