2025-06-29 16:51:31 - app.services - INFO - Selecting new coordinator...
2025-06-29 16:51:31 - app.services - INFO - Internal coordinator selected: dev-000 (RSU)
2025-06-29 16:51:32 - app.services - INFO - SAFE: Device dev-002 passed evaluation (duration 0.006s)
2025-06-29 16:51:32 - app.services - INFO - SAFE: Device dev-004 passed evaluation (duration 0.006s)
2025-06-29 16:51:32 - app.services - INFO - SAFE: Device dev-006 passed evaluation (duration 0.005s)
2025-06-29 16:51:32 - app.services - INFO - SAFE: Device dev-001 passed evaluation (duration 0.005s)
2025-06-29 16:51:32 - app.services - WARNING - DISHONEST RATING: Device dev-006 trust_score directly reduced from 0.692 to 0.592 (suspicious: 1).
2025-06-29 16:51:32 - app.services - INFO - SAFE: Device dev-002 passed evaluation (duration 0.003s)
2025-06-29 16:51:32 - app.services - INFO - SAFE: Device dev-000 passed evaluation (duration 0.003s)
2025-06-29 16:51:32 - app.services - INFO - SAFE: Device dev-005 passed evaluation (duration 0.005s)
2025-06-29 16:51:32 - app.services - INFO - SAFE: Device dev-003 passed evaluation (duration 0.004s)
2025-06-29 16:51:32 - app.services - WARNING - DISHONEST RATING: Device dev-003 trust_score directly reduced from 0.447 to 0.347 (suspicious: 1).
2025-06-29 16:51:32 - app.services - INFO - SAFE: Device dev-002 passed evaluation (duration 0.004s)
2025-06-29 16:51:32 - app.services - INFO - SAFE: Device dev-007 passed evaluation (duration 0.004s)
2025-06-29 16:51:32 - app.services - INFO - SAFE: Device dev-003 passed evaluation (duration 0.004s)
2025-06-29 16:51:32 - app.services - INFO - SAFE: Device dev-001 passed evaluation (duration 0.004s)
2025-06-29 16:51:32 - app.services - WARNING - DISHONEST RATING: Device dev-003 trust_score directly reduced from 0.525 to 0.425 (suspicious: 2).
2025-06-29 16:51:33 - app.services - WARNING - BLACKLIST: Device dev-005 blacklisted after evaluation 0.004s with detection time: 0.955 after joined
2025-06-29 16:51:33 - app.services - DEBUG - SKIP_UPDATE: Peer dev-005 is blacklisted, skipping trust update for dev-002
2025-06-29 16:51:33 - app.services - WARNING - BLACKLIST_VIOLATION: Blacklisted device dev-005 attempted to rate dev-002. Action blocked.
2025-06-29 16:51:33 - app.services - WARNING - BLACKLIST_VIOLATION: Attempt to rate blacklisted device dev-005. Action blocked.
2025-06-29 16:51:33 - app.services - INFO - SAFE: Device dev-009 passed evaluation (duration 0.005s)
2025-06-29 16:51:33 - app.services - INFO - SAFE: Device dev-001 passed evaluation (duration 0.004s)
2025-06-29 16:51:33 - app.services - INFO - SAFE: Device dev-007 passed evaluation (duration 0.003s)
2025-06-29 16:51:33 - app.services - INFO - SAFE: Device dev-008 passed evaluation (duration 0.004s)
2025-06-29 16:51:33 - app.services - WARNING - BLACKLIST_VIOLATION: Connection between dev-005 (blacklisted: True) and dev-002 (blacklisted: False) was blocked.
2025-06-29 16:51:33 - app.services - WARNING - BLACKLIST_VIOLATION: Blacklisted device dev-005 attempted to rate dev-002. Action blocked.
2025-06-29 16:51:33 - app.services - WARNING - BLACKLIST_VIOLATION: Attempt to rate blacklisted device dev-005. Action blocked.
2025-06-29 16:51:33 - app.services - INFO - SAFE: Device dev-007 passed evaluation (duration 0.005s)
2025-06-29 16:51:33 - app.services - INFO - SAFE: Device dev-003 passed evaluation (duration 0.004s)
2025-06-29 16:51:33 - app.services - WARNING - FLAGGED: Device dev-003 flagged after 3 suspicious activities
2025-06-29 16:51:33 - app.services - WARNING - DISHONEST RATING: Device dev-003 trust_score directly reduced from 0.554 to 0.454 (suspicious: 3).
2025-06-29 16:51:33 - app.services - WARNING - BLACKLIST_VIOLATION: Connection between dev-005 (blacklisted: True) and dev-006 (blacklisted: False) was blocked.
2025-06-29 16:51:33 - app.services - WARNING - BLACKLIST_VIOLATION: Blacklisted device dev-005 attempted to rate dev-006. Action blocked.
2025-06-29 16:51:33 - app.services - WARNING - BLACKLIST_VIOLATION: Attempt to rate blacklisted device dev-005. Action blocked.
2025-06-29 16:51:33 - app.services - INFO - SAFE: Device dev-009 passed evaluation (duration 0.003s)
2025-06-29 16:51:33 - app.services - INFO - SAFE: Device dev-001 passed evaluation (duration 0.004s)
2025-06-29 16:51:33 - app.services - INFO - SAFE: Device dev-003 passed evaluation (duration 0.004s)
2025-06-29 16:51:33 - app.services - INFO - SAFE: Device dev-001 passed evaluation (duration 0.004s)
2025-06-29 16:51:33 - app.services - WARNING - FLAGGED: Device dev-003 flagged after 4 suspicious activities
2025-06-29 16:51:33 - app.services - WARNING - DISHONEST RATING: Device dev-003 trust_score directly reduced from 0.560 to 0.460 (suspicious: 4).
2025-06-29 16:51:33 - app.services - INFO - SAFE: Device dev-009 passed evaluation (duration 0.004s)
2025-06-29 16:51:33 - app.services - INFO - SAFE: Device dev-004 passed evaluation (duration 0.003s)
2025-06-29 16:51:33 - app.services - INFO - SAFE: Device dev-008 passed evaluation (duration 0.004s)
2025-06-29 16:51:33 - app.services - INFO - SAFE: Device dev-002 passed evaluation (duration 0.004s)
2025-06-29 16:51:34 - app.services - INFO - SAFE: Device dev-002 passed evaluation (duration 0.005s)
2025-06-29 16:51:34 - app.services - INFO - SAFE: Device dev-000 passed evaluation (duration 0.003s)
2025-06-29 16:51:34 - app.services - INFO - SAFE: Device dev-007 passed evaluation (duration 0.004s)
2025-06-29 16:51:34 - app.services - INFO - SAFE: Device dev-003 passed evaluation (duration 0.004s)
2025-06-29 16:51:34 - app.services - WARNING - FLAGGED: Device dev-003 flagged after 5 suspicious activities
2025-06-29 16:51:34 - app.services - WARNING - DISHONEST RATING: Device dev-003 trust_score directly reduced from 0.485 to 0.385 (suspicious: 5).
2025-06-29 16:51:34 - app.services - WARNING - BLACKLIST_VIOLATION: Connection between dev-000 (blacklisted: False) and dev-005 (blacklisted: True) was blocked.
2025-06-29 16:51:34 - app.services - WARNING - BLACKLIST_VIOLATION: Attempt to rate blacklisted device dev-005. Action blocked.
2025-06-29 16:51:34 - app.services - WARNING - BLACKLIST_VIOLATION: Blacklisted device dev-005 attempted to rate dev-000. Action blocked.
2025-06-29 16:51:34 - app.services - INFO - SAFE: Device dev-007 passed evaluation (duration 0.004s)
2025-06-29 16:51:34 - app.services - INFO - SAFE: Device dev-000 passed evaluation (duration 0.003s)
2025-06-29 16:51:34 - app.services - WARNING - BLACKLIST_VIOLATION: Connection between dev-005 (blacklisted: True) and dev-006 (blacklisted: False) was blocked.
2025-06-29 16:51:34 - app.services - WARNING - BLACKLIST_VIOLATION: Blacklisted device dev-005 attempted to rate dev-006. Action blocked.
2025-06-29 16:51:34 - app.services - WARNING - BLACKLIST_VIOLATION: Attempt to rate blacklisted device dev-005. Action blocked.
2025-06-29 16:51:34 - app.services - INFO - SAFE: Device dev-003 passed evaluation (duration 0.004s)
2025-06-29 16:51:34 - app.services - INFO - SAFE: Device dev-009 passed evaluation (duration 0.004s)
2025-06-29 16:51:34 - app.services - WARNING - FLAGGED: Device dev-003 flagged after 6 suspicious activities
2025-06-29 16:51:34 - app.services - WARNING - DISHONEST RATING: Device dev-003 trust_score directly reduced from 0.544 to 0.444 (suspicious: 6).
2025-06-29 16:51:34 - app.services - INFO - SAFE: Device dev-002 passed evaluation (duration 0.003s)
2025-06-29 16:51:34 - app.services - INFO - SAFE: Device dev-003 passed evaluation (duration 0.004s)
2025-06-29 16:51:34 - app.services - WARNING - FLAGGED: Device dev-003 flagged after 7 suspicious activities
2025-06-29 16:51:34 - app.services - WARNING - DISHONEST RATING: Device dev-003 trust_score directly reduced from 0.568 to 0.468 (suspicious: 7).
2025-06-29 16:51:34 - app.services - INFO - SAFE: Device dev-009 passed evaluation (duration 0.004s)
2025-06-29 16:51:34 - app.services - INFO - SAFE: Device dev-007 passed evaluation (duration 0.003s)
2025-06-29 16:51:34 - app.services - INFO - SAFE: Device dev-000 passed evaluation (duration 0.003s)
2025-06-29 16:51:34 - app.services - INFO - SAFE: Device dev-009 passed evaluation (duration 0.004s)
2025-06-29 16:51:35 - app.services - INFO - SAFE: Device dev-001 passed evaluation (duration 0.004s)
2025-06-29 16:51:35 - app.services - INFO - SAFE: Device dev-007 passed evaluation (duration 0.004s)
2025-06-29 16:51:35 - app.services - INFO - SAFE: Device dev-008 passed evaluation (duration 0.004s)
2025-06-29 16:51:35 - app.services - INFO - SAFE: Device dev-007 passed evaluation (duration 0.004s)
2025-06-29 16:51:35 - app.services - INFO - SAFE: Device dev-007 passed evaluation (duration 0.003s)
2025-06-29 16:51:35 - app.services - INFO - SAFE: Device dev-008 passed evaluation (duration 0.004s)
2025-06-29 16:51:35 - app.services - WARNING - BLACKLIST_VIOLATION: Connection between dev-009 (blacklisted: False) and dev-005 (blacklisted: True) was blocked.
2025-06-29 16:51:35 - app.services - WARNING - BLACKLIST_VIOLATION: Attempt to rate blacklisted device dev-005. Action blocked.
2025-06-29 16:51:35 - app.services - WARNING - BLACKLIST_VIOLATION: Blacklisted device dev-005 attempted to rate dev-009. Action blocked.
2025-06-29 16:51:35 - app.services - INFO - SAFE: Device dev-009 passed evaluation (duration 0.004s)
2025-06-29 16:51:35 - app.services - INFO - SAFE: Device dev-000 passed evaluation (duration 0.004s)
2025-06-29 16:51:35 - app.services - INFO - SAFE: Device dev-003 passed evaluation (duration 0.004s)
2025-06-29 16:51:35 - app.services - INFO - SAFE: Device dev-008 passed evaluation (duration 0.004s)
2025-06-29 16:51:35 - app.services - WARNING - FLAGGED: Device dev-003 flagged after 8 suspicious activities
2025-06-29 16:51:35 - app.services - WARNING - DISHONEST RATING: Device dev-003 trust_score directly reduced from 0.579 to 0.479 (suspicious: 8).
2025-06-29 16:51:35 - app.services - INFO - SAFE: Device dev-003 passed evaluation (duration 0.003s)
2025-06-29 16:51:35 - app.services - INFO - SAFE: Device dev-007 passed evaluation (duration 0.003s)
2025-06-29 16:51:35 - app.services - WARNING - FLAGGED: Device dev-003 flagged after 9 suspicious activities
2025-06-29 16:51:35 - app.services - WARNING - DISHONEST RATING: Device dev-003 trust_score directly reduced from 0.594 to 0.494 (suspicious: 9).
2025-06-29 16:51:35 - app.services - INFO - SAFE: Device dev-006 passed evaluation (duration 0.005s)
2025-06-29 16:51:35 - app.services - INFO - SAFE: Device dev-004 passed evaluation (duration 0.003s)
2025-06-29 16:51:35 - app.services - WARNING - DISHONEST RATING: Device dev-006 trust_score directly reduced from 0.556 to 0.456 (suspicious: 2).
2025-06-29 16:51:36 - app.services - INFO - SAFE: Device dev-007 passed evaluation (duration 0.003s)
2025-06-29 16:51:36 - app.services - INFO - SAFE: Device dev-006 passed evaluation (duration 0.003s)
2025-06-29 16:51:36 - app.services - WARNING - FLAGGED: Device dev-006 flagged after 3 suspicious activities
2025-06-29 16:51:36 - app.services - WARNING - DISHONEST RATING: Device dev-006 trust_score directly reduced from 0.512 to 0.412 (suspicious: 3).
2025-06-29 16:51:36 - app.services - WARNING - BLACKLIST_VIOLATION: Connection between dev-005 (blacklisted: True) and dev-001 (blacklisted: False) was blocked.
2025-06-29 16:51:36 - app.services - WARNING - BLACKLIST_VIOLATION: Blacklisted device dev-005 attempted to rate dev-001. Action blocked.
2025-06-29 16:51:36 - app.services - WARNING - BLACKLIST_VIOLATION: Attempt to rate blacklisted device dev-005. Action blocked.
2025-06-29 16:51:36 - app.services - INFO - SAFE: Device dev-007 passed evaluation (duration 0.003s)
2025-06-29 16:51:36 - app.services - INFO - SAFE: Device dev-000 passed evaluation (duration 0.004s)
2025-06-29 16:51:36 - app.services - INFO - SAFE: Device dev-002 passed evaluation (duration 0.010s)
2025-06-29 16:51:36 - app.services - INFO - SAFE: Device dev-001 passed evaluation (duration 0.005s)
2025-06-29 16:51:36 - app.services - INFO - SAFE: Device dev-006 passed evaluation (duration 0.005s)
2025-06-29 16:51:36 - app.services - INFO - SAFE: Device dev-004 passed evaluation (duration 0.005s)
2025-06-29 16:51:36 - app.services - WARNING - FLAGGED: Device dev-006 flagged after 4 suspicious activities
2025-06-29 16:51:36 - app.services - WARNING - DISHONEST RATING: Device dev-006 trust_score directly reduced from 0.548 to 0.448 (suspicious: 4).
2025-06-29 16:51:36 - app.services - INFO - SAFE: Device dev-007 passed evaluation (duration 0.004s)
2025-06-29 16:51:36 - app.services - INFO - SAFE: Device dev-002 passed evaluation (duration 0.004s)
2025-06-29 16:51:36 - app.services - INFO - SAFE: Device dev-003 passed evaluation (duration 0.005s)
2025-06-29 16:51:36 - app.services - INFO - SAFE: Device dev-000 passed evaluation (duration 0.004s)
2025-06-29 16:51:36 - app.services - WARNING - FLAGGED: Device dev-003 flagged after 10 suspicious activities
2025-06-29 16:51:36 - app.services - WARNING - DISHONEST RATING: Device dev-003 trust_score directly reduced from 0.355 to 0.255 (suspicious: 10).
2025-06-29 16:51:37 - app.services - INFO - SAFE: Device dev-006 passed evaluation (duration 0.004s)
2025-06-29 16:51:37 - app.services - WARNING - BLACKLIST: Device dev-003 blacklisted after evaluation 0.004s with detection time: 5.041 after joined
2025-06-29 16:51:37 - app.services - WARNING - BLACKLIST_VIOLATION: Attempt to rate blacklisted device dev-003. Action blocked.
2025-06-29 16:51:37 - app.services - WARNING - BLACKLIST_VIOLATION: Blacklisted device dev-003 attempted to rate dev-006. Action blocked.
2025-06-29 16:51:37 - app.services - INFO - SAFE: Device dev-000 passed evaluation (duration 0.003s)
2025-06-29 16:51:37 - app.services - INFO - SAFE: Device dev-009 passed evaluation (duration 0.004s)
2025-06-29 16:51:37 - app.services - INFO - SAFE: Device dev-008 passed evaluation (duration 0.003s)
2025-06-29 16:51:37 - app.services - INFO - SAFE: Device dev-006 passed evaluation (duration 0.004s)
2025-06-29 16:51:37 - app.services - WARNING - FLAGGED: Device dev-006 flagged after 5 suspicious activities
2025-06-29 16:51:37 - app.services - WARNING - DISHONEST RATING: Device dev-006 trust_score directly reduced from 0.548 to 0.448 (suspicious: 5).
2025-06-29 16:51:37 - app.services - WARNING - BLACKLIST_VIOLATION: Connection between dev-003 (blacklisted: True) and dev-005 (blacklisted: True) was blocked.
2025-06-29 16:51:37 - app.services - WARNING - BLACKLIST_VIOLATION: Blacklisted device dev-003 attempted to rate dev-005. Action blocked.
2025-06-29 16:51:37 - app.services - WARNING - BLACKLIST_VIOLATION: Blacklisted device dev-005 attempted to rate dev-003. Action blocked.
2025-06-29 16:51:37 - app.services - INFO - SAFE: Device dev-001 passed evaluation (duration 0.003s)
2025-06-29 16:51:37 - app.services - INFO - SAFE: Device dev-009 passed evaluation (duration 0.003s)
2025-06-29 16:51:37 - app.services - WARNING - BLACKLIST_VIOLATION: Connection between dev-003 (blacklisted: True) and dev-009 (blacklisted: False) was blocked.
2025-06-29 16:51:37 - app.services - WARNING - BLACKLIST_VIOLATION: Blacklisted device dev-003 attempted to rate dev-009. Action blocked.
2025-06-29 16:51:37 - app.services - WARNING - BLACKLIST_VIOLATION: Attempt to rate blacklisted device dev-003. Action blocked.
2025-06-29 16:51:37 - app.services - WARNING - BLACKLIST_VIOLATION: Connection between dev-005 (blacklisted: True) and dev-001 (blacklisted: False) was blocked.
2025-06-29 16:51:37 - app.services - WARNING - BLACKLIST_VIOLATION: Blacklisted device dev-005 attempted to rate dev-001. Action blocked.
2025-06-29 16:51:37 - app.services - WARNING - BLACKLIST_VIOLATION: Attempt to rate blacklisted device dev-005. Action blocked.
2025-06-29 16:51:37 - app.services - INFO - SAFE: Device dev-004 passed evaluation (duration 0.003s)
2025-06-29 16:51:37 - app.services - INFO - SAFE: Device dev-006 passed evaluation (duration 0.005s)
2025-06-29 16:51:37 - app.services - WARNING - FLAGGED: Device dev-006 flagged after 6 suspicious activities
2025-06-29 16:51:37 - app.services - WARNING - DISHONEST RATING: Device dev-006 trust_score directly reduced from 0.581 to 0.481 (suspicious: 6).
2025-06-29 16:51:37 - app.services - WARNING - BLACKLIST_VIOLATION: Connection between dev-007 (blacklisted: False) and dev-005 (blacklisted: True) was blocked.
2025-06-29 16:51:37 - app.services - WARNING - BLACKLIST_VIOLATION: Attempt to rate blacklisted device dev-005. Action blocked.
2025-06-29 16:51:37 - app.services - WARNING - BLACKLIST_VIOLATION: Blacklisted device dev-005 attempted to rate dev-007. Action blocked.
2025-06-29 16:51:37 - app.services - WARNING - BLACKLIST_VIOLATION: Connection between dev-001 (blacklisted: False) and dev-003 (blacklisted: True) was blocked.
2025-06-29 16:51:37 - app.services - WARNING - BLACKLIST_VIOLATION: Attempt to rate blacklisted device dev-003. Action blocked.
2025-06-29 16:51:37 - app.services - WARNING - BLACKLIST_VIOLATION: Blacklisted device dev-003 attempted to rate dev-001. Action blocked.
2025-06-29 16:51:37 - app.services - WARNING - BLACKLIST_VIOLATION: Connection between dev-009 (blacklisted: False) and dev-005 (blacklisted: True) was blocked.
2025-06-29 16:51:37 - app.services - WARNING - BLACKLIST_VIOLATION: Attempt to rate blacklisted device dev-005. Action blocked.
2025-06-29 16:51:37 - app.services - WARNING - BLACKLIST_VIOLATION: Blacklisted device dev-005 attempted to rate dev-009. Action blocked.
2025-06-29 16:51:37 - app.services - INFO - SAFE: Device dev-006 passed evaluation (duration 0.003s)
2025-06-29 16:51:37 - app.services - INFO - SAFE: Device dev-008 passed evaluation (duration 0.003s)
2025-06-29 16:51:37 - app.services - WARNING - FLAGGED: Device dev-006 flagged after 7 suspicious activities
2025-06-29 16:51:37 - app.services - WARNING - DISHONEST RATING: Device dev-006 trust_score directly reduced from 0.591 to 0.491 (suspicious: 7).
2025-06-29 16:51:37 - app.services - WARNING - BLACKLIST_VIOLATION: Connection between dev-001 (blacklisted: False) and dev-005 (blacklisted: True) was blocked.
2025-06-29 16:51:37 - app.services - WARNING - BLACKLIST_VIOLATION: Attempt to rate blacklisted device dev-005. Action blocked.
2025-06-29 16:51:37 - app.services - WARNING - BLACKLIST_VIOLATION: Blacklisted device dev-005 attempted to rate dev-001. Action blocked.
2025-06-29 16:51:37 - app.services - WARNING - BLACKLIST_VIOLATION: Connection between dev-003 (blacklisted: True) and dev-009 (blacklisted: False) was blocked.
2025-06-29 16:51:37 - app.services - WARNING - BLACKLIST_VIOLATION: Blacklisted device dev-003 attempted to rate dev-009. Action blocked.
2025-06-29 16:51:37 - app.services - WARNING - BLACKLIST_VIOLATION: Attempt to rate blacklisted device dev-003. Action blocked.
2025-06-29 16:51:37 - app.services - WARNING - BLACKLIST_VIOLATION: Connection between dev-003 (blacklisted: True) and dev-009 (blacklisted: False) was blocked.
2025-06-29 16:51:38 - app.services - WARNING - BLACKLIST_VIOLATION: Blacklisted device dev-003 attempted to rate dev-009. Action blocked.
2025-06-29 16:51:38 - app.services - WARNING - BLACKLIST_VIOLATION: Attempt to rate blacklisted device dev-003. Action blocked.
2025-06-29 16:51:38 - app.services - INFO - SAFE: Device dev-002 passed evaluation (duration 0.003s)
2025-06-29 16:51:38 - app.services - INFO - SAFE: Device dev-000 passed evaluation (duration 0.003s)
2025-06-29 16:51:38 - app.services - WARNING - BLACKLIST_VIOLATION: Connection between dev-002 (blacklisted: False) and dev-005 (blacklisted: True) was blocked.
2025-06-29 16:51:38 - app.services - WARNING - BLACKLIST_VIOLATION: Attempt to rate blacklisted device dev-005. Action blocked.
2025-06-29 16:51:38 - app.services - WARNING - BLACKLIST_VIOLATION: Blacklisted device dev-005 attempted to rate dev-002. Action blocked.
2025-06-29 16:51:38 - app.services - INFO - SAFE: Device dev-001 passed evaluation (duration 0.003s)
2025-06-29 16:51:38 - app.services - INFO - SAFE: Device dev-002 passed evaluation (duration 0.003s)
2025-06-29 16:51:38 - app.services - WARNING - BLACKLIST_VIOLATION: Connection between dev-000 (blacklisted: False) and dev-003 (blacklisted: True) was blocked.
2025-06-29 16:51:38 - app.services - WARNING - BLACKLIST_VIOLATION: Attempt to rate blacklisted device dev-003. Action blocked.
2025-06-29 16:51:38 - app.services - WARNING - BLACKLIST_VIOLATION: Blacklisted device dev-003 attempted to rate dev-000. Action blocked.
2025-06-29 16:51:38 - app.services - INFO - SAFE: Device dev-007 passed evaluation (duration 0.003s)
2025-06-29 16:51:38 - app.services - INFO - SAFE: Device dev-006 passed evaluation (duration 0.003s)
2025-06-29 16:51:38 - app.services - WARNING - FLAGGED: Device dev-006 flagged after 8 suspicious activities
2025-06-29 16:51:38 - app.services - WARNING - DISHONEST RATING: Device dev-006 trust_score directly reduced from 0.587 to 0.487 (suspicious: 8).
2025-06-29 16:51:38 - app.services - INFO - SAFE: Device dev-002 passed evaluation (duration 0.003s)
2025-06-29 16:51:38 - app.services - INFO - SAFE: Device dev-008 passed evaluation (duration 0.004s)
2025-06-29 16:51:38 - app.services - INFO - SAFE: Device dev-006 passed evaluation (duration 0.003s)
2025-06-29 16:51:38 - app.services - INFO - SAFE: Device dev-000 passed evaluation (duration 0.003s)
2025-06-29 16:51:38 - app.services - WARNING - FLAGGED: Device dev-006 flagged after 9 suspicious activities
2025-06-29 16:51:38 - app.services - WARNING - DISHONEST RATING: Device dev-006 trust_score directly reduced from 0.352 to 0.252 (suspicious: 9).
2025-06-29 16:51:38 - app.services - WARNING - BLACKLIST_VIOLATION: Connection between dev-005 (blacklisted: True) and dev-003 (blacklisted: True) was blocked.
2025-06-29 16:51:38 - app.services - WARNING - BLACKLIST_VIOLATION: Blacklisted device dev-005 attempted to rate dev-003. Action blocked.
2025-06-29 16:51:38 - app.services - WARNING - BLACKLIST_VIOLATION: Blacklisted device dev-003 attempted to rate dev-005. Action blocked.
2025-06-29 16:51:38 - app.services - INFO - SAFE: Device dev-009 passed evaluation (duration 0.003s)
2025-06-29 16:51:38 - app.services - INFO - SAFE: Device dev-002 passed evaluation (duration 0.003s)
2025-06-29 16:51:38 - app.services - INFO - SAFE: Device dev-009 passed evaluation (duration 0.004s)
2025-06-29 16:51:38 - app.services - INFO - SAFE: Device dev-000 passed evaluation (duration 0.003s)
2025-06-29 16:51:38 - app.services - WARNING - BLACKLIST_VIOLATION: Connection between dev-006 (blacklisted: False) and dev-003 (blacklisted: True) was blocked.
2025-06-29 16:51:38 - app.services - WARNING - BLACKLIST_VIOLATION: Attempt to rate blacklisted device dev-003. Action blocked.
2025-06-29 16:51:38 - app.services - WARNING - BLACKLIST_VIOLATION: Blacklisted device dev-003 attempted to rate dev-006. Action blocked.
2025-06-29 16:51:39 - app.services - WARNING - BLACKLIST_VIOLATION: Connection between dev-003 (blacklisted: True) and dev-004 (blacklisted: False) was blocked.
2025-06-29 16:51:39 - app.services - WARNING - BLACKLIST_VIOLATION: Blacklisted device dev-003 attempted to rate dev-004. Action blocked.
2025-06-29 16:51:39 - app.services - WARNING - BLACKLIST_VIOLATION: Attempt to rate blacklisted device dev-003. Action blocked.
2025-06-29 16:51:39 - app.services - WARNING - BLACKLIST: Device dev-006 blacklisted after evaluation 0.005s with detection time: 6.939 after joined
2025-06-29 16:51:39 - app.services - DEBUG - SKIP_UPDATE: Peer dev-006 is blacklisted, skipping trust update for dev-002
2025-06-29 16:51:39 - app.services - WARNING - BLACKLIST_VIOLATION: Blacklisted device dev-006 attempted to rate dev-002. Action blocked.
2025-06-29 16:51:39 - app.services - WARNING - BLACKLIST_VIOLATION: Attempt to rate blacklisted device dev-006. Action blocked.
2025-06-29 16:51:39 - app.services - INFO - SAFE: Device dev-004 passed evaluation (duration 0.003s)
2025-06-29 16:51:39 - app.services - INFO - SAFE: Device dev-008 passed evaluation (duration 0.003s)
2025-06-29 16:51:39 - app.services - WARNING - BLACKLIST_VIOLATION: Connection between dev-003 (blacklisted: True) and dev-004 (blacklisted: False) was blocked.
2025-06-29 16:51:39 - app.services - WARNING - BLACKLIST_VIOLATION: Blacklisted device dev-003 attempted to rate dev-004. Action blocked.
2025-06-29 16:51:39 - app.services - WARNING - BLACKLIST_VIOLATION: Attempt to rate blacklisted device dev-003. Action blocked.
2025-06-29 16:51:39 - app.services - INFO - SAFE: Device dev-009 passed evaluation (duration 0.010s)
2025-06-29 16:51:39 - app.services - INFO - SAFE: Device dev-000 passed evaluation (duration 0.004s)
2025-06-29 16:51:39 - app.services - WARNING - BLACKLIST_VIOLATION: Connection between dev-003 (blacklisted: True) and dev-001 (blacklisted: False) was blocked.
2025-06-29 16:51:39 - app.services - WARNING - BLACKLIST_VIOLATION: Blacklisted device dev-003 attempted to rate dev-001. Action blocked.
2025-06-29 16:51:39 - app.services - WARNING - BLACKLIST_VIOLATION: Attempt to rate blacklisted device dev-003. Action blocked.
2025-06-29 16:51:39 - app.services - WARNING - BLACKLIST_VIOLATION: Connection between dev-003 (blacklisted: True) and dev-000 (blacklisted: False) was blocked.
2025-06-29 16:51:39 - app.services - WARNING - BLACKLIST_VIOLATION: Blacklisted device dev-003 attempted to rate dev-000. Action blocked.
2025-06-29 16:51:39 - app.services - WARNING - BLACKLIST_VIOLATION: Attempt to rate blacklisted device dev-003. Action blocked.
2025-06-29 16:51:39 - app.services - WARNING - BLACKLIST_VIOLATION: Connection between dev-002 (blacklisted: False) and dev-003 (blacklisted: True) was blocked.
2025-06-29 16:51:39 - app.services - WARNING - BLACKLIST_VIOLATION: Attempt to rate blacklisted device dev-003. Action blocked.
2025-06-29 16:51:39 - app.services - WARNING - BLACKLIST_VIOLATION: Blacklisted device dev-003 attempted to rate dev-002. Action blocked.
2025-06-29 16:51:39 - app.services - INFO - SAFE: Device dev-007 passed evaluation (duration 0.003s)
2025-06-29 16:51:39 - app.services - INFO - SAFE: Device dev-009 passed evaluation (duration 0.003s)
2025-06-29 16:51:39 - app.services - INFO - SAFE: Device dev-008 passed evaluation (duration 0.005s)
2025-06-29 16:51:39 - app.services - INFO - SAFE: Device dev-000 passed evaluation (duration 0.004s)
2025-06-29 16:51:39 - app.services - WARNING - BLACKLIST_VIOLATION: Connection between dev-005 (blacklisted: True) and dev-008 (blacklisted: False) was blocked.
2025-06-29 16:51:39 - app.services - WARNING - BLACKLIST_VIOLATION: Blacklisted device dev-005 attempted to rate dev-008. Action blocked.
2025-06-29 16:51:39 - app.services - WARNING - BLACKLIST_VIOLATION: Attempt to rate blacklisted device dev-005. Action blocked.
2025-06-29 16:51:39 - app.services - INFO - SAFE: Device dev-008 passed evaluation (duration 0.004s)
2025-06-29 16:51:39 - app.services - INFO - SAFE: Device dev-007 passed evaluation (duration 0.003s)
2025-06-29 16:51:40 - app.services - WARNING - BLACKLIST_VIOLATION: Connection between dev-008 (blacklisted: False) and dev-006 (blacklisted: True) was blocked.
2025-06-29 16:51:40 - app.services - WARNING - BLACKLIST_VIOLATION: Attempt to rate blacklisted device dev-006. Action blocked.
2025-06-29 16:51:40 - app.services - WARNING - BLACKLIST_VIOLATION: Blacklisted device dev-006 attempted to rate dev-008. Action blocked.
2025-06-29 16:51:40 - app.services - INFO - SAFE: Device dev-008 passed evaluation (duration 0.005s)
2025-06-29 16:51:40 - app.services - INFO - SAFE: Device dev-001 passed evaluation (duration 0.003s)
2025-06-29 16:51:40 - app.services - INFO - SAFE: Device dev-009 passed evaluation (duration 0.003s)
2025-06-29 16:51:40 - app.services - INFO - SAFE: Device dev-001 passed evaluation (duration 0.003s)
2025-06-29 16:51:40 - app.services - INFO - SAFE: Device dev-008 passed evaluation (duration 0.003s)
2025-06-29 16:51:40 - app.services - INFO - SAFE: Device dev-009 passed evaluation (duration 0.003s)
2025-06-29 16:51:40 - app.services - INFO - SAFE: Device dev-004 passed evaluation (duration 0.006s)
2025-06-29 16:51:40 - app.services - INFO - SAFE: Device dev-007 passed evaluation (duration 0.004s)
2025-06-29 16:51:40 - app.services - WARNING - BLACKLIST_VIOLATION: Connection between dev-003 (blacklisted: True) and dev-006 (blacklisted: True) was blocked.
2025-06-29 16:51:40 - app.services - WARNING - BLACKLIST_VIOLATION: Blacklisted device dev-003 attempted to rate dev-006. Action blocked.
2025-06-29 16:51:40 - app.services - WARNING - BLACKLIST_VIOLATION: Blacklisted device dev-006 attempted to rate dev-003. Action blocked.
2025-06-29 16:51:40 - app.services - INFO - SAFE: Device dev-008 passed evaluation (duration 0.003s)
2025-06-29 16:51:40 - app.services - INFO - SAFE: Device dev-004 passed evaluation (duration 0.004s)
2025-06-29 16:51:40 - app.services - INFO - SAFE: Device dev-004 passed evaluation (duration 0.006s)
2025-06-29 16:51:40 - app.services - INFO - SAFE: Device dev-001 passed evaluation (duration 0.006s)
2025-06-29 16:51:40 - app.services - INFO - SAFE: Device dev-008 passed evaluation (duration 0.003s)
2025-06-29 16:51:40 - app.services - INFO - SAFE: Device dev-009 passed evaluation (duration 0.003s)
2025-06-29 16:51:40 - app.services - WARNING - BLACKLIST_VIOLATION: Connection between dev-002 (blacklisted: False) and dev-005 (blacklisted: True) was blocked.
2025-06-29 16:51:41 - app.services - WARNING - BLACKLIST_VIOLATION: Attempt to rate blacklisted device dev-005. Action blocked.
2025-06-29 16:51:41 - app.services - WARNING - BLACKLIST_VIOLATION: Blacklisted device dev-005 attempted to rate dev-002. Action blocked.
2025-06-29 16:51:41 - app.services - WARNING - BLACKLIST_VIOLATION: Connection between dev-000 (blacklisted: False) and dev-005 (blacklisted: True) was blocked.
2025-06-29 16:51:41 - app.services - WARNING - BLACKLIST_VIOLATION: Attempt to rate blacklisted device dev-005. Action blocked.
2025-06-29 16:51:41 - app.services - WARNING - BLACKLIST_VIOLATION: Blacklisted device dev-005 attempted to rate dev-000. Action blocked.
2025-06-29 16:51:41 - app.services - WARNING - BLACKLIST_VIOLATION: Connection between dev-000 (blacklisted: False) and dev-003 (blacklisted: True) was blocked.
2025-06-29 16:51:41 - app.services - WARNING - BLACKLIST_VIOLATION: Attempt to rate blacklisted device dev-003. Action blocked.
2025-06-29 16:51:41 - app.services - WARNING - BLACKLIST_VIOLATION: Blacklisted device dev-003 attempted to rate dev-000. Action blocked.
2025-06-29 16:51:41 - app.services - INFO - SAFE: Device dev-007 passed evaluation (duration 0.005s)
2025-06-29 16:51:41 - app.services - INFO - SAFE: Device dev-008 passed evaluation (duration 0.004s)
2025-06-29 16:51:41 - app.services - WARNING - BLACKLIST_VIOLATION: Connection between dev-008 (blacklisted: False) and dev-003 (blacklisted: True) was blocked.
2025-06-29 16:51:41 - app.services - WARNING - BLACKLIST_VIOLATION: Attempt to rate blacklisted device dev-003. Action blocked.
2025-06-29 16:51:41 - app.services - WARNING - BLACKLIST_VIOLATION: Blacklisted device dev-003 attempted to rate dev-008. Action blocked.
2025-06-29 16:51:41 - app.services - INFO - SAFE: Device dev-007 passed evaluation (duration 0.003s)
2025-06-29 16:51:41 - app.services - INFO - SAFE: Device dev-008 passed evaluation (duration 0.003s)
2025-06-29 16:51:41 - app.services - WARNING - BLACKLIST_VIOLATION: Connection between dev-008 (blacklisted: False) and dev-005 (blacklisted: True) was blocked.
2025-06-29 16:51:41 - app.services - WARNING - BLACKLIST_VIOLATION: Attempt to rate blacklisted device dev-005. Action blocked.
2025-06-29 16:51:41 - app.services - WARNING - BLACKLIST_VIOLATION: Blacklisted device dev-005 attempted to rate dev-008. Action blocked.
2025-06-29 16:51:41 - app.services - WARNING - BLACKLIST_VIOLATION: Connection between dev-002 (blacklisted: False) and dev-006 (blacklisted: True) was blocked.
2025-06-29 16:51:41 - app.services - WARNING - BLACKLIST_VIOLATION: Attempt to rate blacklisted device dev-006. Action blocked.
2025-06-29 16:51:41 - app.services - WARNING - BLACKLIST_VIOLATION: Blacklisted device dev-006 attempted to rate dev-002. Action blocked.
2025-06-29 16:51:41 - app.services - INFO - SAFE: Device dev-002 passed evaluation (duration 0.003s)
2025-06-29 16:51:41 - app.services - INFO - SAFE: Device dev-007 passed evaluation (duration 0.003s)
2025-06-29 16:51:41 - app.services - INFO - SAFE: Device dev-002 passed evaluation (duration 0.003s)
2025-06-29 16:51:41 - app.services - INFO - SAFE: Device dev-009 passed evaluation (duration 0.003s)
2025-06-29 16:51:41 - app.services - INFO - SAFE: Device dev-009 passed evaluation (duration 0.003s)
2025-06-29 16:51:41 - app.services - INFO - SAFE: Device dev-007 passed evaluation (duration 0.003s)
2025-06-29 16:51:41 - app.services - INFO - SAFE: Device dev-000 passed evaluation (duration 0.003s)
2025-06-29 16:51:41 - app.services - INFO - SAFE: Device dev-001 passed evaluation (duration 0.003s)
2025-06-29 16:51:41 - app.services - INFO - SAFE: Device dev-009 passed evaluation (duration 0.003s)
2025-06-29 16:51:41 - app.services - INFO - SAFE: Device dev-007 passed evaluation (duration 0.003s)
