2025-06-29 16:35:34 - app.services - INFO - Selecting new coordinator...
2025-06-29 16:35:34 - app.services - INFO - Internal coordinator selected: dev-000 (RSU)
2025-06-29 16:35:34 - app.services - INFO - SAFE: Device dev-003 passed evaluation (duration 0.006s)
2025-06-29 16:35:34 - app.services - INFO - SAFE: Device dev-006 passed evaluation (duration 0.003s)
2025-06-29 16:35:34 - app.services - INFO - SAFE: Device dev-007 passed evaluation (duration 0.003s)
2025-06-29 16:35:34 - app.services - INFO - SAFE: Device dev-003 passed evaluation (duration 0.003s)
2025-06-29 16:35:34 - app.services - WARNING - DISHONEST RATING: Device dev-007 trust_score directly reduced from 0.517 to 0.417 (suspicious: 1).
2025-06-29 16:35:34 - app.services - INFO - SAFE: Device dev-004 passed evaluation (duration 0.003s)
2025-06-29 16:35:34 - app.services - INFO - SAFE: Device dev-005 passed evaluation (duration 0.003s)
2025-06-29 16:35:35 - app.services - INFO - SAFE: Device dev-000 passed evaluation (duration 0.005s)
2025-06-29 16:35:35 - app.services - INFO - SAFE: Device dev-006 passed evaluation (duration 0.003s)
2025-06-29 16:35:35 - app.services - INFO - SAFE: Device dev-009 passed evaluation (duration 0.006s)
2025-06-29 16:35:35 - app.services - INFO - SAFE: Device dev-003 passed evaluation (duration 0.004s)
2025-06-29 16:35:35 - app.services - WARNING - DISHONEST RATING: Device dev-009 trust_score directly reduced from 0.587 to 0.487 (suspicious: 1).
2025-06-29 16:35:35 - app.services - INFO - SAFE: Device dev-007 passed evaluation (duration 0.003s)
2025-06-29 16:35:35 - app.services - INFO - SAFE: Device dev-006 passed evaluation (duration 0.003s)
2025-06-29 16:35:35 - app.services - WARNING - DISHONEST RATING: Device dev-007 trust_score directly reduced from 0.549 to 0.449 (suspicious: 2).
2025-06-29 16:35:35 - app.services - INFO - SAFE: Device dev-001 passed evaluation (duration 0.005s)
2025-06-29 16:35:35 - app.services - INFO - SAFE: Device dev-008 passed evaluation (duration 0.003s)
2025-06-29 16:35:35 - app.services - INFO - SAFE: Device dev-001 passed evaluation (duration 0.003s)
2025-06-29 16:35:35 - app.services - INFO - SAFE: Device dev-000 passed evaluation (duration 0.003s)
2025-06-29 16:35:35 - app.services - INFO - SAFE: Device dev-008 passed evaluation (duration 0.003s)
2025-06-29 16:35:35 - app.services - INFO - SAFE: Device dev-006 passed evaluation (duration 0.003s)
2025-06-29 16:35:35 - app.services - INFO - SAFE: Device dev-008 passed evaluation (duration 0.003s)
2025-06-29 16:35:35 - app.services - INFO - SAFE: Device dev-006 passed evaluation (duration 0.003s)
2025-06-29 16:35:35 - app.services - INFO - SAFE: Device dev-003 passed evaluation (duration 0.003s)
2025-06-29 16:35:35 - app.services - INFO - SAFE: Device dev-002 passed evaluation (duration 0.003s)
2025-06-29 16:35:35 - app.services - INFO - SAFE: Device dev-003 passed evaluation (duration 0.003s)
2025-06-29 16:35:35 - app.services - INFO - SAFE: Device dev-007 passed evaluation (duration 0.004s)
2025-06-29 16:35:35 - app.services - WARNING - FLAGGED: Device dev-007 flagged after 3 suspicious activities
2025-06-29 16:35:35 - app.services - WARNING - DISHONEST RATING: Device dev-007 trust_score directly reduced from 0.487 to 0.387 (suspicious: 3).
2025-06-29 16:35:35 - app.services - INFO - SAFE: Device dev-003 passed evaluation (duration 0.003s)
2025-06-29 16:35:35 - app.services - INFO - SAFE: Device dev-002 passed evaluation (duration 0.003s)
2025-06-29 16:35:36 - app.services - INFO - SAFE: Device dev-009 passed evaluation (duration 0.005s)
2025-06-29 16:35:36 - app.services - INFO - SAFE: Device dev-001 passed evaluation (duration 0.003s)
2025-06-29 16:35:36 - app.services - WARNING - DISHONEST RATING: Device dev-009 trust_score directly reduced from 0.511 to 0.411 (suspicious: 2).
2025-06-29 16:35:36 - app.services - INFO - SAFE: Device dev-005 passed evaluation (duration 0.004s)
2025-06-29 16:35:36 - app.services - INFO - SAFE: Device dev-008 passed evaluation (duration 0.004s)
2025-06-29 16:35:36 - app.services - INFO - SAFE: Device dev-008 passed evaluation (duration 0.004s)
2025-06-29 16:35:36 - app.services - INFO - SAFE: Device dev-007 passed evaluation (duration 0.003s)
2025-06-29 16:35:36 - app.services - WARNING - FLAGGED: Device dev-007 flagged after 4 suspicious activities
2025-06-29 16:35:36 - app.services - WARNING - DISHONEST RATING: Device dev-007 trust_score directly reduced from 0.526 to 0.426 (suspicious: 4).
2025-06-29 16:35:36 - app.services - INFO - SAFE: Device dev-008 passed evaluation (duration 0.003s)
2025-06-29 16:35:36 - app.services - INFO - SAFE: Device dev-001 passed evaluation (duration 0.003s)
2025-06-29 16:35:36 - app.services - INFO - SAFE: Device dev-003 passed evaluation (duration 0.003s)
2025-06-29 16:35:36 - app.services - INFO - SAFE: Device dev-009 passed evaluation (duration 0.003s)
2025-06-29 16:35:36 - app.services - WARNING - FLAGGED: Device dev-009 flagged after 3 suspicious activities
2025-06-29 16:35:36 - app.services - WARNING - DISHONEST RATING: Device dev-009 trust_score directly reduced from 0.516 to 0.416 (suspicious: 3).
2025-06-29 16:35:36 - app.services - INFO - SAFE: Device dev-000 passed evaluation (duration 0.003s)
2025-06-29 16:35:36 - app.services - INFO - SAFE: Device dev-007 passed evaluation (duration 0.003s)
2025-06-29 16:35:36 - app.services - WARNING - FLAGGED: Device dev-007 flagged after 5 suspicious activities
2025-06-29 16:35:36 - app.services - WARNING - DISHONEST RATING: Device dev-007 trust_score directly reduced from 0.530 to 0.430 (suspicious: 5).
2025-06-29 16:35:36 - app.services - INFO - SAFE: Device dev-003 passed evaluation (duration 0.003s)
2025-06-29 16:35:36 - app.services - WARNING - BLACKLIST: Device dev-002 blacklisted after evaluation 0.003s with detection time: 2.352 after joined
2025-06-29 16:35:36 - app.services - WARNING - BLACKLIST_VIOLATION: Attempt to rate blacklisted device dev-002. Action blocked.
2025-06-29 16:35:36 - app.services - WARNING - BLACKLIST_VIOLATION: Blacklisted device dev-002 attempted to rate dev-003. Action blocked.
2025-06-29 16:35:36 - app.services - INFO - SAFE: Device dev-006 passed evaluation (duration 0.016s)
2025-06-29 16:35:36 - app.services - INFO - SAFE: Device dev-009 passed evaluation (duration 0.006s)
2025-06-29 16:35:36 - app.services - WARNING - FLAGGED: Device dev-009 flagged after 4 suspicious activities
2025-06-29 16:35:36 - app.services - WARNING - DISHONEST RATING: Device dev-009 trust_score directly reduced from 0.550 to 0.450 (suspicious: 4).
2025-06-29 16:35:37 - app.services - INFO - SAFE: Device dev-004 passed evaluation (duration 0.005s)
2025-06-29 16:35:37 - app.services - INFO - SAFE: Device dev-001 passed evaluation (duration 0.004s)
2025-06-29 16:35:37 - app.services - INFO - SAFE: Device dev-009 passed evaluation (duration 0.004s)
2025-06-29 16:35:37 - app.services - INFO - SAFE: Device dev-003 passed evaluation (duration 0.004s)
2025-06-29 16:35:37 - app.services - WARNING - FLAGGED: Device dev-009 flagged after 5 suspicious activities
2025-06-29 16:35:37 - app.services - WARNING - DISHONEST RATING: Device dev-009 trust_score directly reduced from 0.487 to 0.387 (suspicious: 5).
2025-06-29 16:35:37 - app.services - INFO - SAFE: Device dev-009 passed evaluation (duration 0.003s)
2025-06-29 16:35:37 - app.services - INFO - SAFE: Device dev-005 passed evaluation (duration 0.003s)
2025-06-29 16:35:37 - app.services - WARNING - FLAGGED: Device dev-009 flagged after 6 suspicious activities
2025-06-29 16:35:37 - app.services - WARNING - DISHONEST RATING: Device dev-009 trust_score directly reduced from 0.557 to 0.457 (suspicious: 6).
2025-06-29 16:35:37 - app.services - INFO - SAFE: Device dev-000 passed evaluation (duration 0.005s)
2025-06-29 16:35:37 - app.services - INFO - SAFE: Device dev-006 passed evaluation (duration 0.007s)
2025-06-29 16:35:37 - app.services - INFO - SAFE: Device dev-000 passed evaluation (duration 0.004s)
2025-06-29 16:35:37 - app.services - INFO - SAFE: Device dev-008 passed evaluation (duration 0.004s)
2025-06-29 16:35:37 - app.services - INFO - SAFE: Device dev-008 passed evaluation (duration 0.004s)
2025-06-29 16:35:37 - app.services - INFO - SAFE: Device dev-003 passed evaluation (duration 0.007s)
2025-06-29 16:35:37 - app.services - INFO - SAFE: Device dev-008 passed evaluation (duration 0.003s)
2025-06-29 16:35:37 - app.services - INFO - SAFE: Device dev-009 passed evaluation (duration 0.003s)
2025-06-29 16:35:38 - app.services - WARNING - FLAGGED: Device dev-009 flagged after 7 suspicious activities
2025-06-29 16:35:38 - app.services - WARNING - DISHONEST RATING: Device dev-009 trust_score directly reduced from 0.603 to 0.503 (suspicious: 7).
2025-06-29 16:35:38 - app.services - INFO - SAFE: Device dev-004 passed evaluation (duration 0.004s)
2025-06-29 16:35:38 - app.services - INFO - SAFE: Device dev-007 passed evaluation (duration 0.003s)
2025-06-29 16:35:38 - app.services - WARNING - FLAGGED: Device dev-007 flagged after 6 suspicious activities
2025-06-29 16:35:38 - app.services - WARNING - DISHONEST RATING: Device dev-007 trust_score directly reduced from 0.575 to 0.475 (suspicious: 6).
2025-06-29 16:35:38 - app.services - INFO - SAFE: Device dev-000 passed evaluation (duration 0.003s)
2025-06-29 16:35:38 - app.services - INFO - SAFE: Device dev-005 passed evaluation (duration 0.003s)
2025-06-29 16:35:38 - app.services - WARNING - BLACKLIST_VIOLATION: Connection between dev-009 (blacklisted: False) and dev-002 (blacklisted: True) was blocked.
2025-06-29 16:35:38 - app.services - WARNING - BLACKLIST_VIOLATION: Attempt to rate blacklisted device dev-002. Action blocked.
2025-06-29 16:35:38 - app.services - WARNING - BLACKLIST_VIOLATION: Blacklisted device dev-002 attempted to rate dev-009. Action blocked.
2025-06-29 16:35:38 - app.services - WARNING - BLACKLIST_VIOLATION: Connection between dev-002 (blacklisted: True) and dev-006 (blacklisted: False) was blocked.
2025-06-29 16:35:38 - app.services - WARNING - BLACKLIST_VIOLATION: Blacklisted device dev-002 attempted to rate dev-006. Action blocked.
2025-06-29 16:35:38 - app.services - WARNING - BLACKLIST_VIOLATION: Attempt to rate blacklisted device dev-002. Action blocked.
2025-06-29 16:35:38 - app.services - INFO - SAFE: Device dev-008 passed evaluation (duration 0.003s)
2025-06-29 16:35:38 - app.services - INFO - SAFE: Device dev-004 passed evaluation (duration 0.003s)
2025-06-29 16:35:38 - app.services - INFO - SAFE: Device dev-003 passed evaluation (duration 0.003s)
2025-06-29 16:35:38 - app.services - INFO - SAFE: Device dev-004 passed evaluation (duration 0.003s)
2025-06-29 16:35:38 - app.services - INFO - SAFE: Device dev-001 passed evaluation (duration 0.005s)
2025-06-29 16:35:38 - app.services - INFO - SAFE: Device dev-009 passed evaluation (duration 0.005s)
2025-06-29 16:35:38 - app.services - WARNING - FLAGGED: Device dev-009 flagged after 8 suspicious activities
2025-06-29 16:35:38 - app.services - WARNING - DISHONEST RATING: Device dev-009 trust_score directly reduced from 0.652 to 0.552 (suspicious: 8).
2025-06-29 16:35:38 - app.services - INFO - SAFE: Device dev-000 passed evaluation (duration 0.004s)
2025-06-29 16:35:38 - app.services - INFO - SAFE: Device dev-007 passed evaluation (duration 0.003s)
2025-06-29 16:35:38 - app.services - WARNING - FLAGGED: Device dev-007 flagged after 7 suspicious activities
2025-06-29 16:35:38 - app.services - WARNING - DISHONEST RATING: Device dev-007 trust_score directly reduced from 0.593 to 0.493 (suspicious: 7).
2025-06-29 16:35:38 - app.services - INFO - SAFE: Device dev-000 passed evaluation (duration 0.003s)
2025-06-29 16:35:38 - app.services - INFO - SAFE: Device dev-004 passed evaluation (duration 0.003s)
2025-06-29 16:35:39 - app.services - INFO - SAFE: Device dev-001 passed evaluation (duration 0.003s)
2025-06-29 16:35:39 - app.services - INFO - SAFE: Device dev-000 passed evaluation (duration 0.003s)
2025-06-29 16:35:39 - app.services - INFO - SAFE: Device dev-000 passed evaluation (duration 0.003s)
2025-06-29 16:35:39 - app.services - INFO - SAFE: Device dev-003 passed evaluation (duration 0.004s)
2025-06-29 16:35:39 - app.services - INFO - SAFE: Device dev-001 passed evaluation (duration 0.003s)
2025-06-29 16:35:39 - app.services - INFO - SAFE: Device dev-009 passed evaluation (duration 0.003s)
2025-06-29 16:35:39 - app.services - WARNING - FLAGGED: Device dev-009 flagged after 9 suspicious activities
2025-06-29 16:35:39 - app.services - WARNING - DISHONEST RATING: Device dev-009 trust_score directly reduced from 0.672 to 0.572 (suspicious: 9).
2025-06-29 16:35:39 - app.services - INFO - SAFE: Device dev-009 passed evaluation (duration 0.003s)
2025-06-29 16:35:39 - app.services - INFO - SAFE: Device dev-005 passed evaluation (duration 0.004s)
2025-06-29 16:35:39 - app.services - WARNING - FLAGGED: Device dev-009 flagged after 10 suspicious activities
2025-06-29 16:35:39 - app.services - WARNING - DISHONEST RATING: Device dev-009 trust_score directly reduced from 0.396 to 0.296 (suspicious: 10).
2025-06-29 16:35:39 - app.services - INFO - SAFE: Device dev-003 passed evaluation (duration 0.003s)
2025-06-29 16:35:39 - app.services - INFO - SAFE: Device dev-004 passed evaluation (duration 0.004s)
2025-06-29 16:35:39 - app.services - INFO - SAFE: Device dev-004 passed evaluation (duration 0.003s)
2025-06-29 16:35:39 - app.services - INFO - SAFE: Device dev-001 passed evaluation (duration 0.003s)
2025-06-29 16:35:39 - app.services - INFO - SAFE: Device dev-006 passed evaluation (duration 0.004s)
2025-06-29 16:35:39 - app.services - INFO - SAFE: Device dev-008 passed evaluation (duration 0.004s)
2025-06-29 16:35:39 - app.services - INFO - SAFE: Device dev-003 passed evaluation (duration 0.003s)
2025-06-29 16:35:39 - app.services - INFO - SAFE: Device dev-001 passed evaluation (duration 0.003s)
2025-06-29 16:35:40 - app.services - INFO - SAFE: Device dev-003 passed evaluation (duration 0.003s)
2025-06-29 16:35:40 - app.services - INFO - SAFE: Device dev-005 passed evaluation (duration 0.004s)
2025-06-29 16:35:40 - app.services - WARNING - BLACKLIST_VIOLATION: Connection between dev-009 (blacklisted: False) and dev-002 (blacklisted: True) was blocked.
2025-06-29 16:35:40 - app.services - WARNING - BLACKLIST_VIOLATION: Attempt to rate blacklisted device dev-002. Action blocked.
2025-06-29 16:35:40 - app.services - WARNING - BLACKLIST_VIOLATION: Blacklisted device dev-002 attempted to rate dev-009. Action blocked.
2025-06-29 16:35:40 - app.services - INFO - SAFE: Device dev-004 passed evaluation (duration 0.003s)
2025-06-29 16:35:40 - app.services - INFO - SAFE: Device dev-000 passed evaluation (duration 0.003s)
2025-06-29 16:35:40 - app.services - INFO - SAFE: Device dev-005 passed evaluation (duration 0.003s)
2025-06-29 16:35:40 - app.services - INFO - SAFE: Device dev-001 passed evaluation (duration 0.003s)
2025-06-29 16:35:40 - app.services - INFO - SAFE: Device dev-005 passed evaluation (duration 0.003s)
2025-06-29 16:35:40 - app.services - INFO - SAFE: Device dev-006 passed evaluation (duration 0.003s)
2025-06-29 16:35:40 - app.services - INFO - SAFE: Device dev-000 passed evaluation (duration 0.003s)
2025-06-29 16:35:40 - app.services - INFO - SAFE: Device dev-001 passed evaluation (duration 0.003s)
2025-06-29 16:35:40 - app.services - INFO - SAFE: Device dev-003 passed evaluation (duration 0.004s)
2025-06-29 16:35:40 - app.services - INFO - SAFE: Device dev-004 passed evaluation (duration 0.003s)
2025-06-29 16:35:40 - app.services - WARNING - BLACKLIST_VIOLATION: Connection between dev-005 (blacklisted: False) and dev-002 (blacklisted: True) was blocked.
2025-06-29 16:35:40 - app.services - WARNING - BLACKLIST_VIOLATION: Attempt to rate blacklisted device dev-002. Action blocked.
2025-06-29 16:35:40 - app.services - WARNING - BLACKLIST_VIOLATION: Blacklisted device dev-002 attempted to rate dev-005. Action blocked.
2025-06-29 16:35:40 - app.services - INFO - SAFE: Device dev-003 passed evaluation (duration 0.003s)
2025-06-29 16:35:40 - app.services - INFO - SAFE: Device dev-008 passed evaluation (duration 0.003s)
2025-06-29 16:35:40 - app.services - INFO - SAFE: Device dev-005 passed evaluation (duration 0.004s)
2025-06-29 16:35:40 - app.services - WARNING - BLACKLIST: Device dev-009 blacklisted after evaluation 0.003s with detection time: 6.341 after joined
2025-06-29 16:35:41 - app.services - WARNING - BLACKLIST_VIOLATION: Attempt to rate blacklisted device dev-009. Action blocked.
2025-06-29 16:35:41 - app.services - WARNING - BLACKLIST_VIOLATION: Blacklisted device dev-009 attempted to rate dev-005. Action blocked.
2025-06-29 16:35:41 - app.services - INFO - SAFE: Device dev-007 passed evaluation (duration 0.003s)
2025-06-29 16:35:41 - app.services - INFO - SAFE: Device dev-005 passed evaluation (duration 0.004s)
2025-06-29 16:35:41 - app.services - WARNING - FLAGGED: Device dev-007 flagged after 8 suspicious activities
2025-06-29 16:35:41 - app.services - WARNING - DISHONEST RATING: Device dev-007 trust_score directly reduced from 0.602 to 0.502 (suspicious: 8).
2025-06-29 16:35:41 - app.services - INFO - SAFE: Device dev-007 passed evaluation (duration 0.003s)
2025-06-29 16:35:41 - app.services - INFO - SAFE: Device dev-004 passed evaluation (duration 0.003s)
2025-06-29 16:35:41 - app.services - WARNING - FLAGGED: Device dev-007 flagged after 9 suspicious activities
2025-06-29 16:35:41 - app.services - WARNING - DISHONEST RATING: Device dev-007 trust_score directly reduced from 0.595 to 0.495 (suspicious: 9).
2025-06-29 16:35:41 - app.services - WARNING - BLACKLIST_VIOLATION: Connection between dev-002 (blacklisted: True) and dev-004 (blacklisted: False) was blocked.
2025-06-29 16:35:41 - app.services - WARNING - BLACKLIST_VIOLATION: Blacklisted device dev-002 attempted to rate dev-004. Action blocked.
2025-06-29 16:35:41 - app.services - WARNING - BLACKLIST_VIOLATION: Attempt to rate blacklisted device dev-002. Action blocked.
2025-06-29 16:35:41 - app.services - WARNING - BLACKLIST_VIOLATION: Connection between dev-002 (blacklisted: True) and dev-005 (blacklisted: False) was blocked.
2025-06-29 16:35:41 - app.services - WARNING - BLACKLIST_VIOLATION: Blacklisted device dev-002 attempted to rate dev-005. Action blocked.
2025-06-29 16:35:41 - app.services - WARNING - BLACKLIST_VIOLATION: Attempt to rate blacklisted device dev-002. Action blocked.
2025-06-29 16:35:41 - app.services - INFO - SAFE: Device dev-003 passed evaluation (duration 0.003s)
2025-06-29 16:35:41 - app.services - INFO - SAFE: Device dev-008 passed evaluation (duration 0.003s)
2025-06-29 16:35:41 - app.services - INFO - SAFE: Device dev-005 passed evaluation (duration 0.003s)
2025-06-29 16:35:41 - app.services - INFO - SAFE: Device dev-000 passed evaluation (duration 0.003s)
2025-06-29 16:35:41 - app.services - INFO - SAFE: Device dev-008 passed evaluation (duration 0.004s)
2025-06-29 16:35:41 - app.services - INFO - SAFE: Device dev-001 passed evaluation (duration 0.003s)
2025-06-29 16:35:41 - app.services - INFO - SAFE: Device dev-000 passed evaluation (duration 0.003s)
2025-06-29 16:35:41 - app.services - INFO - SAFE: Device dev-008 passed evaluation (duration 0.003s)
2025-06-29 16:35:41 - app.services - INFO - SAFE: Device dev-001 passed evaluation (duration 0.004s)
2025-06-29 16:35:41 - app.services - INFO - SAFE: Device dev-004 passed evaluation (duration 0.005s)
2025-06-29 16:35:41 - app.services - WARNING - BLACKLIST_VIOLATION: Connection between dev-003 (blacklisted: False) and dev-002 (blacklisted: True) was blocked.
2025-06-29 16:35:41 - app.services - WARNING - BLACKLIST_VIOLATION: Attempt to rate blacklisted device dev-002. Action blocked.
2025-06-29 16:35:41 - app.services - WARNING - BLACKLIST_VIOLATION: Blacklisted device dev-002 attempted to rate dev-003. Action blocked.
2025-06-29 16:35:41 - app.services - INFO - SAFE: Device dev-001 passed evaluation (duration 0.003s)
2025-06-29 16:35:41 - app.services - INFO - SAFE: Device dev-007 passed evaluation (duration 0.003s)
2025-06-29 16:35:42 - app.services - WARNING - FLAGGED: Device dev-007 flagged after 10 suspicious activities
2025-06-29 16:35:42 - app.services - WARNING - DISHONEST RATING: Device dev-007 trust_score directly reduced from 0.366 to 0.266 (suspicious: 10).
2025-06-29 16:35:42 - app.services - WARNING - BLACKLIST_VIOLATION: Connection between dev-002 (blacklisted: True) and dev-007 (blacklisted: False) was blocked.
2025-06-29 16:35:42 - app.services - WARNING - BLACKLIST_VIOLATION: Blacklisted device dev-002 attempted to rate dev-007. Action blocked.
2025-06-29 16:35:42 - app.services - WARNING - BLACKLIST_VIOLATION: Attempt to rate blacklisted device dev-002. Action blocked.
2025-06-29 16:35:42 - app.services - INFO - SAFE: Device dev-000 passed evaluation (duration 0.003s)
2025-06-29 16:35:42 - app.services - INFO - SAFE: Device dev-005 passed evaluation (duration 0.004s)
2025-06-29 16:35:42 - app.services - WARNING - BLACKLIST_VIOLATION: Connection between dev-001 (blacklisted: False) and dev-009 (blacklisted: True) was blocked.
2025-06-29 16:35:42 - app.services - WARNING - BLACKLIST_VIOLATION: Attempt to rate blacklisted device dev-009. Action blocked.
2025-06-29 16:35:42 - app.services - WARNING - BLACKLIST_VIOLATION: Blacklisted device dev-009 attempted to rate dev-001. Action blocked.
2025-06-29 16:35:42 - app.services - INFO - SAFE: Device dev-003 passed evaluation (duration 0.003s)
2025-06-29 16:35:42 - app.services - INFO - SAFE: Device dev-000 passed evaluation (duration 0.003s)
2025-06-29 16:35:42 - app.services - INFO - SAFE: Device dev-005 passed evaluation (duration 0.005s)
2025-06-29 16:35:42 - app.services - INFO - SAFE: Device dev-001 passed evaluation (duration 0.003s)
2025-06-29 16:35:42 - app.services - WARNING - BLACKLIST_VIOLATION: Connection between dev-002 (blacklisted: True) and dev-001 (blacklisted: False) was blocked.
2025-06-29 16:35:42 - app.services - WARNING - BLACKLIST_VIOLATION: Blacklisted device dev-002 attempted to rate dev-001. Action blocked.
2025-06-29 16:35:42 - app.services - WARNING - BLACKLIST_VIOLATION: Attempt to rate blacklisted device dev-002. Action blocked.
2025-06-29 16:35:42 - app.services - WARNING - BLACKLIST_VIOLATION: Connection between dev-007 (blacklisted: False) and dev-002 (blacklisted: True) was blocked.
2025-06-29 16:35:42 - app.services - WARNING - BLACKLIST_VIOLATION: Attempt to rate blacklisted device dev-002. Action blocked.
2025-06-29 16:35:42 - app.services - WARNING - BLACKLIST_VIOLATION: Blacklisted device dev-002 attempted to rate dev-007. Action blocked.
2025-06-29 16:35:42 - app.services - INFO - SAFE: Device dev-001 passed evaluation (duration 0.003s)
2025-06-29 16:35:42 - app.services - INFO - SAFE: Device dev-005 passed evaluation (duration 0.003s)
2025-06-29 16:35:42 - app.services - INFO - SAFE: Device dev-005 passed evaluation (duration 0.003s)
2025-06-29 16:35:42 - app.services - WARNING - BLACKLIST: Device dev-007 blacklisted after evaluation 0.003s with detection time: 8.190 after joined
2025-06-29 16:35:42 - app.services - WARNING - BLACKLIST_VIOLATION: Attempt to rate blacklisted device dev-007. Action blocked.
2025-06-29 16:35:42 - app.services - WARNING - BLACKLIST_VIOLATION: Blacklisted device dev-007 attempted to rate dev-005. Action blocked.
2025-06-29 16:35:42 - app.services - WARNING - BLACKLIST_VIOLATION: Connection between dev-005 (blacklisted: False) and dev-009 (blacklisted: True) was blocked.
2025-06-29 16:35:42 - app.services - WARNING - BLACKLIST_VIOLATION: Attempt to rate blacklisted device dev-009. Action blocked.
2025-06-29 16:35:42 - app.services - WARNING - BLACKLIST_VIOLATION: Blacklisted device dev-009 attempted to rate dev-005. Action blocked.
2025-06-29 16:35:42 - app.services - WARNING - BLACKLIST_VIOLATION: Connection between dev-009 (blacklisted: True) and dev-003 (blacklisted: False) was blocked.
2025-06-29 16:35:42 - app.services - WARNING - BLACKLIST_VIOLATION: Blacklisted device dev-009 attempted to rate dev-003. Action blocked.
2025-06-29 16:35:42 - app.services - WARNING - BLACKLIST_VIOLATION: Attempt to rate blacklisted device dev-009. Action blocked.
2025-06-29 16:35:42 - app.services - WARNING - BLACKLIST_VIOLATION: Connection between dev-002 (blacklisted: True) and dev-008 (blacklisted: False) was blocked.
2025-06-29 16:35:42 - app.services - WARNING - BLACKLIST_VIOLATION: Blacklisted device dev-002 attempted to rate dev-008. Action blocked.
2025-06-29 16:35:42 - app.services - WARNING - BLACKLIST_VIOLATION: Attempt to rate blacklisted device dev-002. Action blocked.
2025-06-29 16:35:42 - app.services - WARNING - BLACKLIST_VIOLATION: Connection between dev-007 (blacklisted: True) and dev-001 (blacklisted: False) was blocked.
2025-06-29 16:35:42 - app.services - WARNING - BLACKLIST_VIOLATION: Blacklisted device dev-007 attempted to rate dev-001. Action blocked.
2025-06-29 16:35:42 - app.services - WARNING - BLACKLIST_VIOLATION: Attempt to rate blacklisted device dev-007. Action blocked.
2025-06-29 16:35:43 - app.services - INFO - SAFE: Device dev-004 passed evaluation (duration 0.003s)
2025-06-29 16:35:43 - app.services - INFO - SAFE: Device dev-008 passed evaluation (duration 0.003s)
2025-06-29 16:35:43 - app.services - INFO - SAFE: Device dev-005 passed evaluation (duration 0.003s)
2025-06-29 16:35:43 - app.services - INFO - SAFE: Device dev-004 passed evaluation (duration 0.004s)
2025-06-29 16:35:43 - app.services - INFO - SAFE: Device dev-006 passed evaluation (duration 0.003s)
2025-06-29 16:35:43 - app.services - INFO - SAFE: Device dev-008 passed evaluation (duration 0.003s)
2025-06-29 16:35:43 - app.services - INFO - SAFE: Device dev-006 passed evaluation (duration 0.003s)
2025-06-29 16:35:43 - app.services - INFO - SAFE: Device dev-005 passed evaluation (duration 0.003s)
2025-06-29 16:35:43 - app.services - WARNING - BLACKLIST_VIOLATION: Connection between dev-008 (blacklisted: False) and dev-002 (blacklisted: True) was blocked.
2025-06-29 16:35:43 - app.services - WARNING - BLACKLIST_VIOLATION: Attempt to rate blacklisted device dev-002. Action blocked.
2025-06-29 16:35:43 - app.services - WARNING - BLACKLIST_VIOLATION: Blacklisted device dev-002 attempted to rate dev-008. Action blocked.
2025-06-29 16:35:43 - app.services - INFO - SAFE: Device dev-003 passed evaluation (duration 0.003s)
2025-06-29 16:35:43 - app.services - INFO - SAFE: Device dev-001 passed evaluation (duration 0.003s)
2025-06-29 16:35:43 - app.services - WARNING - BLACKLIST_VIOLATION: Connection between dev-002 (blacklisted: True) and dev-004 (blacklisted: False) was blocked.
2025-06-29 16:35:43 - app.services - WARNING - BLACKLIST_VIOLATION: Blacklisted device dev-002 attempted to rate dev-004. Action blocked.
2025-06-29 16:35:43 - app.services - WARNING - BLACKLIST_VIOLATION: Attempt to rate blacklisted device dev-002. Action blocked.
2025-06-29 16:35:43 - app.services - INFO - SAFE: Device dev-006 passed evaluation (duration 0.006s)
2025-06-29 16:35:43 - app.services - INFO - SAFE: Device dev-001 passed evaluation (duration 0.003s)
2025-06-29 16:35:43 - app.services - INFO - SAFE: Device dev-001 passed evaluation (duration 0.004s)
2025-06-29 16:35:43 - app.services - INFO - SAFE: Device dev-006 passed evaluation (duration 0.003s)
2025-06-29 16:35:43 - app.services - WARNING - BLACKLIST_VIOLATION: Connection between dev-007 (blacklisted: True) and dev-009 (blacklisted: True) was blocked.
2025-06-29 16:35:43 - app.services - WARNING - BLACKLIST_VIOLATION: Blacklisted device dev-007 attempted to rate dev-009. Action blocked.
2025-06-29 16:35:43 - app.services - WARNING - BLACKLIST_VIOLATION: Blacklisted device dev-009 attempted to rate dev-007. Action blocked.
2025-06-29 16:35:43 - app.services - WARNING - BLACKLIST_VIOLATION: Connection between dev-002 (blacklisted: True) and dev-003 (blacklisted: False) was blocked.
2025-06-29 16:35:43 - app.services - WARNING - BLACKLIST_VIOLATION: Blacklisted device dev-002 attempted to rate dev-003. Action blocked.
2025-06-29 16:35:43 - app.services - WARNING - BLACKLIST_VIOLATION: Attempt to rate blacklisted device dev-002. Action blocked.
2025-06-29 16:35:44 - app.services - INFO - SAFE: Device dev-008 passed evaluation (duration 0.003s)
2025-06-29 16:35:44 - app.services - INFO - SAFE: Device dev-005 passed evaluation (duration 0.003s)
2025-06-29 16:35:44 - app.services - INFO - SAFE: Device dev-003 passed evaluation (duration 0.003s)
2025-06-29 16:35:44 - app.services - INFO - SAFE: Device dev-006 passed evaluation (duration 0.003s)
2025-06-29 16:35:44 - app.services - WARNING - BLACKLIST_VIOLATION: Connection between dev-001 (blacklisted: False) and dev-002 (blacklisted: True) was blocked.
2025-06-29 16:35:44 - app.services - WARNING - BLACKLIST_VIOLATION: Attempt to rate blacklisted device dev-002. Action blocked.
2025-06-29 16:35:44 - app.services - WARNING - BLACKLIST_VIOLATION: Blacklisted device dev-002 attempted to rate dev-001. Action blocked.
2025-06-29 16:35:44 - app.services - INFO - SAFE: Device dev-005 passed evaluation (duration 0.005s)
2025-06-29 16:35:44 - app.services - INFO - SAFE: Device dev-006 passed evaluation (duration 0.003s)
2025-06-29 16:35:44 - app.services - WARNING - BLACKLIST_VIOLATION: Connection between dev-006 (blacklisted: False) and dev-007 (blacklisted: True) was blocked.
2025-06-29 16:35:44 - app.services - WARNING - BLACKLIST_VIOLATION: Attempt to rate blacklisted device dev-007. Action blocked.
2025-06-29 16:35:44 - app.services - WARNING - BLACKLIST_VIOLATION: Blacklisted device dev-007 attempted to rate dev-006. Action blocked.
2025-06-29 16:35:44 - app.services - WARNING - BLACKLIST_VIOLATION: Connection between dev-006 (blacklisted: False) and dev-002 (blacklisted: True) was blocked.
2025-06-29 16:35:44 - app.services - WARNING - BLACKLIST_VIOLATION: Attempt to rate blacklisted device dev-002. Action blocked.
2025-06-29 16:35:44 - app.services - WARNING - BLACKLIST_VIOLATION: Blacklisted device dev-002 attempted to rate dev-006. Action blocked.
2025-06-29 16:35:44 - app.services - WARNING - BLACKLIST_VIOLATION: Connection between dev-002 (blacklisted: True) and dev-008 (blacklisted: False) was blocked.
2025-06-29 16:35:44 - app.services - WARNING - BLACKLIST_VIOLATION: Blacklisted device dev-002 attempted to rate dev-008. Action blocked.
2025-06-29 16:35:44 - app.services - WARNING - BLACKLIST_VIOLATION: Attempt to rate blacklisted device dev-002. Action blocked.
2025-06-29 16:35:44 - app.services - WARNING - BLACKLIST_VIOLATION: Connection between dev-002 (blacklisted: True) and dev-007 (blacklisted: True) was blocked.
2025-06-29 16:35:44 - app.services - WARNING - BLACKLIST_VIOLATION: Blacklisted device dev-002 attempted to rate dev-007. Action blocked.
2025-06-29 16:35:44 - app.services - WARNING - BLACKLIST_VIOLATION: Blacklisted device dev-007 attempted to rate dev-002. Action blocked.
2025-06-29 16:35:44 - app.services - INFO - SAFE: Device dev-001 passed evaluation (duration 0.003s)
2025-06-29 16:35:44 - app.services - INFO - SAFE: Device dev-003 passed evaluation (duration 0.003s)
2025-06-29 16:35:44 - app.services - WARNING - BLACKLIST_VIOLATION: Connection between dev-003 (blacklisted: False) and dev-007 (blacklisted: True) was blocked.
2025-06-29 16:35:44 - app.services - WARNING - BLACKLIST_VIOLATION: Attempt to rate blacklisted device dev-007. Action blocked.
2025-06-29 16:35:44 - app.services - WARNING - BLACKLIST_VIOLATION: Blacklisted device dev-007 attempted to rate dev-003. Action blocked.
