2025-06-27 09:05:47 - app.services - INFO - Selecting new coordinator...
2025-06-27 09:05:47 - app.services - INFO - Internal coordinator selected: dev-000 (RSU)
2025-06-27 09:05:48 - app.services - INFO - SAFE: Device dev-009 passed evaluation (duration 0.017s)
2025-06-27 09:05:48 - app.services - INFO - SAFE: Device dev-005 passed evaluation (duration 0.006s)
2025-06-27 09:05:48 - app.services - WARNING - DISHONEST RATING: Device dev-009 trust_score directly reduced from 0.622 to 0.522 (suspicious: 1).
2025-06-27 09:05:49 - app.services - WARNING - DISHONEST RATING: Device dev-005 trust_score directly reduced from 0.447 to 0.347 (suspicious: 1).
2025-06-27 09:05:49 - app.services - INFO - SAFE: Device dev-003 passed evaluation (duration 0.006s)
2025-06-27 09:05:49 - app.services - INFO - SAFE: Device dev-009 passed evaluation (duration 0.006s)
2025-06-27 09:05:49 - app.services - WARNING - DISHONEST RATING: Device dev-009 trust_score directly reduced from 0.303 to 0.203 (suspicious: 2).
2025-06-27 09:05:49 - app.services - INFO - SAFE: Device dev-005 passed evaluation (duration 0.009s)
2025-06-27 09:05:49 - app.services - INFO - SAFE: Device dev-008 passed evaluation (duration 0.005s)
2025-06-27 09:05:49 - app.services - WARNING - DISHONEST RATING: Device dev-005 trust_score directly reduced from 0.312 to 0.212 (suspicious: 2).
2025-06-27 09:05:49 - app.services - INFO - SAFE: Device dev-005 passed evaluation (duration 0.028s)
2025-06-27 09:05:49 - app.services - WARNING - BLACKLIST: Device dev-003 blacklisted after evaluation 0.005s with detection time: 1.972 after joined
2025-06-27 09:05:49 - app.services - WARNING - BLACKLIST_VIOLATION: Attempt to rate blacklisted device dev-003. Action blocked.
2025-06-27 09:05:50 - app.services - WARNING - BLACKLIST_VIOLATION: Blacklisted device dev-003 attempted to rate dev-005. Action blocked.
2025-06-27 09:05:50 - app.services - INFO - SAFE: Device dev-008 passed evaluation (duration 0.008s)
2025-06-27 09:05:50 - app.services - INFO - SAFE: Device dev-000 passed evaluation (duration 0.007s)
2025-06-27 09:05:50 - app.services - INFO - SAFE: Device dev-007 passed evaluation (duration 0.009s)
2025-06-27 09:05:50 - app.services - INFO - SAFE: Device dev-008 passed evaluation (duration 0.008s)
2025-06-27 09:05:50 - app.services - INFO - SAFE: Device dev-006 passed evaluation (duration 0.009s)
2025-06-27 09:05:50 - app.services - INFO - SAFE: Device dev-002 passed evaluation (duration 0.006s)
2025-06-27 09:05:51 - app.services - INFO - SAFE: Device dev-007 passed evaluation (duration 0.009s)
2025-06-27 09:05:51 - app.services - INFO - SAFE: Device dev-000 passed evaluation (duration 0.008s)
2025-06-27 09:05:51 - app.services - INFO - SAFE: Device dev-006 passed evaluation (duration 0.008s)
2025-06-27 09:05:51 - app.services - INFO - SAFE: Device dev-000 passed evaluation (duration 0.007s)
2025-06-27 09:05:51 - app.services - WARNING - BLACKLIST_VIOLATION: Connection between dev-003 (blacklisted: True) and dev-008 (blacklisted: False) was blocked.
2025-06-27 09:05:51 - app.services - WARNING - BLACKLIST_VIOLATION: Blacklisted device dev-003 attempted to rate dev-008. Action blocked.
2025-06-27 09:05:51 - app.services - WARNING - BLACKLIST_VIOLATION: Attempt to rate blacklisted device dev-003. Action blocked.
2025-06-27 09:05:52 - app.services - INFO - SAFE: Device dev-001 passed evaluation (duration 0.006s)
2025-06-27 09:05:52 - app.services - INFO - SAFE: Device dev-006 passed evaluation (duration 0.007s)
2025-06-27 09:05:52 - app.services - INFO - SAFE: Device dev-001 passed evaluation (duration 0.010s)
2025-06-27 09:05:52 - app.services - INFO - SAFE: Device dev-006 passed evaluation (duration 0.008s)
2025-06-27 09:05:52 - app.services - INFO - SAFE: Device dev-000 passed evaluation (duration 0.009s)
2025-06-27 09:05:52 - app.services - INFO - SAFE: Device dev-002 passed evaluation (duration 0.010s)
2025-06-27 09:05:53 - app.services - INFO - SAFE: Device dev-004 passed evaluation (duration 0.012s)
2025-06-27 09:05:53 - app.services - INFO - SAFE: Device dev-007 passed evaluation (duration 0.007s)
2025-06-27 09:05:53 - app.services - INFO - SAFE: Device dev-008 passed evaluation (duration 0.009s)
2025-06-27 09:05:53 - app.services - INFO - SAFE: Device dev-004 passed evaluation (duration 0.009s)
2025-06-27 09:05:54 - app.services - WARNING - BLACKLIST_VIOLATION: Connection between dev-005 (blacklisted: False) and dev-003 (blacklisted: True) was blocked.
2025-06-27 09:05:54 - app.services - WARNING - BLACKLIST_VIOLATION: Attempt to rate blacklisted device dev-003. Action blocked.
2025-06-27 09:05:54 - app.services - WARNING - BLACKLIST_VIOLATION: Blacklisted device dev-003 attempted to rate dev-005. Action blocked.
2025-06-27 09:05:54 - app.services - INFO - SAFE: Device dev-002 passed evaluation (duration 0.007s)
2025-06-27 09:05:54 - app.services - INFO - SAFE: Device dev-001 passed evaluation (duration 0.007s)
2025-06-27 09:05:54 - app.services - INFO - SAFE: Device dev-001 passed evaluation (duration 0.008s)
2025-06-27 09:05:54 - app.services - INFO - SAFE: Device dev-007 passed evaluation (duration 0.008s)
2025-06-27 09:05:55 - app.services - INFO - SAFE: Device dev-004 passed evaluation (duration 0.009s)
2025-06-27 09:05:55 - app.services - INFO - SAFE: Device dev-002 passed evaluation (duration 0.008s)
2025-06-27 09:05:55 - app.services - INFO - SAFE: Device dev-007 passed evaluation (duration 0.009s)
2025-06-27 09:05:55 - app.services - INFO - SAFE: Device dev-002 passed evaluation (duration 0.009s)
2025-06-27 09:05:55 - app.services - INFO - SAFE: Device dev-001 passed evaluation (duration 0.007s)
2025-06-27 09:05:55 - app.services - INFO - SAFE: Device dev-007 passed evaluation (duration 0.007s)
2025-06-27 09:05:56 - app.services - WARNING - BLACKLIST_VIOLATION: Connection between dev-008 (blacklisted: False) and dev-003 (blacklisted: True) was blocked.
2025-06-27 09:05:56 - app.services - WARNING - BLACKLIST_VIOLATION: Attempt to rate blacklisted device dev-003. Action blocked.
2025-06-27 09:05:56 - app.services - WARNING - BLACKLIST_VIOLATION: Blacklisted device dev-003 attempted to rate dev-008. Action blocked.
2025-06-27 09:05:56 - app.services - INFO - SAFE: Device dev-004 passed evaluation (duration 0.005s)
2025-06-27 09:05:56 - app.services - INFO - SAFE: Device dev-006 passed evaluation (duration 0.005s)
2025-06-27 09:05:56 - app.services - INFO - SAFE: Device dev-008 passed evaluation (duration 0.008s)
2025-06-27 09:05:56 - app.services - INFO - SAFE: Device dev-006 passed evaluation (duration 0.006s)
2025-06-27 09:05:57 - app.services - INFO - SAFE: Device dev-005 passed evaluation (duration 0.007s)
2025-06-27 09:05:57 - app.services - INFO - SAFE: Device dev-006 passed evaluation (duration 0.006s)
2025-06-27 09:05:57 - app.services - WARNING - FLAGGED: Device dev-005 flagged after 3 suspicious activities
2025-06-27 09:05:57 - app.services - WARNING - DISHONEST RATING: Device dev-005 trust_score directly reduced from 0.424 to 0.324 (suspicious: 3).
2025-06-27 09:05:57 - app.services - INFO - SAFE: Device dev-004 passed evaluation (duration 0.006s)
2025-06-27 09:05:57 - app.services - INFO - SAFE: Device dev-007 passed evaluation (duration 0.006s)
2025-06-27 09:05:58 - app.services - WARNING - BLACKLIST_VIOLATION: Connection between dev-004 (blacklisted: False) and dev-003 (blacklisted: True) was blocked.
2025-06-27 09:05:58 - app.services - WARNING - BLACKLIST_VIOLATION: Attempt to rate blacklisted device dev-003. Action blocked.
2025-06-27 09:05:58 - app.services - WARNING - BLACKLIST_VIOLATION: Blacklisted device dev-003 attempted to rate dev-004. Action blocked.
2025-06-27 09:05:58 - app.services - INFO - SAFE: Device dev-000 passed evaluation (duration 0.007s)
2025-06-27 09:05:58 - app.services - INFO - SAFE: Device dev-005 passed evaluation (duration 0.006s)
2025-06-27 09:05:58 - app.services - WARNING - FLAGGED: Device dev-005 flagged after 4 suspicious activities
2025-06-27 09:05:58 - app.services - WARNING - DISHONEST RATING: Device dev-005 trust_score directly reduced from 0.403 to 0.303 (suspicious: 4).
2025-06-27 09:05:58 - app.services - INFO - SAFE: Device dev-005 passed evaluation (duration 0.009s)
2025-06-27 09:05:58 - app.services - WARNING - BLACKLIST: Device dev-009 blacklisted after evaluation 0.009s with detection time: 10.109 after joined
2025-06-27 09:05:58 - app.services - WARNING - BLACKLIST_VIOLATION: Attempt to rate blacklisted device dev-009. Action blocked.
2025-06-27 09:05:58 - app.services - WARNING - BLACKLIST_VIOLATION: Blacklisted device dev-009 attempted to rate dev-005. Action blocked.
2025-06-27 09:05:58 - app.services - WARNING - BLACKLIST_VIOLATION: Connection between dev-003 (blacklisted: True) and dev-001 (blacklisted: False) was blocked.
2025-06-27 09:05:58 - app.services - WARNING - BLACKLIST_VIOLATION: Blacklisted device dev-003 attempted to rate dev-001. Action blocked.
2025-06-27 09:05:58 - app.services - WARNING - BLACKLIST_VIOLATION: Attempt to rate blacklisted device dev-003. Action blocked.
2025-06-27 09:05:59 - app.services - INFO - SAFE: Device dev-007 passed evaluation (duration 0.009s)
2025-06-27 09:05:59 - app.services - INFO - SAFE: Device dev-000 passed evaluation (duration 0.009s)
2025-06-27 09:05:59 - app.services - INFO - SAFE: Device dev-001 passed evaluation (duration 0.005s)
2025-06-27 09:05:59 - app.services - INFO - SAFE: Device dev-006 passed evaluation (duration 0.005s)
2025-06-27 09:05:59 - app.services - WARNING - BLACKLIST_VIOLATION: Connection between dev-002 (blacklisted: False) and dev-003 (blacklisted: True) was blocked.
2025-06-27 09:05:59 - app.services - WARNING - BLACKLIST_VIOLATION: Attempt to rate blacklisted device dev-003. Action blocked.
2025-06-27 09:05:59 - app.services - WARNING - BLACKLIST_VIOLATION: Blacklisted device dev-003 attempted to rate dev-002. Action blocked.
2025-06-27 09:06:00 - app.services - INFO - SAFE: Device dev-001 passed evaluation (duration 0.005s)
2025-06-27 09:06:00 - app.services - INFO - SAFE: Device dev-006 passed evaluation (duration 0.006s)
2025-06-27 09:06:00 - app.services - WARNING - BLACKLIST_VIOLATION: Connection between dev-006 (blacklisted: False) and dev-009 (blacklisted: True) was blocked.
2025-06-27 09:06:00 - app.services - WARNING - BLACKLIST_VIOLATION: Attempt to rate blacklisted device dev-009. Action blocked.
2025-06-27 09:06:00 - app.services - WARNING - BLACKLIST_VIOLATION: Blacklisted device dev-009 attempted to rate dev-006. Action blocked.
2025-06-27 09:06:00 - app.services - WARNING - BLACKLIST_VIOLATION: Connection between dev-005 (blacklisted: False) and dev-009 (blacklisted: True) was blocked.
2025-06-27 09:06:00 - app.services - WARNING - BLACKLIST_VIOLATION: Attempt to rate blacklisted device dev-009. Action blocked.
2025-06-27 09:06:00 - app.services - WARNING - BLACKLIST_VIOLATION: Blacklisted device dev-009 attempted to rate dev-005. Action blocked.
2025-06-27 09:06:00 - app.services - WARNING - BLACKLIST_VIOLATION: Connection between dev-009 (blacklisted: True) and dev-002 (blacklisted: False) was blocked.
2025-06-27 09:06:00 - app.services - WARNING - BLACKLIST_VIOLATION: Blacklisted device dev-009 attempted to rate dev-002. Action blocked.
2025-06-27 09:06:00 - app.services - WARNING - BLACKLIST_VIOLATION: Attempt to rate blacklisted device dev-009. Action blocked.
2025-06-27 09:06:00 - app.services - INFO - SAFE: Device dev-001 passed evaluation (duration 0.007s)
2025-06-27 09:06:00 - app.services - INFO - SAFE: Device dev-005 passed evaluation (duration 0.005s)
2025-06-27 09:06:00 - app.services - WARNING - FLAGGED: Device dev-005 flagged after 5 suspicious activities
2025-06-27 09:06:00 - app.services - WARNING - DISHONEST RATING: Device dev-005 trust_score directly reduced from 0.470 to 0.370 (suspicious: 5).
2025-06-27 09:06:01 - app.services - INFO - SAFE: Device dev-001 passed evaluation (duration 0.010s)
2025-06-27 09:06:01 - app.services - INFO - SAFE: Device dev-004 passed evaluation (duration 0.008s)
2025-06-27 09:06:01 - app.services - INFO - SAFE: Device dev-008 passed evaluation (duration 0.009s)
2025-06-27 09:06:01 - app.services - INFO - SAFE: Device dev-006 passed evaluation (duration 0.008s)
2025-06-27 09:06:02 - app.services - INFO - SAFE: Device dev-006 passed evaluation (duration 0.009s)
2025-06-27 09:06:02 - app.services - INFO - SAFE: Device dev-007 passed evaluation (duration 0.006s)
2025-06-27 09:06:02 - app.services - INFO - SAFE: Device dev-004 passed evaluation (duration 0.008s)
2025-06-27 09:06:02 - app.services - INFO - SAFE: Device dev-005 passed evaluation (duration 0.009s)
2025-06-27 09:06:02 - app.services - WARNING - FLAGGED: Device dev-005 flagged after 6 suspicious activities
2025-06-27 09:06:02 - app.services - WARNING - DISHONEST RATING: Device dev-005 trust_score directly reduced from 0.434 to 0.334 (suspicious: 6).
2025-06-27 09:06:03 - app.services - INFO - SAFE: Device dev-004 passed evaluation (duration 0.009s)
2025-06-27 09:06:03 - app.services - INFO - SAFE: Device dev-002 passed evaluation (duration 0.008s)
2025-06-27 09:06:03 - app.services - INFO - SAFE: Device dev-008 passed evaluation (duration 0.006s)
2025-06-27 09:06:03 - app.services - INFO - SAFE: Device dev-001 passed evaluation (duration 0.009s)
2025-06-27 09:06:03 - app.services - INFO - SAFE: Device dev-004 passed evaluation (duration 0.009s)
2025-06-27 09:06:04 - app.services - INFO - SAFE: Device dev-001 passed evaluation (duration 0.005s)
2025-06-27 09:06:04 - app.services - WARNING - BLACKLIST_VIOLATION: Connection between dev-000 (blacklisted: False) and dev-009 (blacklisted: True) was blocked.
2025-06-27 09:06:04 - app.services - WARNING - BLACKLIST_VIOLATION: Attempt to rate blacklisted device dev-009. Action blocked.
2025-06-27 09:06:04 - app.services - WARNING - BLACKLIST_VIOLATION: Blacklisted device dev-009 attempted to rate dev-000. Action blocked.
2025-06-27 09:06:04 - app.services - INFO - SAFE: Device dev-007 passed evaluation (duration 0.009s)
2025-06-27 09:06:04 - app.services - INFO - SAFE: Device dev-000 passed evaluation (duration 0.006s)
2025-06-27 09:06:04 - app.services - INFO - SAFE: Device dev-004 passed evaluation (duration 0.007s)
2025-06-27 09:06:04 - app.services - INFO - SAFE: Device dev-008 passed evaluation (duration 0.007s)
2025-06-27 09:06:05 - app.services - INFO - SAFE: Device dev-005 passed evaluation (duration 0.009s)
2025-06-27 09:06:05 - app.services - INFO - SAFE: Device dev-004 passed evaluation (duration 0.007s)
2025-06-27 09:06:05 - app.services - WARNING - FLAGGED: Device dev-005 flagged after 7 suspicious activities
2025-06-27 09:06:05 - app.services - WARNING - DISHONEST RATING: Device dev-005 trust_score directly reduced from 0.420 to 0.320 (suspicious: 7).
2025-06-27 09:06:05 - app.services - INFO - SAFE: Device dev-000 passed evaluation (duration 0.005s)
2025-06-27 09:06:05 - app.services - INFO - SAFE: Device dev-007 passed evaluation (duration 0.005s)
2025-06-27 09:06:05 - app.services - INFO - SAFE: Device dev-001 passed evaluation (duration 0.005s)
2025-06-27 09:06:06 - app.services - INFO - SAFE: Device dev-002 passed evaluation (duration 0.006s)
2025-06-27 09:06:06 - app.services - INFO - SAFE: Device dev-006 passed evaluation (duration 0.005s)
2025-06-27 09:06:06 - app.services - INFO - SAFE: Device dev-001 passed evaluation (duration 0.004s)
2025-06-27 09:06:06 - app.services - WARNING - BLACKLIST_VIOLATION: Connection between dev-009 (blacklisted: True) and dev-000 (blacklisted: False) was blocked.
2025-06-27 09:06:06 - app.services - WARNING - BLACKLIST_VIOLATION: Blacklisted device dev-009 attempted to rate dev-000. Action blocked.
2025-06-27 09:06:06 - app.services - WARNING - BLACKLIST_VIOLATION: Attempt to rate blacklisted device dev-009. Action blocked.
2025-06-27 09:06:06 - app.services - WARNING - BLACKLIST_VIOLATION: Connection between dev-003 (blacklisted: True) and dev-006 (blacklisted: False) was blocked.
2025-06-27 09:06:06 - app.services - WARNING - BLACKLIST_VIOLATION: Blacklisted device dev-003 attempted to rate dev-006. Action blocked.
2025-06-27 09:06:06 - app.services - WARNING - BLACKLIST_VIOLATION: Attempt to rate blacklisted device dev-003. Action blocked.
2025-06-27 09:06:07 - app.services - INFO - SAFE: Device dev-005 passed evaluation (duration 0.010s)
2025-06-27 09:06:07 - app.services - INFO - SAFE: Device dev-001 passed evaluation (duration 0.005s)
2025-06-27 09:06:07 - app.services - WARNING - FLAGGED: Device dev-005 flagged after 8 suspicious activities
2025-06-27 09:06:07 - app.services - WARNING - DISHONEST RATING: Device dev-005 trust_score directly reduced from 0.414 to 0.314 (suspicious: 8).
2025-06-27 09:06:07 - app.services - INFO - SAFE: Device dev-005 passed evaluation (duration 0.007s)
2025-06-27 09:06:07 - app.services - INFO - SAFE: Device dev-004 passed evaluation (duration 0.008s)
2025-06-27 09:06:07 - app.services - WARNING - FLAGGED: Device dev-005 flagged after 9 suspicious activities
2025-06-27 09:06:07 - app.services - WARNING - DISHONEST RATING: Device dev-005 trust_score directly reduced from 0.412 to 0.312 (suspicious: 9).
2025-06-27 09:06:07 - app.services - INFO - SAFE: Device dev-006 passed evaluation (duration 0.010s)
2025-06-27 09:06:07 - app.services - INFO - SAFE: Device dev-007 passed evaluation (duration 0.006s)
2025-06-27 09:06:08 - app.services - WARNING - BLACKLIST_VIOLATION: Connection between dev-003 (blacklisted: True) and dev-005 (blacklisted: False) was blocked.
2025-06-27 09:06:08 - app.services - WARNING - BLACKLIST_VIOLATION: Blacklisted device dev-003 attempted to rate dev-005. Action blocked.
2025-06-27 09:06:08 - app.services - WARNING - BLACKLIST_VIOLATION: Attempt to rate blacklisted device dev-003. Action blocked.
2025-06-27 09:06:08 - app.services - INFO - SAFE: Device dev-004 passed evaluation (duration 0.006s)
2025-06-27 09:06:08 - app.services - INFO - SAFE: Device dev-008 passed evaluation (duration 0.005s)
2025-06-27 09:06:08 - app.services - WARNING - BLACKLIST_VIOLATION: Connection between dev-009 (blacklisted: True) and dev-002 (blacklisted: False) was blocked.
2025-06-27 09:06:08 - app.services - WARNING - BLACKLIST_VIOLATION: Blacklisted device dev-009 attempted to rate dev-002. Action blocked.
2025-06-27 09:06:08 - app.services - WARNING - BLACKLIST_VIOLATION: Attempt to rate blacklisted device dev-009. Action blocked.
2025-06-27 09:06:08 - app.services - INFO - SAFE: Device dev-007 passed evaluation (duration 0.009s)
2025-06-27 09:06:08 - app.services - INFO - SAFE: Device dev-000 passed evaluation (duration 0.008s)
2025-06-27 09:06:09 - app.services - INFO - SAFE: Device dev-004 passed evaluation (duration 0.009s)
2025-06-27 09:06:09 - app.services - INFO - SAFE: Device dev-006 passed evaluation (duration 0.008s)
2025-06-27 09:06:09 - app.services - INFO - SAFE: Device dev-000 passed evaluation (duration 0.008s)
2025-06-27 09:06:09 - app.services - INFO - SAFE: Device dev-004 passed evaluation (duration 0.008s)
2025-06-27 09:06:10 - app.services - WARNING - BLACKLIST_VIOLATION: Connection between dev-004 (blacklisted: False) and dev-009 (blacklisted: True) was blocked.
2025-06-27 09:06:10 - app.services - WARNING - BLACKLIST_VIOLATION: Attempt to rate blacklisted device dev-009. Action blocked.
2025-06-27 09:06:10 - app.services - WARNING - BLACKLIST_VIOLATION: Blacklisted device dev-009 attempted to rate dev-004. Action blocked.
2025-06-27 09:06:10 - app.services - WARNING - BLACKLIST: Device dev-005 blacklisted after evaluation 0.008s with detection time: 22.073 after joined
2025-06-27 09:06:10 - app.services - DEBUG - SKIP_UPDATE: Peer dev-005 is blacklisted, skipping trust update for dev-008
2025-06-27 09:06:10 - app.services - WARNING - BLACKLIST_VIOLATION: Blacklisted device dev-005 attempted to rate dev-008. Action blocked.
2025-06-27 09:06:10 - app.services - WARNING - BLACKLIST_VIOLATION: Attempt to rate blacklisted device dev-005. Action blocked.
2025-06-27 09:06:10 - app.services - WARNING - BLACKLIST_VIOLATION: Connection between dev-001 (blacklisted: False) and dev-003 (blacklisted: True) was blocked.
2025-06-27 09:06:10 - app.services - WARNING - BLACKLIST_VIOLATION: Attempt to rate blacklisted device dev-003. Action blocked.
2025-06-27 09:06:10 - app.services - WARNING - BLACKLIST_VIOLATION: Blacklisted device dev-003 attempted to rate dev-001. Action blocked.
2025-06-27 09:06:10 - app.services - INFO - SAFE: Device dev-006 passed evaluation (duration 0.009s)
2025-06-27 09:06:10 - app.services - INFO - SAFE: Device dev-000 passed evaluation (duration 0.009s)
2025-06-27 09:06:10 - app.services - WARNING - BLACKLIST_VIOLATION: Connection between dev-001 (blacklisted: False) and dev-003 (blacklisted: True) was blocked.
2025-06-27 09:06:10 - app.services - WARNING - BLACKLIST_VIOLATION: Attempt to rate blacklisted device dev-003. Action blocked.
2025-06-27 09:06:10 - app.services - WARNING - BLACKLIST_VIOLATION: Blacklisted device dev-003 attempted to rate dev-001. Action blocked.
2025-06-27 09:06:10 - app.services - WARNING - BLACKLIST_VIOLATION: Connection between dev-001 (blacklisted: False) and dev-005 (blacklisted: True) was blocked.
2025-06-27 09:06:10 - app.services - WARNING - BLACKLIST_VIOLATION: Attempt to rate blacklisted device dev-005. Action blocked.
2025-06-27 09:06:10 - app.services - WARNING - BLACKLIST_VIOLATION: Blacklisted device dev-005 attempted to rate dev-001. Action blocked.
2025-06-27 09:06:11 - app.services - INFO - SAFE: Device dev-002 passed evaluation (duration 0.011s)
2025-06-27 09:06:11 - app.services - INFO - SAFE: Device dev-000 passed evaluation (duration 0.009s)
2025-06-27 09:06:11 - app.services - WARNING - BLACKLIST_VIOLATION: Connection between dev-009 (blacklisted: True) and dev-000 (blacklisted: False) was blocked.
2025-06-27 09:06:11 - app.services - WARNING - BLACKLIST_VIOLATION: Blacklisted device dev-009 attempted to rate dev-000. Action blocked.
2025-06-27 09:06:11 - app.services - WARNING - BLACKLIST_VIOLATION: Attempt to rate blacklisted device dev-009. Action blocked.
2025-06-27 09:06:11 - app.services - WARNING - BLACKLIST_VIOLATION: Connection between dev-007 (blacklisted: False) and dev-003 (blacklisted: True) was blocked.
2025-06-27 09:06:11 - app.services - WARNING - BLACKLIST_VIOLATION: Attempt to rate blacklisted device dev-003. Action blocked.
2025-06-27 09:06:11 - app.services - WARNING - BLACKLIST_VIOLATION: Blacklisted device dev-003 attempted to rate dev-007. Action blocked.
2025-06-27 09:06:11 - app.services - WARNING - BLACKLIST_VIOLATION: Connection between dev-003 (blacklisted: True) and dev-006 (blacklisted: False) was blocked.
2025-06-27 09:06:11 - app.services - WARNING - BLACKLIST_VIOLATION: Blacklisted device dev-003 attempted to rate dev-006. Action blocked.
2025-06-27 09:06:11 - app.services - WARNING - BLACKLIST_VIOLATION: Attempt to rate blacklisted device dev-003. Action blocked.
2025-06-27 09:06:11 - app.services - WARNING - BLACKLIST_VIOLATION: Connection between dev-009 (blacklisted: True) and dev-008 (blacklisted: False) was blocked.
2025-06-27 09:06:11 - app.services - WARNING - BLACKLIST_VIOLATION: Blacklisted device dev-009 attempted to rate dev-008. Action blocked.
2025-06-27 09:06:12 - app.services - WARNING - BLACKLIST_VIOLATION: Attempt to rate blacklisted device dev-009. Action blocked.
2025-06-27 09:06:12 - app.services - WARNING - BLACKLIST_VIOLATION: Connection between dev-005 (blacklisted: True) and dev-001 (blacklisted: False) was blocked.
2025-06-27 09:06:12 - app.services - WARNING - BLACKLIST_VIOLATION: Blacklisted device dev-005 attempted to rate dev-001. Action blocked.
2025-06-27 09:06:12 - app.services - WARNING - BLACKLIST_VIOLATION: Attempt to rate blacklisted device dev-005. Action blocked.
2025-06-27 09:06:12 - app.services - WARNING - BLACKLIST_VIOLATION: Connection between dev-003 (blacklisted: True) and dev-006 (blacklisted: False) was blocked.
2025-06-27 09:06:12 - app.services - WARNING - BLACKLIST_VIOLATION: Blacklisted device dev-003 attempted to rate dev-006. Action blocked.
2025-06-27 09:06:12 - app.services - WARNING - BLACKLIST_VIOLATION: Attempt to rate blacklisted device dev-003. Action blocked.
2025-06-27 09:06:12 - app.services - INFO - SAFE: Device dev-002 passed evaluation (duration 0.012s)
2025-06-27 09:06:12 - app.services - INFO - SAFE: Device dev-000 passed evaluation (duration 0.010s)
2025-06-27 09:06:12 - app.services - WARNING - BLACKLIST_VIOLATION: Connection between dev-005 (blacklisted: True) and dev-000 (blacklisted: False) was blocked.
2025-06-27 09:06:12 - app.services - WARNING - BLACKLIST_VIOLATION: Blacklisted device dev-005 attempted to rate dev-000. Action blocked.
2025-06-27 09:06:12 - app.services - WARNING - BLACKLIST_VIOLATION: Attempt to rate blacklisted device dev-005. Action blocked.
2025-06-27 09:06:12 - app.services - WARNING - BLACKLIST_VIOLATION: Connection between dev-003 (blacklisted: True) and dev-006 (blacklisted: False) was blocked.
2025-06-27 09:06:12 - app.services - WARNING - BLACKLIST_VIOLATION: Blacklisted device dev-003 attempted to rate dev-006. Action blocked.
2025-06-27 09:06:12 - app.services - WARNING - BLACKLIST_VIOLATION: Attempt to rate blacklisted device dev-003. Action blocked.
2025-06-27 09:06:13 - app.services - WARNING - BLACKLIST_VIOLATION: Connection between dev-005 (blacklisted: True) and dev-000 (blacklisted: False) was blocked.
2025-06-27 09:06:13 - app.services - WARNING - BLACKLIST_VIOLATION: Blacklisted device dev-005 attempted to rate dev-000. Action blocked.
2025-06-27 09:06:13 - app.services - WARNING - BLACKLIST_VIOLATION: Attempt to rate blacklisted device dev-005. Action blocked.
2025-06-27 09:06:13 - app.services - WARNING - BLACKLIST_VIOLATION: Connection between dev-008 (blacklisted: False) and dev-009 (blacklisted: True) was blocked.
2025-06-27 09:06:13 - app.services - WARNING - BLACKLIST_VIOLATION: Attempt to rate blacklisted device dev-009. Action blocked.
2025-06-27 09:06:13 - app.services - WARNING - BLACKLIST_VIOLATION: Blacklisted device dev-009 attempted to rate dev-008. Action blocked.
2025-06-27 09:06:13 - app.services - WARNING - BLACKLIST_VIOLATION: Connection between dev-003 (blacklisted: True) and dev-001 (blacklisted: False) was blocked.
2025-06-27 09:06:13 - app.services - WARNING - BLACKLIST_VIOLATION: Blacklisted device dev-003 attempted to rate dev-001. Action blocked.
2025-06-27 09:06:13 - app.services - WARNING - BLACKLIST_VIOLATION: Attempt to rate blacklisted device dev-003. Action blocked.
2025-06-27 09:06:13 - app.services - WARNING - BLACKLIST_VIOLATION: Connection between dev-003 (blacklisted: True) and dev-001 (blacklisted: False) was blocked.
2025-06-27 09:06:13 - app.services - WARNING - BLACKLIST_VIOLATION: Blacklisted device dev-003 attempted to rate dev-001. Action blocked.
2025-06-27 09:06:13 - app.services - WARNING - BLACKLIST_VIOLATION: Attempt to rate blacklisted device dev-003. Action blocked.
2025-06-27 09:06:13 - app.services - INFO - SAFE: Device dev-000 passed evaluation (duration 0.010s)
2025-06-27 09:06:13 - app.services - INFO - SAFE: Device dev-001 passed evaluation (duration 0.010s)
2025-06-27 09:06:13 - app.services - WARNING - BLACKLIST_VIOLATION: Connection between dev-009 (blacklisted: True) and dev-005 (blacklisted: True) was blocked.
2025-06-27 09:06:13 - app.services - WARNING - BLACKLIST_VIOLATION: Blacklisted device dev-009 attempted to rate dev-005. Action blocked.
2025-06-27 09:06:13 - app.services - WARNING - BLACKLIST_VIOLATION: Blacklisted device dev-005 attempted to rate dev-009. Action blocked.
2025-06-27 09:06:13 - app.services - WARNING - BLACKLIST_VIOLATION: Connection between dev-004 (blacklisted: False) and dev-003 (blacklisted: True) was blocked.
2025-06-27 09:06:13 - app.services - WARNING - BLACKLIST_VIOLATION: Attempt to rate blacklisted device dev-003. Action blocked.
2025-06-27 09:06:13 - app.services - WARNING - BLACKLIST_VIOLATION: Blacklisted device dev-003 attempted to rate dev-004. Action blocked.
2025-06-27 09:06:14 - app.services - WARNING - BLACKLIST_VIOLATION: Connection between dev-000 (blacklisted: False) and dev-009 (blacklisted: True) was blocked.
2025-06-27 09:06:14 - app.services - WARNING - BLACKLIST_VIOLATION: Attempt to rate blacklisted device dev-009. Action blocked.
2025-06-27 09:06:14 - app.services - WARNING - BLACKLIST_VIOLATION: Blacklisted device dev-009 attempted to rate dev-000. Action blocked.
2025-06-27 09:06:14 - app.services - WARNING - BLACKLIST_VIOLATION: Connection between dev-003 (blacklisted: True) and dev-004 (blacklisted: False) was blocked.
2025-06-27 09:06:14 - app.services - WARNING - BLACKLIST_VIOLATION: Blacklisted device dev-003 attempted to rate dev-004. Action blocked.
2025-06-27 09:06:14 - app.services - WARNING - BLACKLIST_VIOLATION: Attempt to rate blacklisted device dev-003. Action blocked.
2025-06-27 09:06:14 - app.services - WARNING - BLACKLIST_VIOLATION: Connection between dev-005 (blacklisted: True) and dev-002 (blacklisted: False) was blocked.
2025-06-27 09:06:14 - app.services - WARNING - BLACKLIST_VIOLATION: Blacklisted device dev-005 attempted to rate dev-002. Action blocked.
2025-06-27 09:06:14 - app.services - WARNING - BLACKLIST_VIOLATION: Attempt to rate blacklisted device dev-005. Action blocked.
2025-06-27 09:06:14 - app.services - INFO - SAFE: Device dev-000 passed evaluation (duration 0.009s)
2025-06-27 09:06:14 - app.services - INFO - SAFE: Device dev-006 passed evaluation (duration 0.009s)
2025-06-27 09:06:14 - app.services - WARNING - BLACKLIST_VIOLATION: Connection between dev-003 (blacklisted: True) and dev-001 (blacklisted: False) was blocked.
2025-06-27 09:06:14 - app.services - WARNING - BLACKLIST_VIOLATION: Blacklisted device dev-003 attempted to rate dev-001. Action blocked.
2025-06-27 09:06:14 - app.services - WARNING - BLACKLIST_VIOLATION: Attempt to rate blacklisted device dev-003. Action blocked.
2025-06-27 09:06:15 - app.services - INFO - SAFE: Device dev-006 passed evaluation (duration 0.010s)
2025-06-27 09:06:15 - app.services - INFO - SAFE: Device dev-004 passed evaluation (duration 0.009s)
2025-06-27 09:06:15 - app.services - INFO - SAFE: Device dev-000 passed evaluation (duration 0.010s)
2025-06-27 09:06:15 - app.services - INFO - SAFE: Device dev-007 passed evaluation (duration 0.009s)
2025-06-27 09:06:15 - app.services - INFO - SAFE: Device dev-008 passed evaluation (duration 0.008s)
2025-06-27 09:06:15 - app.services - INFO - SAFE: Device dev-007 passed evaluation (duration 0.005s)
2025-06-27 09:06:16 - app.services - INFO - SAFE: Device dev-008 passed evaluation (duration 0.007s)
2025-06-27 09:06:16 - app.services - INFO - SAFE: Device dev-002 passed evaluation (duration 0.005s)
2025-06-27 09:06:16 - app.services - INFO - SAFE: Device dev-004 passed evaluation (duration 0.009s)
2025-06-27 09:06:16 - app.services - INFO - SAFE: Device dev-006 passed evaluation (duration 0.008s)
2025-06-27 09:06:17 - app.services - WARNING - BLACKLIST_VIOLATION: Connection between dev-006 (blacklisted: False) and dev-003 (blacklisted: True) was blocked.
2025-06-27 09:06:17 - app.services - WARNING - BLACKLIST_VIOLATION: Attempt to rate blacklisted device dev-003. Action blocked.
2025-06-27 09:06:17 - app.services - WARNING - BLACKLIST_VIOLATION: Blacklisted device dev-003 attempted to rate dev-006. Action blocked.
2025-06-27 09:06:17 - app.services - INFO - SAFE: Device dev-001 passed evaluation (duration 0.007s)
2025-06-27 09:06:17 - app.services - INFO - SAFE: Device dev-006 passed evaluation (duration 0.008s)
2025-06-27 09:06:17 - app.services - WARNING - BLACKLIST_VIOLATION: Connection between dev-007 (blacklisted: False) and dev-009 (blacklisted: True) was blocked.
2025-06-27 09:06:17 - app.services - WARNING - BLACKLIST_VIOLATION: Attempt to rate blacklisted device dev-009. Action blocked.
2025-06-27 09:06:17 - app.services - WARNING - BLACKLIST_VIOLATION: Blacklisted device dev-009 attempted to rate dev-007. Action blocked.
2025-06-27 09:06:17 - app.services - INFO - SAFE: Device dev-007 passed evaluation (duration 0.007s)
2025-06-27 09:06:18 - app.services - INFO - SAFE: Device dev-004 passed evaluation (duration 0.008s)
