2025-06-26 17:46:01 - app.services - INFO - Selecting new coordinator...
2025-06-26 17:46:01 - app.services - INFO - Internal coordinator selected: dev-000 (RSU)
2025-06-26 17:46:01 - app.services - INFO - SAFE: Device dev-001 passed evaluation (duration 0.006s)
2025-06-26 17:46:01 - app.services - INFO - SAFE: Device dev-006 passed evaluation (duration 0.004s)
2025-06-26 17:46:01 - app.services - INFO - SAFE: Device dev-006 passed evaluation (duration 0.003s)
2025-06-26 17:46:01 - app.services - INFO - SAFE: Device dev-002 passed evaluation (duration 0.003s)
2025-06-26 17:46:01 - app.services - INFO - SAFE: Device dev-004 passed evaluation (duration 0.005s)
2025-06-26 17:46:01 - app.services - INFO - SAFE: Device dev-006 passed evaluation (duration 0.004s)
2025-06-26 17:46:01 - app.services - INFO - SAFE: Device dev-005 passed evaluation (duration 0.004s)
2025-06-26 17:46:01 - app.services - INFO - SAFE: Device dev-007 passed evaluation (duration 0.007s)
2025-06-26 17:46:01 - app.services - INFO - SAFE: Device dev-006 passed evaluation (duration 0.004s)
2025-06-26 17:46:02 - app.services - INFO - SAFE: Device dev-005 passed evaluation (duration 0.004s)
2025-06-26 17:46:02 - app.services - INFO - SAFE: Device dev-001 passed evaluation (duration 0.009s)
2025-06-26 17:46:02 - app.services - INFO - SAFE: Device dev-007 passed evaluation (duration 0.005s)
2025-06-26 17:46:02 - app.services - INFO - SAFE: Device dev-000 passed evaluation (duration 0.004s)
2025-06-26 17:46:02 - app.services - INFO - SAFE: Device dev-008 passed evaluation (duration 0.004s)
2025-06-26 17:46:02 - app.services - INFO - SAFE: Device dev-009 passed evaluation (duration 0.006s)
2025-06-26 17:46:02 - app.services - INFO - SAFE: Device dev-008 passed evaluation (duration 0.005s)
2025-06-26 17:46:02 - app.services - INFO - SAFE: Device dev-007 passed evaluation (duration 0.004s)
2025-06-26 17:46:02 - app.services - INFO - SAFE: Device dev-003 passed evaluation (duration 0.004s)
2025-06-26 17:46:02 - app.services - INFO - SAFE: Device dev-006 passed evaluation (duration 0.006s)
2025-06-26 17:46:02 - app.services - WARNING - BLACKLIST: Device dev-009 blacklisted after evaluation 0.007s with detection time: 1.274 after joined
2025-06-26 17:46:02 - app.services - WARNING - BLACKLIST_VIOLATION: Attempt to rate blacklisted device dev-009. Action blocked.
2025-06-26 17:46:02 - app.services - WARNING - BLACKLIST_VIOLATION: Blacklisted device dev-009 attempted to rate dev-006. Action blocked.
2025-06-26 17:46:02 - app.services - WARNING - BLACKLIST_VIOLATION: Connection between dev-009 (blacklisted: True) and dev-008 (blacklisted: False) was blocked.
2025-06-26 17:46:02 - app.services - WARNING - BLACKLIST_VIOLATION: Blacklisted device dev-009 attempted to rate dev-008. Action blocked.
2025-06-26 17:46:02 - app.services - WARNING - BLACKLIST_VIOLATION: Attempt to rate blacklisted device dev-009. Action blocked.
2025-06-26 17:46:02 - app.services - WARNING - BLACKLIST_VIOLATION: Connection between dev-002 (blacklisted: False) and dev-009 (blacklisted: True) was blocked.
2025-06-26 17:46:02 - app.services - WARNING - BLACKLIST_VIOLATION: Attempt to rate blacklisted device dev-009. Action blocked.
2025-06-26 17:46:02 - app.services - WARNING - BLACKLIST_VIOLATION: Blacklisted device dev-009 attempted to rate dev-002. Action blocked.
2025-06-26 17:46:02 - app.services - INFO - SAFE: Device dev-006 passed evaluation (duration 0.004s)
2025-06-26 17:46:02 - app.services - INFO - SAFE: Device dev-008 passed evaluation (duration 0.003s)
2025-06-26 17:46:03 - app.services - INFO - SAFE: Device dev-004 passed evaluation (duration 0.003s)
2025-06-26 17:46:03 - app.services - INFO - SAFE: Device dev-002 passed evaluation (duration 0.003s)
2025-06-26 17:46:03 - app.services - INFO - SAFE: Device dev-002 passed evaluation (duration 0.006s)
2025-06-26 17:46:03 - app.services - INFO - SAFE: Device dev-003 passed evaluation (duration 0.003s)
2025-06-26 17:46:03 - app.services - INFO - SAFE: Device dev-007 passed evaluation (duration 0.003s)
2025-06-26 17:46:03 - app.services - INFO - SAFE: Device dev-000 passed evaluation (duration 0.004s)
2025-06-26 17:46:03 - app.services - INFO - SAFE: Device dev-008 passed evaluation (duration 0.005s)
2025-06-26 17:46:03 - app.services - INFO - SAFE: Device dev-001 passed evaluation (duration 0.005s)
2025-06-26 17:46:03 - app.services - INFO - SAFE: Device dev-008 passed evaluation (duration 0.005s)
2025-06-26 17:46:03 - app.services - INFO - SAFE: Device dev-005 passed evaluation (duration 0.003s)
2025-06-26 17:46:03 - app.services - INFO - SAFE: Device dev-001 passed evaluation (duration 0.004s)
2025-06-26 17:46:03 - app.services - INFO - SAFE: Device dev-003 passed evaluation (duration 0.004s)
2025-06-26 17:46:03 - app.services - INFO - SAFE: Device dev-007 passed evaluation (duration 0.005s)
2025-06-26 17:46:03 - app.services - INFO - SAFE: Device dev-003 passed evaluation (duration 0.003s)
2025-06-26 17:46:03 - app.services - INFO - SAFE: Device dev-005 passed evaluation (duration 0.004s)
2025-06-26 17:46:03 - app.services - INFO - SAFE: Device dev-007 passed evaluation (duration 0.006s)
2025-06-26 17:46:03 - app.services - WARNING - BLACKLIST_VIOLATION: Connection between dev-009 (blacklisted: True) and dev-008 (blacklisted: False) was blocked.
2025-06-26 17:46:03 - app.services - WARNING - BLACKLIST_VIOLATION: Blacklisted device dev-009 attempted to rate dev-008. Action blocked.
2025-06-26 17:46:03 - app.services - WARNING - BLACKLIST_VIOLATION: Attempt to rate blacklisted device dev-009. Action blocked.
2025-06-26 17:46:03 - app.services - INFO - SAFE: Device dev-007 passed evaluation (duration 0.003s)
2025-06-26 17:46:04 - app.services - INFO - SAFE: Device dev-001 passed evaluation (duration 0.003s)
2025-06-26 17:46:04 - app.services - INFO - SAFE: Device dev-000 passed evaluation (duration 0.006s)
2025-06-26 17:46:04 - app.services - INFO - SAFE: Device dev-007 passed evaluation (duration 0.007s)
2025-06-26 17:46:04 - app.services - INFO - SAFE: Device dev-000 passed evaluation (duration 0.006s)
2025-06-26 17:46:04 - app.services - INFO - SAFE: Device dev-007 passed evaluation (duration 0.006s)
2025-06-26 17:46:04 - app.services - INFO - SAFE: Device dev-003 passed evaluation (duration 0.003s)
2025-06-26 17:46:04 - app.services - INFO - SAFE: Device dev-002 passed evaluation (duration 0.004s)
2025-06-26 17:46:04 - app.services - INFO - SAFE: Device dev-007 passed evaluation (duration 0.004s)
2025-06-26 17:46:04 - app.services - INFO - SAFE: Device dev-000 passed evaluation (duration 0.003s)
2025-06-26 17:46:04 - app.services - INFO - SAFE: Device dev-005 passed evaluation (duration 0.005s)
2025-06-26 17:46:04 - app.services - INFO - SAFE: Device dev-008 passed evaluation (duration 0.004s)
2025-06-26 17:46:04 - app.services - INFO - SAFE: Device dev-006 passed evaluation (duration 0.003s)
2025-06-26 17:46:04 - app.services - INFO - SAFE: Device dev-001 passed evaluation (duration 0.003s)
2025-06-26 17:46:04 - app.services - INFO - SAFE: Device dev-000 passed evaluation (duration 0.004s)
2025-06-26 17:46:04 - app.services - INFO - SAFE: Device dev-004 passed evaluation (duration 0.004s)
2025-06-26 17:46:05 - app.services - INFO - SAFE: Device dev-008 passed evaluation (duration 0.006s)
2025-06-26 17:46:05 - app.services - INFO - SAFE: Device dev-006 passed evaluation (duration 0.004s)
2025-06-26 17:46:05 - app.services - WARNING - BLACKLIST_VIOLATION: Connection between dev-008 (blacklisted: False) and dev-009 (blacklisted: True) was blocked.
2025-06-26 17:46:05 - app.services - WARNING - BLACKLIST_VIOLATION: Attempt to rate blacklisted device dev-009. Action blocked.
2025-06-26 17:46:05 - app.services - WARNING - BLACKLIST_VIOLATION: Blacklisted device dev-009 attempted to rate dev-008. Action blocked.
2025-06-26 17:46:05 - app.services - WARNING - BLACKLIST_VIOLATION: Connection between dev-005 (blacklisted: False) and dev-009 (blacklisted: True) was blocked.
2025-06-26 17:46:05 - app.services - WARNING - BLACKLIST_VIOLATION: Attempt to rate blacklisted device dev-009. Action blocked.
2025-06-26 17:46:05 - app.services - WARNING - BLACKLIST_VIOLATION: Blacklisted device dev-009 attempted to rate dev-005. Action blocked.
2025-06-26 17:46:05 - app.services - INFO - SAFE: Device dev-005 passed evaluation (duration 0.005s)
2025-06-26 17:46:05 - app.services - INFO - SAFE: Device dev-008 passed evaluation (duration 0.005s)
2025-06-26 17:46:05 - app.services - WARNING - BLACKLIST_VIOLATION: Connection between dev-002 (blacklisted: False) and dev-009 (blacklisted: True) was blocked.
2025-06-26 17:46:05 - app.services - WARNING - BLACKLIST_VIOLATION: Attempt to rate blacklisted device dev-009. Action blocked.
2025-06-26 17:46:05 - app.services - WARNING - BLACKLIST_VIOLATION: Blacklisted device dev-009 attempted to rate dev-002. Action blocked.
2025-06-26 17:46:05 - app.services - WARNING - BLACKLIST_VIOLATION: Connection between dev-009 (blacklisted: True) and dev-003 (blacklisted: False) was blocked.
2025-06-26 17:46:05 - app.services - WARNING - BLACKLIST_VIOLATION: Blacklisted device dev-009 attempted to rate dev-003. Action blocked.
2025-06-26 17:46:05 - app.services - WARNING - BLACKLIST_VIOLATION: Attempt to rate blacklisted device dev-009. Action blocked.
2025-06-26 17:46:05 - app.services - INFO - SAFE: Device dev-008 passed evaluation (duration 0.004s)
2025-06-26 17:46:05 - app.services - INFO - SAFE: Device dev-001 passed evaluation (duration 0.004s)
2025-06-26 17:46:05 - app.services - INFO - SAFE: Device dev-000 passed evaluation (duration 0.004s)
2025-06-26 17:46:05 - app.services - INFO - SAFE: Device dev-006 passed evaluation (duration 0.005s)
2025-06-26 17:46:05 - app.services - INFO - SAFE: Device dev-002 passed evaluation (duration 0.004s)
2025-06-26 17:46:05 - app.services - INFO - SAFE: Device dev-000 passed evaluation (duration 0.004s)
2025-06-26 17:46:05 - app.services - WARNING - BLACKLIST_VIOLATION: Connection between dev-000 (blacklisted: False) and dev-009 (blacklisted: True) was blocked.
2025-06-26 17:46:05 - app.services - WARNING - BLACKLIST_VIOLATION: Attempt to rate blacklisted device dev-009. Action blocked.
2025-06-26 17:46:05 - app.services - WARNING - BLACKLIST_VIOLATION: Blacklisted device dev-009 attempted to rate dev-000. Action blocked.
2025-06-26 17:46:06 - app.services - INFO - SAFE: Device dev-000 passed evaluation (duration 0.007s)
2025-06-26 17:46:06 - app.services - INFO - SAFE: Device dev-001 passed evaluation (duration 0.004s)
2025-06-26 17:46:06 - app.services - INFO - SAFE: Device dev-007 passed evaluation (duration 0.007s)
2025-06-26 17:46:06 - app.services - INFO - SAFE: Device dev-000 passed evaluation (duration 0.009s)
2025-06-26 17:46:06 - app.services - INFO - SAFE: Device dev-000 passed evaluation (duration 0.010s)
2025-06-26 17:46:06 - app.services - INFO - SAFE: Device dev-004 passed evaluation (duration 0.009s)
2025-06-26 17:46:06 - app.services - INFO - SAFE: Device dev-005 passed evaluation (duration 0.005s)
2025-06-26 17:46:06 - app.services - INFO - SAFE: Device dev-001 passed evaluation (duration 0.005s)
2025-06-26 17:46:06 - app.services - INFO - SAFE: Device dev-006 passed evaluation (duration 0.007s)
2025-06-26 17:46:06 - app.services - INFO - SAFE: Device dev-008 passed evaluation (duration 0.004s)
2025-06-26 17:46:07 - app.services - WARNING - BLACKLIST_VIOLATION: Connection between dev-004 (blacklisted: False) and dev-009 (blacklisted: True) was blocked.
2025-06-26 17:46:07 - app.services - WARNING - BLACKLIST_VIOLATION: Attempt to rate blacklisted device dev-009. Action blocked.
2025-06-26 17:46:07 - app.services - WARNING - BLACKLIST_VIOLATION: Blacklisted device dev-009 attempted to rate dev-004. Action blocked.
2025-06-26 17:46:07 - app.services - INFO - SAFE: Device dev-006 passed evaluation (duration 0.005s)
2025-06-26 17:46:07 - app.services - INFO - SAFE: Device dev-001 passed evaluation (duration 0.005s)
2025-06-26 17:46:07 - app.services - INFO - SAFE: Device dev-002 passed evaluation (duration 0.006s)
2025-06-26 17:46:07 - app.services - INFO - SAFE: Device dev-006 passed evaluation (duration 0.004s)
2025-06-26 17:46:07 - app.services - INFO - SAFE: Device dev-004 passed evaluation (duration 0.007s)
2025-06-26 17:46:07 - app.services - INFO - SAFE: Device dev-005 passed evaluation (duration 0.004s)
2025-06-26 17:46:07 - app.services - INFO - SAFE: Device dev-008 passed evaluation (duration 0.004s)
2025-06-26 17:46:07 - app.services - INFO - SAFE: Device dev-005 passed evaluation (duration 0.004s)
