2025-06-29 13:17:14 - app.services - INFO - Selecting new coordinator...
2025-06-29 13:17:14 - app.services - INFO - Internal coordinator selected: dev-000 (RSU)
2025-06-29 13:17:14 - app.services - ERROR - Failed to call trust service for security evaluation: 422 Client Error: Unprocessable Entity for url: http://trust-service:8001/security/evaluate
2025-06-29 13:17:14 - app.services - INFO - SAFE: Device dev-009 passed evaluation (duration 0.007s)
2025-06-29 13:17:14 - app.services - INFO - SAFE: Device dev-007 passed evaluation (duration 0.003s)
2025-06-29 13:19:26 - app.services - ERROR - Failed to call trust service for security evaluation: 422 Client Error: Unprocessable Entity for url: http://trust-service:8001/security/evaluate
2025-06-29 13:19:26 - app.services - INFO - SAFE: Device dev-005 passed evaluation (duration 0.005s)
2025-06-29 13:19:26 - app.services - INFO - SAFE: Device dev-001 passed evaluation (duration 0.004s)
2025-06-29 13:19:26 - app.services - ERROR - Failed to call trust service for security evaluation: 422 Client Error: Unprocessable Entity for url: http://trust-service:8001/security/evaluate
2025-06-29 13:19:26 - app.services - INFO - SAFE: Device dev-003 passed evaluation (duration 0.004s)
2025-06-29 13:19:26 - app.services - INFO - SAFE: Device dev-005 passed evaluation (duration 0.003s)
2025-06-29 13:19:26 - app.services - ERROR - Failed to call trust service for security evaluation: 422 Client Error: Unprocessable Entity for url: http://trust-service:8001/security/evaluate
2025-06-29 13:19:26 - app.services - WARNING - BLACKLIST: Device dev-009 blacklisted after evaluation 0.003s with detection time: 132.026 after joined
2025-06-29 13:19:26 - app.services - DEBUG - SKIP_UPDATE: Peer dev-009 is blacklisted, skipping trust update for dev-005
2025-06-29 13:19:26 - app.services - WARNING - BLACKLIST_VIOLATION: Blacklisted device dev-009 attempted to rate dev-005. Action blocked.
2025-06-29 13:19:26 - app.services - WARNING - BLACKLIST_VIOLATION: Attempt to rate blacklisted device dev-009. Action blocked.
2025-06-29 13:19:26 - app.services - ERROR - Failed to call trust service for security evaluation: 422 Client Error: Unprocessable Entity for url: http://trust-service:8001/security/evaluate
2025-06-29 13:19:26 - app.services - INFO - SAFE: Device dev-001 passed evaluation (duration 0.004s)
2025-06-29 13:19:26 - app.services - INFO - SAFE: Device dev-002 passed evaluation (duration 0.003s)
2025-06-29 13:19:26 - app.services - ERROR - Failed to call trust service for security evaluation: 422 Client Error: Unprocessable Entity for url: http://trust-service:8001/security/evaluate
2025-06-29 13:19:26 - app.services - INFO - SAFE: Device dev-001 passed evaluation (duration 0.003s)
2025-06-29 13:19:26 - app.services - INFO - SAFE: Device dev-000 passed evaluation (duration 0.004s)
2025-06-29 13:19:26 - app.services - WARNING - BLACKLIST_VIOLATION: Connection between dev-005 (blacklisted: False) and dev-009 (blacklisted: True) was blocked.
2025-06-29 13:19:26 - app.services - WARNING - BLACKLIST_VIOLATION: Attempt to rate blacklisted device dev-009. Action blocked.
2025-06-29 13:19:26 - app.services - WARNING - BLACKLIST_VIOLATION: Blacklisted device dev-009 attempted to rate dev-005. Action blocked.
2025-06-29 13:19:26 - app.services - ERROR - Failed to call trust service for security evaluation: 422 Client Error: Unprocessable Entity for url: http://trust-service:8001/security/evaluate
2025-06-29 13:19:26 - app.services - INFO - SAFE: Device dev-004 passed evaluation (duration 0.004s)
2025-06-29 13:19:26 - app.services - INFO - SAFE: Device dev-007 passed evaluation (duration 0.004s)
2025-06-29 13:19:26 - app.services - ERROR - Failed to call trust service for security evaluation: 422 Client Error: Unprocessable Entity for url: http://trust-service:8001/security/evaluate
2025-06-29 13:19:26 - app.services - INFO - SAFE: Device dev-000 passed evaluation (duration 0.003s)
2025-06-29 13:19:26 - app.services - INFO - SAFE: Device dev-005 passed evaluation (duration 0.003s)
2025-06-29 13:19:27 - app.services - ERROR - Failed to call trust service for security evaluation: 422 Client Error: Unprocessable Entity for url: http://trust-service:8001/security/evaluate
2025-06-29 13:19:27 - app.services - INFO - SAFE: Device dev-000 passed evaluation (duration 0.005s)
2025-06-29 13:19:27 - app.services - INFO - SAFE: Device dev-003 passed evaluation (duration 0.003s)
2025-06-29 13:19:27 - app.services - ERROR - Failed to call trust service for security evaluation: 422 Client Error: Unprocessable Entity for url: http://trust-service:8001/security/evaluate
2025-06-29 13:19:27 - app.services - INFO - SAFE: Device dev-005 passed evaluation (duration 0.003s)
2025-06-29 13:19:27 - app.services - INFO - SAFE: Device dev-001 passed evaluation (duration 0.005s)
2025-06-29 13:19:27 - app.services - ERROR - Failed to call trust service for security evaluation: 422 Client Error: Unprocessable Entity for url: http://trust-service:8001/security/evaluate
2025-06-29 13:19:27 - app.services - INFO - SAFE: Device dev-001 passed evaluation (duration 0.003s)
2025-06-29 13:19:27 - app.services - INFO - SAFE: Device dev-002 passed evaluation (duration 0.003s)
2025-06-29 13:19:27 - app.services - ERROR - Failed to call trust service for security evaluation: 422 Client Error: Unprocessable Entity for url: http://trust-service:8001/security/evaluate
2025-06-29 13:19:27 - app.services - INFO - SAFE: Device dev-005 passed evaluation (duration 0.003s)
2025-06-29 13:19:27 - app.services - INFO - SAFE: Device dev-008 passed evaluation (duration 0.003s)
2025-06-29 13:19:27 - app.services - ERROR - Failed to call trust service for security evaluation: 422 Client Error: Unprocessable Entity for url: http://trust-service:8001/security/evaluate
2025-06-29 13:19:27 - app.services - INFO - SAFE: Device dev-004 passed evaluation (duration 0.003s)
2025-06-29 13:19:27 - app.services - INFO - SAFE: Device dev-006 passed evaluation (duration 0.004s)
2025-06-29 13:19:27 - app.services - ERROR - Failed to call trust service for security evaluation: 422 Client Error: Unprocessable Entity for url: http://trust-service:8001/security/evaluate
2025-06-29 13:19:27 - app.services - INFO - SAFE: Device dev-001 passed evaluation (duration 0.003s)
2025-06-29 13:19:27 - app.services - INFO - SAFE: Device dev-004 passed evaluation (duration 0.003s)
2025-06-29 13:19:27 - app.services - ERROR - Failed to call trust service for security evaluation: 422 Client Error: Unprocessable Entity for url: http://trust-service:8001/security/evaluate
2025-06-29 13:19:27 - app.services - WARNING - BLACKLIST: Device dev-002 blacklisted after evaluation 0.003s with detection time: 133.302 after joined
2025-06-29 13:19:27 - app.services - DEBUG - SKIP_UPDATE: Peer dev-002 is blacklisted, skipping trust update for dev-001
2025-06-29 13:19:27 - app.services - WARNING - BLACKLIST_VIOLATION: Blacklisted device dev-002 attempted to rate dev-001. Action blocked.
2025-06-29 13:19:27 - app.services - WARNING - BLACKLIST_VIOLATION: Attempt to rate blacklisted device dev-002. Action blocked.
2025-06-29 13:19:27 - app.services - ERROR - Failed to call trust service for security evaluation: 422 Client Error: Unprocessable Entity for url: http://trust-service:8001/security/evaluate
2025-06-29 13:19:27 - app.services - INFO - SAFE: Device dev-008 passed evaluation (duration 0.005s)
2025-06-29 13:19:27 - app.services - INFO - SAFE: Device dev-007 passed evaluation (duration 0.003s)
2025-06-29 13:19:27 - app.services - ERROR - Failed to call trust service for security evaluation: 422 Client Error: Unprocessable Entity for url: http://trust-service:8001/security/evaluate
2025-06-29 13:19:27 - app.services - INFO - SAFE: Device dev-000 passed evaluation (duration 0.003s)
2025-06-29 13:19:27 - app.services - INFO - SAFE: Device dev-003 passed evaluation (duration 0.003s)
2025-06-29 13:19:27 - app.services - ERROR - Failed to call trust service for security evaluation: 422 Client Error: Unprocessable Entity for url: http://trust-service:8001/security/evaluate
2025-06-29 13:19:27 - app.services - INFO - SAFE: Device dev-000 passed evaluation (duration 0.003s)
2025-06-29 13:19:27 - app.services - INFO - SAFE: Device dev-006 passed evaluation (duration 0.003s)
2025-06-29 13:19:27 - app.services - ERROR - Failed to call trust service for security evaluation: 422 Client Error: Unprocessable Entity for url: http://trust-service:8001/security/evaluate
2025-06-29 13:19:27 - app.services - INFO - SAFE: Device dev-005 passed evaluation (duration 0.003s)
2025-06-29 13:19:27 - app.services - INFO - SAFE: Device dev-006 passed evaluation (duration 0.003s)
2025-06-29 13:19:28 - app.services - WARNING - BLACKLIST_VIOLATION: Connection between dev-002 (blacklisted: True) and dev-009 (blacklisted: True) was blocked.
2025-06-29 13:19:28 - app.services - WARNING - BLACKLIST_VIOLATION: Blacklisted device dev-002 attempted to rate dev-009. Action blocked.
2025-06-29 13:19:28 - app.services - WARNING - BLACKLIST_VIOLATION: Blacklisted device dev-009 attempted to rate dev-002. Action blocked.
2025-06-29 13:19:28 - app.services - ERROR - Failed to call trust service for security evaluation: 422 Client Error: Unprocessable Entity for url: http://trust-service:8001/security/evaluate
2025-06-29 13:19:28 - app.services - INFO - SAFE: Device dev-003 passed evaluation (duration 0.003s)
2025-06-29 13:19:28 - app.services - INFO - SAFE: Device dev-004 passed evaluation (duration 0.004s)
2025-06-29 13:19:28 - app.services - WARNING - BLACKLIST_VIOLATION: Connection between dev-004 (blacklisted: False) and dev-009 (blacklisted: True) was blocked.
2025-06-29 13:19:28 - app.services - WARNING - BLACKLIST_VIOLATION: Attempt to rate blacklisted device dev-009. Action blocked.
2025-06-29 13:19:28 - app.services - WARNING - BLACKLIST_VIOLATION: Blacklisted device dev-009 attempted to rate dev-004. Action blocked.
2025-06-29 13:19:28 - app.services - ERROR - Failed to call trust service for security evaluation: 422 Client Error: Unprocessable Entity for url: http://trust-service:8001/security/evaluate
2025-06-29 13:19:28 - app.services - INFO - SAFE: Device dev-008 passed evaluation (duration 0.003s)
2025-06-29 13:19:28 - app.services - INFO - SAFE: Device dev-006 passed evaluation (duration 0.003s)
2025-06-29 13:19:28 - app.services - ERROR - Failed to call trust service for security evaluation: 422 Client Error: Unprocessable Entity for url: http://trust-service:8001/security/evaluate
2025-06-29 13:19:28 - app.services - INFO - SAFE: Device dev-006 passed evaluation (duration 0.003s)
2025-06-29 13:19:28 - app.services - INFO - SAFE: Device dev-004 passed evaluation (duration 0.003s)
2025-06-29 13:19:28 - app.services - WARNING - BLACKLIST_VIOLATION: Connection between dev-004 (blacklisted: False) and dev-009 (blacklisted: True) was blocked.
2025-06-29 13:19:28 - app.services - WARNING - BLACKLIST_VIOLATION: Attempt to rate blacklisted device dev-009. Action blocked.
2025-06-29 13:19:28 - app.services - WARNING - BLACKLIST_VIOLATION: Blacklisted device dev-009 attempted to rate dev-004. Action blocked.
2025-06-29 13:19:28 - app.services - ERROR - Failed to call trust service for security evaluation: 422 Client Error: Unprocessable Entity for url: http://trust-service:8001/security/evaluate
2025-06-29 13:19:28 - app.services - INFO - SAFE: Device dev-006 passed evaluation (duration 0.005s)
2025-06-29 13:19:28 - app.services - INFO - SAFE: Device dev-003 passed evaluation (duration 0.003s)
2025-06-29 13:19:28 - app.services - ERROR - Failed to call trust service for security evaluation: 422 Client Error: Unprocessable Entity for url: http://trust-service:8001/security/evaluate
2025-06-29 13:19:28 - app.services - INFO - SAFE: Device dev-003 passed evaluation (duration 0.003s)
2025-06-29 13:19:28 - app.services - INFO - SAFE: Device dev-001 passed evaluation (duration 0.003s)
2025-06-29 13:19:28 - app.services - WARNING - BLACKLIST_VIOLATION: Connection between dev-007 (blacklisted: False) and dev-009 (blacklisted: True) was blocked.
2025-06-29 13:19:28 - app.services - WARNING - BLACKLIST_VIOLATION: Attempt to rate blacklisted device dev-009. Action blocked.
2025-06-29 13:19:28 - app.services - WARNING - BLACKLIST_VIOLATION: Blacklisted device dev-009 attempted to rate dev-007. Action blocked.
2025-06-29 13:19:28 - app.services - WARNING - BLACKLIST_VIOLATION: Connection between dev-007 (blacklisted: False) and dev-009 (blacklisted: True) was blocked.
2025-06-29 13:19:28 - app.services - WARNING - BLACKLIST_VIOLATION: Attempt to rate blacklisted device dev-009. Action blocked.
2025-06-29 13:19:28 - app.services - WARNING - BLACKLIST_VIOLATION: Blacklisted device dev-009 attempted to rate dev-007. Action blocked.
2025-06-29 13:19:28 - app.services - WARNING - BLACKLIST_VIOLATION: Connection between dev-005 (blacklisted: False) and dev-009 (blacklisted: True) was blocked.
2025-06-29 13:19:28 - app.services - WARNING - BLACKLIST_VIOLATION: Attempt to rate blacklisted device dev-009. Action blocked.
2025-06-29 13:19:28 - app.services - WARNING - BLACKLIST_VIOLATION: Blacklisted device dev-009 attempted to rate dev-005. Action blocked.
2025-06-29 13:19:28 - app.services - WARNING - BLACKLIST_VIOLATION: Connection between dev-003 (blacklisted: False) and dev-002 (blacklisted: True) was blocked.
2025-06-29 13:19:28 - app.services - WARNING - BLACKLIST_VIOLATION: Attempt to rate blacklisted device dev-002. Action blocked.
2025-06-29 13:19:28 - app.services - WARNING - BLACKLIST_VIOLATION: Blacklisted device dev-002 attempted to rate dev-003. Action blocked.
2025-06-29 13:19:28 - app.services - ERROR - Failed to call trust service for security evaluation: 422 Client Error: Unprocessable Entity for url: http://trust-service:8001/security/evaluate
2025-06-29 13:19:28 - app.services - INFO - SAFE: Device dev-006 passed evaluation (duration 0.003s)
2025-06-29 13:19:28 - app.services - INFO - SAFE: Device dev-001 passed evaluation (duration 0.003s)
2025-06-29 13:19:28 - app.services - ERROR - Failed to call trust service for security evaluation: 422 Client Error: Unprocessable Entity for url: http://trust-service:8001/security/evaluate
2025-06-29 13:19:28 - app.services - INFO - SAFE: Device dev-005 passed evaluation (duration 0.005s)
2025-06-29 13:19:28 - app.services - INFO - SAFE: Device dev-004 passed evaluation (duration 0.004s)
2025-06-29 13:19:28 - app.services - WARNING - BLACKLIST_VIOLATION: Connection between dev-003 (blacklisted: False) and dev-002 (blacklisted: True) was blocked.
2025-06-29 13:19:28 - app.services - WARNING - BLACKLIST_VIOLATION: Attempt to rate blacklisted device dev-002. Action blocked.
2025-06-29 13:19:28 - app.services - WARNING - BLACKLIST_VIOLATION: Blacklisted device dev-002 attempted to rate dev-003. Action blocked.
2025-06-29 13:19:28 - app.services - WARNING - BLACKLIST_VIOLATION: Connection between dev-002 (blacklisted: True) and dev-001 (blacklisted: False) was blocked.
2025-06-29 13:19:28 - app.services - WARNING - BLACKLIST_VIOLATION: Blacklisted device dev-002 attempted to rate dev-001. Action blocked.
2025-06-29 13:19:28 - app.services - WARNING - BLACKLIST_VIOLATION: Attempt to rate blacklisted device dev-002. Action blocked.
2025-06-29 13:19:28 - app.services - WARNING - BLACKLIST_VIOLATION: Connection between dev-009 (blacklisted: True) and dev-005 (blacklisted: False) was blocked.
2025-06-29 13:19:29 - app.services - WARNING - BLACKLIST_VIOLATION: Blacklisted device dev-009 attempted to rate dev-005. Action blocked.
2025-06-29 13:19:29 - app.services - WARNING - BLACKLIST_VIOLATION: Attempt to rate blacklisted device dev-009. Action blocked.
2025-06-29 13:19:29 - app.services - ERROR - Failed to call trust service for security evaluation: 422 Client Error: Unprocessable Entity for url: http://trust-service:8001/security/evaluate
2025-06-29 13:19:29 - app.services - INFO - SAFE: Device dev-005 passed evaluation (duration 0.004s)
2025-06-29 13:19:29 - app.services - INFO - SAFE: Device dev-007 passed evaluation (duration 0.003s)
2025-06-29 13:19:29 - app.services - ERROR - Failed to call trust service for security evaluation: 422 Client Error: Unprocessable Entity for url: http://trust-service:8001/security/evaluate
2025-06-29 13:19:29 - app.services - INFO - SAFE: Device dev-000 passed evaluation (duration 0.003s)
2025-06-29 13:19:29 - app.services - INFO - SAFE: Device dev-005 passed evaluation (duration 0.003s)
2025-06-29 13:19:29 - app.services - ERROR - Failed to call trust service for security evaluation: 422 Client Error: Unprocessable Entity for url: http://trust-service:8001/security/evaluate
2025-06-29 13:19:29 - app.services - INFO - SAFE: Device dev-006 passed evaluation (duration 0.004s)
2025-06-29 13:19:29 - app.services - INFO - SAFE: Device dev-000 passed evaluation (duration 0.003s)
2025-06-29 13:19:29 - app.services - ERROR - Failed to call trust service for security evaluation: 422 Client Error: Unprocessable Entity for url: http://trust-service:8001/security/evaluate
2025-06-29 13:19:29 - app.services - INFO - SAFE: Device dev-004 passed evaluation (duration 0.003s)
2025-06-29 13:19:29 - app.services - INFO - SAFE: Device dev-000 passed evaluation (duration 0.003s)
2025-06-29 13:19:29 - app.services - ERROR - Failed to call trust service for security evaluation: 422 Client Error: Unprocessable Entity for url: http://trust-service:8001/security/evaluate
2025-06-29 13:19:29 - app.services - INFO - SAFE: Device dev-004 passed evaluation (duration 0.006s)
2025-06-29 13:19:29 - app.services - INFO - SAFE: Device dev-008 passed evaluation (duration 0.004s)
2025-06-29 13:19:29 - app.services - ERROR - Failed to call trust service for security evaluation: 422 Client Error: Unprocessable Entity for url: http://trust-service:8001/security/evaluate
2025-06-29 13:19:29 - app.services - INFO - SAFE: Device dev-005 passed evaluation (duration 0.003s)
2025-06-29 13:19:29 - app.services - INFO - SAFE: Device dev-003 passed evaluation (duration 0.003s)
2025-06-29 13:19:29 - app.services - ERROR - Failed to call trust service for security evaluation: 422 Client Error: Unprocessable Entity for url: http://trust-service:8001/security/evaluate
2025-06-29 13:19:29 - app.services - INFO - SAFE: Device dev-006 passed evaluation (duration 0.003s)
2025-06-29 13:19:29 - app.services - INFO - SAFE: Device dev-008 passed evaluation (duration 0.004s)
2025-06-29 13:19:29 - app.services - ERROR - Failed to call trust service for security evaluation: 422 Client Error: Unprocessable Entity for url: http://trust-service:8001/security/evaluate
2025-06-29 13:19:29 - app.services - INFO - SAFE: Device dev-007 passed evaluation (duration 0.004s)
2025-06-29 13:19:29 - app.services - INFO - SAFE: Device dev-008 passed evaluation (duration 0.005s)
2025-06-29 13:19:29 - app.services - WARNING - BLACKLIST_VIOLATION: Connection between dev-009 (blacklisted: True) and dev-008 (blacklisted: False) was blocked.
2025-06-29 13:19:29 - app.services - WARNING - BLACKLIST_VIOLATION: Blacklisted device dev-009 attempted to rate dev-008. Action blocked.
2025-06-29 13:19:29 - app.services - WARNING - BLACKLIST_VIOLATION: Attempt to rate blacklisted device dev-009. Action blocked.
2025-06-29 13:19:29 - app.services - ERROR - Failed to call trust service for security evaluation: 422 Client Error: Unprocessable Entity for url: http://trust-service:8001/security/evaluate
2025-06-29 13:19:29 - app.services - INFO - SAFE: Device dev-007 passed evaluation (duration 0.004s)
2025-06-29 13:19:29 - app.services - INFO - SAFE: Device dev-003 passed evaluation (duration 0.004s)
2025-06-29 13:19:29 - app.services - WARNING - BLACKLIST_VIOLATION: Connection between dev-001 (blacklisted: False) and dev-009 (blacklisted: True) was blocked.
2025-06-29 13:19:29 - app.services - WARNING - BLACKLIST_VIOLATION: Attempt to rate blacklisted device dev-009. Action blocked.
2025-06-29 13:19:30 - app.services - WARNING - BLACKLIST_VIOLATION: Blacklisted device dev-009 attempted to rate dev-001. Action blocked.
2025-06-29 13:19:30 - app.services - WARNING - BLACKLIST_VIOLATION: Connection between dev-001 (blacklisted: False) and dev-009 (blacklisted: True) was blocked.
2025-06-29 13:19:30 - app.services - WARNING - BLACKLIST_VIOLATION: Attempt to rate blacklisted device dev-009. Action blocked.
2025-06-29 13:19:30 - app.services - WARNING - BLACKLIST_VIOLATION: Blacklisted device dev-009 attempted to rate dev-001. Action blocked.
2025-06-29 13:19:30 - app.services - ERROR - Failed to call trust service for security evaluation: 422 Client Error: Unprocessable Entity for url: http://trust-service:8001/security/evaluate
2025-06-29 13:19:30 - app.services - INFO - SAFE: Device dev-001 passed evaluation (duration 0.004s)
2025-06-29 13:19:30 - app.services - INFO - SAFE: Device dev-005 passed evaluation (duration 0.004s)
2025-06-29 13:19:30 - app.services - WARNING - BLACKLIST_VIOLATION: Connection between dev-003 (blacklisted: False) and dev-009 (blacklisted: True) was blocked.
2025-06-29 13:19:30 - app.services - WARNING - BLACKLIST_VIOLATION: Attempt to rate blacklisted device dev-009. Action blocked.
2025-06-29 13:19:30 - app.services - WARNING - BLACKLIST_VIOLATION: Blacklisted device dev-009 attempted to rate dev-003. Action blocked.
2025-06-29 13:19:30 - app.services - ERROR - Failed to call trust service for security evaluation: 422 Client Error: Unprocessable Entity for url: http://trust-service:8001/security/evaluate
2025-06-29 13:19:30 - app.services - INFO - SAFE: Device dev-004 passed evaluation (duration 0.005s)
2025-06-29 13:19:30 - app.services - INFO - SAFE: Device dev-006 passed evaluation (duration 0.004s)
2025-06-29 13:19:30 - app.services - ERROR - Failed to call trust service for security evaluation: 422 Client Error: Unprocessable Entity for url: http://trust-service:8001/security/evaluate
2025-06-29 13:19:30 - app.services - INFO - SAFE: Device dev-007 passed evaluation (duration 0.003s)
2025-06-29 13:19:30 - app.services - INFO - SAFE: Device dev-003 passed evaluation (duration 0.004s)
2025-06-29 13:19:30 - app.services - WARNING - BLACKLIST_VIOLATION: Connection between dev-009 (blacklisted: True) and dev-007 (blacklisted: False) was blocked.
2025-06-29 13:19:30 - app.services - WARNING - BLACKLIST_VIOLATION: Blacklisted device dev-009 attempted to rate dev-007. Action blocked.
2025-06-29 13:19:30 - app.services - WARNING - BLACKLIST_VIOLATION: Attempt to rate blacklisted device dev-009. Action blocked.
2025-06-29 13:19:30 - app.services - WARNING - BLACKLIST_VIOLATION: Connection between dev-002 (blacklisted: True) and dev-005 (blacklisted: False) was blocked.
2025-06-29 13:19:30 - app.services - WARNING - BLACKLIST_VIOLATION: Blacklisted device dev-002 attempted to rate dev-005. Action blocked.
2025-06-29 13:19:30 - app.services - WARNING - BLACKLIST_VIOLATION: Attempt to rate blacklisted device dev-002. Action blocked.
2025-06-29 13:19:30 - app.services - ERROR - Failed to call trust service for security evaluation: 422 Client Error: Unprocessable Entity for url: http://trust-service:8001/security/evaluate
2025-06-29 13:19:30 - app.services - INFO - SAFE: Device dev-008 passed evaluation (duration 0.004s)
2025-06-29 13:19:30 - app.services - INFO - SAFE: Device dev-003 passed evaluation (duration 0.004s)
2025-06-29 13:19:30 - app.services - WARNING - BLACKLIST_VIOLATION: Connection between dev-004 (blacklisted: False) and dev-002 (blacklisted: True) was blocked.
2025-06-29 13:19:30 - app.services - WARNING - BLACKLIST_VIOLATION: Attempt to rate blacklisted device dev-002. Action blocked.
2025-06-29 13:19:30 - app.services - WARNING - BLACKLIST_VIOLATION: Blacklisted device dev-002 attempted to rate dev-004. Action blocked.
2025-06-29 13:19:30 - app.services - ERROR - Failed to call trust service for security evaluation: 422 Client Error: Unprocessable Entity for url: http://trust-service:8001/security/evaluate
2025-06-29 13:19:30 - app.services - INFO - SAFE: Device dev-005 passed evaluation (duration 0.003s)
2025-06-29 13:19:30 - app.services - INFO - SAFE: Device dev-000 passed evaluation (duration 0.004s)
2025-06-29 13:19:30 - app.services - ERROR - Failed to call trust service for security evaluation: 422 Client Error: Unprocessable Entity for url: http://trust-service:8001/security/evaluate
2025-06-29 13:19:30 - app.services - INFO - SAFE: Device dev-006 passed evaluation (duration 0.004s)
2025-06-29 13:19:30 - app.services - INFO - SAFE: Device dev-000 passed evaluation (duration 0.006s)
2025-06-29 13:19:30 - app.services - ERROR - Failed to call trust service for security evaluation: 422 Client Error: Unprocessable Entity for url: http://trust-service:8001/security/evaluate
2025-06-29 13:19:30 - app.services - INFO - SAFE: Device dev-007 passed evaluation (duration 0.006s)
2025-06-29 13:19:30 - app.services - INFO - SAFE: Device dev-000 passed evaluation (duration 0.005s)
2025-06-29 13:19:31 - app.services - ERROR - Failed to call trust service for security evaluation: 422 Client Error: Unprocessable Entity for url: http://trust-service:8001/security/evaluate
2025-06-29 13:19:31 - app.services - INFO - SAFE: Device dev-008 passed evaluation (duration 0.004s)
2025-06-29 13:19:31 - app.services - INFO - SAFE: Device dev-001 passed evaluation (duration 0.004s)
2025-06-29 13:19:31 - app.services - ERROR - Failed to call trust service for security evaluation: 422 Client Error: Unprocessable Entity for url: http://trust-service:8001/security/evaluate
2025-06-29 13:19:31 - app.services - INFO - SAFE: Device dev-005 passed evaluation (duration 0.003s)
2025-06-29 13:19:31 - app.services - INFO - SAFE: Device dev-006 passed evaluation (duration 0.003s)
2025-06-29 13:19:31 - app.services - WARNING - BLACKLIST_VIOLATION: Connection between dev-009 (blacklisted: True) and dev-004 (blacklisted: False) was blocked.
2025-06-29 13:19:31 - app.services - WARNING - BLACKLIST_VIOLATION: Blacklisted device dev-009 attempted to rate dev-004. Action blocked.
2025-06-29 13:19:31 - app.services - WARNING - BLACKLIST_VIOLATION: Attempt to rate blacklisted device dev-009. Action blocked.
2025-06-29 13:19:31 - app.services - ERROR - Failed to call trust service for security evaluation: 422 Client Error: Unprocessable Entity for url: http://trust-service:8001/security/evaluate
2025-06-29 13:19:31 - app.services - INFO - SAFE: Device dev-003 passed evaluation (duration 0.004s)
2025-06-29 13:19:31 - app.services - INFO - SAFE: Device dev-006 passed evaluation (duration 0.004s)
2025-06-29 13:19:31 - app.services - WARNING - BLACKLIST_VIOLATION: Connection between dev-003 (blacklisted: False) and dev-009 (blacklisted: True) was blocked.
2025-06-29 13:19:31 - app.services - WARNING - BLACKLIST_VIOLATION: Attempt to rate blacklisted device dev-009. Action blocked.
2025-06-29 13:19:31 - app.services - WARNING - BLACKLIST_VIOLATION: Blacklisted device dev-009 attempted to rate dev-003. Action blocked.
2025-06-29 13:19:31 - app.services - WARNING - BLACKLIST_VIOLATION: Connection between dev-000 (blacklisted: False) and dev-009 (blacklisted: True) was blocked.
2025-06-29 13:19:31 - app.services - WARNING - BLACKLIST_VIOLATION: Attempt to rate blacklisted device dev-009. Action blocked.
2025-06-29 13:19:31 - app.services - WARNING - BLACKLIST_VIOLATION: Blacklisted device dev-009 attempted to rate dev-000. Action blocked.
2025-06-29 13:19:31 - app.services - WARNING - BLACKLIST_VIOLATION: Connection between dev-004 (blacklisted: False) and dev-002 (blacklisted: True) was blocked.
2025-06-29 13:19:31 - app.services - WARNING - BLACKLIST_VIOLATION: Attempt to rate blacklisted device dev-002. Action blocked.
2025-06-29 13:19:31 - app.services - WARNING - BLACKLIST_VIOLATION: Blacklisted device dev-002 attempted to rate dev-004. Action blocked.
2025-06-29 13:19:31 - app.services - WARNING - BLACKLIST_VIOLATION: Connection between dev-002 (blacklisted: True) and dev-008 (blacklisted: False) was blocked.
2025-06-29 13:19:31 - app.services - WARNING - BLACKLIST_VIOLATION: Blacklisted device dev-002 attempted to rate dev-008. Action blocked.
2025-06-29 13:19:31 - app.services - WARNING - BLACKLIST_VIOLATION: Attempt to rate blacklisted device dev-002. Action blocked.
2025-06-29 13:19:31 - app.services - WARNING - BLACKLIST_VIOLATION: Connection between dev-009 (blacklisted: True) and dev-004 (blacklisted: False) was blocked.
2025-06-29 13:19:31 - app.services - WARNING - BLACKLIST_VIOLATION: Blacklisted device dev-009 attempted to rate dev-004. Action blocked.
2025-06-29 13:19:31 - app.services - WARNING - BLACKLIST_VIOLATION: Attempt to rate blacklisted device dev-009. Action blocked.
2025-06-29 13:19:31 - app.services - ERROR - Failed to call trust service for security evaluation: 422 Client Error: Unprocessable Entity for url: http://trust-service:8001/security/evaluate
2025-06-29 13:19:31 - app.services - INFO - SAFE: Device dev-001 passed evaluation (duration 0.004s)
2025-06-29 13:19:31 - app.services - INFO - SAFE: Device dev-006 passed evaluation (duration 0.005s)
2025-06-29 13:19:31 - app.services - WARNING - BLACKLIST_VIOLATION: Connection between dev-002 (blacklisted: True) and dev-009 (blacklisted: True) was blocked.
2025-06-29 13:19:31 - app.services - WARNING - BLACKLIST_VIOLATION: Blacklisted device dev-002 attempted to rate dev-009. Action blocked.
2025-06-29 13:19:31 - app.services - WARNING - BLACKLIST_VIOLATION: Blacklisted device dev-009 attempted to rate dev-002. Action blocked.
2025-06-29 13:19:31 - app.services - WARNING - BLACKLIST_VIOLATION: Connection between dev-009 (blacklisted: True) and dev-003 (blacklisted: False) was blocked.
2025-06-29 13:19:31 - app.services - WARNING - BLACKLIST_VIOLATION: Blacklisted device dev-009 attempted to rate dev-003. Action blocked.
2025-06-29 13:19:31 - app.services - WARNING - BLACKLIST_VIOLATION: Attempt to rate blacklisted device dev-009. Action blocked.
2025-06-29 13:19:31 - app.services - WARNING - BLACKLIST_VIOLATION: Connection between dev-002 (blacklisted: True) and dev-005 (blacklisted: False) was blocked.
2025-06-29 13:19:31 - app.services - WARNING - BLACKLIST_VIOLATION: Blacklisted device dev-002 attempted to rate dev-005. Action blocked.
2025-06-29 13:19:31 - app.services - WARNING - BLACKLIST_VIOLATION: Attempt to rate blacklisted device dev-002. Action blocked.
2025-06-29 13:19:31 - app.services - WARNING - BLACKLIST_VIOLATION: Connection between dev-009 (blacklisted: True) and dev-005 (blacklisted: False) was blocked.
2025-06-29 13:19:31 - app.services - WARNING - BLACKLIST_VIOLATION: Blacklisted device dev-009 attempted to rate dev-005. Action blocked.
2025-06-29 13:19:31 - app.services - WARNING - BLACKLIST_VIOLATION: Attempt to rate blacklisted device dev-009. Action blocked.
2025-06-29 13:19:31 - app.services - WARNING - BLACKLIST_VIOLATION: Connection between dev-000 (blacklisted: False) and dev-002 (blacklisted: True) was blocked.
2025-06-29 13:19:32 - app.services - WARNING - BLACKLIST_VIOLATION: Attempt to rate blacklisted device dev-002. Action blocked.
2025-06-29 13:19:32 - app.services - WARNING - BLACKLIST_VIOLATION: Blacklisted device dev-002 attempted to rate dev-000. Action blocked.
2025-06-29 13:19:32 - app.services - ERROR - Failed to call trust service for security evaluation: 422 Client Error: Unprocessable Entity for url: http://trust-service:8001/security/evaluate
2025-06-29 13:19:32 - app.services - INFO - SAFE: Device dev-000 passed evaluation (duration 0.004s)
2025-06-29 13:19:32 - app.services - INFO - SAFE: Device dev-005 passed evaluation (duration 0.004s)
2025-06-29 13:19:32 - app.services - WARNING - BLACKLIST_VIOLATION: Connection between dev-002 (blacklisted: True) and dev-005 (blacklisted: False) was blocked.
2025-06-29 13:19:32 - app.services - WARNING - BLACKLIST_VIOLATION: Blacklisted device dev-002 attempted to rate dev-005. Action blocked.
2025-06-29 13:19:32 - app.services - WARNING - BLACKLIST_VIOLATION: Attempt to rate blacklisted device dev-002. Action blocked.
2025-06-29 13:19:32 - app.services - ERROR - Failed to call trust service for security evaluation: 422 Client Error: Unprocessable Entity for url: http://trust-service:8001/security/evaluate
2025-06-29 13:19:32 - app.services - INFO - SAFE: Device dev-007 passed evaluation (duration 0.003s)
2025-06-29 13:19:32 - app.services - INFO - SAFE: Device dev-000 passed evaluation (duration 0.004s)
2025-06-29 13:19:32 - app.services - ERROR - Failed to call trust service for security evaluation: 422 Client Error: Unprocessable Entity for url: http://trust-service:8001/security/evaluate
2025-06-29 13:19:32 - app.services - INFO - SAFE: Device dev-006 passed evaluation (duration 0.003s)
2025-06-29 13:19:32 - app.services - INFO - SAFE: Device dev-000 passed evaluation (duration 0.005s)
2025-06-29 13:19:32 - app.services - WARNING - BLACKLIST_VIOLATION: Connection between dev-003 (blacklisted: False) and dev-009 (blacklisted: True) was blocked.
2025-06-29 13:19:32 - app.services - WARNING - BLACKLIST_VIOLATION: Attempt to rate blacklisted device dev-009. Action blocked.
2025-06-29 13:19:32 - app.services - WARNING - BLACKLIST_VIOLATION: Blacklisted device dev-009 attempted to rate dev-003. Action blocked.
2025-06-29 13:19:32 - app.services - ERROR - Failed to call trust service for security evaluation: 422 Client Error: Unprocessable Entity for url: http://trust-service:8001/security/evaluate
2025-06-29 13:19:32 - app.services - INFO - SAFE: Device dev-005 passed evaluation (duration 0.003s)
2025-06-29 13:19:32 - app.services - INFO - SAFE: Device dev-008 passed evaluation (duration 0.003s)
2025-06-29 13:19:32 - app.services - WARNING - BLACKLIST_VIOLATION: Connection between dev-007 (blacklisted: False) and dev-002 (blacklisted: True) was blocked.
2025-06-29 13:19:32 - app.services - WARNING - BLACKLIST_VIOLATION: Attempt to rate blacklisted device dev-002. Action blocked.
2025-06-29 13:19:32 - app.services - WARNING - BLACKLIST_VIOLATION: Blacklisted device dev-002 attempted to rate dev-007. Action blocked.
2025-06-29 13:19:32 - app.services - ERROR - Failed to call trust service for security evaluation: 422 Client Error: Unprocessable Entity for url: http://trust-service:8001/security/evaluate
2025-06-29 13:19:32 - app.services - INFO - SAFE: Device dev-001 passed evaluation (duration 0.004s)
2025-06-29 13:19:32 - app.services - INFO - SAFE: Device dev-003 passed evaluation (duration 0.005s)
2025-06-29 13:19:32 - app.services - ERROR - Failed to call trust service for security evaluation: 422 Client Error: Unprocessable Entity for url: http://trust-service:8001/security/evaluate
2025-06-29 13:19:32 - app.services - INFO - SAFE: Device dev-007 passed evaluation (duration 0.003s)
2025-06-29 13:19:32 - app.services - INFO - SAFE: Device dev-006 passed evaluation (duration 0.003s)
2025-06-29 13:19:32 - app.services - ERROR - Failed to call trust service for security evaluation: 422 Client Error: Unprocessable Entity for url: http://trust-service:8001/security/evaluate
2025-06-29 13:19:32 - app.services - INFO - SAFE: Device dev-003 passed evaluation (duration 0.003s)
2025-06-29 13:19:32 - app.services - INFO - SAFE: Device dev-001 passed evaluation (duration 0.003s)
2025-06-29 13:19:32 - app.services - WARNING - BLACKLIST_VIOLATION: Connection between dev-001 (blacklisted: False) and dev-009 (blacklisted: True) was blocked.
2025-06-29 13:19:32 - app.services - WARNING - BLACKLIST_VIOLATION: Attempt to rate blacklisted device dev-009. Action blocked.
2025-06-29 13:19:32 - app.services - WARNING - BLACKLIST_VIOLATION: Blacklisted device dev-009 attempted to rate dev-001. Action blocked.
2025-06-29 13:19:32 - app.services - ERROR - Failed to call trust service for security evaluation: 422 Client Error: Unprocessable Entity for url: http://trust-service:8001/security/evaluate
2025-06-29 13:19:32 - app.services - INFO - SAFE: Device dev-006 passed evaluation (duration 0.003s)
2025-06-29 13:19:32 - app.services - INFO - SAFE: Device dev-001 passed evaluation (duration 0.003s)
2025-06-29 13:19:32 - app.services - ERROR - Failed to call trust service for security evaluation: 422 Client Error: Unprocessable Entity for url: http://trust-service:8001/security/evaluate
2025-06-29 13:19:33 - app.services - INFO - SAFE: Device dev-007 passed evaluation (duration 0.003s)
2025-06-29 13:19:33 - app.services - INFO - SAFE: Device dev-004 passed evaluation (duration 0.003s)
2025-06-29 13:19:33 - app.services - ERROR - Failed to call trust service for security evaluation: 422 Client Error: Unprocessable Entity for url: http://trust-service:8001/security/evaluate
2025-06-29 13:19:33 - app.services - INFO - SAFE: Device dev-006 passed evaluation (duration 0.004s)
2025-06-29 13:19:33 - app.services - INFO - SAFE: Device dev-007 passed evaluation (duration 0.003s)
2025-06-29 13:19:33 - app.services - ERROR - Failed to call trust service for security evaluation: 422 Client Error: Unprocessable Entity for url: http://trust-service:8001/security/evaluate
2025-06-29 13:19:33 - app.services - INFO - SAFE: Device dev-007 passed evaluation (duration 0.003s)
2025-06-29 13:19:33 - app.services - INFO - SAFE: Device dev-006 passed evaluation (duration 0.003s)
2025-06-29 13:19:33 - app.services - WARNING - BLACKLIST_VIOLATION: Connection between dev-004 (blacklisted: False) and dev-009 (blacklisted: True) was blocked.
2025-06-29 13:19:33 - app.services - WARNING - BLACKLIST_VIOLATION: Attempt to rate blacklisted device dev-009. Action blocked.
2025-06-29 13:19:33 - app.services - WARNING - BLACKLIST_VIOLATION: Blacklisted device dev-009 attempted to rate dev-004. Action blocked.
2025-06-29 13:19:33 - app.services - ERROR - Failed to call trust service for security evaluation: 422 Client Error: Unprocessable Entity for url: http://trust-service:8001/security/evaluate
2025-06-29 13:19:33 - app.services - INFO - SAFE: Device dev-005 passed evaluation (duration 0.003s)
2025-06-29 13:19:33 - app.services - INFO - SAFE: Device dev-004 passed evaluation (duration 0.003s)
2025-06-29 13:19:33 - app.services - ERROR - Failed to call trust service for security evaluation: 422 Client Error: Unprocessable Entity for url: http://trust-service:8001/security/evaluate
2025-06-29 13:19:33 - app.services - INFO - SAFE: Device dev-001 passed evaluation (duration 0.003s)
2025-06-29 13:19:33 - app.services - INFO - SAFE: Device dev-007 passed evaluation (duration 0.004s)
2025-06-29 13:19:33 - app.services - ERROR - Failed to call trust service for security evaluation: 422 Client Error: Unprocessable Entity for url: http://trust-service:8001/security/evaluate
2025-06-29 13:19:33 - app.services - INFO - SAFE: Device dev-003 passed evaluation (duration 0.003s)
2025-06-29 13:19:33 - app.services - INFO - SAFE: Device dev-004 passed evaluation (duration 0.004s)
2025-06-29 13:19:33 - app.services - ERROR - Failed to call trust service for security evaluation: 422 Client Error: Unprocessable Entity for url: http://trust-service:8001/security/evaluate
2025-06-29 13:19:33 - app.services - INFO - SAFE: Device dev-007 passed evaluation (duration 0.004s)
2025-06-29 13:19:33 - app.services - INFO - SAFE: Device dev-008 passed evaluation (duration 0.003s)
2025-06-29 13:19:33 - app.services - WARNING - BLACKLIST_VIOLATION: Connection between dev-002 (blacklisted: True) and dev-009 (blacklisted: True) was blocked.
2025-06-29 13:19:33 - app.services - WARNING - BLACKLIST_VIOLATION: Blacklisted device dev-002 attempted to rate dev-009. Action blocked.
2025-06-29 13:19:33 - app.services - WARNING - BLACKLIST_VIOLATION: Blacklisted device dev-009 attempted to rate dev-002. Action blocked.
2025-06-29 13:19:33 - app.services - ERROR - Failed to call trust service for security evaluation: 422 Client Error: Unprocessable Entity for url: http://trust-service:8001/security/evaluate
2025-06-29 13:19:33 - app.services - INFO - SAFE: Device dev-004 passed evaluation (duration 0.004s)
2025-06-29 13:19:33 - app.services - INFO - SAFE: Device dev-008 passed evaluation (duration 0.004s)
2025-06-29 13:19:33 - app.services - ERROR - Failed to call trust service for security evaluation: 422 Client Error: Unprocessable Entity for url: http://trust-service:8001/security/evaluate
2025-06-29 13:19:33 - app.services - INFO - SAFE: Device dev-001 passed evaluation (duration 0.004s)
2025-06-29 13:19:33 - app.services - INFO - SAFE: Device dev-005 passed evaluation (duration 0.004s)
2025-06-29 13:19:34 - app.services - ERROR - Failed to call trust service for security evaluation: 422 Client Error: Unprocessable Entity for url: http://trust-service:8001/security/evaluate
2025-06-29 13:19:34 - app.services - INFO - SAFE: Device dev-006 passed evaluation (duration 0.004s)
2025-06-29 13:19:34 - app.services - INFO - SAFE: Device dev-000 passed evaluation (duration 0.004s)
2025-06-29 13:19:34 - app.services - WARNING - BLACKLIST_VIOLATION: Connection between dev-009 (blacklisted: True) and dev-001 (blacklisted: False) was blocked.
2025-06-29 13:19:34 - app.services - WARNING - BLACKLIST_VIOLATION: Blacklisted device dev-009 attempted to rate dev-001. Action blocked.
2025-06-29 13:19:34 - app.services - WARNING - BLACKLIST_VIOLATION: Attempt to rate blacklisted device dev-009. Action blocked.
2025-06-29 13:19:34 - app.services - WARNING - BLACKLIST_VIOLATION: Connection between dev-002 (blacklisted: True) and dev-005 (blacklisted: False) was blocked.
2025-06-29 13:19:34 - app.services - WARNING - BLACKLIST_VIOLATION: Blacklisted device dev-002 attempted to rate dev-005. Action blocked.
2025-06-29 13:19:34 - app.services - WARNING - BLACKLIST_VIOLATION: Attempt to rate blacklisted device dev-002. Action blocked.
