2025-06-29 13:33:46 - app.services - INFO - Selecting new coordinator...
2025-06-29 13:33:46 - app.services - INFO - Internal coordinator selected: dev-000 (RSU)
2025-06-29 13:33:47 - app.services - INFO - SAFE: Device dev-001 passed evaluation (duration 0.009s)
2025-06-29 13:33:47 - app.services - INFO - SAFE: Device dev-000 passed evaluation (duration 0.003s)
2025-06-29 13:33:47 - app.services - INFO - SAFE: Device dev-002 passed evaluation (duration 0.005s)
2025-06-29 13:33:47 - app.services - INFO - SAFE: Device dev-009 passed evaluation (duration 0.003s)
2025-06-29 13:33:47 - app.services - INFO - SAFE: Device dev-002 passed evaluation (duration 0.003s)
2025-06-29 13:33:47 - app.services - INFO - SAFE: Device dev-006 passed evaluation (duration 0.004s)
2025-06-29 13:33:47 - app.services - INFO - SAFE: Device dev-009 passed evaluation (duration 0.005s)
2025-06-29 13:33:47 - app.services - INFO - SAFE: Device dev-000 passed evaluation (duration 0.003s)
2025-06-29 13:33:47 - app.services - INFO - SAFE: Device dev-001 passed evaluation (duration 0.003s)
2025-06-29 13:33:47 - app.services - INFO - SAFE: Device dev-008 passed evaluation (duration 0.004s)
2025-06-29 13:33:47 - app.services - INFO - SAFE: Device dev-002 passed evaluation (duration 0.004s)
2025-06-29 13:33:47 - app.services - INFO - SAFE: Device dev-009 passed evaluation (duration 0.004s)
2025-06-29 13:33:47 - app.services - INFO - SAFE: Device dev-003 passed evaluation (duration 0.004s)
2025-06-29 13:33:47 - app.services - INFO - SAFE: Device dev-000 passed evaluation (duration 0.004s)
2025-06-29 13:33:47 - app.services - INFO - SAFE: Device dev-001 passed evaluation (duration 0.003s)
2025-06-29 13:33:47 - app.services - INFO - SAFE: Device dev-009 passed evaluation (duration 0.003s)
2025-06-29 13:33:47 - app.services - INFO - SAFE: Device dev-006 passed evaluation (duration 0.004s)
2025-06-29 13:33:47 - app.services - INFO - SAFE: Device dev-003 passed evaluation (duration 0.003s)
2025-06-29 13:33:47 - app.services - INFO - SAFE: Device dev-002 passed evaluation (duration 0.003s)
2025-06-29 13:33:47 - app.services - INFO - SAFE: Device dev-006 passed evaluation (duration 0.003s)
2025-06-29 13:33:48 - app.services - INFO - SAFE: Device dev-002 passed evaluation (duration 0.005s)
2025-06-29 13:33:48 - app.services - INFO - SAFE: Device dev-005 passed evaluation (duration 0.003s)
2025-06-29 13:33:48 - app.services - INFO - SAFE: Device dev-001 passed evaluation (duration 0.003s)
2025-06-29 13:33:48 - app.services - INFO - SAFE: Device dev-000 passed evaluation (duration 0.003s)
2025-06-29 13:33:48 - app.services - INFO - SAFE: Device dev-006 passed evaluation (duration 0.003s)
2025-06-29 13:33:48 - app.services - INFO - SAFE: Device dev-002 passed evaluation (duration 0.003s)
2025-06-29 13:33:48 - app.services - INFO - SAFE: Device dev-000 passed evaluation (duration 0.003s)
2025-06-29 13:33:48 - app.services - INFO - SAFE: Device dev-003 passed evaluation (duration 0.005s)
2025-06-29 13:33:48 - app.services - INFO - SAFE: Device dev-007 passed evaluation (duration 0.003s)
2025-06-29 13:33:48 - app.services - INFO - SAFE: Device dev-006 passed evaluation (duration 0.004s)
2025-06-29 13:33:48 - app.services - INFO - SAFE: Device dev-003 passed evaluation (duration 0.006s)
2025-06-29 13:33:48 - app.services - INFO - SAFE: Device dev-007 passed evaluation (duration 0.003s)
2025-06-29 13:33:48 - app.services - INFO - SAFE: Device dev-008 passed evaluation (duration 0.003s)
2025-06-29 13:33:48 - app.services - INFO - SAFE: Device dev-001 passed evaluation (duration 0.003s)
2025-06-29 13:33:48 - app.services - INFO - SAFE: Device dev-007 passed evaluation (duration 0.003s)
2025-06-29 13:33:48 - app.services - INFO - SAFE: Device dev-009 passed evaluation (duration 0.005s)
2025-06-29 13:33:48 - app.services - INFO - SAFE: Device dev-007 passed evaluation (duration 0.007s)
2025-06-29 13:33:48 - app.services - INFO - SAFE: Device dev-008 passed evaluation (duration 0.013s)
2025-06-29 13:33:48 - app.services - INFO - SAFE: Device dev-006 passed evaluation (duration 0.003s)
2025-06-29 13:33:48 - app.services - INFO - SAFE: Device dev-002 passed evaluation (duration 0.004s)
2025-06-29 13:33:49 - app.services - INFO - SAFE: Device dev-007 passed evaluation (duration 0.006s)
2025-06-29 13:33:49 - app.services - INFO - SAFE: Device dev-002 passed evaluation (duration 0.004s)
2025-06-29 13:33:49 - app.services - INFO - SAFE: Device dev-005 passed evaluation (duration 0.003s)
2025-06-29 13:33:49 - app.services - INFO - SAFE: Device dev-004 passed evaluation (duration 0.004s)
2025-06-29 13:33:49 - app.services - WARNING - BLACKLIST: Device dev-004 blacklisted after evaluation 0.006s with detection time: 2.510 after joined
2025-06-29 13:33:49 - app.services - DEBUG - SKIP_UPDATE: Peer dev-004 is blacklisted, skipping trust update for dev-006
2025-06-29 13:33:49 - app.services - WARNING - BLACKLIST_VIOLATION: Blacklisted device dev-004 attempted to rate dev-006. Action blocked.
2025-06-29 13:33:49 - app.services - WARNING - BLACKLIST_VIOLATION: Attempt to rate blacklisted device dev-004. Action blocked.
2025-06-29 13:33:49 - app.services - INFO - SAFE: Device dev-005 passed evaluation (duration 0.003s)
2025-06-29 13:33:49 - app.services - INFO - SAFE: Device dev-003 passed evaluation (duration 0.003s)
2025-06-29 13:33:49 - app.services - INFO - SAFE: Device dev-007 passed evaluation (duration 0.005s)
2025-06-29 13:33:49 - app.services - INFO - SAFE: Device dev-005 passed evaluation (duration 0.003s)
2025-06-29 13:33:49 - app.services - INFO - SAFE: Device dev-000 passed evaluation (duration 0.003s)
2025-06-29 13:33:49 - app.services - INFO - SAFE: Device dev-001 passed evaluation (duration 0.003s)
2025-06-29 13:33:49 - app.services - WARNING - BLACKLIST_VIOLATION: Connection between dev-004 (blacklisted: True) and dev-007 (blacklisted: False) was blocked.
2025-06-29 13:33:49 - app.services - WARNING - BLACKLIST_VIOLATION: Blacklisted device dev-004 attempted to rate dev-007. Action blocked.
2025-06-29 13:33:49 - app.services - WARNING - BLACKLIST_VIOLATION: Attempt to rate blacklisted device dev-004. Action blocked.
2025-06-29 13:33:49 - app.services - INFO - SAFE: Device dev-006 passed evaluation (duration 0.003s)
2025-06-29 13:33:49 - app.services - INFO - SAFE: Device dev-005 passed evaluation (duration 0.003s)
2025-06-29 13:33:49 - app.services - INFO - SAFE: Device dev-001 passed evaluation (duration 0.003s)
2025-06-29 13:33:49 - app.services - INFO - SAFE: Device dev-002 passed evaluation (duration 0.003s)
2025-06-29 13:33:49 - app.services - INFO - SAFE: Device dev-007 passed evaluation (duration 0.005s)
2025-06-29 13:33:49 - app.services - INFO - SAFE: Device dev-005 passed evaluation (duration 0.003s)
2025-06-29 13:33:49 - app.services - INFO - SAFE: Device dev-002 passed evaluation (duration 0.005s)
2025-06-29 13:33:49 - app.services - INFO - SAFE: Device dev-008 passed evaluation (duration 0.004s)
2025-06-29 13:33:50 - app.services - INFO - SAFE: Device dev-008 passed evaluation (duration 0.003s)
2025-06-29 13:33:50 - app.services - INFO - SAFE: Device dev-003 passed evaluation (duration 0.003s)
2025-06-29 13:33:50 - app.services - INFO - SAFE: Device dev-000 passed evaluation (duration 0.003s)
2025-06-29 13:33:50 - app.services - INFO - SAFE: Device dev-006 passed evaluation (duration 0.003s)
2025-06-29 13:33:50 - app.services - INFO - SAFE: Device dev-008 passed evaluation (duration 0.004s)
2025-06-29 13:33:50 - app.services - INFO - SAFE: Device dev-000 passed evaluation (duration 0.003s)
2025-06-29 13:33:50 - app.services - WARNING - BLACKLIST_VIOLATION: Connection between dev-004 (blacklisted: True) and dev-006 (blacklisted: False) was blocked.
2025-06-29 13:33:50 - app.services - WARNING - BLACKLIST_VIOLATION: Blacklisted device dev-004 attempted to rate dev-006. Action blocked.
2025-06-29 13:33:50 - app.services - WARNING - BLACKLIST_VIOLATION: Attempt to rate blacklisted device dev-004. Action blocked.
2025-06-29 13:33:50 - app.services - WARNING - BLACKLIST_VIOLATION: Connection between dev-000 (blacklisted: False) and dev-004 (blacklisted: True) was blocked.
2025-06-29 13:33:50 - app.services - WARNING - BLACKLIST_VIOLATION: Attempt to rate blacklisted device dev-004. Action blocked.
2025-06-29 13:33:50 - app.services - WARNING - BLACKLIST_VIOLATION: Blacklisted device dev-004 attempted to rate dev-000. Action blocked.
2025-06-29 13:33:50 - app.services - INFO - SAFE: Device dev-000 passed evaluation (duration 0.005s)
2025-06-29 13:33:50 - app.services - INFO - SAFE: Device dev-006 passed evaluation (duration 0.003s)
2025-06-29 13:33:50 - app.services - WARNING - BLACKLIST_VIOLATION: Connection between dev-007 (blacklisted: False) and dev-004 (blacklisted: True) was blocked.
2025-06-29 13:33:50 - app.services - WARNING - BLACKLIST_VIOLATION: Attempt to rate blacklisted device dev-004. Action blocked.
2025-06-29 13:33:50 - app.services - WARNING - BLACKLIST_VIOLATION: Blacklisted device dev-004 attempted to rate dev-007. Action blocked.
2025-06-29 13:33:50 - app.services - WARNING - BLACKLIST_VIOLATION: Connection between dev-004 (blacklisted: True) and dev-007 (blacklisted: False) was blocked.
2025-06-29 13:33:50 - app.services - WARNING - BLACKLIST_VIOLATION: Blacklisted device dev-004 attempted to rate dev-007. Action blocked.
2025-06-29 13:33:50 - app.services - WARNING - BLACKLIST_VIOLATION: Attempt to rate blacklisted device dev-004. Action blocked.
2025-06-29 13:33:50 - app.services - INFO - SAFE: Device dev-003 passed evaluation (duration 0.003s)
2025-06-29 13:33:50 - app.services - INFO - SAFE: Device dev-002 passed evaluation (duration 0.009s)
2025-06-29 13:33:50 - app.services - INFO - SAFE: Device dev-001 passed evaluation (duration 0.003s)
2025-06-29 13:33:50 - app.services - INFO - SAFE: Device dev-006 passed evaluation (duration 0.003s)
2025-06-29 13:33:50 - app.services - INFO - SAFE: Device dev-009 passed evaluation (duration 0.004s)
2025-06-29 13:33:50 - app.services - INFO - SAFE: Device dev-001 passed evaluation (duration 0.004s)
2025-06-29 13:33:51 - app.services - INFO - SAFE: Device dev-003 passed evaluation (duration 0.006s)
2025-06-29 13:33:51 - app.services - INFO - SAFE: Device dev-006 passed evaluation (duration 0.004s)
2025-06-29 13:33:51 - app.services - WARNING - BLACKLIST_VIOLATION: Connection between dev-001 (blacklisted: False) and dev-004 (blacklisted: True) was blocked.
2025-06-29 13:33:51 - app.services - WARNING - BLACKLIST_VIOLATION: Attempt to rate blacklisted device dev-004. Action blocked.
2025-06-29 13:33:51 - app.services - WARNING - BLACKLIST_VIOLATION: Blacklisted device dev-004 attempted to rate dev-001. Action blocked.
2025-06-29 13:33:51 - app.services - INFO - SAFE: Device dev-003 passed evaluation (duration 0.004s)
2025-06-29 13:33:51 - app.services - INFO - SAFE: Device dev-006 passed evaluation (duration 0.005s)
2025-06-29 13:33:51 - app.services - INFO - SAFE: Device dev-005 passed evaluation (duration 0.003s)
2025-06-29 13:33:51 - app.services - INFO - SAFE: Device dev-001 passed evaluation (duration 0.003s)
2025-06-29 13:33:51 - app.services - INFO - SAFE: Device dev-007 passed evaluation (duration 0.003s)
2025-06-29 13:33:51 - app.services - INFO - SAFE: Device dev-001 passed evaluation (duration 0.003s)
2025-06-29 13:33:51 - app.services - INFO - SAFE: Device dev-006 passed evaluation (duration 0.003s)
2025-06-29 13:33:51 - app.services - INFO - SAFE: Device dev-009 passed evaluation (duration 0.003s)
2025-06-29 13:33:51 - app.services - INFO - SAFE: Device dev-009 passed evaluation (duration 0.003s)
2025-06-29 13:33:51 - app.services - INFO - SAFE: Device dev-006 passed evaluation (duration 0.003s)
2025-06-29 13:33:51 - app.services - INFO - SAFE: Device dev-008 passed evaluation (duration 0.003s)
2025-06-29 13:33:51 - app.services - INFO - SAFE: Device dev-006 passed evaluation (duration 0.003s)
2025-06-29 13:33:51 - app.services - INFO - SAFE: Device dev-000 passed evaluation (duration 0.003s)
2025-06-29 13:33:51 - app.services - INFO - SAFE: Device dev-009 passed evaluation (duration 0.003s)
2025-06-29 13:33:51 - app.services - INFO - SAFE: Device dev-001 passed evaluation (duration 0.004s)
2025-06-29 13:33:51 - app.services - INFO - SAFE: Device dev-008 passed evaluation (duration 0.003s)
2025-06-29 13:33:52 - app.services - INFO - SAFE: Device dev-007 passed evaluation (duration 0.007s)
2025-06-29 13:33:52 - app.services - INFO - SAFE: Device dev-002 passed evaluation (duration 0.005s)
2025-06-29 13:33:52 - app.services - INFO - SAFE: Device dev-008 passed evaluation (duration 0.006s)
2025-06-29 13:33:52 - app.services - INFO - SAFE: Device dev-001 passed evaluation (duration 0.006s)
2025-06-29 13:33:52 - app.services - INFO - SAFE: Device dev-008 passed evaluation (duration 0.005s)
2025-06-29 13:33:52 - app.services - INFO - SAFE: Device dev-000 passed evaluation (duration 0.004s)
2025-06-29 13:33:52 - app.services - INFO - SAFE: Device dev-005 passed evaluation (duration 0.006s)
2025-06-29 13:33:52 - app.services - INFO - SAFE: Device dev-009 passed evaluation (duration 0.004s)
2025-06-29 13:33:52 - app.services - INFO - SAFE: Device dev-002 passed evaluation (duration 0.005s)
2025-06-29 13:33:52 - app.services - INFO - SAFE: Device dev-009 passed evaluation (duration 0.004s)
2025-06-29 13:33:52 - app.services - WARNING - BLACKLIST_VIOLATION: Connection between dev-004 (blacklisted: True) and dev-006 (blacklisted: False) was blocked.
2025-06-29 13:33:52 - app.services - WARNING - BLACKLIST_VIOLATION: Blacklisted device dev-004 attempted to rate dev-006. Action blocked.
2025-06-29 13:33:52 - app.services - WARNING - BLACKLIST_VIOLATION: Attempt to rate blacklisted device dev-004. Action blocked.
2025-06-29 13:33:52 - app.services - INFO - SAFE: Device dev-005 passed evaluation (duration 0.005s)
2025-06-29 13:33:52 - app.services - INFO - SAFE: Device dev-001 passed evaluation (duration 0.003s)
2025-06-29 13:33:52 - app.services - INFO - SAFE: Device dev-009 passed evaluation (duration 0.003s)
2025-06-29 13:33:52 - app.services - INFO - SAFE: Device dev-005 passed evaluation (duration 0.004s)
2025-06-29 13:33:52 - app.services - INFO - SAFE: Device dev-007 passed evaluation (duration 0.003s)
2025-06-29 13:33:52 - app.services - INFO - SAFE: Device dev-003 passed evaluation (duration 0.003s)
2025-06-29 13:33:53 - app.services - INFO - SAFE: Device dev-000 passed evaluation (duration 0.003s)
2025-06-29 13:33:53 - app.services - INFO - SAFE: Device dev-007 passed evaluation (duration 0.003s)
2025-06-29 13:33:53 - app.services - INFO - SAFE: Device dev-002 passed evaluation (duration 0.004s)
2025-06-29 13:33:53 - app.services - INFO - SAFE: Device dev-000 passed evaluation (duration 0.004s)
2025-06-29 13:33:53 - app.services - INFO - SAFE: Device dev-008 passed evaluation (duration 0.006s)
2025-06-29 13:33:53 - app.services - INFO - SAFE: Device dev-005 passed evaluation (duration 0.004s)
2025-06-29 13:33:53 - app.services - WARNING - BLACKLIST_VIOLATION: Connection between dev-004 (blacklisted: True) and dev-002 (blacklisted: False) was blocked.
2025-06-29 13:33:53 - app.services - WARNING - BLACKLIST_VIOLATION: Blacklisted device dev-004 attempted to rate dev-002. Action blocked.
2025-06-29 13:33:53 - app.services - WARNING - BLACKLIST_VIOLATION: Attempt to rate blacklisted device dev-004. Action blocked.
2025-06-29 13:33:53 - app.services - INFO - SAFE: Device dev-005 passed evaluation (duration 0.006s)
2025-06-29 13:33:53 - app.services - INFO - SAFE: Device dev-001 passed evaluation (duration 0.003s)
2025-06-29 13:33:53 - app.services - INFO - SAFE: Device dev-007 passed evaluation (duration 0.005s)
2025-06-29 13:33:53 - app.services - INFO - SAFE: Device dev-003 passed evaluation (duration 0.003s)
2025-06-29 13:33:53 - app.services - INFO - SAFE: Device dev-003 passed evaluation (duration 0.004s)
2025-06-29 13:33:53 - app.services - INFO - SAFE: Device dev-007 passed evaluation (duration 0.005s)
2025-06-29 13:33:53 - app.services - WARNING - BLACKLIST_VIOLATION: Connection between dev-003 (blacklisted: False) and dev-004 (blacklisted: True) was blocked.
2025-06-29 13:33:53 - app.services - WARNING - BLACKLIST_VIOLATION: Attempt to rate blacklisted device dev-004. Action blocked.
2025-06-29 13:33:53 - app.services - WARNING - BLACKLIST_VIOLATION: Blacklisted device dev-004 attempted to rate dev-003. Action blocked.
2025-06-29 13:33:53 - app.services - INFO - SAFE: Device dev-001 passed evaluation (duration 0.004s)
2025-06-29 13:33:53 - app.services - INFO - SAFE: Device dev-009 passed evaluation (duration 0.004s)
2025-06-29 13:33:54 - app.services - INFO - SAFE: Device dev-001 passed evaluation (duration 0.003s)
2025-06-29 13:33:54 - app.services - INFO - SAFE: Device dev-006 passed evaluation (duration 0.003s)
2025-06-29 13:33:54 - app.services - INFO - SAFE: Device dev-002 passed evaluation (duration 0.003s)
2025-06-29 13:33:54 - app.services - INFO - SAFE: Device dev-009 passed evaluation (duration 0.003s)
2025-06-29 13:33:54 - app.services - WARNING - BLACKLIST_VIOLATION: Connection between dev-004 (blacklisted: True) and dev-009 (blacklisted: False) was blocked.
2025-06-29 13:33:54 - app.services - WARNING - BLACKLIST_VIOLATION: Blacklisted device dev-004 attempted to rate dev-009. Action blocked.
2025-06-29 13:33:54 - app.services - WARNING - BLACKLIST_VIOLATION: Attempt to rate blacklisted device dev-004. Action blocked.
2025-06-29 13:33:54 - app.services - WARNING - BLACKLIST_VIOLATION: Connection between dev-001 (blacklisted: False) and dev-004 (blacklisted: True) was blocked.
2025-06-29 13:33:54 - app.services - WARNING - BLACKLIST_VIOLATION: Attempt to rate blacklisted device dev-004. Action blocked.
2025-06-29 13:33:54 - app.services - WARNING - BLACKLIST_VIOLATION: Blacklisted device dev-004 attempted to rate dev-001. Action blocked.
2025-06-29 13:33:54 - app.services - INFO - SAFE: Device dev-000 passed evaluation (duration 0.004s)
2025-06-29 13:33:54 - app.services - INFO - SAFE: Device dev-002 passed evaluation (duration 0.006s)
2025-06-29 13:33:54 - app.services - WARNING - BLACKLIST_VIOLATION: Connection between dev-004 (blacklisted: True) and dev-005 (blacklisted: False) was blocked.
2025-06-29 13:33:54 - app.services - WARNING - BLACKLIST_VIOLATION: Blacklisted device dev-004 attempted to rate dev-005. Action blocked.
2025-06-29 13:33:54 - app.services - WARNING - BLACKLIST_VIOLATION: Attempt to rate blacklisted device dev-004. Action blocked.
2025-06-29 13:33:54 - app.services - INFO - SAFE: Device dev-006 passed evaluation (duration 0.004s)
2025-06-29 13:33:54 - app.services - INFO - SAFE: Device dev-001 passed evaluation (duration 0.005s)
2025-06-29 13:33:54 - app.services - INFO - SAFE: Device dev-008 passed evaluation (duration 0.004s)
2025-06-29 13:33:54 - app.services - INFO - SAFE: Device dev-002 passed evaluation (duration 0.006s)
2025-06-29 13:33:54 - app.services - WARNING - BLACKLIST_VIOLATION: Connection between dev-004 (blacklisted: True) and dev-005 (blacklisted: False) was blocked.
2025-06-29 13:33:54 - app.services - WARNING - BLACKLIST_VIOLATION: Blacklisted device dev-004 attempted to rate dev-005. Action blocked.
2025-06-29 13:33:54 - app.services - WARNING - BLACKLIST_VIOLATION: Attempt to rate blacklisted device dev-004. Action blocked.
2025-06-29 13:33:54 - app.services - INFO - SAFE: Device dev-005 passed evaluation (duration 0.003s)
2025-06-29 13:33:54 - app.services - INFO - SAFE: Device dev-008 passed evaluation (duration 0.003s)
2025-06-29 13:33:54 - app.services - INFO - SAFE: Device dev-007 passed evaluation (duration 0.003s)
2025-06-29 13:33:54 - app.services - INFO - SAFE: Device dev-008 passed evaluation (duration 0.003s)
2025-06-29 13:33:55 - app.services - INFO - SAFE: Device dev-001 passed evaluation (duration 0.003s)
2025-06-29 13:33:55 - app.services - INFO - SAFE: Device dev-003 passed evaluation (duration 0.003s)
2025-06-29 13:33:55 - app.services - INFO - SAFE: Device dev-001 passed evaluation (duration 0.003s)
2025-06-29 13:33:55 - app.services - INFO - SAFE: Device dev-000 passed evaluation (duration 0.003s)
2025-06-29 13:33:55 - app.services - INFO - SAFE: Device dev-003 passed evaluation (duration 0.004s)
2025-06-29 13:33:55 - app.services - INFO - SAFE: Device dev-002 passed evaluation (duration 0.004s)
2025-06-29 13:33:55 - app.services - INFO - SAFE: Device dev-006 passed evaluation (duration 0.003s)
2025-06-29 13:33:55 - app.services - INFO - SAFE: Device dev-005 passed evaluation (duration 0.004s)
2025-06-29 13:33:55 - app.services - WARNING - BLACKLIST_VIOLATION: Connection between dev-004 (blacklisted: True) and dev-000 (blacklisted: False) was blocked.
2025-06-29 13:33:55 - app.services - WARNING - BLACKLIST_VIOLATION: Blacklisted device dev-004 attempted to rate dev-000. Action blocked.
2025-06-29 13:33:55 - app.services - WARNING - BLACKLIST_VIOLATION: Attempt to rate blacklisted device dev-004. Action blocked.
2025-06-29 13:33:55 - app.services - WARNING - BLACKLIST_VIOLATION: Connection between dev-005 (blacklisted: False) and dev-004 (blacklisted: True) was blocked.
2025-06-29 13:33:55 - app.services - WARNING - BLACKLIST_VIOLATION: Attempt to rate blacklisted device dev-004. Action blocked.
2025-06-29 13:33:55 - app.services - WARNING - BLACKLIST_VIOLATION: Blacklisted device dev-004 attempted to rate dev-005. Action blocked.
2025-06-29 13:33:55 - app.services - INFO - SAFE: Device dev-001 passed evaluation (duration 0.005s)
2025-06-29 13:33:55 - app.services - INFO - SAFE: Device dev-000 passed evaluation (duration 0.003s)
2025-06-29 13:33:55 - app.services - WARNING - BLACKLIST_VIOLATION: Connection between dev-003 (blacklisted: False) and dev-004 (blacklisted: True) was blocked.
2025-06-29 13:33:55 - app.services - WARNING - BLACKLIST_VIOLATION: Attempt to rate blacklisted device dev-004. Action blocked.
2025-06-29 13:33:55 - app.services - WARNING - BLACKLIST_VIOLATION: Blacklisted device dev-004 attempted to rate dev-003. Action blocked.
2025-06-29 13:33:55 - app.services - INFO - SAFE: Device dev-009 passed evaluation (duration 0.004s)
2025-06-29 13:33:55 - app.services - INFO - SAFE: Device dev-003 passed evaluation (duration 0.003s)
2025-06-29 13:33:55 - app.services - WARNING - BLACKLIST_VIOLATION: Connection between dev-004 (blacklisted: True) and dev-001 (blacklisted: False) was blocked.
2025-06-29 13:33:55 - app.services - WARNING - BLACKLIST_VIOLATION: Blacklisted device dev-004 attempted to rate dev-001. Action blocked.
2025-06-29 13:33:55 - app.services - WARNING - BLACKLIST_VIOLATION: Attempt to rate blacklisted device dev-004. Action blocked.
2025-06-29 13:33:55 - app.services - WARNING - BLACKLIST_VIOLATION: Connection between dev-006 (blacklisted: False) and dev-004 (blacklisted: True) was blocked.
2025-06-29 13:33:55 - app.services - WARNING - BLACKLIST_VIOLATION: Attempt to rate blacklisted device dev-004. Action blocked.
2025-06-29 13:33:55 - app.services - WARNING - BLACKLIST_VIOLATION: Blacklisted device dev-004 attempted to rate dev-006. Action blocked.
2025-06-29 13:33:55 - app.services - INFO - SAFE: Device dev-002 passed evaluation (duration 0.004s)
2025-06-29 13:33:55 - app.services - INFO - SAFE: Device dev-003 passed evaluation (duration 0.004s)
2025-06-29 13:33:55 - app.services - INFO - SAFE: Device dev-006 passed evaluation (duration 0.004s)
2025-06-29 13:33:56 - app.services - INFO - SAFE: Device dev-001 passed evaluation (duration 0.005s)
2025-06-29 13:33:56 - app.services - INFO - SAFE: Device dev-009 passed evaluation (duration 0.005s)
2025-06-29 13:33:56 - app.services - INFO - SAFE: Device dev-002 passed evaluation (duration 0.005s)
2025-06-29 13:33:56 - app.services - INFO - SAFE: Device dev-008 passed evaluation (duration 0.004s)
2025-06-29 13:33:56 - app.services - INFO - SAFE: Device dev-002 passed evaluation (duration 0.004s)
2025-06-29 13:33:56 - app.services - INFO - SAFE: Device dev-006 passed evaluation (duration 0.005s)
2025-06-29 13:33:56 - app.services - INFO - SAFE: Device dev-008 passed evaluation (duration 0.005s)
2025-06-29 13:33:56 - app.services - INFO - SAFE: Device dev-003 passed evaluation (duration 0.004s)
2025-06-29 13:33:56 - app.services - INFO - SAFE: Device dev-000 passed evaluation (duration 0.005s)
2025-06-29 13:33:56 - app.services - INFO - SAFE: Device dev-006 passed evaluation (duration 0.006s)
2025-06-29 13:33:56 - app.services - INFO - SAFE: Device dev-005 passed evaluation (duration 0.005s)
2025-06-29 13:33:56 - app.services - INFO - SAFE: Device dev-000 passed evaluation (duration 0.005s)
2025-06-29 13:33:56 - app.services - INFO - SAFE: Device dev-005 passed evaluation (duration 0.005s)
